ARM GAS  C:\Users\cante\AppData\Local\Temp\ccfLJwVb.s 			page 1


   1              		.syntax unified
   2              		.cpu cortex-m3
   3              		.fpu softvfp
   4              		.eabi_attribute 20, 1
   5              		.eabi_attribute 21, 1
   6              		.eabi_attribute 23, 3
   7              		.eabi_attribute 24, 1
   8              		.eabi_attribute 25, 1
   9              		.eabi_attribute 26, 1
  10              		.eabi_attribute 30, 1
  11              		.eabi_attribute 34, 1
  12              		.eabi_attribute 18, 4
  13              		.thumb
  14              		.syntax unified
  15              		.file	"cymetadata.c"
  16              		.text
  17              	.Ltext0:
  18              		.cfi_sections	.debug_frame
  19              		.global	cy_metadata
  20              		.global	cy_meta_flashprotect
  21              		.global	cy_meta_wonvl
  22              		.global	cy_meta_custnvl
  23              		.global	cy_meta_configecc
  24              		.section	.cyconfigecc,"a",%progbits
  25              		.align	2
  26              		.type	cy_meta_configecc, %object
  27              		.size	cy_meta_configecc, 948
  28              	cy_meta_configecc:
  29 0000 02       		.byte	2
  30 0001 52       		.byte	82
  31 0002 00       		.byte	0
  32 0003 40       		.byte	64
  33 0004 01       		.byte	1
  34 0005 64       		.byte	100
  35 0006 00       		.byte	0
  36 0007 40       		.byte	64
  37 0008 02       		.byte	2
  38 0009 65       		.byte	101
  39 000a 00       		.byte	0
  40 000b 40       		.byte	64
  41 000c 5C       		.byte	92
  42 000d 08       		.byte	8
  43 000e 01       		.byte	1
  44 000f 40       		.byte	64
  45 0010 37       		.byte	55
  46 0011 09       		.byte	9
  47 0012 01       		.byte	1
  48 0013 40       		.byte	64
  49 0014 01       		.byte	1
  50 0015 17       		.byte	23
  51 0016 01       		.byte	1
  52 0017 40       		.byte	64
  53 0018 44       		.byte	68
  54 0019 18       		.byte	24
  55 001a 01       		.byte	1
  56 001b 40       		.byte	64
  57 001c 32       		.byte	50
ARM GAS  C:\Users\cante\AppData\Local\Temp\ccfLJwVb.s 			page 2


  58 001d 19       		.byte	25
  59 001e 01       		.byte	1
  60 001f 40       		.byte	64
  61 0020 40       		.byte	64
  62 0021 1A       		.byte	26
  63 0022 01       		.byte	1
  64 0023 40       		.byte	64
  65 0024 48       		.byte	72
  66 0025 1B       		.byte	27
  67 0026 01       		.byte	1
  68 0027 40       		.byte	64
  69 0028 02       		.byte	2
  70 0029 40       		.byte	64
  71 002a 01       		.byte	1
  72 002b 40       		.byte	64
  73 002c 01       		.byte	1
  74 002d 41       		.byte	65
  75 002e 01       		.byte	1
  76 002f 40       		.byte	64
  77 0030 01       		.byte	1
  78 0031 42       		.byte	66
  79 0032 01       		.byte	1
  80 0033 40       		.byte	64
  81 0034 01       		.byte	1
  82 0035 43       		.byte	67
  83 0036 01       		.byte	1
  84 0037 40       		.byte	64
  85 0038 03       		.byte	3
  86 0039 48       		.byte	72
  87 003a 01       		.byte	1
  88 003b 40       		.byte	64
  89 003c 07       		.byte	7
  90 003d 4D       		.byte	77
  91 003e 01       		.byte	1
  92 003f 40       		.byte	64
  93 0040 04       		.byte	4
  94 0041 50       		.byte	80
  95 0042 01       		.byte	1
  96 0043 40       		.byte	64
  97 0044 01       		.byte	1
  98 0045 51       		.byte	81
  99 0046 01       		.byte	1
 100 0047 40       		.byte	64
 101 0048 61       		.byte	97
 102 0049 80       		.byte	-128
 103 004a 64       		.byte	100
 104 004b 40       		.byte	64
 105 004c 88       		.byte	-120
 106 004d 0F       		.byte	15
 107 004e 88       		.byte	-120
 108 004f 38       		.byte	56
 109 0050 8B       		.byte	-117
 110 0051 72       		.byte	114
 111 0052 00       		.byte	0
 112 0053 13       		.byte	19
 113 0054 02       		.byte	2
 114 0055 04       		.byte	4
ARM GAS  C:\Users\cante\AppData\Local\Temp\ccfLJwVb.s 			page 3


 115 0056 06       		.byte	6
 116 0057 15       		.byte	21
 117 0058 08       		.byte	8
 118 0059 0A       		.byte	10
 119 005a 09       		.byte	9
 120 005b 1C       		.byte	28
 121 005c 0A       		.byte	10
 122 005d 14       		.byte	20
 123 005e 0B       		.byte	11
 124 005f 02       		.byte	2
 125 0060 0D       		.byte	13
 126 0061 14       		.byte	20
 127 0062 10       		.byte	16
 128 0063 13       		.byte	19
 129 0064 11       		.byte	17
 130 0065 10       		.byte	16
 131 0066 12       		.byte	18
 132 0067 0C       		.byte	12
 133 0068 13       		.byte	19
 134 0069 0C       		.byte	12
 135 006a 15       		.byte	21
 136 006b 09       		.byte	9
 137 006c 16       		.byte	22
 138 006d 20       		.byte	32
 139 006e 17       		.byte	23
 140 006f 10       		.byte	16
 141 0070 1A       		.byte	26
 142 0071 08       		.byte	8
 143 0072 1E       		.byte	30
 144 0073 20       		.byte	32
 145 0074 1F       		.byte	31
 146 0075 03       		.byte	3
 147 0076 21       		.byte	33
 148 0077 0C       		.byte	12
 149 0078 23       		.byte	35
 150 0079 11       		.byte	17
 151 007a 24       		.byte	36
 152 007b 03       		.byte	3
 153 007c 26       		.byte	38
 154 007d 14       		.byte	20
 155 007e 2D       		.byte	45
 156 007f 10       		.byte	16
 157 0080 30       		.byte	48
 158 0081 10       		.byte	16
 159 0082 31       		.byte	49
 160 0083 1F       		.byte	31
 161 0084 34       		.byte	52
 162 0085 20       		.byte	32
 163 0086 36       		.byte	54
 164 0087 0F       		.byte	15
 165 0088 3A       		.byte	58
 166 0089 80       		.byte	-128
 167 008a 3E       		.byte	62
 168 008b 11       		.byte	17
 169 008c 40       		.byte	64
 170 008d 16       		.byte	22
 171 008e 41       		.byte	65
ARM GAS  C:\Users\cante\AppData\Local\Temp\ccfLJwVb.s 			page 4


 172 008f 04       		.byte	4
 173 0090 46       		.byte	70
 174 0091 CB       		.byte	-53
 175 0092 47       		.byte	71
 176 0093 E0       		.byte	-32
 177 0094 48       		.byte	72
 178 0095 2C       		.byte	44
 179 0096 49       		.byte	73
 180 0097 FF       		.byte	-1
 181 0098 4A       		.byte	74
 182 0099 FF       		.byte	-1
 183 009a 4B       		.byte	75
 184 009b FF       		.byte	-1
 185 009c 4E       		.byte	78
 186 009d F0       		.byte	-16
 187 009e 4F       		.byte	79
 188 009f 44       		.byte	68
 189 00a0 50       		.byte	80
 190 00a1 0C       		.byte	12
 191 00a2 54       		.byte	84
 192 00a3 01       		.byte	1
 193 00a4 58       		.byte	88
 194 00a5 04       		.byte	4
 195 00a6 59       		.byte	89
 196 00a7 04       		.byte	4
 197 00a8 5A       		.byte	90
 198 00a9 04       		.byte	4
 199 00aa 5B       		.byte	91
 200 00ab 04       		.byte	4
 201 00ac 5F       		.byte	95
 202 00ad 01       		.byte	1
 203 00ae 66       		.byte	102
 204 00af C0       		.byte	-64
 205 00b0 6A       		.byte	106
 206 00b1 40       		.byte	64
 207 00b2 6B       		.byte	107
 208 00b3 02       		.byte	2
 209 00b4 82       		.byte	-126
 210 00b5 03       		.byte	3
 211 00b6 85       		.byte	-123
 212 00b7 80       		.byte	-128
 213 00b8 87       		.byte	-121
 214 00b9 13       		.byte	19
 215 00ba 88       		.byte	-120
 216 00bb 06       		.byte	6
 217 00bc 89       		.byte	-119
 218 00bd 2C       		.byte	44
 219 00be 8A       		.byte	-118
 220 00bf 01       		.byte	1
 221 00c0 8B       		.byte	-117
 222 00c1 43       		.byte	67
 223 00c2 8E       		.byte	-114
 224 00c3 02       		.byte	2
 225 00c4 9B       		.byte	-101
 226 00c5 0C       		.byte	12
 227 00c6 9E       		.byte	-98
 228 00c7 05       		.byte	5
ARM GAS  C:\Users\cante\AppData\Local\Temp\ccfLJwVb.s 			page 5


 229 00c8 9F       		.byte	-97
 230 00c9 08       		.byte	8
 231 00ca A1       		.byte	-95
 232 00cb 71       		.byte	113
 233 00cc A3       		.byte	-93
 234 00cd 0E       		.byte	14
 235 00ce A6       		.byte	-90
 236 00cf 06       		.byte	6
 237 00d0 AA       		.byte	-86
 238 00d1 01       		.byte	1
 239 00d2 AD       		.byte	-83
 240 00d3 71       		.byte	113
 241 00d4 AF       		.byte	-81
 242 00d5 06       		.byte	6
 243 00d6 B0       		.byte	-80
 244 00d7 07       		.byte	7
 245 00d8 B1       		.byte	-79
 246 00d9 30       		.byte	48
 247 00da B3       		.byte	-77
 248 00db 0F       		.byte	15
 249 00dc B5       		.byte	-75
 250 00dd C0       		.byte	-64
 251 00de B9       		.byte	-71
 252 00df 22       		.byte	34
 253 00e0 BA       		.byte	-70
 254 00e1 02       		.byte	2
 255 00e2 BB       		.byte	-69
 256 00e3 08       		.byte	8
 257 00e4 BF       		.byte	-65
 258 00e5 01       		.byte	1
 259 00e6 C0       		.byte	-64
 260 00e7 04       		.byte	4
 261 00e8 C5       		.byte	-59
 262 00e9 40       		.byte	64
 263 00ea C9       		.byte	-55
 264 00eb FF       		.byte	-1
 265 00ec CA       		.byte	-54
 266 00ed 07       		.byte	7
 267 00ee CB       		.byte	-53
 268 00ef FF       		.byte	-1
 269 00f0 CC       		.byte	-52
 270 00f1 40       		.byte	64
 271 00f2 CD       		.byte	-51
 272 00f3 20       		.byte	32
 273 00f4 CE       		.byte	-50
 274 00f5 F0       		.byte	-16
 275 00f6 CF       		.byte	-49
 276 00f7 05       		.byte	5
 277 00f8 D0       		.byte	-48
 278 00f9 08       		.byte	8
 279 00fa D8       		.byte	-40
 280 00fb 04       		.byte	4
 281 00fc D9       		.byte	-39
 282 00fd 04       		.byte	4
 283 00fe DA       		.byte	-38
 284 00ff 04       		.byte	4
 285 0100 DF       		.byte	-33
ARM GAS  C:\Users\cante\AppData\Local\Temp\ccfLJwVb.s 			page 6


 286 0101 01       		.byte	1
 287 0102 E0       		.byte	-32
 288 0103 40       		.byte	64
 289 0104 E1       		.byte	-31
 290 0105 A8       		.byte	-88
 291 0106 E2       		.byte	-30
 292 0107 40       		.byte	64
 293 0108 E3       		.byte	-29
 294 0109 20       		.byte	32
 295 010a 00       		.byte	0
 296 010b 90       		.byte	-112
 297 010c 01       		.byte	1
 298 010d 02       		.byte	2
 299 010e 03       		.byte	3
 300 010f 02       		.byte	2
 301 0110 04       		.byte	4
 302 0111 18       		.byte	24
 303 0112 05       		.byte	5
 304 0113 02       		.byte	2
 305 0114 09       		.byte	9
 306 0115 80       		.byte	-128
 307 0116 0C       		.byte	12
 308 0117 01       		.byte	1
 309 0118 0D       		.byte	13
 310 0119 10       		.byte	16
 311 011a 0E       		.byte	14
 312 011b 20       		.byte	32
 313 011c 0F       		.byte	15
 314 011d 02       		.byte	2
 315 011e 12       		.byte	18
 316 011f 08       		.byte	8
 317 0120 13       		.byte	19
 318 0121 08       		.byte	8
 319 0122 14       		.byte	20
 320 0123 20       		.byte	32
 321 0124 16       		.byte	22
 322 0125 20       		.byte	32
 323 0126 19       		.byte	25
 324 0127 02       		.byte	2
 325 0128 1D       		.byte	29
 326 0129 C0       		.byte	-64
 327 012a 1E       		.byte	30
 328 012b 40       		.byte	64
 329 012c 1F       		.byte	31
 330 012d 20       		.byte	32
 331 012e 20       		.byte	32
 332 012f 50       		.byte	80
 333 0130 21       		.byte	33
 334 0131 10       		.byte	16
 335 0132 22       		.byte	34
 336 0133 10       		.byte	16
 337 0134 23       		.byte	35
 338 0135 08       		.byte	8
 339 0136 26       		.byte	38
 340 0137 02       		.byte	2
 341 0138 27       		.byte	39
 342 0139 80       		.byte	-128
ARM GAS  C:\Users\cante\AppData\Local\Temp\ccfLJwVb.s 			page 7


 343 013a 28       		.byte	40
 344 013b 41       		.byte	65
 345 013c 29       		.byte	41
 346 013d 42       		.byte	66
 347 013e 2D       		.byte	45
 348 013f 02       		.byte	2
 349 0140 2F       		.byte	47
 350 0141 02       		.byte	2
 351 0142 30       		.byte	48
 352 0143 80       		.byte	-128
 353 0144 32       		.byte	50
 354 0145 10       		.byte	16
 355 0146 34       		.byte	52
 356 0147 01       		.byte	1
 357 0148 37       		.byte	55
 358 0149 88       		.byte	-120
 359 014a 38       		.byte	56
 360 014b 18       		.byte	24
 361 014c 3C       		.byte	60
 362 014d 10       		.byte	16
 363 014e 3F       		.byte	63
 364 014f 80       		.byte	-128
 365 0150 40       		.byte	64
 366 0151 40       		.byte	64
 367 0152 44       		.byte	68
 368 0153 40       		.byte	64
 369 0154 45       		.byte	69
 370 0155 80       		.byte	-128
 371 0156 48       		.byte	72
 372 0157 C0       		.byte	-64
 373 0158 4C       		.byte	76
 374 0159 04       		.byte	4
 375 015a 50       		.byte	80
 376 015b 04       		.byte	4
 377 015c 52       		.byte	82
 378 015d 08       		.byte	8
 379 015e 56       		.byte	86
 380 015f 21       		.byte	33
 381 0160 57       		.byte	87
 382 0161 40       		.byte	64
 383 0162 5C       		.byte	92
 384 0163 22       		.byte	34
 385 0164 5E       		.byte	94
 386 0165 48       		.byte	72
 387 0166 C0       		.byte	-64
 388 0167 7B       		.byte	123
 389 0168 C2       		.byte	-62
 390 0169 F1       		.byte	-15
 391 016a C4       		.byte	-60
 392 016b 26       		.byte	38
 393 016c CA       		.byte	-54
 394 016d 99       		.byte	-103
 395 016e CC       		.byte	-52
 396 016f DC       		.byte	-36
 397 0170 CE       		.byte	-50
 398 0171 36       		.byte	54
 399 0172 D0       		.byte	-48
ARM GAS  C:\Users\cante\AppData\Local\Temp\ccfLJwVb.s 			page 8


 400 0173 91       		.byte	-111
 401 0174 D2       		.byte	-46
 402 0175 20       		.byte	32
 403 0176 D6       		.byte	-42
 404 0177 F0       		.byte	-16
 405 0178 E6       		.byte	-26
 406 0179 08       		.byte	8
 407 017a 01       		.byte	1
 408 017b 1C       		.byte	28
 409 017c 02       		.byte	2
 410 017d 01       		.byte	1
 411 017e 03       		.byte	3
 412 017f 01       		.byte	1
 413 0180 05       		.byte	5
 414 0181 07       		.byte	7
 415 0182 06       		.byte	6
 416 0183 01       		.byte	1
 417 0184 07       		.byte	7
 418 0185 18       		.byte	24
 419 0186 0B       		.byte	11
 420 0187 04       		.byte	4
 421 0188 0D       		.byte	13
 422 0189 10       		.byte	16
 423 018a 12       		.byte	18
 424 018b 02       		.byte	2
 425 018c 13       		.byte	19
 426 018d 03       		.byte	3
 427 018e 14       		.byte	20
 428 018f 01       		.byte	1
 429 0190 15       		.byte	21
 430 0191 1F       		.byte	31
 431 0192 19       		.byte	25
 432 0193 18       		.byte	24
 433 0194 1F       		.byte	31
 434 0195 20       		.byte	32
 435 0196 20       		.byte	32
 436 0197 01       		.byte	1
 437 0198 21       		.byte	33
 438 0199 1C       		.byte	28
 439 019a 23       		.byte	35
 440 019b 02       		.byte	2
 441 019c 25       		.byte	37
 442 019d 08       		.byte	8
 443 019e 26       		.byte	38
 444 019f 02       		.byte	2
 445 01a0 2B       		.byte	43
 446 01a1 40       		.byte	64
 447 01a2 2C       		.byte	44
 448 01a3 04       		.byte	4
 449 01a4 2D       		.byte	45
 450 01a5 04       		.byte	4
 451 01a6 2F       		.byte	47
 452 01a7 40       		.byte	64
 453 01a8 30       		.byte	48
 454 01a9 01       		.byte	1
 455 01aa 31       		.byte	49
 456 01ab 60       		.byte	96
ARM GAS  C:\Users\cante\AppData\Local\Temp\ccfLJwVb.s 			page 9


 457 01ac 32       		.byte	50
 458 01ad 02       		.byte	2
 459 01ae 33       		.byte	51
 460 01af 1F       		.byte	31
 461 01b0 34       		.byte	52
 462 01b1 04       		.byte	4
 463 01b2 38       		.byte	56
 464 01b3 02       		.byte	2
 465 01b4 3B       		.byte	59
 466 01b5 08       		.byte	8
 467 01b6 3E       		.byte	62
 468 01b7 14       		.byte	20
 469 01b8 3F       		.byte	63
 470 01b9 01       		.byte	1
 471 01ba 40       		.byte	64
 472 01bb 46       		.byte	70
 473 01bc 41       		.byte	65
 474 01bd 03       		.byte	3
 475 01be 42       		.byte	66
 476 01bf 02       		.byte	2
 477 01c0 44       		.byte	68
 478 01c1 01       		.byte	1
 479 01c2 45       		.byte	69
 480 01c3 0E       		.byte	14
 481 01c4 47       		.byte	71
 482 01c5 C0       		.byte	-64
 483 01c6 48       		.byte	72
 484 01c7 21       		.byte	33
 485 01c8 49       		.byte	73
 486 01c9 FF       		.byte	-1
 487 01ca 4A       		.byte	74
 488 01cb FF       		.byte	-1
 489 01cc 4B       		.byte	75
 490 01cd FF       		.byte	-1
 491 01ce 4C       		.byte	76
 492 01cf 62       		.byte	98
 493 01d0 4D       		.byte	77
 494 01d1 A0       		.byte	-96
 495 01d2 4E       		.byte	78
 496 01d3 F0       		.byte	-16
 497 01d4 4F       		.byte	79
 498 01d5 41       		.byte	65
 499 01d6 50       		.byte	80
 500 01d7 0C       		.byte	12
 501 01d8 54       		.byte	84
 502 01d9 18       		.byte	24
 503 01da 56       		.byte	86
 504 01db 04       		.byte	4
 505 01dc 58       		.byte	88
 506 01dd 04       		.byte	4
 507 01de 59       		.byte	89
 508 01df 04       		.byte	4
 509 01e0 5A       		.byte	90
 510 01e1 04       		.byte	4
 511 01e2 5B       		.byte	91
 512 01e3 04       		.byte	4
 513 01e4 5F       		.byte	95
ARM GAS  C:\Users\cante\AppData\Local\Temp\ccfLJwVb.s 			page 10


 514 01e5 01       		.byte	1
 515 01e6 66       		.byte	102
 516 01e7 40       		.byte	64
 517 01e8 67       		.byte	103
 518 01e9 02       		.byte	2
 519 01ea 69       		.byte	105
 520 01eb 10       		.byte	16
 521 01ec 6A       		.byte	106
 522 01ed 30       		.byte	48
 523 01ee 6B       		.byte	107
 524 01ef 10       		.byte	16
 525 01f0 6D       		.byte	109
 526 01f1 10       		.byte	16
 527 01f2 6E       		.byte	110
 528 01f3 10       		.byte	16
 529 01f4 6F       		.byte	111
 530 01f5 12       		.byte	18
 531 01f6 88       		.byte	-120
 532 01f7 01       		.byte	1
 533 01f8 8C       		.byte	-116
 534 01f9 01       		.byte	1
 535 01fa 98       		.byte	-104
 536 01fb 01       		.byte	1
 537 01fc B4       		.byte	-76
 538 01fd 01       		.byte	1
 539 01fe D8       		.byte	-40
 540 01ff 04       		.byte	4
 541 0200 DF       		.byte	-33
 542 0201 01       		.byte	1
 543 0202 01       		.byte	1
 544 0203 40       		.byte	64
 545 0204 03       		.byte	3
 546 0205 08       		.byte	8
 547 0206 04       		.byte	4
 548 0207 01       		.byte	1
 549 0208 07       		.byte	7
 550 0209 10       		.byte	16
 551 020a 0A       		.byte	10
 552 020b 04       		.byte	4
 553 020c 0D       		.byte	13
 554 020d 08       		.byte	8
 555 020e 0E       		.byte	14
 556 020f 80       		.byte	-128
 557 0210 14       		.byte	20
 558 0211 82       		.byte	-126
 559 0212 15       		.byte	21
 560 0213 04       		.byte	4
 561 0214 16       		.byte	22
 562 0215 01       		.byte	1
 563 0216 1A       		.byte	26
 564 0217 08       		.byte	8
 565 0218 1E       		.byte	30
 566 0219 88       		.byte	-120
 567 021a 1F       		.byte	31
 568 021b 04       		.byte	4
 569 021c 27       		.byte	39
 570 021d 50       		.byte	80
ARM GAS  C:\Users\cante\AppData\Local\Temp\ccfLJwVb.s 			page 11


 571 021e 2C       		.byte	44
 572 021f A2       		.byte	-94
 573 0220 2D       		.byte	45
 574 0221 20       		.byte	32
 575 0222 35       		.byte	53
 576 0223 02       		.byte	2
 577 0224 36       		.byte	54
 578 0225 80       		.byte	-128
 579 0226 37       		.byte	55
 580 0227 28       		.byte	40
 581 0228 3C       		.byte	60
 582 0229 89       		.byte	-119
 583 022a 3E       		.byte	62
 584 022b 10       		.byte	16
 585 022c 44       		.byte	68
 586 022d 80       		.byte	-128
 587 022e 45       		.byte	69
 588 022f 18       		.byte	24
 589 0230 47       		.byte	71
 590 0231 48       		.byte	72
 591 0232 4D       		.byte	77
 592 0233 04       		.byte	4
 593 0234 4E       		.byte	78
 594 0235 04       		.byte	4
 595 0236 57       		.byte	87
 596 0237 01       		.byte	1
 597 0238 5D       		.byte	93
 598 0239 01       		.byte	1
 599 023a 66       		.byte	102
 600 023b 02       		.byte	2
 601 023c 67       		.byte	103
 602 023d 0A       		.byte	10
 603 023e 86       		.byte	-122
 604 023f 02       		.byte	2
 605 0240 8C       		.byte	-116
 606 0241 80       		.byte	-128
 607 0242 8F       		.byte	-113
 608 0243 10       		.byte	16
 609 0244 93       		.byte	-109
 610 0245 02       		.byte	2
 611 0246 9A       		.byte	-102
 612 0247 01       		.byte	1
 613 0248 9C       		.byte	-100
 614 0249 02       		.byte	2
 615 024a A2       		.byte	-94
 616 024b 02       		.byte	2
 617 024c A6       		.byte	-90
 618 024d 14       		.byte	20
 619 024e A7       		.byte	-89
 620 024f 01       		.byte	1
 621 0250 B7       		.byte	-73
 622 0251 21       		.byte	33
 623 0252 C0       		.byte	-64
 624 0253 33       		.byte	51
 625 0254 C2       		.byte	-62
 626 0255 32       		.byte	50
 627 0256 C4       		.byte	-60
ARM GAS  C:\Users\cante\AppData\Local\Temp\ccfLJwVb.s 			page 12


 628 0257 B0       		.byte	-80
 629 0258 CA       		.byte	-54
 630 0259 F0       		.byte	-16
 631 025a CC       		.byte	-52
 632 025b F0       		.byte	-16
 633 025c CE       		.byte	-50
 634 025d F0       		.byte	-16
 635 025e D0       		.byte	-48
 636 025f F0       		.byte	-16
 637 0260 D2       		.byte	-46
 638 0261 20       		.byte	32
 639 0262 D6       		.byte	-42
 640 0263 80       		.byte	-128
 641 0264 D8       		.byte	-40
 642 0265 B0       		.byte	-80
 643 0266 01       		.byte	1
 644 0267 02       		.byte	2
 645 0268 03       		.byte	3
 646 0269 01       		.byte	1
 647 026a 08       		.byte	8
 648 026b 04       		.byte	4
 649 026c 09       		.byte	9
 650 026d 07       		.byte	7
 651 026e 0A       		.byte	10
 652 026f 02       		.byte	2
 653 0270 15       		.byte	21
 654 0271 07       		.byte	7
 655 0272 18       		.byte	24
 656 0273 06       		.byte	6
 657 0274 1D       		.byte	29
 658 0275 01       		.byte	1
 659 0276 1F       		.byte	31
 660 0277 06       		.byte	6
 661 0278 28       		.byte	40
 662 0279 06       		.byte	6
 663 027a 29       		.byte	41
 664 027b 04       		.byte	4
 665 027c 2B       		.byte	43
 666 027d 01       		.byte	1
 667 027e 2C       		.byte	44
 668 027f 02       		.byte	2
 669 0280 2E       		.byte	46
 670 0281 05       		.byte	5
 671 0282 32       		.byte	50
 672 0283 01       		.byte	1
 673 0284 34       		.byte	52
 674 0285 06       		.byte	6
 675 0286 37       		.byte	55
 676 0287 07       		.byte	7
 677 0288 58       		.byte	88
 678 0289 04       		.byte	4
 679 028a 59       		.byte	89
 680 028b 04       		.byte	4
 681 028c 5F       		.byte	95
 682 028d 01       		.byte	1
 683 028e 80       		.byte	-128
 684 028f 1F       		.byte	31
ARM GAS  C:\Users\cante\AppData\Local\Temp\ccfLJwVb.s 			page 13


 685 0290 81       		.byte	-127
 686 0291 08       		.byte	8
 687 0292 82       		.byte	-126
 688 0293 20       		.byte	32
 689 0294 84       		.byte	-124
 690 0295 0C       		.byte	12
 691 0296 85       		.byte	-123
 692 0297 04       		.byte	4
 693 0298 88       		.byte	-120
 694 0299 04       		.byte	4
 695 029a 89       		.byte	-119
 696 029b 0C       		.byte	12
 697 029c 8C       		.byte	-116
 698 029d 01       		.byte	1
 699 029e 8D       		.byte	-115
 700 029f 10       		.byte	16
 701 02a0 91       		.byte	-111
 702 02a1 01       		.byte	1
 703 02a2 94       		.byte	-108
 704 02a3 3F       		.byte	63
 705 02a4 95       		.byte	-107
 706 02a5 32       		.byte	50
 707 02a6 97       		.byte	-105
 708 02a7 0C       		.byte	12
 709 02a8 98       		.byte	-104
 710 02a9 33       		.byte	51
 711 02aa 99       		.byte	-103
 712 02ab 20       		.byte	32
 713 02ac 9A       		.byte	-102
 714 02ad 0C       		.byte	12
 715 02ae 9D       		.byte	-99
 716 02af 30       		.byte	48
 717 02b0 9E       		.byte	-98
 718 02b1 23       		.byte	35
 719 02b2 A0       		.byte	-96
 720 02b3 03       		.byte	3
 721 02b4 A3       		.byte	-93
 722 02b5 32       		.byte	50
 723 02b6 A4       		.byte	-92
 724 02b7 02       		.byte	2
 725 02b8 A5       		.byte	-91
 726 02b9 3E       		.byte	62
 727 02ba A8       		.byte	-88
 728 02bb 1C       		.byte	28
 729 02bc A9       		.byte	-87
 730 02bd 0E       		.byte	14
 731 02be AA       		.byte	-86
 732 02bf 23       		.byte	35
 733 02c0 AB       		.byte	-85
 734 02c1 30       		.byte	48
 735 02c2 AC       		.byte	-84
 736 02c3 08       		.byte	8
 737 02c4 AD       		.byte	-83
 738 02c5 0C       		.byte	12
 739 02c6 AF       		.byte	-81
 740 02c7 32       		.byte	50
 741 02c8 B0       		.byte	-80
ARM GAS  C:\Users\cante\AppData\Local\Temp\ccfLJwVb.s 			page 14


 742 02c9 10       		.byte	16
 743 02ca B3       		.byte	-77
 744 02cb 30       		.byte	48
 745 02cc B4       		.byte	-76
 746 02cd 0F       		.byte	15
 747 02ce B5       		.byte	-75
 748 02cf 0E       		.byte	14
 749 02d0 B6       		.byte	-74
 750 02d1 2C       		.byte	44
 751 02d2 B7       		.byte	-73
 752 02d3 01       		.byte	1
 753 02d4 BA       		.byte	-70
 754 02d5 A8       		.byte	-88
 755 02d6 BE       		.byte	-66
 756 02d7 01       		.byte	1
 757 02d8 BF       		.byte	-65
 758 02d9 40       		.byte	64
 759 02da D6       		.byte	-42
 760 02db 02       		.byte	2
 761 02dc D7       		.byte	-41
 762 02dd 10       		.byte	16
 763 02de D8       		.byte	-40
 764 02df 04       		.byte	4
 765 02e0 D9       		.byte	-39
 766 02e1 04       		.byte	4
 767 02e2 DB       		.byte	-37
 768 02e3 04       		.byte	4
 769 02e4 DF       		.byte	-33
 770 02e5 01       		.byte	1
 771 02e6 01       		.byte	1
 772 02e7 20       		.byte	32
 773 02e8 04       		.byte	4
 774 02e9 01       		.byte	1
 775 02ea 06       		.byte	6
 776 02eb 81       		.byte	-127
 777 02ec 07       		.byte	7
 778 02ed 28       		.byte	40
 779 02ee 0A       		.byte	10
 780 02ef 04       		.byte	4
 781 02f0 0D       		.byte	13
 782 02f1 08       		.byte	8
 783 02f2 0E       		.byte	14
 784 02f3 08       		.byte	8
 785 02f4 0F       		.byte	15
 786 02f5 02       		.byte	2
 787 02f6 10       		.byte	16
 788 02f7 0A       		.byte	10
 789 02f8 14       		.byte	20
 790 02f9 24       		.byte	36
 791 02fa 16       		.byte	22
 792 02fb 02       		.byte	2
 793 02fc 17       		.byte	23
 794 02fd 12       		.byte	18
 795 02fe 19       		.byte	25
 796 02ff 20       		.byte	32
 797 0300 1A       		.byte	26
 798 0301 10       		.byte	16
ARM GAS  C:\Users\cante\AppData\Local\Temp\ccfLJwVb.s 			page 15


 799 0302 1C       		.byte	28
 800 0303 09       		.byte	9
 801 0304 1D       		.byte	29
 802 0305 08       		.byte	8
 803 0306 1E       		.byte	30
 804 0307 48       		.byte	72
 805 0308 22       		.byte	34
 806 0309 80       		.byte	-128
 807 030a 23       		.byte	35
 808 030b 02       		.byte	2
 809 030c 25       		.byte	37
 810 030d 50       		.byte	80
 811 030e 26       		.byte	38
 812 030f 18       		.byte	24
 813 0310 29       		.byte	41
 814 0311 20       		.byte	32
 815 0312 2C       		.byte	44
 816 0313 14       		.byte	20
 817 0314 2D       		.byte	45
 818 0315 02       		.byte	2
 819 0316 2E       		.byte	46
 820 0317 80       		.byte	-128
 821 0318 30       		.byte	48
 822 0319 08       		.byte	8
 823 031a 32       		.byte	50
 824 031b 80       		.byte	-128
 825 031c 34       		.byte	52
 826 031d 20       		.byte	32
 827 031e 35       		.byte	53
 828 031f 20       		.byte	32
 829 0320 36       		.byte	54
 830 0321 86       		.byte	-122
 831 0322 38       		.byte	56
 832 0323 20       		.byte	32
 833 0324 3A       		.byte	58
 834 0325 01       		.byte	1
 835 0326 3E       		.byte	62
 836 0327 2A       		.byte	42
 837 0328 3F       		.byte	63
 838 0329 80       		.byte	-128
 839 032a 44       		.byte	68
 840 032b 10       		.byte	16
 841 032c 45       		.byte	69
 842 032d 08       		.byte	8
 843 032e 5E       		.byte	94
 844 032f 40       		.byte	64
 845 0330 6C       		.byte	108
 846 0331 18       		.byte	24
 847 0332 6D       		.byte	109
 848 0333 40       		.byte	64
 849 0334 6E       		.byte	110
 850 0335 04       		.byte	4
 851 0336 6F       		.byte	111
 852 0337 08       		.byte	8
 853 0338 74       		.byte	116
 854 0339 60       		.byte	96
 855 033a 76       		.byte	118
ARM GAS  C:\Users\cante\AppData\Local\Temp\ccfLJwVb.s 			page 16


 856 033b 2A       		.byte	42
 857 033c 77       		.byte	119
 858 033d 28       		.byte	40
 859 033e 85       		.byte	-123
 860 033f 43       		.byte	67
 861 0340 86       		.byte	-122
 862 0341 0C       		.byte	12
 863 0342 87       		.byte	-121
 864 0343 01       		.byte	1
 865 0344 88       		.byte	-120
 866 0345 84       		.byte	-124
 867 0346 8C       		.byte	-116
 868 0347 02       		.byte	2
 869 0348 8E       		.byte	-114
 870 0349 01       		.byte	1
 871 034a 8F       		.byte	-113
 872 034b 40       		.byte	64
 873 034c 92       		.byte	-110
 874 034d 08       		.byte	8
 875 034e 94       		.byte	-108
 876 034f 01       		.byte	1
 877 0350 95       		.byte	-107
 878 0351 41       		.byte	65
 879 0352 96       		.byte	-106
 880 0353 14       		.byte	20
 881 0354 9B       		.byte	-101
 882 0355 10       		.byte	16
 883 0356 9C       		.byte	-100
 884 0357 80       		.byte	-128
 885 0358 9D       		.byte	-99
 886 0359 22       		.byte	34
 887 035a 9F       		.byte	-97
 888 035b 20       		.byte	32
 889 035c A2       		.byte	-94
 890 035d 02       		.byte	2
 891 035e A4       		.byte	-92
 892 035f 66       		.byte	102
 893 0360 A5       		.byte	-91
 894 0361 18       		.byte	24
 895 0362 A6       		.byte	-90
 896 0363 90       		.byte	-112
 897 0364 A7       		.byte	-89
 898 0365 08       		.byte	8
 899 0366 C0       		.byte	-64
 900 0367 F2       		.byte	-14
 901 0368 C2       		.byte	-62
 902 0369 E2       		.byte	-30
 903 036a C4       		.byte	-60
 904 036b F3       		.byte	-13
 905 036c CA       		.byte	-54
 906 036d F4       		.byte	-12
 907 036e CC       		.byte	-52
 908 036f FA       		.byte	-6
 909 0370 CE       		.byte	-50
 910 0371 F5       		.byte	-11
 911 0372 D6       		.byte	-42
 912 0373 10       		.byte	16
ARM GAS  C:\Users\cante\AppData\Local\Temp\ccfLJwVb.s 			page 17


 913 0374 E0       		.byte	-32
 914 0375 02       		.byte	2
 915 0376 33       		.byte	51
 916 0377 80       		.byte	-128
 917 0378 CC       		.byte	-52
 918 0379 10       		.byte	16
 919 037a A7       		.byte	-89
 920 037b 80       		.byte	-128
 921 037c A7       		.byte	-89
 922 037d 80       		.byte	-128
 923 037e A7       		.byte	-89
 924 037f 80       		.byte	-128
 925 0380 87       		.byte	-121
 926 0381 80       		.byte	-128
 927 0382 A7       		.byte	-89
 928 0383 80       		.byte	-128
 929 0384 E6       		.byte	-26
 930 0385 10       		.byte	16
 931 0386 10       		.byte	16
 932 0387 80       		.byte	-128
 933 0388 71       		.byte	113
 934 0389 02       		.byte	2
 935 038a 85       		.byte	-123
 936 038b 02       		.byte	2
 937 038c 8C       		.byte	-116
 938 038d 80       		.byte	-128
 939 038e C4       		.byte	-60
 940 038f 08       		.byte	8
 941 0390 DC       		.byte	-36
 942 0391 01       		.byte	1
 943 0392 E6       		.byte	-26
 944 0393 02       		.byte	2
 945 0394 00       		.byte	0
 946 0395 01       		.byte	1
 947 0396 0C       		.byte	12
 948 0397 01       		.byte	1
 949 0398 10       		.byte	16
 950 0399 01       		.byte	1
 951 039a 1C       		.byte	28
 952 039b 01       		.byte	1
 953 039c 00       		.byte	0
 954 039d 03       		.byte	3
 955 039e 00       		.byte	0
 956 039f 00       		.byte	0
 957 03a0 80       		.byte	-128
 958 03a1 00       		.byte	0
 959 03a2 40       		.byte	64
 960 03a3 80       		.byte	-128
 961 03a4 80       		.byte	-128
 962 03a5 00       		.byte	0
 963 03a6 80       		.byte	-128
 964 03a7 00       		.byte	0
 965 03a8 00       		.byte	0
 966 03a9 00       		.byte	0
 967 03aa 00       		.byte	0
 968 03ab 00       		.byte	0
 969 03ac 00       		.byte	0
ARM GAS  C:\Users\cante\AppData\Local\Temp\ccfLJwVb.s 			page 18


 970 03ad 0B       		.byte	11
 971 03ae 0B       		.byte	11
 972 03af 00       		.byte	0
 973 03b0 00       		.byte	0
 974 03b1 00       		.byte	0
 975 03b2 00       		.byte	0
 976 03b3 00       		.byte	0
 977              		.section	.cywolatch,"a",%progbits
 978              		.align	2
 979              		.type	cy_meta_wonvl, %object
 980              		.size	cy_meta_wonvl, 4
 981              	cy_meta_wonvl:
 982 0000 BC       		.byte	-68
 983 0001 90       		.byte	-112
 984 0002 AC       		.byte	-84
 985 0003 AF       		.byte	-81
 986              		.section	.cycustnvl,"a",%progbits
 987              		.align	2
 988              		.type	cy_meta_custnvl, %object
 989              		.size	cy_meta_custnvl, 4
 990              	cy_meta_custnvl:
 991 0000 00       		.byte	0
 992 0001 00       		.byte	0
 993 0002 40       		.byte	64
 994 0003 05       		.byte	5
 995              		.section	.cymeta,"a",%progbits
 996              		.align	2
 997              		.type	cy_metadata, %object
 998              		.size	cy_metadata, 12
 999              	cy_metadata:
 1000 0000 00       		.byte	0
 1001 0001 01       		.byte	1
 1002 0002 2E       		.byte	46
 1003 0003 16       		.byte	22
 1004 0004 10       		.byte	16
 1005 0005 69       		.byte	105
 1006 0006 00       		.byte	0
 1007 0007 01       		.byte	1
 1008 0008 00       		.byte	0
 1009 0009 00       		.byte	0
 1010 000a 00       		.byte	0
 1011 000b 00       		.byte	0
 1012              		.section	.cyflashprotect,"a",%progbits
 1013              		.align	2
 1014              		.type	cy_meta_flashprotect, %object
 1015              		.size	cy_meta_flashprotect, 256
 1016              	cy_meta_flashprotect:
 1017 0000 00000000 		.space	256
 1017      00000000 
 1017      00000000 
 1017      00000000 
 1017      00000000 
 1018              		.text
 1019              	.Letext0:
 1020              		.file 1 "c:\\program files (x86)\\cypress\\psoc creator\\4.4\\psoc creator\\import\\gnu\\arm\\5.4.
 1021              		.file 2 "c:\\program files (x86)\\cypress\\psoc creator\\4.4\\psoc creator\\import\\gnu\\arm\\5.4.
 1022              		.file 3 "Generated_Source\\PSoC5\\cymetadata.c"
ARM GAS  C:\Users\cante\AppData\Local\Temp\ccfLJwVb.s 			page 19


 1023              		.section	.debug_info,"",%progbits
 1024              	.Ldebug_info0:
 1025 0000 31010000 		.4byte	0x131
 1026 0004 0400     		.2byte	0x4
 1027 0006 00000000 		.4byte	.Ldebug_abbrev0
 1028 000a 04       		.byte	0x4
 1029 000b 01       		.uleb128 0x1
 1030 000c 91000000 		.4byte	.LASF17
 1031 0010 0C       		.byte	0xc
 1032 0011 EB010000 		.4byte	.LASF18
 1033 0015 00000000 		.4byte	.LASF19
 1034 0019 00000000 		.4byte	.Ldebug_line0
 1035 001d 02       		.uleb128 0x2
 1036 001e 01       		.byte	0x1
 1037 001f 06       		.byte	0x6
 1038 0020 DF010000 		.4byte	.LASF0
 1039 0024 03       		.uleb128 0x3
 1040 0025 6D000000 		.4byte	.LASF9
 1041 0029 01       		.byte	0x1
 1042 002a 1D       		.byte	0x1d
 1043 002b 2F000000 		.4byte	0x2f
 1044 002f 02       		.uleb128 0x2
 1045 0030 01       		.byte	0x1
 1046 0031 08       		.byte	0x8
 1047 0032 83000000 		.4byte	.LASF1
 1048 0036 02       		.uleb128 0x2
 1049 0037 02       		.byte	0x2
 1050 0038 05       		.byte	0x5
 1051 0039 CC010000 		.4byte	.LASF2
 1052 003d 02       		.uleb128 0x2
 1053 003e 02       		.byte	0x2
 1054 003f 07       		.byte	0x7
 1055 0040 31010000 		.4byte	.LASF3
 1056 0044 02       		.uleb128 0x2
 1057 0045 04       		.byte	0x4
 1058 0046 05       		.byte	0x5
 1059 0047 D6010000 		.4byte	.LASF4
 1060 004b 02       		.uleb128 0x2
 1061 004c 04       		.byte	0x4
 1062 004d 07       		.byte	0x7
 1063 004e 1F010000 		.4byte	.LASF5
 1064 0052 02       		.uleb128 0x2
 1065 0053 08       		.byte	0x8
 1066 0054 05       		.byte	0x5
 1067 0055 BE010000 		.4byte	.LASF6
 1068 0059 02       		.uleb128 0x2
 1069 005a 08       		.byte	0x8
 1070 005b 07       		.byte	0x7
 1071 005c 73010000 		.4byte	.LASF7
 1072 0060 04       		.uleb128 0x4
 1073 0061 04       		.byte	0x4
 1074 0062 05       		.byte	0x5
 1075 0063 696E7400 		.ascii	"int\000"
 1076 0067 02       		.uleb128 0x2
 1077 0068 04       		.byte	0x4
 1078 0069 07       		.byte	0x7
 1079 006a 66010000 		.4byte	.LASF8
ARM GAS  C:\Users\cante\AppData\Local\Temp\ccfLJwVb.s 			page 20


 1080 006e 03       		.uleb128 0x3
 1081 006f 8A010000 		.4byte	.LASF10
 1082 0073 02       		.byte	0x2
 1083 0074 18       		.byte	0x18
 1084 0075 24000000 		.4byte	0x24
 1085 0079 05       		.uleb128 0x5
 1086 007a 91000000 		.4byte	0x91
 1087 007e 8A000000 		.4byte	0x8a
 1088 0082 06       		.uleb128 0x6
 1089 0083 8A000000 		.4byte	0x8a
 1090 0087 B303     		.2byte	0x3b3
 1091 0089 00       		.byte	0
 1092 008a 02       		.uleb128 0x2
 1093 008b 04       		.byte	0x4
 1094 008c 07       		.byte	0x7
 1095 008d B5010000 		.4byte	.LASF11
 1096 0091 07       		.uleb128 0x7
 1097 0092 6E000000 		.4byte	0x6e
 1098 0096 08       		.uleb128 0x8
 1099 0097 54010000 		.4byte	.LASF12
 1100 009b 03       		.byte	0x3
 1101 009c 1F       		.byte	0x1f
 1102 009d A7000000 		.4byte	0xa7
 1103 00a1 05       		.uleb128 0x5
 1104 00a2 03       		.byte	0x3
 1105 00a3 00000000 		.4byte	cy_meta_configecc
 1106 00a7 07       		.uleb128 0x7
 1107 00a8 79000000 		.4byte	0x79
 1108 00ac 05       		.uleb128 0x5
 1109 00ad 91000000 		.4byte	0x91
 1110 00b1 BC000000 		.4byte	0xbc
 1111 00b5 09       		.uleb128 0x9
 1112 00b6 8A000000 		.4byte	0x8a
 1113 00ba 03       		.byte	0x3
 1114 00bb 00       		.byte	0
 1115 00bc 08       		.uleb128 0x8
 1116 00bd 44010000 		.4byte	.LASF13
 1117 00c1 03       		.byte	0x3
 1118 00c2 A3       		.byte	0xa3
 1119 00c3 CD000000 		.4byte	0xcd
 1120 00c7 05       		.uleb128 0x5
 1121 00c8 03       		.byte	0x3
 1122 00c9 00000000 		.4byte	cy_meta_custnvl
 1123 00cd 07       		.uleb128 0x7
 1124 00ce AC000000 		.4byte	0xac
 1125 00d2 08       		.uleb128 0x8
 1126 00d3 A7010000 		.4byte	.LASF14
 1127 00d7 03       		.byte	0x3
 1128 00d8 B1       		.byte	0xb1
 1129 00d9 E3000000 		.4byte	0xe3
 1130 00dd 05       		.uleb128 0x5
 1131 00de 03       		.byte	0x3
 1132 00df 00000000 		.4byte	cy_meta_wonvl
 1133 00e3 07       		.uleb128 0x7
 1134 00e4 AC000000 		.4byte	0xac
 1135 00e8 05       		.uleb128 0x5
 1136 00e9 91000000 		.4byte	0x91
ARM GAS  C:\Users\cante\AppData\Local\Temp\ccfLJwVb.s 			page 21


 1137 00ed F8000000 		.4byte	0xf8
 1138 00f1 09       		.uleb128 0x9
 1139 00f2 8A000000 		.4byte	0x8a
 1140 00f6 FF       		.byte	0xff
 1141 00f7 00       		.byte	0
 1142 00f8 08       		.uleb128 0x8
 1143 00f9 92010000 		.4byte	.LASF15
 1144 00fd 03       		.byte	0x3
 1145 00fe BF       		.byte	0xbf
 1146 00ff 09010000 		.4byte	0x109
 1147 0103 05       		.uleb128 0x5
 1148 0104 03       		.byte	0x3
 1149 0105 00000000 		.4byte	cy_meta_flashprotect
 1150 0109 07       		.uleb128 0x7
 1151 010a E8000000 		.4byte	0xe8
 1152 010e 05       		.uleb128 0x5
 1153 010f 91000000 		.4byte	0x91
 1154 0113 1E010000 		.4byte	0x11e
 1155 0117 09       		.uleb128 0x9
 1156 0118 8A000000 		.4byte	0x8a
 1157 011c 0B       		.byte	0xb
 1158 011d 00       		.byte	0
 1159 011e 08       		.uleb128 0x8
 1160 011f 77000000 		.4byte	.LASF16
 1161 0123 03       		.byte	0x3
 1162 0124 EC       		.byte	0xec
 1163 0125 2F010000 		.4byte	0x12f
 1164 0129 05       		.uleb128 0x5
 1165 012a 03       		.byte	0x3
 1166 012b 00000000 		.4byte	cy_metadata
 1167 012f 07       		.uleb128 0x7
 1168 0130 0E010000 		.4byte	0x10e
 1169 0134 00       		.byte	0
 1170              		.section	.debug_abbrev,"",%progbits
 1171              	.Ldebug_abbrev0:
 1172 0000 01       		.uleb128 0x1
 1173 0001 11       		.uleb128 0x11
 1174 0002 01       		.byte	0x1
 1175 0003 25       		.uleb128 0x25
 1176 0004 0E       		.uleb128 0xe
 1177 0005 13       		.uleb128 0x13
 1178 0006 0B       		.uleb128 0xb
 1179 0007 03       		.uleb128 0x3
 1180 0008 0E       		.uleb128 0xe
 1181 0009 1B       		.uleb128 0x1b
 1182 000a 0E       		.uleb128 0xe
 1183 000b 10       		.uleb128 0x10
 1184 000c 17       		.uleb128 0x17
 1185 000d 00       		.byte	0
 1186 000e 00       		.byte	0
 1187 000f 02       		.uleb128 0x2
 1188 0010 24       		.uleb128 0x24
 1189 0011 00       		.byte	0
 1190 0012 0B       		.uleb128 0xb
 1191 0013 0B       		.uleb128 0xb
 1192 0014 3E       		.uleb128 0x3e
 1193 0015 0B       		.uleb128 0xb
ARM GAS  C:\Users\cante\AppData\Local\Temp\ccfLJwVb.s 			page 22


 1194 0016 03       		.uleb128 0x3
 1195 0017 0E       		.uleb128 0xe
 1196 0018 00       		.byte	0
 1197 0019 00       		.byte	0
 1198 001a 03       		.uleb128 0x3
 1199 001b 16       		.uleb128 0x16
 1200 001c 00       		.byte	0
 1201 001d 03       		.uleb128 0x3
 1202 001e 0E       		.uleb128 0xe
 1203 001f 3A       		.uleb128 0x3a
 1204 0020 0B       		.uleb128 0xb
 1205 0021 3B       		.uleb128 0x3b
 1206 0022 0B       		.uleb128 0xb
 1207 0023 49       		.uleb128 0x49
 1208 0024 13       		.uleb128 0x13
 1209 0025 00       		.byte	0
 1210 0026 00       		.byte	0
 1211 0027 04       		.uleb128 0x4
 1212 0028 24       		.uleb128 0x24
 1213 0029 00       		.byte	0
 1214 002a 0B       		.uleb128 0xb
 1215 002b 0B       		.uleb128 0xb
 1216 002c 3E       		.uleb128 0x3e
 1217 002d 0B       		.uleb128 0xb
 1218 002e 03       		.uleb128 0x3
 1219 002f 08       		.uleb128 0x8
 1220 0030 00       		.byte	0
 1221 0031 00       		.byte	0
 1222 0032 05       		.uleb128 0x5
 1223 0033 01       		.uleb128 0x1
 1224 0034 01       		.byte	0x1
 1225 0035 49       		.uleb128 0x49
 1226 0036 13       		.uleb128 0x13
 1227 0037 01       		.uleb128 0x1
 1228 0038 13       		.uleb128 0x13
 1229 0039 00       		.byte	0
 1230 003a 00       		.byte	0
 1231 003b 06       		.uleb128 0x6
 1232 003c 21       		.uleb128 0x21
 1233 003d 00       		.byte	0
 1234 003e 49       		.uleb128 0x49
 1235 003f 13       		.uleb128 0x13
 1236 0040 2F       		.uleb128 0x2f
 1237 0041 05       		.uleb128 0x5
 1238 0042 00       		.byte	0
 1239 0043 00       		.byte	0
 1240 0044 07       		.uleb128 0x7
 1241 0045 26       		.uleb128 0x26
 1242 0046 00       		.byte	0
 1243 0047 49       		.uleb128 0x49
 1244 0048 13       		.uleb128 0x13
 1245 0049 00       		.byte	0
 1246 004a 00       		.byte	0
 1247 004b 08       		.uleb128 0x8
 1248 004c 34       		.uleb128 0x34
 1249 004d 00       		.byte	0
 1250 004e 03       		.uleb128 0x3
ARM GAS  C:\Users\cante\AppData\Local\Temp\ccfLJwVb.s 			page 23


 1251 004f 0E       		.uleb128 0xe
 1252 0050 3A       		.uleb128 0x3a
 1253 0051 0B       		.uleb128 0xb
 1254 0052 3B       		.uleb128 0x3b
 1255 0053 0B       		.uleb128 0xb
 1256 0054 49       		.uleb128 0x49
 1257 0055 13       		.uleb128 0x13
 1258 0056 3F       		.uleb128 0x3f
 1259 0057 19       		.uleb128 0x19
 1260 0058 02       		.uleb128 0x2
 1261 0059 18       		.uleb128 0x18
 1262 005a 00       		.byte	0
 1263 005b 00       		.byte	0
 1264 005c 09       		.uleb128 0x9
 1265 005d 21       		.uleb128 0x21
 1266 005e 00       		.byte	0
 1267 005f 49       		.uleb128 0x49
 1268 0060 13       		.uleb128 0x13
 1269 0061 2F       		.uleb128 0x2f
 1270 0062 0B       		.uleb128 0xb
 1271 0063 00       		.byte	0
 1272 0064 00       		.byte	0
 1273 0065 00       		.byte	0
 1274              		.section	.debug_aranges,"",%progbits
 1275 0000 14000000 		.4byte	0x14
 1276 0004 0200     		.2byte	0x2
 1277 0006 00000000 		.4byte	.Ldebug_info0
 1278 000a 04       		.byte	0x4
 1279 000b 00       		.byte	0
 1280 000c 0000     		.2byte	0
 1281 000e 0000     		.2byte	0
 1282 0010 00000000 		.4byte	0
 1283 0014 00000000 		.4byte	0
 1284              		.section	.debug_line,"",%progbits
 1285              	.Ldebug_line0:
 1286 0000 3D010000 		.section	.debug_str,"MS",%progbits,1
 1286      02003701 
 1286      00000201 
 1286      FB0E0D00 
 1286      01010101 
 1287              	.LASF19:
 1288 0000 433A5C55 		.ascii	"C:\\Users\\cante\\Desktop\\INGEGNERIA BIOMEDICA\\V "
 1288      73657273 
 1288      5C63616E 
 1288      74655C44 
 1288      65736B74 
 1289 002e 414E4E4F 		.ascii	"ANNO\\LAB ELETTRONICA\\PSoC\\AY2021_II_PSoC_Basics\\"
 1289      5C4C4142 
 1289      20454C45 
 1289      5454524F 
 1289      4E494341 
 1290 005e 30372D55 		.ascii	"07-UARTX.cydsn\000"
 1290      41525458 
 1290      2E637964 
 1290      736E00
 1291              	.LASF9:
 1292 006d 5F5F7569 		.ascii	"__uint8_t\000"
ARM GAS  C:\Users\cante\AppData\Local\Temp\ccfLJwVb.s 			page 24


 1292      6E74385F 
 1292      7400
 1293              	.LASF16:
 1294 0077 63795F6D 		.ascii	"cy_metadata\000"
 1294      65746164 
 1294      61746100 
 1295              	.LASF1:
 1296 0083 756E7369 		.ascii	"unsigned char\000"
 1296      676E6564 
 1296      20636861 
 1296      7200
 1297              	.LASF17:
 1298 0091 474E5520 		.ascii	"GNU C11 5.4.1 20160609 (release) [ARM/embedded-5-br"
 1298      43313120 
 1298      352E342E 
 1298      31203230 
 1298      31363036 
 1299 00c4 616E6368 		.ascii	"anch revision 237715] -mcpu=cortex-m3 -mthumb -g -O"
 1299      20726576 
 1299      6973696F 
 1299      6E203233 
 1299      37373135 
 1300 00f7 67202D66 		.ascii	"g -ffunction-sections -ffat-lto-objects\000"
 1300      66756E63 
 1300      74696F6E 
 1300      2D736563 
 1300      74696F6E 
 1301              	.LASF5:
 1302 011f 6C6F6E67 		.ascii	"long unsigned int\000"
 1302      20756E73 
 1302      69676E65 
 1302      6420696E 
 1302      7400
 1303              	.LASF3:
 1304 0131 73686F72 		.ascii	"short unsigned int\000"
 1304      7420756E 
 1304      7369676E 
 1304      65642069 
 1304      6E7400
 1305              	.LASF13:
 1306 0144 63795F6D 		.ascii	"cy_meta_custnvl\000"
 1306      6574615F 
 1306      63757374 
 1306      6E766C00 
 1307              	.LASF12:
 1308 0154 63795F6D 		.ascii	"cy_meta_configecc\000"
 1308      6574615F 
 1308      636F6E66 
 1308      69676563 
 1308      6300
 1309              	.LASF8:
 1310 0166 756E7369 		.ascii	"unsigned int\000"
 1310      676E6564 
 1310      20696E74 
 1310      00
 1311              	.LASF7:
 1312 0173 6C6F6E67 		.ascii	"long long unsigned int\000"
ARM GAS  C:\Users\cante\AppData\Local\Temp\ccfLJwVb.s 			page 25


 1312      206C6F6E 
 1312      6720756E 
 1312      7369676E 
 1312      65642069 
 1313              	.LASF10:
 1314 018a 75696E74 		.ascii	"uint8_t\000"
 1314      385F7400 
 1315              	.LASF15:
 1316 0192 63795F6D 		.ascii	"cy_meta_flashprotect\000"
 1316      6574615F 
 1316      666C6173 
 1316      6870726F 
 1316      74656374 
 1317              	.LASF14:
 1318 01a7 63795F6D 		.ascii	"cy_meta_wonvl\000"
 1318      6574615F 
 1318      776F6E76 
 1318      6C00
 1319              	.LASF11:
 1320 01b5 73697A65 		.ascii	"sizetype\000"
 1320      74797065 
 1320      00
 1321              	.LASF6:
 1322 01be 6C6F6E67 		.ascii	"long long int\000"
 1322      206C6F6E 
 1322      6720696E 
 1322      7400
 1323              	.LASF2:
 1324 01cc 73686F72 		.ascii	"short int\000"
 1324      7420696E 
 1324      7400
 1325              	.LASF4:
 1326 01d6 6C6F6E67 		.ascii	"long int\000"
 1326      20696E74 
 1326      00
 1327              	.LASF0:
 1328 01df 7369676E 		.ascii	"signed char\000"
 1328      65642063 
 1328      68617200 
 1329              	.LASF18:
 1330 01eb 47656E65 		.ascii	"Generated_Source\\PSoC5\\cymetadata.c\000"
 1330      72617465 
 1330      645F536F 
 1330      75726365 
 1330      5C50536F 
 1331              		.ident	"GCC: (GNU Tools for ARM Embedded Processors) 5.4.1 20160609 (release) [ARM/embedded-5-bran
