ARM GAS  C:\Users\cante\AppData\Local\Temp\ccqlX7VD.s 			page 1


   1              		.syntax unified
   2              		.cpu cortex-m3
   3              		.fpu softvfp
   4              		.eabi_attribute 20, 1
   5              		.eabi_attribute 21, 1
   6              		.eabi_attribute 23, 3
   7              		.eabi_attribute 24, 1
   8              		.eabi_attribute 25, 1
   9              		.eabi_attribute 26, 1
  10              		.eabi_attribute 30, 1
  11              		.eabi_attribute 34, 1
  12              		.eabi_attribute 18, 4
  13              		.thumb
  14              		.syntax unified
  15              		.file	"main.c"
  16              		.text
  17              	.Ltext0:
  18              		.cfi_sections	.debug_frame
  19              		.section	.text.main,"ax",%progbits
  20              		.align	2
  21              		.global	main
  22              		.thumb
  23              		.thumb_func
  24              		.type	main, %function
  25              	main:
  26              	.LFB63:
  27              		.file 1 "main.c"
   1:main.c        **** /* ========================================
   2:main.c        ****  *
   3:main.c        ****  * Copyright YOUR COMPANY, THE YEAR
   4:main.c        ****  * All Rights Reserved
   5:main.c        ****  * UNPUBLISHED, LICENSED SOFTWARE.
   6:main.c        ****  *
   7:main.c        ****  * CONFIDENTIAL AND PROPRIETARY INFORMATION
   8:main.c        ****  * WHICH IS THE PROPERTY OF your company.
   9:main.c        ****  *
  10:main.c        ****  * ========================================
  11:main.c        **** */
  12:main.c        **** 
  13:main.c        **** 
  14:main.c        **** /*
  15:main.c        **** when the button is pressed, the LED is on
  16:main.c        **** */ 
  17:main.c        **** 
  18:main.c        **** 
  19:main.c        **** 
  20:main.c        **** #include "project.h"
  21:main.c        **** #include "InterruptRoutines.h"
  22:main.c        **** 
  23:main.c        **** 
  24:main.c        **** int main(void)
  25:main.c        **** {
  28              		.loc 1 25 0
  29              		.cfi_startproc
  30              		@ Volatile: function does not return.
  31              		@ args = 0, pretend = 0, frame = 0
  32              		@ frame_needed = 0, uses_anonymous_args = 0
ARM GAS  C:\Users\cante\AppData\Local\Temp\ccqlX7VD.s 			page 2


  33 0000 08B5     		push	{r3, lr}
  34              		.cfi_def_cfa_offset 8
  35              		.cfi_offset 3, -8
  36              		.cfi_offset 14, -4
  26:main.c        ****        
  27:main.c        ****     // the clock is started by default 
  28:main.c        ****     CyGlobalIntEnable; /* Enable global interrupts. */
  37              		.loc 1 28 0
  38              		.syntax unified
  39              	@ 28 "main.c" 1
  40 0002 62B6     		CPSIE   i
  41              	@ 0 "" 2
  29:main.c        ****     
  30:main.c        ****     UART_Start();
  42              		.loc 1 30 0
  43              		.thumb
  44              		.syntax unified
  45 0004 FFF7FEFF 		bl	UART_Start
  46              	.LVL0:
  31:main.c        ****     /* Place your initialization/startup code here (e.g. MyInst_Start()) */
  32:main.c        ****     isr_UART_StartEx(Custom_UART_RX_ISR);
  47              		.loc 1 32 0
  48 0008 0148     		ldr	r0, .L4
  49 000a FFF7FEFF 		bl	isr_UART_StartEx
  50              	.LVL1:
  51              	.L2:
  52 000e FEE7     		b	.L2
  53              	.L5:
  54              		.align	2
  55              	.L4:
  56 0010 00000000 		.word	Custom_UART_RX_ISR
  57              		.cfi_endproc
  58              	.LFE63:
  59              		.size	main, .-main
  60              		.text
  61              	.Letext0:
  62              		.file 2 "c:\\program files (x86)\\cypress\\psoc creator\\4.4\\psoc creator\\import\\gnu\\arm\\5.4.
  63              		.file 3 "c:\\program files (x86)\\cypress\\psoc creator\\4.4\\psoc creator\\import\\gnu\\arm\\5.4.
  64              		.file 4 "Generated_Source\\PSoC5/UART.h"
  65              		.file 5 "Generated_Source\\PSoC5/isr_UART.h"
  66              		.file 6 "Generated_Source\\PSoC5/core_cm3.h"
  67              		.section	.debug_info,"",%progbits
  68              	.Ldebug_info0:
  69 0000 F4000000 		.4byte	0xf4
  70 0004 0400     		.2byte	0x4
  71 0006 00000000 		.4byte	.Ldebug_abbrev0
  72 000a 04       		.byte	0x4
  73 000b 01       		.uleb128 0x1
  74 000c B8000000 		.4byte	.LASF18
  75 0010 0C       		.byte	0xc
  76 0011 2E000000 		.4byte	.LASF19
  77 0015 4B000000 		.4byte	.LASF20
  78 0019 00000000 		.4byte	.Ldebug_ranges0+0
  79 001d 00000000 		.4byte	0
  80 0021 00000000 		.4byte	.Ldebug_line0
  81 0025 02       		.uleb128 0x2
  82 0026 01       		.byte	0x1
ARM GAS  C:\Users\cante\AppData\Local\Temp\ccqlX7VD.s 			page 3


  83 0027 06       		.byte	0x6
  84 0028 AA010000 		.4byte	.LASF0
  85 002c 02       		.uleb128 0x2
  86 002d 01       		.byte	0x1
  87 002e 08       		.byte	0x8
  88 002f 7A010000 		.4byte	.LASF1
  89 0033 02       		.uleb128 0x2
  90 0034 02       		.byte	0x2
  91 0035 05       		.byte	0x5
  92 0036 D2010000 		.4byte	.LASF2
  93 003a 02       		.uleb128 0x2
  94 003b 02       		.byte	0x2
  95 003c 07       		.byte	0x7
  96 003d 0E000000 		.4byte	.LASF3
  97 0041 03       		.uleb128 0x3
  98 0042 C2010000 		.4byte	.LASF9
  99 0046 02       		.byte	0x2
 100 0047 3F       		.byte	0x3f
 101 0048 4C000000 		.4byte	0x4c
 102 004c 02       		.uleb128 0x2
 103 004d 04       		.byte	0x4
 104 004e 05       		.byte	0x5
 105 004f 8D010000 		.4byte	.LASF4
 106 0053 02       		.uleb128 0x2
 107 0054 04       		.byte	0x4
 108 0055 07       		.byte	0x7
 109 0056 46010000 		.4byte	.LASF5
 110 005a 02       		.uleb128 0x2
 111 005b 08       		.byte	0x8
 112 005c 05       		.byte	0x5
 113 005d 00000000 		.4byte	.LASF6
 114 0061 02       		.uleb128 0x2
 115 0062 08       		.byte	0x8
 116 0063 07       		.byte	0x7
 117 0064 58010000 		.4byte	.LASF7
 118 0068 04       		.uleb128 0x4
 119 0069 04       		.byte	0x4
 120 006a 05       		.byte	0x5
 121 006b 696E7400 		.ascii	"int\000"
 122 006f 02       		.uleb128 0x2
 123 0070 04       		.byte	0x4
 124 0071 07       		.byte	0x7
 125 0072 21000000 		.4byte	.LASF8
 126 0076 03       		.uleb128 0x3
 127 0077 DC010000 		.4byte	.LASF10
 128 007b 03       		.byte	0x3
 129 007c 2C       		.byte	0x2c
 130 007d 41000000 		.4byte	0x41
 131 0081 02       		.uleb128 0x2
 132 0082 04       		.byte	0x4
 133 0083 04       		.byte	0x4
 134 0084 CC010000 		.4byte	.LASF11
 135 0088 02       		.uleb128 0x2
 136 0089 08       		.byte	0x8
 137 008a 04       		.byte	0x4
 138 008b 96010000 		.4byte	.LASF12
 139 008f 02       		.uleb128 0x2
ARM GAS  C:\Users\cante\AppData\Local\Temp\ccqlX7VD.s 			page 4


 140 0090 01       		.byte	0x1
 141 0091 08       		.byte	0x8
 142 0092 88010000 		.4byte	.LASF13
 143 0096 02       		.uleb128 0x2
 144 0097 08       		.byte	0x8
 145 0098 04       		.byte	0x4
 146 0099 B6010000 		.4byte	.LASF14
 147 009d 02       		.uleb128 0x2
 148 009e 04       		.byte	0x4
 149 009f 07       		.byte	0x7
 150 00a0 E4010000 		.4byte	.LASF15
 151 00a4 05       		.uleb128 0x5
 152 00a5 35000000 		.4byte	.LASF21
 153 00a9 01       		.byte	0x1
 154 00aa 18       		.byte	0x18
 155 00ab 68000000 		.4byte	0x68
 156 00af 00000000 		.4byte	.LFB63
 157 00b3 14000000 		.4byte	.LFE63-.LFB63
 158 00b7 01       		.uleb128 0x1
 159 00b8 9C       		.byte	0x9c
 160 00b9 D0000000 		.4byte	0xd0
 161 00bd 06       		.uleb128 0x6
 162 00be 08000000 		.4byte	.LVL0
 163 00c2 E1000000 		.4byte	0xe1
 164 00c6 06       		.uleb128 0x6
 165 00c7 0E000000 		.4byte	.LVL1
 166 00cb EC000000 		.4byte	0xec
 167 00cf 00       		.byte	0
 168 00d0 07       		.uleb128 0x7
 169 00d1 9D010000 		.4byte	.LASF22
 170 00d5 06       		.byte	0x6
 171 00d6 1207     		.2byte	0x712
 172 00d8 DC000000 		.4byte	0xdc
 173 00dc 08       		.uleb128 0x8
 174 00dd 76000000 		.4byte	0x76
 175 00e1 09       		.uleb128 0x9
 176 00e2 6F010000 		.4byte	.LASF16
 177 00e6 6F010000 		.4byte	.LASF16
 178 00ea 04       		.byte	0x4
 179 00eb 54       		.byte	0x54
 180 00ec 09       		.uleb128 0x9
 181 00ed 3A000000 		.4byte	.LASF17
 182 00f1 3A000000 		.4byte	.LASF17
 183 00f5 05       		.byte	0x5
 184 00f6 18       		.byte	0x18
 185 00f7 00       		.byte	0
 186              		.section	.debug_abbrev,"",%progbits
 187              	.Ldebug_abbrev0:
 188 0000 01       		.uleb128 0x1
 189 0001 11       		.uleb128 0x11
 190 0002 01       		.byte	0x1
 191 0003 25       		.uleb128 0x25
 192 0004 0E       		.uleb128 0xe
 193 0005 13       		.uleb128 0x13
 194 0006 0B       		.uleb128 0xb
 195 0007 03       		.uleb128 0x3
 196 0008 0E       		.uleb128 0xe
ARM GAS  C:\Users\cante\AppData\Local\Temp\ccqlX7VD.s 			page 5


 197 0009 1B       		.uleb128 0x1b
 198 000a 0E       		.uleb128 0xe
 199 000b 55       		.uleb128 0x55
 200 000c 17       		.uleb128 0x17
 201 000d 11       		.uleb128 0x11
 202 000e 01       		.uleb128 0x1
 203 000f 10       		.uleb128 0x10
 204 0010 17       		.uleb128 0x17
 205 0011 00       		.byte	0
 206 0012 00       		.byte	0
 207 0013 02       		.uleb128 0x2
 208 0014 24       		.uleb128 0x24
 209 0015 00       		.byte	0
 210 0016 0B       		.uleb128 0xb
 211 0017 0B       		.uleb128 0xb
 212 0018 3E       		.uleb128 0x3e
 213 0019 0B       		.uleb128 0xb
 214 001a 03       		.uleb128 0x3
 215 001b 0E       		.uleb128 0xe
 216 001c 00       		.byte	0
 217 001d 00       		.byte	0
 218 001e 03       		.uleb128 0x3
 219 001f 16       		.uleb128 0x16
 220 0020 00       		.byte	0
 221 0021 03       		.uleb128 0x3
 222 0022 0E       		.uleb128 0xe
 223 0023 3A       		.uleb128 0x3a
 224 0024 0B       		.uleb128 0xb
 225 0025 3B       		.uleb128 0x3b
 226 0026 0B       		.uleb128 0xb
 227 0027 49       		.uleb128 0x49
 228 0028 13       		.uleb128 0x13
 229 0029 00       		.byte	0
 230 002a 00       		.byte	0
 231 002b 04       		.uleb128 0x4
 232 002c 24       		.uleb128 0x24
 233 002d 00       		.byte	0
 234 002e 0B       		.uleb128 0xb
 235 002f 0B       		.uleb128 0xb
 236 0030 3E       		.uleb128 0x3e
 237 0031 0B       		.uleb128 0xb
 238 0032 03       		.uleb128 0x3
 239 0033 08       		.uleb128 0x8
 240 0034 00       		.byte	0
 241 0035 00       		.byte	0
 242 0036 05       		.uleb128 0x5
 243 0037 2E       		.uleb128 0x2e
 244 0038 01       		.byte	0x1
 245 0039 3F       		.uleb128 0x3f
 246 003a 19       		.uleb128 0x19
 247 003b 03       		.uleb128 0x3
 248 003c 0E       		.uleb128 0xe
 249 003d 3A       		.uleb128 0x3a
 250 003e 0B       		.uleb128 0xb
 251 003f 3B       		.uleb128 0x3b
 252 0040 0B       		.uleb128 0xb
 253 0041 27       		.uleb128 0x27
ARM GAS  C:\Users\cante\AppData\Local\Temp\ccqlX7VD.s 			page 6


 254 0042 19       		.uleb128 0x19
 255 0043 49       		.uleb128 0x49
 256 0044 13       		.uleb128 0x13
 257 0045 8701     		.uleb128 0x87
 258 0047 19       		.uleb128 0x19
 259 0048 11       		.uleb128 0x11
 260 0049 01       		.uleb128 0x1
 261 004a 12       		.uleb128 0x12
 262 004b 06       		.uleb128 0x6
 263 004c 40       		.uleb128 0x40
 264 004d 18       		.uleb128 0x18
 265 004e 9742     		.uleb128 0x2117
 266 0050 19       		.uleb128 0x19
 267 0051 01       		.uleb128 0x1
 268 0052 13       		.uleb128 0x13
 269 0053 00       		.byte	0
 270 0054 00       		.byte	0
 271 0055 06       		.uleb128 0x6
 272 0056 898201   		.uleb128 0x4109
 273 0059 00       		.byte	0
 274 005a 11       		.uleb128 0x11
 275 005b 01       		.uleb128 0x1
 276 005c 31       		.uleb128 0x31
 277 005d 13       		.uleb128 0x13
 278 005e 00       		.byte	0
 279 005f 00       		.byte	0
 280 0060 07       		.uleb128 0x7
 281 0061 34       		.uleb128 0x34
 282 0062 00       		.byte	0
 283 0063 03       		.uleb128 0x3
 284 0064 0E       		.uleb128 0xe
 285 0065 3A       		.uleb128 0x3a
 286 0066 0B       		.uleb128 0xb
 287 0067 3B       		.uleb128 0x3b
 288 0068 05       		.uleb128 0x5
 289 0069 49       		.uleb128 0x49
 290 006a 13       		.uleb128 0x13
 291 006b 3F       		.uleb128 0x3f
 292 006c 19       		.uleb128 0x19
 293 006d 3C       		.uleb128 0x3c
 294 006e 19       		.uleb128 0x19
 295 006f 00       		.byte	0
 296 0070 00       		.byte	0
 297 0071 08       		.uleb128 0x8
 298 0072 35       		.uleb128 0x35
 299 0073 00       		.byte	0
 300 0074 49       		.uleb128 0x49
 301 0075 13       		.uleb128 0x13
 302 0076 00       		.byte	0
 303 0077 00       		.byte	0
 304 0078 09       		.uleb128 0x9
 305 0079 2E       		.uleb128 0x2e
 306 007a 00       		.byte	0
 307 007b 3F       		.uleb128 0x3f
 308 007c 19       		.uleb128 0x19
 309 007d 3C       		.uleb128 0x3c
 310 007e 19       		.uleb128 0x19
ARM GAS  C:\Users\cante\AppData\Local\Temp\ccqlX7VD.s 			page 7


 311 007f 6E       		.uleb128 0x6e
 312 0080 0E       		.uleb128 0xe
 313 0081 03       		.uleb128 0x3
 314 0082 0E       		.uleb128 0xe
 315 0083 3A       		.uleb128 0x3a
 316 0084 0B       		.uleb128 0xb
 317 0085 3B       		.uleb128 0x3b
 318 0086 0B       		.uleb128 0xb
 319 0087 00       		.byte	0
 320 0088 00       		.byte	0
 321 0089 00       		.byte	0
 322              		.section	.debug_aranges,"",%progbits
 323 0000 1C000000 		.4byte	0x1c
 324 0004 0200     		.2byte	0x2
 325 0006 00000000 		.4byte	.Ldebug_info0
 326 000a 04       		.byte	0x4
 327 000b 00       		.byte	0
 328 000c 0000     		.2byte	0
 329 000e 0000     		.2byte	0
 330 0010 00000000 		.4byte	.LFB63
 331 0014 14000000 		.4byte	.LFE63-.LFB63
 332 0018 00000000 		.4byte	0
 333 001c 00000000 		.4byte	0
 334              		.section	.debug_ranges,"",%progbits
 335              	.Ldebug_ranges0:
 336 0000 00000000 		.4byte	.LFB63
 337 0004 14000000 		.4byte	.LFE63
 338 0008 00000000 		.4byte	0
 339 000c 00000000 		.4byte	0
 340              		.section	.debug_line,"",%progbits
 341              	.Ldebug_line0:
 342 0000 6F010000 		.section	.debug_str,"MS",%progbits,1
 342      02005701 
 342      00000201 
 342      FB0E0D00 
 342      01010101 
 343              	.LASF6:
 344 0000 6C6F6E67 		.ascii	"long long int\000"
 344      206C6F6E 
 344      6720696E 
 344      7400
 345              	.LASF3:
 346 000e 73686F72 		.ascii	"short unsigned int\000"
 346      7420756E 
 346      7369676E 
 346      65642069 
 346      6E7400
 347              	.LASF8:
 348 0021 756E7369 		.ascii	"unsigned int\000"
 348      676E6564 
 348      20696E74 
 348      00
 349              	.LASF19:
 350 002e 6D61696E 		.ascii	"main.c\000"
 350      2E6300
 351              	.LASF21:
 352 0035 6D61696E 		.ascii	"main\000"
ARM GAS  C:\Users\cante\AppData\Local\Temp\ccqlX7VD.s 			page 8


 352      00
 353              	.LASF17:
 354 003a 6973725F 		.ascii	"isr_UART_StartEx\000"
 354      55415254 
 354      5F537461 
 354      72744578 
 354      00
 355              	.LASF20:
 356 004b 433A5C55 		.ascii	"C:\\Users\\cante\\Desktop\\INGEGNERIA BIOMEDICA\\V "
 356      73657273 
 356      5C63616E 
 356      74655C44 
 356      65736B74 
 357 0079 414E4E4F 		.ascii	"ANNO\\LAB ELETTRONICA\\PSoC\\AY2021_II_PSoC_Basics\\"
 357      5C4C4142 
 357      20454C45 
 357      5454524F 
 357      4E494341 
 358 00a9 30372D55 		.ascii	"07-UARTX.cydsn\000"
 358      41525458 
 358      2E637964 
 358      736E00
 359              	.LASF18:
 360 00b8 474E5520 		.ascii	"GNU C11 5.4.1 20160609 (release) [ARM/embedded-5-br"
 360      43313120 
 360      352E342E 
 360      31203230 
 360      31363036 
 361 00eb 616E6368 		.ascii	"anch revision 237715] -mcpu=cortex-m3 -mthumb -g -O"
 361      20726576 
 361      6973696F 
 361      6E203233 
 361      37373135 
 362 011e 67202D66 		.ascii	"g -ffunction-sections -ffat-lto-objects\000"
 362      66756E63 
 362      74696F6E 
 362      2D736563 
 362      74696F6E 
 363              	.LASF5:
 364 0146 6C6F6E67 		.ascii	"long unsigned int\000"
 364      20756E73 
 364      69676E65 
 364      6420696E 
 364      7400
 365              	.LASF7:
 366 0158 6C6F6E67 		.ascii	"long long unsigned int\000"
 366      206C6F6E 
 366      6720756E 
 366      7369676E 
 366      65642069 
 367              	.LASF16:
 368 016f 55415254 		.ascii	"UART_Start\000"
 368      5F537461 
 368      727400
 369              	.LASF1:
 370 017a 756E7369 		.ascii	"unsigned char\000"
 370      676E6564 
ARM GAS  C:\Users\cante\AppData\Local\Temp\ccqlX7VD.s 			page 9


 370      20636861 
 370      7200
 371              	.LASF13:
 372 0188 63686172 		.ascii	"char\000"
 372      00
 373              	.LASF4:
 374 018d 6C6F6E67 		.ascii	"long int\000"
 374      20696E74 
 374      00
 375              	.LASF12:
 376 0196 646F7562 		.ascii	"double\000"
 376      6C6500
 377              	.LASF22:
 378 019d 49544D5F 		.ascii	"ITM_RxBuffer\000"
 378      52784275 
 378      66666572 
 378      00
 379              	.LASF0:
 380 01aa 7369676E 		.ascii	"signed char\000"
 380      65642063 
 380      68617200 
 381              	.LASF14:
 382 01b6 6C6F6E67 		.ascii	"long double\000"
 382      20646F75 
 382      626C6500 
 383              	.LASF9:
 384 01c2 5F5F696E 		.ascii	"__int32_t\000"
 384      7433325F 
 384      7400
 385              	.LASF11:
 386 01cc 666C6F61 		.ascii	"float\000"
 386      7400
 387              	.LASF2:
 388 01d2 73686F72 		.ascii	"short int\000"
 388      7420696E 
 388      7400
 389              	.LASF10:
 390 01dc 696E7433 		.ascii	"int32_t\000"
 390      325F7400 
 391              	.LASF15:
 392 01e4 73697A65 		.ascii	"sizetype\000"
 392      74797065 
 392      00
 393              		.ident	"GCC: (GNU Tools for ARM Embedded Processors) 5.4.1 20160609 (release) [ARM/embedded-5-bran
