ARM GAS  C:\Users\cante\AppData\Local\Temp\ccsnpERK.s 			page 1


   1              		.syntax unified
   2              		.cpu cortex-m3
   3              		.fpu softvfp
   4              		.eabi_attribute 20, 1
   5              		.eabi_attribute 21, 1
   6              		.eabi_attribute 23, 3
   7              		.eabi_attribute 24, 1
   8              		.eabi_attribute 25, 1
   9              		.eabi_attribute 26, 1
  10              		.eabi_attribute 30, 1
  11              		.eabi_attribute 34, 1
  12              		.eabi_attribute 18, 4
  13              		.thumb
  14              		.syntax unified
  15              		.file	"cymetadata.c"
  16              		.text
  17              	.Ltext0:
  18              		.cfi_sections	.debug_frame
  19              		.global	cy_metadata
  20              		.global	cy_meta_flashprotect
  21              		.global	cy_meta_wonvl
  22              		.global	cy_meta_custnvl
  23              		.global	cy_meta_configecc
  24              		.section	.cyconfigecc,"a",%progbits
  25              		.align	2
  26              		.type	cy_meta_configecc, %object
  27              		.size	cy_meta_configecc, 920
  28              	cy_meta_configecc:
  29 0000 02       		.byte	2
  30 0001 4F       		.byte	79
  31 0002 00       		.byte	0
  32 0003 40       		.byte	64
  33 0004 02       		.byte	2
  34 0005 52       		.byte	82
  35 0006 00       		.byte	0
  36 0007 40       		.byte	64
  37 0008 03       		.byte	3
  38 0009 65       		.byte	101
  39 000a 00       		.byte	0
  40 000b 40       		.byte	64
  41 000c 04       		.byte	4
  42 000d 02       		.byte	2
  43 000e 01       		.byte	1
  44 000f 40       		.byte	64
  45 0010 02       		.byte	2
  46 0011 03       		.byte	3
  47 0012 01       		.byte	1
  48 0013 40       		.byte	64
  49 0014 02       		.byte	2
  50 0015 05       		.byte	5
  51 0016 01       		.byte	1
  52 0017 40       		.byte	64
  53 0018 01       		.byte	1
  54 0019 0B       		.byte	11
  55 001a 01       		.byte	1
  56 001b 40       		.byte	64
  57 001c 01       		.byte	1
ARM GAS  C:\Users\cante\AppData\Local\Temp\ccsnpERK.s 			page 2


  58 001d 15       		.byte	21
  59 001e 01       		.byte	1
  60 001f 40       		.byte	64
  61 0020 01       		.byte	1
  62 0021 17       		.byte	23
  63 0022 01       		.byte	1
  64 0023 40       		.byte	64
  65 0024 6B       		.byte	107
  66 0025 18       		.byte	24
  67 0026 01       		.byte	1
  68 0027 40       		.byte	64
  69 0028 3F       		.byte	63
  70 0029 19       		.byte	25
  71 002a 01       		.byte	1
  72 002b 40       		.byte	64
  73 002c 17       		.byte	23
  74 002d 1A       		.byte	26
  75 002e 01       		.byte	1
  76 002f 40       		.byte	64
  77 0030 47       		.byte	71
  78 0031 1B       		.byte	27
  79 0032 01       		.byte	1
  80 0033 40       		.byte	64
  81 0034 02       		.byte	2
  82 0035 40       		.byte	64
  83 0036 01       		.byte	1
  84 0037 40       		.byte	64
  85 0038 01       		.byte	1
  86 0039 41       		.byte	65
  87 003a 01       		.byte	1
  88 003b 40       		.byte	64
  89 003c 06       		.byte	6
  90 003d 42       		.byte	66
  91 003e 01       		.byte	1
  92 003f 40       		.byte	64
  93 0040 01       		.byte	1
  94 0041 43       		.byte	67
  95 0042 01       		.byte	1
  96 0043 40       		.byte	64
  97 0044 02       		.byte	2
  98 0045 44       		.byte	68
  99 0046 01       		.byte	1
 100 0047 40       		.byte	64
 101 0048 01       		.byte	1
 102 0049 45       		.byte	69
 103 004a 01       		.byte	1
 104 004b 40       		.byte	64
 105 004c 04       		.byte	4
 106 004d 46       		.byte	70
 107 004e 01       		.byte	1
 108 004f 40       		.byte	64
 109 0050 01       		.byte	1
 110 0051 47       		.byte	71
 111 0052 01       		.byte	1
 112 0053 40       		.byte	64
 113 0054 04       		.byte	4
 114 0055 48       		.byte	72
ARM GAS  C:\Users\cante\AppData\Local\Temp\ccsnpERK.s 			page 3


 115 0056 01       		.byte	1
 116 0057 40       		.byte	64
 117 0058 03       		.byte	3
 118 0059 49       		.byte	73
 119 005a 01       		.byte	1
 120 005b 40       		.byte	64
 121 005c 04       		.byte	4
 122 005d 4C       		.byte	76
 123 005e 01       		.byte	1
 124 005f 40       		.byte	64
 125 0060 07       		.byte	7
 126 0061 4D       		.byte	77
 127 0062 01       		.byte	1
 128 0063 40       		.byte	64
 129 0064 02       		.byte	2
 130 0065 50       		.byte	80
 131 0066 01       		.byte	1
 132 0067 40       		.byte	64
 133 0068 01       		.byte	1
 134 0069 51       		.byte	81
 135 006a 01       		.byte	1
 136 006b 40       		.byte	64
 137 006c 01       		.byte	1
 138 006d 20       		.byte	32
 139 006e 0A       		.byte	10
 140 006f 4B       		.byte	75
 141 0070 61       		.byte	97
 142 0071 80       		.byte	-128
 143 0072 64       		.byte	100
 144 0073 40       		.byte	64
 145 0074 88       		.byte	-120
 146 0075 0F       		.byte	15
 147 0076 89       		.byte	-119
 148 0077 72       		.byte	114
 149 0078 8B       		.byte	-117
 150 0079 38       		.byte	56
 151 007a 38       		.byte	56
 152 007b 08       		.byte	8
 153 007c 3E       		.byte	62
 154 007d 04       		.byte	4
 155 007e 58       		.byte	88
 156 007f 04       		.byte	4
 157 0080 5F       		.byte	95
 158 0081 01       		.byte	1
 159 0082 1E       		.byte	30
 160 0083 20       		.byte	32
 161 0084 1F       		.byte	31
 162 0085 08       		.byte	8
 163 0086 AB       		.byte	-85
 164 0087 08       		.byte	8
 165 0088 B2       		.byte	-78
 166 0089 10       		.byte	16
 167 008a E8       		.byte	-24
 168 008b 80       		.byte	-128
 169 008c E6       		.byte	-26
 170 008d 02       		.byte	2
 171 008e E4       		.byte	-28
ARM GAS  C:\Users\cante\AppData\Local\Temp\ccsnpERK.s 			page 4


 172 008f 80       		.byte	-128
 173 0090 00       		.byte	0
 174 0091 09       		.byte	9
 175 0092 01       		.byte	1
 176 0093 03       		.byte	3
 177 0094 02       		.byte	2
 178 0095 10       		.byte	16
 179 0096 03       		.byte	3
 180 0097 44       		.byte	68
 181 0098 04       		.byte	4
 182 0099 20       		.byte	32
 183 009a 05       		.byte	5
 184 009b 53       		.byte	83
 185 009c 06       		.byte	6
 186 009d 03       		.byte	3
 187 009e 07       		.byte	7
 188 009f 04       		.byte	4
 189 00a0 08       		.byte	8
 190 00a1 0C       		.byte	12
 191 00a2 09       		.byte	9
 192 00a3 0A       		.byte	10
 193 00a4 0A       		.byte	10
 194 00a5 11       		.byte	17
 195 00a6 0B       		.byte	11
 196 00a7 54       		.byte	84
 197 00a8 0C       		.byte	12
 198 00a9 10       		.byte	16
 199 00aa 11       		.byte	17
 200 00ab 20       		.byte	32
 201 00ac 13       		.byte	19
 202 00ad 45       		.byte	69
 203 00ae 14       		.byte	20
 204 00af 1C       		.byte	28
 205 00b0 15       		.byte	21
 206 00b1 53       		.byte	83
 207 00b2 16       		.byte	22
 208 00b3 02       		.byte	2
 209 00b4 17       		.byte	23
 210 00b5 0C       		.byte	12
 211 00b6 18       		.byte	24
 212 00b7 14       		.byte	20
 213 00b8 1F       		.byte	31
 214 00b9 08       		.byte	8
 215 00ba 28       		.byte	40
 216 00bb 10       		.byte	16
 217 00bc 29       		.byte	41
 218 00bd 80       		.byte	-128
 219 00be 2A       		.byte	42
 220 00bf 0C       		.byte	12
 221 00c0 31       		.byte	49
 222 00c1 30       		.byte	48
 223 00c2 32       		.byte	50
 224 00c3 1F       		.byte	31
 225 00c4 33       		.byte	51
 226 00c5 0F       		.byte	15
 227 00c6 34       		.byte	52
 228 00c7 20       		.byte	32
ARM GAS  C:\Users\cante\AppData\Local\Temp\ccsnpERK.s 			page 5


 229 00c8 35       		.byte	53
 230 00c9 80       		.byte	-128
 231 00ca 37       		.byte	55
 232 00cb 40       		.byte	64
 233 00cc 39       		.byte	57
 234 00cd 02       		.byte	2
 235 00ce 3B       		.byte	59
 236 00cf 08       		.byte	8
 237 00d0 3E       		.byte	62
 238 00d1 10       		.byte	16
 239 00d2 3F       		.byte	63
 240 00d3 50       		.byte	80
 241 00d4 40       		.byte	64
 242 00d5 24       		.byte	36
 243 00d6 41       		.byte	65
 244 00d7 06       		.byte	6
 245 00d8 45       		.byte	69
 246 00d9 CB       		.byte	-53
 247 00da 47       		.byte	71
 248 00db 0E       		.byte	14
 249 00dc 48       		.byte	72
 250 00dd 13       		.byte	19
 251 00de 49       		.byte	73
 252 00df FF       		.byte	-1
 253 00e0 4A       		.byte	74
 254 00e1 FF       		.byte	-1
 255 00e2 4B       		.byte	75
 256 00e3 FF       		.byte	-1
 257 00e4 4E       		.byte	78
 258 00e5 F0       		.byte	-16
 259 00e6 4F       		.byte	79
 260 00e7 44       		.byte	68
 261 00e8 50       		.byte	80
 262 00e9 0C       		.byte	12
 263 00ea 54       		.byte	84
 264 00eb 01       		.byte	1
 265 00ec 58       		.byte	88
 266 00ed 04       		.byte	4
 267 00ee 59       		.byte	89
 268 00ef 04       		.byte	4
 269 00f0 5A       		.byte	90
 270 00f1 04       		.byte	4
 271 00f2 5B       		.byte	91
 272 00f3 04       		.byte	4
 273 00f4 5C       		.byte	92
 274 00f5 11       		.byte	17
 275 00f6 5D       		.byte	93
 276 00f7 11       		.byte	17
 277 00f8 5F       		.byte	95
 278 00f9 01       		.byte	1
 279 00fa 66       		.byte	102
 280 00fb C0       		.byte	-64
 281 00fc 6A       		.byte	106
 282 00fd 40       		.byte	64
 283 00fe 6B       		.byte	107
 284 00ff 02       		.byte	2
 285 0100 82       		.byte	-126
ARM GAS  C:\Users\cante\AppData\Local\Temp\ccsnpERK.s 			page 6


 286 0101 13       		.byte	19
 287 0102 84       		.byte	-124
 288 0103 31       		.byte	49
 289 0104 85       		.byte	-123
 290 0105 3F       		.byte	63
 291 0106 86       		.byte	-122
 292 0107 0E       		.byte	14
 293 0108 89       		.byte	-119
 294 0109 3F       		.byte	63
 295 010a 91       		.byte	-111
 296 010b 01       		.byte	1
 297 010c 92       		.byte	-110
 298 010d 4C       		.byte	76
 299 010e 93       		.byte	-109
 300 010f 06       		.byte	6
 301 0110 94       		.byte	-108
 302 0111 6C       		.byte	108
 303 0112 95       		.byte	-107
 304 0113 14       		.byte	20
 305 0114 96       		.byte	-106
 306 0115 03       		.byte	3
 307 0116 97       		.byte	-105
 308 0117 09       		.byte	9
 309 0118 9D       		.byte	-99
 310 0119 20       		.byte	32
 311 011a A2       		.byte	-94
 312 011b 08       		.byte	8
 313 011c A8       		.byte	-88
 314 011d 31       		.byte	49
 315 011e A9       		.byte	-87
 316 011f 0A       		.byte	10
 317 0120 AA       		.byte	-86
 318 0121 46       		.byte	70
 319 0122 AB       		.byte	-85
 320 0123 11       		.byte	17
 321 0124 B0       		.byte	-80
 322 0125 30       		.byte	48
 323 0126 B1       		.byte	-79
 324 0127 07       		.byte	7
 325 0128 B2       		.byte	-78
 326 0129 0F       		.byte	15
 327 012a B3       		.byte	-77
 328 012b 18       		.byte	24
 329 012c B4       		.byte	-76
 330 012d 4A       		.byte	74
 331 012e B5       		.byte	-75
 332 012f 20       		.byte	32
 333 0130 B8       		.byte	-72
 334 0131 02       		.byte	2
 335 0132 BA       		.byte	-70
 336 0133 28       		.byte	40
 337 0134 BB       		.byte	-69
 338 0135 80       		.byte	-128
 339 0136 BE       		.byte	-66
 340 0137 01       		.byte	1
 341 0138 C0       		.byte	-64
 342 0139 04       		.byte	4
ARM GAS  C:\Users\cante\AppData\Local\Temp\ccsnpERK.s 			page 7


 343 013a C6       		.byte	-58
 344 013b 04       		.byte	4
 345 013c C9       		.byte	-55
 346 013d FF       		.byte	-1
 347 013e CA       		.byte	-54
 348 013f 07       		.byte	7
 349 0140 CB       		.byte	-53
 350 0141 FF       		.byte	-1
 351 0142 CC       		.byte	-52
 352 0143 40       		.byte	64
 353 0144 CD       		.byte	-51
 354 0145 20       		.byte	32
 355 0146 CE       		.byte	-50
 356 0147 F0       		.byte	-16
 357 0148 CF       		.byte	-49
 358 0149 05       		.byte	5
 359 014a D0       		.byte	-48
 360 014b 08       		.byte	8
 361 014c D6       		.byte	-42
 362 014d 02       		.byte	2
 363 014e D7       		.byte	-41
 364 014f 10       		.byte	16
 365 0150 D8       		.byte	-40
 366 0151 04       		.byte	4
 367 0152 D9       		.byte	-39
 368 0153 04       		.byte	4
 369 0154 DA       		.byte	-38
 370 0155 04       		.byte	4
 371 0156 DB       		.byte	-37
 372 0157 04       		.byte	4
 373 0158 DC       		.byte	-36
 374 0159 11       		.byte	17
 375 015a DD       		.byte	-35
 376 015b 11       		.byte	17
 377 015c DF       		.byte	-33
 378 015d 01       		.byte	1
 379 015e E0       		.byte	-32
 380 015f 40       		.byte	64
 381 0160 E1       		.byte	-31
 382 0161 A8       		.byte	-88
 383 0162 E2       		.byte	-30
 384 0163 40       		.byte	64
 385 0164 E3       		.byte	-29
 386 0165 20       		.byte	32
 387 0166 00       		.byte	0
 388 0167 04       		.byte	4
 389 0168 01       		.byte	1
 390 0169 02       		.byte	2
 391 016a 02       		.byte	2
 392 016b 40       		.byte	64
 393 016c 04       		.byte	4
 394 016d 80       		.byte	-128
 395 016e 05       		.byte	5
 396 016f 24       		.byte	36
 397 0170 07       		.byte	7
 398 0171 40       		.byte	64
 399 0172 09       		.byte	9
ARM GAS  C:\Users\cante\AppData\Local\Temp\ccsnpERK.s 			page 8


 400 0173 01       		.byte	1
 401 0174 0A       		.byte	10
 402 0175 10       		.byte	16
 403 0176 0E       		.byte	14
 404 0177 10       		.byte	16
 405 0178 0F       		.byte	15
 406 0179 08       		.byte	8
 407 017a 12       		.byte	18
 408 017b 88       		.byte	-120
 409 017c 17       		.byte	23
 410 017d 10       		.byte	16
 411 017e 18       		.byte	24
 412 017f 44       		.byte	68
 413 0180 19       		.byte	25
 414 0181 20       		.byte	32
 415 0182 1A       		.byte	26
 416 0183 10       		.byte	16
 417 0184 1D       		.byte	29
 418 0185 04       		.byte	4
 419 0186 1F       		.byte	31
 420 0187 10       		.byte	16
 421 0188 20       		.byte	32
 422 0189 28       		.byte	40
 423 018a 21       		.byte	33
 424 018b 48       		.byte	72
 425 018c 22       		.byte	34
 426 018d 01       		.byte	1
 427 018e 25       		.byte	37
 428 018f 01       		.byte	1
 429 0190 26       		.byte	38
 430 0191 48       		.byte	72
 431 0192 27       		.byte	39
 432 0193 58       		.byte	88
 433 0194 2A       		.byte	42
 434 0195 20       		.byte	32
 435 0196 2F       		.byte	47
 436 0197 08       		.byte	8
 437 0198 31       		.byte	49
 438 0199 08       		.byte	8
 439 019a 32       		.byte	50
 440 019b 41       		.byte	65
 441 019c 35       		.byte	53
 442 019d 02       		.byte	2
 443 019e 36       		.byte	54
 444 019f 08       		.byte	8
 445 01a0 37       		.byte	55
 446 01a1 40       		.byte	64
 447 01a2 39       		.byte	57
 448 01a3 24       		.byte	36
 449 01a4 3C       		.byte	60
 450 01a5 04       		.byte	4
 451 01a6 3E       		.byte	62
 452 01a7 10       		.byte	16
 453 01a8 3F       		.byte	63
 454 01a9 02       		.byte	2
 455 01aa 40       		.byte	64
 456 01ab 40       		.byte	64
ARM GAS  C:\Users\cante\AppData\Local\Temp\ccsnpERK.s 			page 9


 457 01ac 46       		.byte	70
 458 01ad 40       		.byte	64
 459 01ae 47       		.byte	71
 460 01af 10       		.byte	16
 461 01b0 49       		.byte	73
 462 01b1 02       		.byte	2
 463 01b2 4D       		.byte	77
 464 01b3 21       		.byte	33
 465 01b4 4F       		.byte	79
 466 01b5 0A       		.byte	10
 467 01b6 50       		.byte	80
 468 01b7 40       		.byte	64
 469 01b8 52       		.byte	82
 470 01b9 80       		.byte	-128
 471 01ba 57       		.byte	87
 472 01bb 08       		.byte	8
 473 01bc 59       		.byte	89
 474 01bd 40       		.byte	64
 475 01be 5C       		.byte	92
 476 01bf 02       		.byte	2
 477 01c0 5E       		.byte	94
 478 01c1 80       		.byte	-128
 479 01c2 5F       		.byte	95
 480 01c3 18       		.byte	24
 481 01c4 69       		.byte	105
 482 01c5 24       		.byte	36
 483 01c6 6A       		.byte	106
 484 01c7 80       		.byte	-128
 485 01c8 70       		.byte	112
 486 01c9 0C       		.byte	12
 487 01ca 72       		.byte	114
 488 01cb 02       		.byte	2
 489 01cc 73       		.byte	115
 490 01cd 04       		.byte	4
 491 01ce 87       		.byte	-121
 492 01cf 10       		.byte	16
 493 01d0 C0       		.byte	-64
 494 01d1 FC       		.byte	-4
 495 01d2 C2       		.byte	-62
 496 01d3 6C       		.byte	108
 497 01d4 C4       		.byte	-60
 498 01d5 4A       		.byte	74
 499 01d6 CA       		.byte	-54
 500 01d7 24       		.byte	36
 501 01d8 CC       		.byte	-52
 502 01d9 DB       		.byte	-37
 503 01da CE       		.byte	-50
 504 01db E6       		.byte	-26
 505 01dc D0       		.byte	-48
 506 01dd A1       		.byte	-95
 507 01de D2       		.byte	-46
 508 01df 20       		.byte	32
 509 01e0 D6       		.byte	-42
 510 01e1 F8       		.byte	-8
 511 01e2 E4       		.byte	-28
 512 01e3 82       		.byte	-126
 513 01e4 84       		.byte	-124
ARM GAS  C:\Users\cante\AppData\Local\Temp\ccsnpERK.s 			page 10


 514 01e5 0C       		.byte	12
 515 01e6 8E       		.byte	-114
 516 01e7 02       		.byte	2
 517 01e8 92       		.byte	-110
 518 01e9 02       		.byte	2
 519 01ea 94       		.byte	-108
 520 01eb 08       		.byte	8
 521 01ec 96       		.byte	-106
 522 01ed 04       		.byte	4
 523 01ee 98       		.byte	-104
 524 01ef 08       		.byte	8
 525 01f0 9A       		.byte	-102
 526 01f1 04       		.byte	4
 527 01f2 9C       		.byte	-100
 528 01f3 0C       		.byte	12
 529 01f4 AA       		.byte	-86
 530 01f5 01       		.byte	1
 531 01f6 AE       		.byte	-82
 532 01f7 01       		.byte	1
 533 01f8 B0       		.byte	-80
 534 01f9 04       		.byte	4
 535 01fa B2       		.byte	-78
 536 01fb 02       		.byte	2
 537 01fc B4       		.byte	-76
 538 01fd 01       		.byte	1
 539 01fe B6       		.byte	-74
 540 01ff 08       		.byte	8
 541 0200 B8       		.byte	-72
 542 0201 02       		.byte	2
 543 0202 BE       		.byte	-66
 544 0203 54       		.byte	84
 545 0204 D4       		.byte	-44
 546 0205 18       		.byte	24
 547 0206 D6       		.byte	-42
 548 0207 04       		.byte	4
 549 0208 D8       		.byte	-40
 550 0209 04       		.byte	4
 551 020a DB       		.byte	-37
 552 020b 04       		.byte	4
 553 020c DC       		.byte	-36
 554 020d 01       		.byte	1
 555 020e DD       		.byte	-35
 556 020f 10       		.byte	16
 557 0210 DF       		.byte	-33
 558 0211 01       		.byte	1
 559 0212 00       		.byte	0
 560 0213 28       		.byte	40
 561 0214 01       		.byte	1
 562 0215 20       		.byte	32
 563 0216 03       		.byte	3
 564 0217 02       		.byte	2
 565 0218 04       		.byte	4
 566 0219 04       		.byte	4
 567 021a 05       		.byte	5
 568 021b 04       		.byte	4
 569 021c 06       		.byte	6
 570 021d 01       		.byte	1
ARM GAS  C:\Users\cante\AppData\Local\Temp\ccsnpERK.s 			page 11


 571 021e 08       		.byte	8
 572 021f 41       		.byte	65
 573 0220 0A       		.byte	10
 574 0221 26       		.byte	38
 575 0222 0B       		.byte	11
 576 0223 10       		.byte	16
 577 0224 0D       		.byte	13
 578 0225 40       		.byte	64
 579 0226 0E       		.byte	14
 580 0227 44       		.byte	68
 581 0228 0F       		.byte	15
 582 0229 10       		.byte	16
 583 022a 10       		.byte	16
 584 022b 0A       		.byte	10
 585 022c 11       		.byte	17
 586 022d 01       		.byte	1
 587 022e 12       		.byte	18
 588 022f 10       		.byte	16
 589 0230 13       		.byte	19
 590 0231 04       		.byte	4
 591 0232 15       		.byte	21
 592 0233 20       		.byte	32
 593 0234 17       		.byte	23
 594 0235 80       		.byte	-128
 595 0236 18       		.byte	24
 596 0237 41       		.byte	65
 597 0238 19       		.byte	25
 598 0239 04       		.byte	4
 599 023a 1A       		.byte	26
 600 023b 0C       		.byte	12
 601 023c 1D       		.byte	29
 602 023d 40       		.byte	64
 603 023e 1E       		.byte	30
 604 023f 40       		.byte	64
 605 0240 1F       		.byte	31
 606 0241 24       		.byte	36
 607 0242 22       		.byte	34
 608 0243 02       		.byte	2
 609 0244 23       		.byte	35
 610 0245 91       		.byte	-111
 611 0246 28       		.byte	40
 612 0247 81       		.byte	-127
 613 0248 29       		.byte	41
 614 0249 24       		.byte	36
 615 024a 30       		.byte	48
 616 024b 42       		.byte	66
 617 024c 32       		.byte	50
 618 024d 14       		.byte	20
 619 024e 38       		.byte	56
 620 024f 48       		.byte	72
 621 0250 39       		.byte	57
 622 0251 01       		.byte	1
 623 0252 3A       		.byte	58
 624 0253 12       		.byte	18
 625 0254 40       		.byte	64
 626 0255 05       		.byte	5
 627 0256 41       		.byte	65
ARM GAS  C:\Users\cante\AppData\Local\Temp\ccsnpERK.s 			page 12


 628 0257 08       		.byte	8
 629 0258 48       		.byte	72
 630 0259 04       		.byte	4
 631 025a 4A       		.byte	74
 632 025b 02       		.byte	2
 633 025c 51       		.byte	81
 634 025d 10       		.byte	16
 635 025e 52       		.byte	82
 636 025f 01       		.byte	1
 637 0260 5F       		.byte	95
 638 0261 01       		.byte	1
 639 0262 67       		.byte	103
 640 0263 4A       		.byte	74
 641 0264 80       		.byte	-128
 642 0265 04       		.byte	4
 643 0266 81       		.byte	-127
 644 0267 48       		.byte	72
 645 0268 83       		.byte	-125
 646 0269 23       		.byte	35
 647 026a 84       		.byte	-124
 648 026b 01       		.byte	1
 649 026c 85       		.byte	-123
 650 026d 08       		.byte	8
 651 026e 87       		.byte	-121
 652 026f 40       		.byte	64
 653 0270 88       		.byte	-120
 654 0271 86       		.byte	-122
 655 0272 8A       		.byte	-118
 656 0273 20       		.byte	32
 657 0274 90       		.byte	-112
 658 0275 08       		.byte	8
 659 0276 91       		.byte	-111
 660 0277 80       		.byte	-128
 661 0278 92       		.byte	-110
 662 0279 02       		.byte	2
 663 027a 93       		.byte	-109
 664 027b 04       		.byte	4
 665 027c 9A       		.byte	-102
 666 027d 02       		.byte	2
 667 027e 9D       		.byte	-99
 668 027f 40       		.byte	64
 669 0280 9E       		.byte	-98
 670 0281 20       		.byte	32
 671 0282 A0       		.byte	-96
 672 0283 1C       		.byte	28
 673 0284 A8       		.byte	-88
 674 0285 02       		.byte	2
 675 0286 AB       		.byte	-85
 676 0287 08       		.byte	8
 677 0288 AD       		.byte	-83
 678 0289 01       		.byte	1
 679 028a AF       		.byte	-81
 680 028b 10       		.byte	16
 681 028c C0       		.byte	-64
 682 028d A7       		.byte	-89
 683 028e C2       		.byte	-62
 684 028f FF       		.byte	-1
ARM GAS  C:\Users\cante\AppData\Local\Temp\ccsnpERK.s 			page 13


 685 0290 C4       		.byte	-60
 686 0291 CF       		.byte	-49
 687 0292 CA       		.byte	-54
 688 0293 0F       		.byte	15
 689 0294 CC       		.byte	-52
 690 0295 0F       		.byte	15
 691 0296 CE       		.byte	-50
 692 0297 0F       		.byte	15
 693 0298 D0       		.byte	-48
 694 0299 0E       		.byte	14
 695 029a D2       		.byte	-46
 696 029b 0C       		.byte	12
 697 029c D6       		.byte	-42
 698 029d 80       		.byte	-128
 699 029e D8       		.byte	-40
 700 029f B0       		.byte	-80
 701 02a0 32       		.byte	50
 702 02a1 20       		.byte	32
 703 02a2 CC       		.byte	-52
 704 02a3 10       		.byte	16
 705 02a4 A6       		.byte	-90
 706 02a5 20       		.byte	32
 707 02a6 5B       		.byte	91
 708 02a7 02       		.byte	2
 709 02a8 9B       		.byte	-101
 710 02a9 02       		.byte	2
 711 02aa A6       		.byte	-90
 712 02ab 20       		.byte	32
 713 02ac AB       		.byte	-85
 714 02ad 02       		.byte	2
 715 02ae D6       		.byte	-42
 716 02af 40       		.byte	64
 717 02b0 EE       		.byte	-18
 718 02b1 80       		.byte	-128
 719 02b2 A6       		.byte	-90
 720 02b3 20       		.byte	32
 721 02b4 7C       		.byte	124
 722 02b5 20       		.byte	32
 723 02b6 DE       		.byte	-34
 724 02b7 01       		.byte	1
 725 02b8 9C       		.byte	-100
 726 02b9 20       		.byte	32
 727 02ba 46       		.byte	70
 728 02bb 20       		.byte	32
 729 02bc B0       		.byte	-80
 730 02bd 20       		.byte	32
 731 02be D0       		.byte	-48
 732 02bf 01       		.byte	1
 733 02c0 E8       		.byte	-24
 734 02c1 01       		.byte	1
 735 02c2 9E       		.byte	-98
 736 02c3 20       		.byte	32
 737 02c4 25       		.byte	37
 738 02c5 20       		.byte	32
 739 02c6 89       		.byte	-119
 740 02c7 20       		.byte	32
 741 02c8 A6       		.byte	-90
ARM GAS  C:\Users\cante\AppData\Local\Temp\ccsnpERK.s 			page 14


 742 02c9 20       		.byte	32
 743 02ca C8       		.byte	-56
 744 02cb 20       		.byte	32
 745 02cc 86       		.byte	-122
 746 02cd 20       		.byte	32
 747 02ce A6       		.byte	-90
 748 02cf 20       		.byte	32
 749 02d0 E6       		.byte	-26
 750 02d1 40       		.byte	64
 751 02d2 87       		.byte	-121
 752 02d3 40       		.byte	64
 753 02d4 8A       		.byte	-118
 754 02d5 20       		.byte	32
 755 02d6 9E       		.byte	-98
 756 02d7 20       		.byte	32
 757 02d8 E4       		.byte	-28
 758 02d9 01       		.byte	1
 759 02da 10       		.byte	16
 760 02db 80       		.byte	-128
 761 02dc 73       		.byte	115
 762 02dd 40       		.byte	64
 763 02de 88       		.byte	-120
 764 02df 80       		.byte	-128
 765 02e0 93       		.byte	-109
 766 02e1 40       		.byte	64
 767 02e2 C4       		.byte	-60
 768 02e3 08       		.byte	8
 769 02e4 DC       		.byte	-36
 770 02e5 01       		.byte	1
 771 02e6 E6       		.byte	-26
 772 02e7 01       		.byte	1
 773 02e8 10       		.byte	16
 774 02e9 02       		.byte	2
 775 02ea 1C       		.byte	28
 776 02eb 02       		.byte	2
 777 02ec 00       		.byte	0
 778 02ed 03       		.byte	3
 779 02ee 00       		.byte	0
 780 02ef 00       		.byte	0
 781 02f0 00       		.byte	0
 782 02f1 10       		.byte	16
 783 02f2 00       		.byte	0
 784 02f3 00       		.byte	0
 785 02f4 00       		.byte	0
 786 02f5 18       		.byte	24
 787 02f6 23       		.byte	35
 788 02f7 00       		.byte	0
 789 02f8 02       		.byte	2
 790 02f9 08       		.byte	8
 791 02fa 80       		.byte	-128
 792 02fb 00       		.byte	0
 793 02fc 23       		.byte	35
 794 02fd 00       		.byte	0
 795 02fe 0C       		.byte	12
 796 02ff 04       		.byte	4
 797 0300 2F       		.byte	47
 798 0301 44       		.byte	68
ARM GAS  C:\Users\cante\AppData\Local\Temp\ccsnpERK.s 			page 15


 799 0302 00       		.byte	0
 800 0303 00       		.byte	0
 801 0304 0C       		.byte	12
 802 0305 1C       		.byte	28
 803 0306 23       		.byte	35
 804 0307 E1       		.byte	-31
 805 0308 0F       		.byte	15
 806 0309 3C       		.byte	60
 807 030a 20       		.byte	32
 808 030b C2       		.byte	-62
 809 030c 03       		.byte	3
 810 030d C0       		.byte	-64
 811 030e 40       		.byte	64
 812 030f 00       		.byte	0
 813 0310 08       		.byte	8
 814 0311 00       		.byte	0
 815 0312 00       		.byte	0
 816 0313 E3       		.byte	-29
 817 0314 04       		.byte	4
 818 0315 E7       		.byte	-25
 819 0316 00       		.byte	0
 820 0317 18       		.byte	24
 821 0318 0C       		.byte	12
 822 0319 80       		.byte	-128
 823 031a 00       		.byte	0
 824 031b 00       		.byte	0
 825 031c 01       		.byte	1
 826 031d FF       		.byte	-1
 827 031e 90       		.byte	-112
 828 031f 00       		.byte	0
 829 0320 10       		.byte	16
 830 0321 38       		.byte	56
 831 0322 0F       		.byte	15
 832 0323 1F       		.byte	31
 833 0324 2C       		.byte	44
 834 0325 00       		.byte	0
 835 0326 C0       		.byte	-64
 836 0327 C0       		.byte	-64
 837 0328 00       		.byte	0
 838 0329 00       		.byte	0
 839 032a 28       		.byte	40
 840 032b 08       		.byte	8
 841 032c 00       		.byte	0
 842 032d 00       		.byte	0
 843 032e 40       		.byte	64
 844 032f 00       		.byte	0
 845 0330 26       		.byte	38
 846 0331 03       		.byte	3
 847 0332 05       		.byte	5
 848 0333 00       		.byte	0
 849 0334 01       		.byte	1
 850 0335 00       		.byte	0
 851 0336 C0       		.byte	-64
 852 0337 E0       		.byte	-32
 853 0338 28       		.byte	40
 854 0339 FF       		.byte	-1
 855 033a FF       		.byte	-1
ARM GAS  C:\Users\cante\AppData\Local\Temp\ccsnpERK.s 			page 16


 856 033b FF       		.byte	-1
 857 033c 62       		.byte	98
 858 033d A0       		.byte	-96
 859 033e F0       		.byte	-16
 860 033f 41       		.byte	65
 861 0340 0C       		.byte	12
 862 0341 00       		.byte	0
 863 0342 00       		.byte	0
 864 0343 00       		.byte	0
 865 0344 00       		.byte	0
 866 0345 00       		.byte	0
 867 0346 00       		.byte	0
 868 0347 00       		.byte	0
 869 0348 04       		.byte	4
 870 0349 04       		.byte	4
 871 034a 04       		.byte	4
 872 034b 00       		.byte	0
 873 034c 11       		.byte	17
 874 034d 01       		.byte	1
 875 034e 00       		.byte	0
 876 034f 01       		.byte	1
 877 0350 00       		.byte	0
 878 0351 00       		.byte	0
 879 0352 00       		.byte	0
 880 0353 00       		.byte	0
 881 0354 00       		.byte	0
 882 0355 00       		.byte	0
 883 0356 40       		.byte	64
 884 0357 02       		.byte	2
 885 0358 00       		.byte	0
 886 0359 10       		.byte	16
 887 035a 30       		.byte	48
 888 035b 10       		.byte	16
 889 035c 00       		.byte	0
 890 035d 10       		.byte	16
 891 035e 10       		.byte	16
 892 035f 12       		.byte	18
 893 0360 00       		.byte	0
 894 0361 00       		.byte	0
 895 0362 00       		.byte	0
 896 0363 00       		.byte	0
 897 0364 00       		.byte	0
 898 0365 00       		.byte	0
 899 0366 00       		.byte	0
 900 0367 00       		.byte	0
 901 0368 00       		.byte	0
 902 0369 00       		.byte	0
 903 036a 00       		.byte	0
 904 036b 00       		.byte	0
 905 036c 00       		.byte	0
 906 036d 00       		.byte	0
 907 036e 00       		.byte	0
 908 036f 00       		.byte	0
 909 0370 80       		.byte	-128
 910 0371 00       		.byte	0
 911 0372 40       		.byte	64
 912 0373 80       		.byte	-128
ARM GAS  C:\Users\cante\AppData\Local\Temp\ccsnpERK.s 			page 17


 913 0374 80       		.byte	-128
 914 0375 00       		.byte	0
 915 0376 80       		.byte	-128
 916 0377 00       		.byte	0
 917 0378 00       		.byte	0
 918 0379 00       		.byte	0
 919 037a 00       		.byte	0
 920 037b 00       		.byte	0
 921 037c 00       		.byte	0
 922 037d 0B       		.byte	11
 923 037e 0B       		.byte	11
 924 037f 00       		.byte	0
 925 0380 00       		.byte	0
 926 0381 00       		.byte	0
 927 0382 00       		.byte	0
 928 0383 00       		.byte	0
 929 0384 00       		.byte	0
 930 0385 02       		.byte	2
 931 0386 02       		.byte	2
 932 0387 00       		.byte	0
 933 0388 00       		.byte	0
 934 0389 00       		.byte	0
 935 038a 20       		.byte	32
 936 038b 00       		.byte	0
 937 038c 00       		.byte	0
 938 038d 00       		.byte	0
 939 038e 00       		.byte	0
 940 038f 00       		.byte	0
 941 0390 00       		.byte	0
 942 0391 00       		.byte	0
 943 0392 04       		.byte	4
 944 0393 00       		.byte	0
 945 0394 25       		.byte	37
 946 0395 00       		.byte	0
 947 0396 18       		.byte	24
 948 0397 01       		.byte	1
 949              		.section	.cywolatch,"a",%progbits
 950              		.align	2
 951              		.type	cy_meta_wonvl, %object
 952              		.size	cy_meta_wonvl, 4
 953              	cy_meta_wonvl:
 954 0000 BC       		.byte	-68
 955 0001 90       		.byte	-112
 956 0002 AC       		.byte	-84
 957 0003 AF       		.byte	-81
 958              		.section	.cycustnvl,"a",%progbits
 959              		.align	2
 960              		.type	cy_meta_custnvl, %object
 961              		.size	cy_meta_custnvl, 4
 962              	cy_meta_custnvl:
 963 0000 00       		.byte	0
 964 0001 00       		.byte	0
 965 0002 40       		.byte	64
 966 0003 05       		.byte	5
 967              		.section	.cymeta,"a",%progbits
 968              		.align	2
 969              		.type	cy_metadata, %object
ARM GAS  C:\Users\cante\AppData\Local\Temp\ccsnpERK.s 			page 18


 970              		.size	cy_metadata, 12
 971              	cy_metadata:
 972 0000 00       		.byte	0
 973 0001 01       		.byte	1
 974 0002 2E       		.byte	46
 975 0003 16       		.byte	22
 976 0004 10       		.byte	16
 977 0005 69       		.byte	105
 978 0006 00       		.byte	0
 979 0007 01       		.byte	1
 980 0008 00       		.byte	0
 981 0009 00       		.byte	0
 982 000a 00       		.byte	0
 983 000b 00       		.byte	0
 984              		.section	.cyflashprotect,"a",%progbits
 985              		.align	2
 986              		.type	cy_meta_flashprotect, %object
 987              		.size	cy_meta_flashprotect, 256
 988              	cy_meta_flashprotect:
 989 0000 00000000 		.space	256
 989      00000000 
 989      00000000 
 989      00000000 
 989      00000000 
 990              		.text
 991              	.Letext0:
 992              		.file 1 "c:\\program files (x86)\\cypress\\psoc creator\\4.4\\psoc creator\\import\\gnu\\arm\\5.4.
 993              		.file 2 "c:\\program files (x86)\\cypress\\psoc creator\\4.4\\psoc creator\\import\\gnu\\arm\\5.4.
 994              		.file 3 "Generated_Source\\PSoC5\\cymetadata.c"
 995              		.section	.debug_info,"",%progbits
 996              	.Ldebug_info0:
 997 0000 31010000 		.4byte	0x131
 998 0004 0400     		.2byte	0x4
 999 0006 00000000 		.4byte	.Ldebug_abbrev0
 1000 000a 04       		.byte	0x4
 1001 000b 01       		.uleb128 0x1
 1002 000c 24000000 		.4byte	.LASF17
 1003 0010 0C       		.byte	0xc
 1004 0011 F3010000 		.4byte	.LASF18
 1005 0015 5F010000 		.4byte	.LASF19
 1006 0019 00000000 		.4byte	.Ldebug_line0
 1007 001d 02       		.uleb128 0x2
 1008 001e 01       		.byte	0x1
 1009 001f 06       		.byte	0x6
 1010 0020 E7010000 		.4byte	.LASF0
 1011 0024 03       		.uleb128 0x3
 1012 0025 00000000 		.4byte	.LASF9
 1013 0029 01       		.byte	0x1
 1014 002a 1D       		.byte	0x1d
 1015 002b 2F000000 		.4byte	0x2f
 1016 002f 02       		.uleb128 0x2
 1017 0030 01       		.byte	0x1
 1018 0031 08       		.byte	0x8
 1019 0032 16000000 		.4byte	.LASF1
 1020 0036 02       		.uleb128 0x2
 1021 0037 02       		.byte	0x2
 1022 0038 05       		.byte	0x5
ARM GAS  C:\Users\cante\AppData\Local\Temp\ccsnpERK.s 			page 19


 1023 0039 D4010000 		.4byte	.LASF2
 1024 003d 02       		.uleb128 0x2
 1025 003e 02       		.byte	0x2
 1026 003f 07       		.byte	0x7
 1027 0040 C4000000 		.4byte	.LASF3
 1028 0044 02       		.uleb128 0x2
 1029 0045 04       		.byte	0x4
 1030 0046 05       		.byte	0x5
 1031 0047 DE010000 		.4byte	.LASF4
 1032 004b 02       		.uleb128 0x2
 1033 004c 04       		.byte	0x4
 1034 004d 07       		.byte	0x7
 1035 004e B2000000 		.4byte	.LASF5
 1036 0052 02       		.uleb128 0x2
 1037 0053 08       		.byte	0x8
 1038 0054 05       		.byte	0x5
 1039 0055 51010000 		.4byte	.LASF6
 1040 0059 02       		.uleb128 0x2
 1041 005a 08       		.byte	0x8
 1042 005b 07       		.byte	0x7
 1043 005c 06010000 		.4byte	.LASF7
 1044 0060 04       		.uleb128 0x4
 1045 0061 04       		.byte	0x4
 1046 0062 05       		.byte	0x5
 1047 0063 696E7400 		.ascii	"int\000"
 1048 0067 02       		.uleb128 0x2
 1049 0068 04       		.byte	0x4
 1050 0069 07       		.byte	0x7
 1051 006a F9000000 		.4byte	.LASF8
 1052 006e 03       		.uleb128 0x3
 1053 006f 1D010000 		.4byte	.LASF10
 1054 0073 02       		.byte	0x2
 1055 0074 18       		.byte	0x18
 1056 0075 24000000 		.4byte	0x24
 1057 0079 05       		.uleb128 0x5
 1058 007a 91000000 		.4byte	0x91
 1059 007e 8A000000 		.4byte	0x8a
 1060 0082 06       		.uleb128 0x6
 1061 0083 8A000000 		.4byte	0x8a
 1062 0087 9703     		.2byte	0x397
 1063 0089 00       		.byte	0
 1064 008a 02       		.uleb128 0x2
 1065 008b 04       		.byte	0x4
 1066 008c 07       		.byte	0x7
 1067 008d 48010000 		.4byte	.LASF11
 1068 0091 07       		.uleb128 0x7
 1069 0092 6E000000 		.4byte	0x6e
 1070 0096 08       		.uleb128 0x8
 1071 0097 E7000000 		.4byte	.LASF12
 1072 009b 03       		.byte	0x3
 1073 009c 1F       		.byte	0x1f
 1074 009d A7000000 		.4byte	0xa7
 1075 00a1 05       		.uleb128 0x5
 1076 00a2 03       		.byte	0x3
 1077 00a3 00000000 		.4byte	cy_meta_configecc
 1078 00a7 07       		.uleb128 0x7
 1079 00a8 79000000 		.4byte	0x79
ARM GAS  C:\Users\cante\AppData\Local\Temp\ccsnpERK.s 			page 20


 1080 00ac 05       		.uleb128 0x5
 1081 00ad 91000000 		.4byte	0x91
 1082 00b1 BC000000 		.4byte	0xbc
 1083 00b5 09       		.uleb128 0x9
 1084 00b6 8A000000 		.4byte	0x8a
 1085 00ba 03       		.byte	0x3
 1086 00bb 00       		.byte	0
 1087 00bc 08       		.uleb128 0x8
 1088 00bd D7000000 		.4byte	.LASF13
 1089 00c1 03       		.byte	0x3
 1090 00c2 9F       		.byte	0x9f
 1091 00c3 CD000000 		.4byte	0xcd
 1092 00c7 05       		.uleb128 0x5
 1093 00c8 03       		.byte	0x3
 1094 00c9 00000000 		.4byte	cy_meta_custnvl
 1095 00cd 07       		.uleb128 0x7
 1096 00ce AC000000 		.4byte	0xac
 1097 00d2 08       		.uleb128 0x8
 1098 00d3 3A010000 		.4byte	.LASF14
 1099 00d7 03       		.byte	0x3
 1100 00d8 AD       		.byte	0xad
 1101 00d9 E3000000 		.4byte	0xe3
 1102 00dd 05       		.uleb128 0x5
 1103 00de 03       		.byte	0x3
 1104 00df 00000000 		.4byte	cy_meta_wonvl
 1105 00e3 07       		.uleb128 0x7
 1106 00e4 AC000000 		.4byte	0xac
 1107 00e8 05       		.uleb128 0x5
 1108 00e9 91000000 		.4byte	0x91
 1109 00ed F8000000 		.4byte	0xf8
 1110 00f1 09       		.uleb128 0x9
 1111 00f2 8A000000 		.4byte	0x8a
 1112 00f6 FF       		.byte	0xff
 1113 00f7 00       		.byte	0
 1114 00f8 08       		.uleb128 0x8
 1115 00f9 25010000 		.4byte	.LASF15
 1116 00fd 03       		.byte	0x3
 1117 00fe BB       		.byte	0xbb
 1118 00ff 09010000 		.4byte	0x109
 1119 0103 05       		.uleb128 0x5
 1120 0104 03       		.byte	0x3
 1121 0105 00000000 		.4byte	cy_meta_flashprotect
 1122 0109 07       		.uleb128 0x7
 1123 010a E8000000 		.4byte	0xe8
 1124 010e 05       		.uleb128 0x5
 1125 010f 91000000 		.4byte	0x91
 1126 0113 1E010000 		.4byte	0x11e
 1127 0117 09       		.uleb128 0x9
 1128 0118 8A000000 		.4byte	0x8a
 1129 011c 0B       		.byte	0xb
 1130 011d 00       		.byte	0
 1131 011e 08       		.uleb128 0x8
 1132 011f 0A000000 		.4byte	.LASF16
 1133 0123 03       		.byte	0x3
 1134 0124 E8       		.byte	0xe8
 1135 0125 2F010000 		.4byte	0x12f
 1136 0129 05       		.uleb128 0x5
ARM GAS  C:\Users\cante\AppData\Local\Temp\ccsnpERK.s 			page 21


 1137 012a 03       		.byte	0x3
 1138 012b 00000000 		.4byte	cy_metadata
 1139 012f 07       		.uleb128 0x7
 1140 0130 0E010000 		.4byte	0x10e
 1141 0134 00       		.byte	0
 1142              		.section	.debug_abbrev,"",%progbits
 1143              	.Ldebug_abbrev0:
 1144 0000 01       		.uleb128 0x1
 1145 0001 11       		.uleb128 0x11
 1146 0002 01       		.byte	0x1
 1147 0003 25       		.uleb128 0x25
 1148 0004 0E       		.uleb128 0xe
 1149 0005 13       		.uleb128 0x13
 1150 0006 0B       		.uleb128 0xb
 1151 0007 03       		.uleb128 0x3
 1152 0008 0E       		.uleb128 0xe
 1153 0009 1B       		.uleb128 0x1b
 1154 000a 0E       		.uleb128 0xe
 1155 000b 10       		.uleb128 0x10
 1156 000c 17       		.uleb128 0x17
 1157 000d 00       		.byte	0
 1158 000e 00       		.byte	0
 1159 000f 02       		.uleb128 0x2
 1160 0010 24       		.uleb128 0x24
 1161 0011 00       		.byte	0
 1162 0012 0B       		.uleb128 0xb
 1163 0013 0B       		.uleb128 0xb
 1164 0014 3E       		.uleb128 0x3e
 1165 0015 0B       		.uleb128 0xb
 1166 0016 03       		.uleb128 0x3
 1167 0017 0E       		.uleb128 0xe
 1168 0018 00       		.byte	0
 1169 0019 00       		.byte	0
 1170 001a 03       		.uleb128 0x3
 1171 001b 16       		.uleb128 0x16
 1172 001c 00       		.byte	0
 1173 001d 03       		.uleb128 0x3
 1174 001e 0E       		.uleb128 0xe
 1175 001f 3A       		.uleb128 0x3a
 1176 0020 0B       		.uleb128 0xb
 1177 0021 3B       		.uleb128 0x3b
 1178 0022 0B       		.uleb128 0xb
 1179 0023 49       		.uleb128 0x49
 1180 0024 13       		.uleb128 0x13
 1181 0025 00       		.byte	0
 1182 0026 00       		.byte	0
 1183 0027 04       		.uleb128 0x4
 1184 0028 24       		.uleb128 0x24
 1185 0029 00       		.byte	0
 1186 002a 0B       		.uleb128 0xb
 1187 002b 0B       		.uleb128 0xb
 1188 002c 3E       		.uleb128 0x3e
 1189 002d 0B       		.uleb128 0xb
 1190 002e 03       		.uleb128 0x3
 1191 002f 08       		.uleb128 0x8
 1192 0030 00       		.byte	0
 1193 0031 00       		.byte	0
ARM GAS  C:\Users\cante\AppData\Local\Temp\ccsnpERK.s 			page 22


 1194 0032 05       		.uleb128 0x5
 1195 0033 01       		.uleb128 0x1
 1196 0034 01       		.byte	0x1
 1197 0035 49       		.uleb128 0x49
 1198 0036 13       		.uleb128 0x13
 1199 0037 01       		.uleb128 0x1
 1200 0038 13       		.uleb128 0x13
 1201 0039 00       		.byte	0
 1202 003a 00       		.byte	0
 1203 003b 06       		.uleb128 0x6
 1204 003c 21       		.uleb128 0x21
 1205 003d 00       		.byte	0
 1206 003e 49       		.uleb128 0x49
 1207 003f 13       		.uleb128 0x13
 1208 0040 2F       		.uleb128 0x2f
 1209 0041 05       		.uleb128 0x5
 1210 0042 00       		.byte	0
 1211 0043 00       		.byte	0
 1212 0044 07       		.uleb128 0x7
 1213 0045 26       		.uleb128 0x26
 1214 0046 00       		.byte	0
 1215 0047 49       		.uleb128 0x49
 1216 0048 13       		.uleb128 0x13
 1217 0049 00       		.byte	0
 1218 004a 00       		.byte	0
 1219 004b 08       		.uleb128 0x8
 1220 004c 34       		.uleb128 0x34
 1221 004d 00       		.byte	0
 1222 004e 03       		.uleb128 0x3
 1223 004f 0E       		.uleb128 0xe
 1224 0050 3A       		.uleb128 0x3a
 1225 0051 0B       		.uleb128 0xb
 1226 0052 3B       		.uleb128 0x3b
 1227 0053 0B       		.uleb128 0xb
 1228 0054 49       		.uleb128 0x49
 1229 0055 13       		.uleb128 0x13
 1230 0056 3F       		.uleb128 0x3f
 1231 0057 19       		.uleb128 0x19
 1232 0058 02       		.uleb128 0x2
 1233 0059 18       		.uleb128 0x18
 1234 005a 00       		.byte	0
 1235 005b 00       		.byte	0
 1236 005c 09       		.uleb128 0x9
 1237 005d 21       		.uleb128 0x21
 1238 005e 00       		.byte	0
 1239 005f 49       		.uleb128 0x49
 1240 0060 13       		.uleb128 0x13
 1241 0061 2F       		.uleb128 0x2f
 1242 0062 0B       		.uleb128 0xb
 1243 0063 00       		.byte	0
 1244 0064 00       		.byte	0
 1245 0065 00       		.byte	0
 1246              		.section	.debug_aranges,"",%progbits
 1247 0000 14000000 		.4byte	0x14
 1248 0004 0200     		.2byte	0x2
 1249 0006 00000000 		.4byte	.Ldebug_info0
 1250 000a 04       		.byte	0x4
ARM GAS  C:\Users\cante\AppData\Local\Temp\ccsnpERK.s 			page 23


 1251 000b 00       		.byte	0
 1252 000c 0000     		.2byte	0
 1253 000e 0000     		.2byte	0
 1254 0010 00000000 		.4byte	0
 1255 0014 00000000 		.4byte	0
 1256              		.section	.debug_line,"",%progbits
 1257              	.Ldebug_line0:
 1258 0000 3D010000 		.section	.debug_str,"MS",%progbits,1
 1258      02003701 
 1258      00000201 
 1258      FB0E0D00 
 1258      01010101 
 1259              	.LASF9:
 1260 0000 5F5F7569 		.ascii	"__uint8_t\000"
 1260      6E74385F 
 1260      7400
 1261              	.LASF16:
 1262 000a 63795F6D 		.ascii	"cy_metadata\000"
 1262      65746164 
 1262      61746100 
 1263              	.LASF1:
 1264 0016 756E7369 		.ascii	"unsigned char\000"
 1264      676E6564 
 1264      20636861 
 1264      7200
 1265              	.LASF17:
 1266 0024 474E5520 		.ascii	"GNU C11 5.4.1 20160609 (release) [ARM/embedded-5-br"
 1266      43313120 
 1266      352E342E 
 1266      31203230 
 1266      31363036 
 1267 0057 616E6368 		.ascii	"anch revision 237715] -mcpu=cortex-m3 -mthumb -g -O"
 1267      20726576 
 1267      6973696F 
 1267      6E203233 
 1267      37373135 
 1268 008a 67202D66 		.ascii	"g -ffunction-sections -ffat-lto-objects\000"
 1268      66756E63 
 1268      74696F6E 
 1268      2D736563 
 1268      74696F6E 
 1269              	.LASF5:
 1270 00b2 6C6F6E67 		.ascii	"long unsigned int\000"
 1270      20756E73 
 1270      69676E65 
 1270      6420696E 
 1270      7400
 1271              	.LASF3:
 1272 00c4 73686F72 		.ascii	"short unsigned int\000"
 1272      7420756E 
 1272      7369676E 
 1272      65642069 
 1272      6E7400
 1273              	.LASF13:
 1274 00d7 63795F6D 		.ascii	"cy_meta_custnvl\000"
 1274      6574615F 
 1274      63757374 
ARM GAS  C:\Users\cante\AppData\Local\Temp\ccsnpERK.s 			page 24


 1274      6E766C00 
 1275              	.LASF12:
 1276 00e7 63795F6D 		.ascii	"cy_meta_configecc\000"
 1276      6574615F 
 1276      636F6E66 
 1276      69676563 
 1276      6300
 1277              	.LASF8:
 1278 00f9 756E7369 		.ascii	"unsigned int\000"
 1278      676E6564 
 1278      20696E74 
 1278      00
 1279              	.LASF7:
 1280 0106 6C6F6E67 		.ascii	"long long unsigned int\000"
 1280      206C6F6E 
 1280      6720756E 
 1280      7369676E 
 1280      65642069 
 1281              	.LASF10:
 1282 011d 75696E74 		.ascii	"uint8_t\000"
 1282      385F7400 
 1283              	.LASF15:
 1284 0125 63795F6D 		.ascii	"cy_meta_flashprotect\000"
 1284      6574615F 
 1284      666C6173 
 1284      6870726F 
 1284      74656374 
 1285              	.LASF14:
 1286 013a 63795F6D 		.ascii	"cy_meta_wonvl\000"
 1286      6574615F 
 1286      776F6E76 
 1286      6C00
 1287              	.LASF11:
 1288 0148 73697A65 		.ascii	"sizetype\000"
 1288      74797065 
 1288      00
 1289              	.LASF6:
 1290 0151 6C6F6E67 		.ascii	"long long int\000"
 1290      206C6F6E 
 1290      6720696E 
 1290      7400
 1291              	.LASF19:
 1292 015f 433A5C55 		.ascii	"C:\\Users\\cante\\Desktop\\INGEGNERIA BIOMEDICA\\V "
 1292      73657273 
 1292      5C63616E 
 1292      74655C44 
 1292      65736B74 
 1293 018d 414E4E4F 		.ascii	"ANNO\\LAB ELETTRONICA\\PSoC\\Progetti 7 aprile\\Wor"
 1293      5C4C4142 
 1293      20454C45 
 1293      5454524F 
 1293      4E494341 
 1294 01bc 6B737061 		.ascii	"kspace01\\Project3.cydsn\000"
 1294      63653031 
 1294      5C50726F 
 1294      6A656374 
 1294      332E6379 
ARM GAS  C:\Users\cante\AppData\Local\Temp\ccsnpERK.s 			page 25


 1295              	.LASF2:
 1296 01d4 73686F72 		.ascii	"short int\000"
 1296      7420696E 
 1296      7400
 1297              	.LASF4:
 1298 01de 6C6F6E67 		.ascii	"long int\000"
 1298      20696E74 
 1298      00
 1299              	.LASF0:
 1300 01e7 7369676E 		.ascii	"signed char\000"
 1300      65642063 
 1300      68617200 
 1301              	.LASF18:
 1302 01f3 47656E65 		.ascii	"Generated_Source\\PSoC5\\cymetadata.c\000"
 1302      72617465 
 1302      645F536F 
 1302      75726365 
 1302      5C50536F 
 1303              		.ident	"GCC: (GNU Tools for ARM Embedded Processors) 5.4.1 20160609 (release) [ARM/embedded-5-bran
