ARM GAS  C:\Users\cante\AppData\Local\Temp\ccsS74Py.s 			page 1


   1              		.syntax unified
   2              		.cpu cortex-m3
   3              		.fpu softvfp
   4              		.eabi_attribute 20, 1
   5              		.eabi_attribute 21, 1
   6              		.eabi_attribute 23, 3
   7              		.eabi_attribute 24, 1
   8              		.eabi_attribute 25, 1
   9              		.eabi_attribute 26, 1
  10              		.eabi_attribute 30, 1
  11              		.eabi_attribute 34, 1
  12              		.eabi_attribute 18, 4
  13              		.thumb
  14              		.syntax unified
  15              		.file	"InterruptRoutines.c"
  16              		.text
  17              	.Ltext0:
  18              		.cfi_sections	.debug_frame
  19              		.section	.text.Custom_ISR_ADC,"ax",%progbits
  20              		.align	2
  21              		.global	Custom_ISR_ADC
  22              		.thumb
  23              		.thumb_func
  24              		.type	Custom_ISR_ADC, %function
  25              	Custom_ISR_ADC:
  26              	.LFB64:
  27              		.file 1 "InterruptRoutines.c"
   1:InterruptRoutines.c **** /* ========================================
   2:InterruptRoutines.c ****  *
   3:InterruptRoutines.c ****  * Copyright YOUR COMPANY, THE YEAR
   4:InterruptRoutines.c ****  * All Rights Reserved
   5:InterruptRoutines.c ****  * UNPUBLISHED, LICENSED SOFTWARE.
   6:InterruptRoutines.c ****  *
   7:InterruptRoutines.c ****  * CONFIDENTIAL AND PROPRIETARY INFORMATION
   8:InterruptRoutines.c ****  * WHICH IS THE PROPERTY OF your company.
   9:InterruptRoutines.c ****  *
  10:InterruptRoutines.c ****  * ========================================
  11:InterruptRoutines.c **** */
  12:InterruptRoutines.c **** 
  13:InterruptRoutines.c **** #include "InterruptRoutines.h"
  14:InterruptRoutines.c **** #include "project.h"
  15:InterruptRoutines.c **** 
  16:InterruptRoutines.c **** int32 value_digit;
  17:InterruptRoutines.c **** int32 value_mv; 
  18:InterruptRoutines.c **** extern volatile uint8 PacketReadyFlag;
  19:InterruptRoutines.c **** extern volatile uint8 SendBytesFlag;
  20:InterruptRoutines.c **** uint8 ch_received;
  21:InterruptRoutines.c **** 
  22:InterruptRoutines.c **** 
  23:InterruptRoutines.c **** CY_ISR(Custom_ISR_ADC)
  24:InterruptRoutines.c **** {
  28              		.loc 1 24 0
  29              		.cfi_startproc
  30              		@ args = 0, pretend = 0, frame = 0
  31              		@ frame_needed = 0, uses_anonymous_args = 0
  32 0000 08B5     		push	{r3, lr}
  33              		.cfi_def_cfa_offset 8
ARM GAS  C:\Users\cante\AppData\Local\Temp\ccsS74Py.s 			page 2


  34              		.cfi_offset 3, -8
  35              		.cfi_offset 14, -4
  25:InterruptRoutines.c ****     Timer_ReadStatusRegister(); //se non la metto il codice esegue una sola interrupt e si ferma  
  36              		.loc 1 25 0
  37 0002 FFF7FEFF 		bl	Timer_ReadStatusRegister
  38              	.LVL0:
  26:InterruptRoutines.c ****     if (SendBytesFlag == 1) {
  39              		.loc 1 26 0
  40 0006 124B     		ldr	r3, .L6
  41 0008 1B78     		ldrb	r3, [r3]	@ zero_extendqisi2
  42 000a DBB2     		uxtb	r3, r3
  43 000c 012B     		cmp	r3, #1
  44 000e 1ED1     		bne	.L1
  27:InterruptRoutines.c ****         value_digit= ADC_DelSig_Read32(); //perchè usiamo qui 32 se abbiamo settato l'adc a 16 bit
  45              		.loc 1 27 0
  46 0010 FFF7FEFF 		bl	ADC_DelSig_Read32
  47              	.LVL1:
  48 0014 0F4B     		ldr	r3, .L6+4
  49 0016 1860     		str	r0, [r3]
  28:InterruptRoutines.c ****         
  29:InterruptRoutines.c ****         if (value_digit < 0)     value_digit = 0;
  50              		.loc 1 29 0
  51 0018 0028     		cmp	r0, #0
  52 001a 01DA     		bge	.L3
  53              		.loc 1 29 0 is_stmt 0 discriminator 1
  54 001c 0022     		movs	r2, #0
  55 001e 1A60     		str	r2, [r3]
  56              	.L3:
  30:InterruptRoutines.c ****         if (value_digit > 65535) value_digit = 65535; //setto valori minimo e massimo che noi leggi
  57              		.loc 1 30 0 is_stmt 1
  58 0020 0C4B     		ldr	r3, .L6+4
  59 0022 1B68     		ldr	r3, [r3]
  60 0024 B3F5803F 		cmp	r3, #65536
  61 0028 03DB     		blt	.L4
  62              		.loc 1 30 0 is_stmt 0 discriminator 1
  63 002a 4FF6FF72 		movw	r2, #65535
  64 002e 094B     		ldr	r3, .L6+4
  65 0030 1A60     		str	r2, [r3]
  66              	.L4:
  31:InterruptRoutines.c ****         
  32:InterruptRoutines.c ****         value_mv = ADC_DelSig_CountsTo_mVolts(value_digit); // trasformo i dati da digit a millivol
  67              		.loc 1 32 0 is_stmt 1
  68 0032 084B     		ldr	r3, .L6+4
  69 0034 1868     		ldr	r0, [r3]
  70 0036 FFF7FEFF 		bl	ADC_DelSig_CountsTo_mVolts
  71              	.LVL2:
  72 003a 0246     		mov	r2, r0
  73 003c 064B     		ldr	r3, .L6+8
  74 003e 1860     		str	r0, [r3]
  33:InterruptRoutines.c ****         
  34:InterruptRoutines.c ****         sprintf(DataBuffer, "Sample: %ld mV\r\n", value_mv); 
  75              		.loc 1 34 0
  76 0040 0649     		ldr	r1, .L6+12
  77 0042 0748     		ldr	r0, .L6+16
  78 0044 FFF7FEFF 		bl	sprintf
  79              	.LVL3:
  35:InterruptRoutines.c ****         
ARM GAS  C:\Users\cante\AppData\Local\Temp\ccsS74Py.s 			page 3


  36:InterruptRoutines.c ****         PacketReadyFlag = 1;
  80              		.loc 1 36 0
  81 0048 0122     		movs	r2, #1
  82 004a 064B     		ldr	r3, .L6+20
  83 004c 1A70     		strb	r2, [r3]
  84              	.L1:
  85 004e 08BD     		pop	{r3, pc}
  86              	.L7:
  87              		.align	2
  88              	.L6:
  89 0050 00000000 		.word	SendBytesFlag
  90 0054 00000000 		.word	value_digit
  91 0058 00000000 		.word	value_mv
  92 005c 00000000 		.word	.LC0
  93 0060 00000000 		.word	DataBuffer
  94 0064 00000000 		.word	PacketReadyFlag
  95              		.cfi_endproc
  96              	.LFE64:
  97              		.size	Custom_ISR_ADC, .-Custom_ISR_ADC
  98              		.section	.text.Custom_ISR_RX,"ax",%progbits
  99              		.align	2
 100              		.global	Custom_ISR_RX
 101              		.thumb
 102              		.thumb_func
 103              		.type	Custom_ISR_RX, %function
 104              	Custom_ISR_RX:
 105              	.LFB65:
  37:InterruptRoutines.c ****     }
  38:InterruptRoutines.c **** 
  39:InterruptRoutines.c **** 
  40:InterruptRoutines.c **** }
  41:InterruptRoutines.c **** 
  42:InterruptRoutines.c **** CY_ISR(Custom_ISR_RX)
  43:InterruptRoutines.c **** {
 106              		.loc 1 43 0
 107              		.cfi_startproc
 108              		@ args = 0, pretend = 0, frame = 0
 109              		@ frame_needed = 0, uses_anonymous_args = 0
 110 0000 08B5     		push	{r3, lr}
 111              		.cfi_def_cfa_offset 8
 112              		.cfi_offset 3, -8
 113              		.cfi_offset 14, -4
  44:InterruptRoutines.c ****     ch_received = UART_GetChar(); // per ricevere il carattere dall'uart
 114              		.loc 1 44 0
 115 0002 FFF7FEFF 		bl	UART_GetChar
 116              	.LVL4:
 117 0006 144B     		ldr	r3, .L14
 118 0008 1870     		strb	r0, [r3]
  45:InterruptRoutines.c ****     
  46:InterruptRoutines.c ****     switch(ch_received)
 119              		.loc 1 46 0
 120 000a 4138     		subs	r0, r0, #65
 121 000c 2128     		cmp	r0, #33
 122 000e 21D8     		bhi	.L8
 123 0010 DFE800F0 		tbb	[pc, r0]
 124              	.L11:
 125 0014 11       		.byte	(.L10-.L11)/2
ARM GAS  C:\Users\cante\AppData\Local\Temp\ccsS74Py.s 			page 4


 126 0015 19       		.byte	(.L12-.L11)/2
 127 0016 20       		.byte	(.L8-.L11)/2
 128 0017 20       		.byte	(.L8-.L11)/2
 129 0018 20       		.byte	(.L8-.L11)/2
 130 0019 20       		.byte	(.L8-.L11)/2
 131 001a 20       		.byte	(.L8-.L11)/2
 132 001b 20       		.byte	(.L8-.L11)/2
 133 001c 20       		.byte	(.L8-.L11)/2
 134 001d 20       		.byte	(.L8-.L11)/2
 135 001e 20       		.byte	(.L8-.L11)/2
 136 001f 20       		.byte	(.L8-.L11)/2
 137 0020 20       		.byte	(.L8-.L11)/2
 138 0021 20       		.byte	(.L8-.L11)/2
 139 0022 20       		.byte	(.L8-.L11)/2
 140 0023 20       		.byte	(.L8-.L11)/2
 141 0024 20       		.byte	(.L8-.L11)/2
 142 0025 20       		.byte	(.L8-.L11)/2
 143 0026 20       		.byte	(.L8-.L11)/2
 144 0027 20       		.byte	(.L8-.L11)/2
 145 0028 20       		.byte	(.L8-.L11)/2
 146 0029 20       		.byte	(.L8-.L11)/2
 147 002a 20       		.byte	(.L8-.L11)/2
 148 002b 20       		.byte	(.L8-.L11)/2
 149 002c 20       		.byte	(.L8-.L11)/2
 150 002d 20       		.byte	(.L8-.L11)/2
 151 002e 20       		.byte	(.L8-.L11)/2
 152 002f 20       		.byte	(.L8-.L11)/2
 153 0030 20       		.byte	(.L8-.L11)/2
 154 0031 20       		.byte	(.L8-.L11)/2
 155 0032 20       		.byte	(.L8-.L11)/2
 156 0033 20       		.byte	(.L8-.L11)/2
 157 0034 11       		.byte	(.L10-.L11)/2
 158 0035 19       		.byte	(.L12-.L11)/2
 159              		.p2align 1
 160              	.L10:
  47:InterruptRoutines.c ****     {
  48:InterruptRoutines.c ****         case 'A':
  49:InterruptRoutines.c ****         case 'a':
  50:InterruptRoutines.c ****             SendBytesFlag = 1;
 161              		.loc 1 50 0
 162 0036 0120     		movs	r0, #1
 163 0038 084B     		ldr	r3, .L14+4
 164 003a 1870     		strb	r0, [r3]
  51:InterruptRoutines.c ****             Pin_LED_Write(1);
 165              		.loc 1 51 0
 166 003c FFF7FEFF 		bl	Pin_LED_Write
 167              	.LVL5:
  52:InterruptRoutines.c ****             Timer_Start();
 168              		.loc 1 52 0
 169 0040 FFF7FEFF 		bl	Timer_Start
 170              	.LVL6:
  53:InterruptRoutines.c ****             break;
 171              		.loc 1 53 0
 172 0044 08BD     		pop	{r3, pc}
 173              	.L12:
  54:InterruptRoutines.c ****         
  55:InterruptRoutines.c ****         case 'B':
ARM GAS  C:\Users\cante\AppData\Local\Temp\ccsS74Py.s 			page 5


  56:InterruptRoutines.c ****         case 'b':
  57:InterruptRoutines.c ****             SendBytesFlag = 0;
 174              		.loc 1 57 0
 175 0046 0020     		movs	r0, #0
 176 0048 044B     		ldr	r3, .L14+4
 177 004a 1870     		strb	r0, [r3]
  58:InterruptRoutines.c ****             Pin_LED_Write(0);
 178              		.loc 1 58 0
 179 004c FFF7FEFF 		bl	Pin_LED_Write
 180              	.LVL7:
  59:InterruptRoutines.c ****             Timer_Stop();
 181              		.loc 1 59 0
 182 0050 FFF7FEFF 		bl	Timer_Stop
 183              	.LVL8:
 184              	.L8:
 185 0054 08BD     		pop	{r3, pc}
 186              	.L15:
 187 0056 00BF     		.align	2
 188              	.L14:
 189 0058 00000000 		.word	ch_received
 190 005c 00000000 		.word	SendBytesFlag
 191              		.cfi_endproc
 192              	.LFE65:
 193              		.size	Custom_ISR_RX, .-Custom_ISR_RX
 194              		.comm	ch_received,1,1
 195              		.comm	value_mv,4,4
 196              		.comm	value_digit,4,4
 197              		.comm	DataBuffer,64,4
 198              		.section	.rodata.str1.4,"aMS",%progbits,1
 199              		.align	2
 200              	.LC0:
 201 0000 53616D70 		.ascii	"Sample: %ld mV\015\012\000"
 201      6C653A20 
 201      256C6420 
 201      6D560D0A 
 201      00
 202              		.text
 203              	.Letext0:
 204              		.file 2 "c:\\program files (x86)\\cypress\\psoc creator\\4.4\\psoc creator\\import\\gnu\\arm\\5.4.
 205              		.file 3 "c:\\program files (x86)\\cypress\\psoc creator\\4.4\\psoc creator\\import\\gnu\\arm\\5.4.
 206              		.file 4 "Generated_Source\\PSoC5/cytypes.h"
 207              		.file 5 "InterruptRoutines.h"
 208              		.file 6 "Generated_Source\\PSoC5/core_cm3.h"
 209              		.file 7 "Generated_Source\\PSoC5/Timer.h"
 210              		.file 8 "Generated_Source\\PSoC5/ADC_DelSig.h"
 211              		.file 9 "c:\\program files (x86)\\cypress\\psoc creator\\4.4\\psoc creator\\import\\gnu\\arm\\5.4.
 212              		.file 10 "Generated_Source\\PSoC5/UART.h"
 213              		.file 11 "Generated_Source\\PSoC5/Pin_LED.h"
 214              		.section	.debug_info,"",%progbits
 215              	.Ldebug_info0:
 216 0000 35020000 		.4byte	0x235
 217 0004 0400     		.2byte	0x4
 218 0006 00000000 		.4byte	.Ldebug_abbrev0
 219 000a 04       		.byte	0x4
 220 000b 01       		.uleb128 0x1
 221 000c 83000000 		.4byte	.LASF35
 222 0010 0C       		.byte	0xc
ARM GAS  C:\Users\cante\AppData\Local\Temp\ccsS74Py.s 			page 6


 223 0011 C0020000 		.4byte	.LASF36
 224 0015 E4010000 		.4byte	.LASF37
 225 0019 00000000 		.4byte	.Ldebug_ranges0+0
 226 001d 00000000 		.4byte	0
 227 0021 00000000 		.4byte	.Ldebug_line0
 228 0025 02       		.uleb128 0x2
 229 0026 01       		.byte	0x1
 230 0027 06       		.byte	0x6
 231 0028 9F020000 		.4byte	.LASF0
 232 002c 02       		.uleb128 0x2
 233 002d 01       		.byte	0x1
 234 002e 08       		.byte	0x8
 235 002f 75000000 		.4byte	.LASF1
 236 0033 02       		.uleb128 0x2
 237 0034 02       		.byte	0x2
 238 0035 05       		.byte	0x5
 239 0036 59020000 		.4byte	.LASF2
 240 003a 02       		.uleb128 0x2
 241 003b 02       		.byte	0x2
 242 003c 07       		.byte	0x7
 243 003d 40000000 		.4byte	.LASF3
 244 0041 03       		.uleb128 0x3
 245 0042 1D000000 		.4byte	.LASF9
 246 0046 02       		.byte	0x2
 247 0047 3F       		.byte	0x3f
 248 0048 4C000000 		.4byte	0x4c
 249 004c 02       		.uleb128 0x2
 250 004d 04       		.byte	0x4
 251 004e 05       		.byte	0x5
 252 004f 79020000 		.4byte	.LASF4
 253 0053 02       		.uleb128 0x2
 254 0054 04       		.byte	0x4
 255 0055 07       		.byte	0x7
 256 0056 11010000 		.4byte	.LASF5
 257 005a 02       		.uleb128 0x2
 258 005b 08       		.byte	0x8
 259 005c 05       		.byte	0x5
 260 005d BD010000 		.4byte	.LASF6
 261 0061 02       		.uleb128 0x2
 262 0062 08       		.byte	0x8
 263 0063 07       		.byte	0x7
 264 0064 64010000 		.4byte	.LASF7
 265 0068 04       		.uleb128 0x4
 266 0069 04       		.byte	0x4
 267 006a 05       		.byte	0x5
 268 006b 696E7400 		.ascii	"int\000"
 269 006f 02       		.uleb128 0x2
 270 0070 04       		.byte	0x4
 271 0071 07       		.byte	0x7
 272 0072 49010000 		.4byte	.LASF8
 273 0076 03       		.uleb128 0x3
 274 0077 5C000000 		.4byte	.LASF10
 275 007b 03       		.byte	0x3
 276 007c 2C       		.byte	0x2c
 277 007d 41000000 		.4byte	0x41
 278 0081 05       		.uleb128 0x5
 279 0082 73020000 		.4byte	.LASF11
ARM GAS  C:\Users\cante\AppData\Local\Temp\ccsS74Py.s 			page 7


 280 0086 04       		.byte	0x4
 281 0087 E901     		.2byte	0x1e9
 282 0089 2C000000 		.4byte	0x2c
 283 008d 05       		.uleb128 0x5
 284 008e 23010000 		.4byte	.LASF12
 285 0092 04       		.byte	0x4
 286 0093 EE01     		.2byte	0x1ee
 287 0095 4C000000 		.4byte	0x4c
 288 0099 02       		.uleb128 0x2
 289 009a 04       		.byte	0x4
 290 009b 04       		.byte	0x4
 291 009c 6F000000 		.4byte	.LASF13
 292 00a0 02       		.uleb128 0x2
 293 00a1 08       		.byte	0x8
 294 00a2 04       		.byte	0x4
 295 00a3 36010000 		.4byte	.LASF14
 296 00a7 02       		.uleb128 0x2
 297 00a8 01       		.byte	0x1
 298 00a9 08       		.byte	0x8
 299 00aa 82020000 		.4byte	.LASF15
 300 00ae 06       		.uleb128 0x6
 301 00af 81000000 		.4byte	0x81
 302 00b3 02       		.uleb128 0x2
 303 00b4 08       		.byte	0x8
 304 00b5 04       		.byte	0x4
 305 00b6 93020000 		.4byte	.LASF16
 306 00ba 02       		.uleb128 0x2
 307 00bb 04       		.byte	0x4
 308 00bc 07       		.byte	0x7
 309 00bd A2010000 		.4byte	.LASF17
 310 00c1 07       		.uleb128 0x7
 311 00c2 0E000000 		.4byte	.LASF18
 312 00c6 01       		.byte	0x1
 313 00c7 17       		.byte	0x17
 314 00c8 00000000 		.4byte	.LFB64
 315 00cc 68000000 		.4byte	.LFE64-.LFB64
 316 00d0 01       		.uleb128 0x1
 317 00d1 9C       		.byte	0x9c
 318 00d2 0E010000 		.4byte	0x10e
 319 00d6 08       		.uleb128 0x8
 320 00d7 06000000 		.4byte	.LVL0
 321 00db E0010000 		.4byte	0x1e0
 322 00df 08       		.uleb128 0x8
 323 00e0 14000000 		.4byte	.LVL1
 324 00e4 EB010000 		.4byte	0x1eb
 325 00e8 08       		.uleb128 0x8
 326 00e9 3A000000 		.4byte	.LVL2
 327 00ed F6010000 		.4byte	0x1f6
 328 00f1 09       		.uleb128 0x9
 329 00f2 48000000 		.4byte	.LVL3
 330 00f6 01020000 		.4byte	0x201
 331 00fa 0A       		.uleb128 0xa
 332 00fb 01       		.uleb128 0x1
 333 00fc 50       		.byte	0x50
 334 00fd 05       		.uleb128 0x5
 335 00fe 03       		.byte	0x3
 336 00ff 00000000 		.4byte	DataBuffer
ARM GAS  C:\Users\cante\AppData\Local\Temp\ccsS74Py.s 			page 8


 337 0103 0A       		.uleb128 0xa
 338 0104 01       		.uleb128 0x1
 339 0105 51       		.byte	0x51
 340 0106 05       		.uleb128 0x5
 341 0107 03       		.byte	0x3
 342 0108 00000000 		.4byte	.LC0
 343 010c 00       		.byte	0
 344 010d 00       		.byte	0
 345 010e 07       		.uleb128 0x7
 346 010f CB010000 		.4byte	.LASF19
 347 0113 01       		.byte	0x1
 348 0114 2A       		.byte	0x2a
 349 0115 00000000 		.4byte	.LFB65
 350 0119 60000000 		.4byte	.LFE65-.LFB65
 351 011d 01       		.uleb128 0x1
 352 011e 9C       		.byte	0x9c
 353 011f 65010000 		.4byte	0x165
 354 0123 08       		.uleb128 0x8
 355 0124 06000000 		.4byte	.LVL4
 356 0128 0C020000 		.4byte	0x20c
 357 012c 0B       		.uleb128 0xb
 358 012d 40000000 		.4byte	.LVL5
 359 0131 17020000 		.4byte	0x217
 360 0135 3F010000 		.4byte	0x13f
 361 0139 0A       		.uleb128 0xa
 362 013a 01       		.uleb128 0x1
 363 013b 50       		.byte	0x50
 364 013c 01       		.uleb128 0x1
 365 013d 31       		.byte	0x31
 366 013e 00       		.byte	0
 367 013f 08       		.uleb128 0x8
 368 0140 44000000 		.4byte	.LVL6
 369 0144 22020000 		.4byte	0x222
 370 0148 0B       		.uleb128 0xb
 371 0149 50000000 		.4byte	.LVL7
 372 014d 17020000 		.4byte	0x217
 373 0151 5B010000 		.4byte	0x15b
 374 0155 0A       		.uleb128 0xa
 375 0156 01       		.uleb128 0x1
 376 0157 50       		.byte	0x50
 377 0158 01       		.uleb128 0x1
 378 0159 30       		.byte	0x30
 379 015a 00       		.byte	0
 380 015b 08       		.uleb128 0x8
 381 015c 54000000 		.4byte	.LVL8
 382 0160 2D020000 		.4byte	0x22d
 383 0164 00       		.byte	0
 384 0165 0C       		.uleb128 0xc
 385 0166 A7000000 		.4byte	0xa7
 386 016a 75010000 		.4byte	0x175
 387 016e 0D       		.uleb128 0xd
 388 016f BA000000 		.4byte	0xba
 389 0173 3F       		.byte	0x3f
 390 0174 00       		.byte	0
 391 0175 0E       		.uleb128 0xe
 392 0176 D9010000 		.4byte	.LASF20
 393 017a 05       		.byte	0x5
ARM GAS  C:\Users\cante\AppData\Local\Temp\ccsS74Py.s 			page 9


 394 017b 18       		.byte	0x18
 395 017c 65010000 		.4byte	0x165
 396 0180 05       		.uleb128 0x5
 397 0181 03       		.byte	0x3
 398 0182 00000000 		.4byte	DataBuffer
 399 0186 0F       		.uleb128 0xf
 400 0187 29010000 		.4byte	.LASF21
 401 018b 06       		.byte	0x6
 402 018c 1207     		.2byte	0x712
 403 018e 92010000 		.4byte	0x192
 404 0192 06       		.uleb128 0x6
 405 0193 76000000 		.4byte	0x76
 406 0197 0E       		.uleb128 0xe
 407 0198 87020000 		.4byte	.LASF22
 408 019c 01       		.byte	0x1
 409 019d 10       		.byte	0x10
 410 019e 8D000000 		.4byte	0x8d
 411 01a2 05       		.uleb128 0x5
 412 01a3 03       		.byte	0x3
 413 01a4 00000000 		.4byte	value_digit
 414 01a8 0E       		.uleb128 0xe
 415 01a9 53000000 		.4byte	.LASF23
 416 01ad 01       		.byte	0x1
 417 01ae 11       		.byte	0x11
 418 01af 8D000000 		.4byte	0x8d
 419 01b3 05       		.uleb128 0x5
 420 01b4 03       		.byte	0x3
 421 01b5 00000000 		.4byte	value_mv
 422 01b9 10       		.uleb128 0x10
 423 01ba 63020000 		.4byte	.LASF24
 424 01be 01       		.byte	0x1
 425 01bf 12       		.byte	0x12
 426 01c0 AE000000 		.4byte	0xae
 427 01c4 10       		.uleb128 0x10
 428 01c5 00000000 		.4byte	.LASF25
 429 01c9 01       		.byte	0x1
 430 01ca 13       		.byte	0x13
 431 01cb AE000000 		.4byte	0xae
 432 01cf 0E       		.uleb128 0xe
 433 01d0 96010000 		.4byte	.LASF26
 434 01d4 01       		.byte	0x1
 435 01d5 14       		.byte	0x14
 436 01d6 81000000 		.4byte	0x81
 437 01da 05       		.uleb128 0x5
 438 01db 03       		.byte	0x3
 439 01dc 00000000 		.4byte	ch_received
 440 01e0 11       		.uleb128 0x11
 441 01e1 27000000 		.4byte	.LASF27
 442 01e5 27000000 		.4byte	.LASF27
 443 01e9 07       		.byte	0x7
 444 01ea 5E       		.byte	0x5e
 445 01eb 11       		.uleb128 0x11
 446 01ec AB010000 		.4byte	.LASF28
 447 01f0 AB010000 		.4byte	.LASF28
 448 01f4 08       		.byte	0x8
 449 01f5 56       		.byte	0x56
 450 01f6 11       		.uleb128 0x11
ARM GAS  C:\Users\cante\AppData\Local\Temp\ccsS74Py.s 			page 10


 451 01f7 7B010000 		.4byte	.LASF29
 452 01fb 7B010000 		.4byte	.LASF29
 453 01ff 08       		.byte	0x8
 454 0200 47       		.byte	0x47
 455 0201 11       		.uleb128 0x11
 456 0202 B8020000 		.4byte	.LASF30
 457 0206 B8020000 		.4byte	.LASF30
 458 020a 09       		.byte	0x9
 459 020b E7       		.byte	0xe7
 460 020c 11       		.uleb128 0x11
 461 020d AB020000 		.4byte	.LASF31
 462 0211 AB020000 		.4byte	.LASF31
 463 0215 0A       		.byte	0xa
 464 0216 71       		.byte	0x71
 465 0217 11       		.uleb128 0x11
 466 0218 56010000 		.4byte	.LASF32
 467 021c 56010000 		.4byte	.LASF32
 468 0220 0B       		.byte	0xb
 469 0221 26       		.byte	0x26
 470 0222 11       		.uleb128 0x11
 471 0223 3D010000 		.4byte	.LASF33
 472 0227 3D010000 		.4byte	.LASF33
 473 022b 07       		.byte	0x7
 474 022c 5A       		.byte	0x5a
 475 022d 11       		.uleb128 0x11
 476 022e 64000000 		.4byte	.LASF34
 477 0232 64000000 		.4byte	.LASF34
 478 0236 07       		.byte	0x7
 479 0237 5B       		.byte	0x5b
 480 0238 00       		.byte	0
 481              		.section	.debug_abbrev,"",%progbits
 482              	.Ldebug_abbrev0:
 483 0000 01       		.uleb128 0x1
 484 0001 11       		.uleb128 0x11
 485 0002 01       		.byte	0x1
 486 0003 25       		.uleb128 0x25
 487 0004 0E       		.uleb128 0xe
 488 0005 13       		.uleb128 0x13
 489 0006 0B       		.uleb128 0xb
 490 0007 03       		.uleb128 0x3
 491 0008 0E       		.uleb128 0xe
 492 0009 1B       		.uleb128 0x1b
 493 000a 0E       		.uleb128 0xe
 494 000b 55       		.uleb128 0x55
 495 000c 17       		.uleb128 0x17
 496 000d 11       		.uleb128 0x11
 497 000e 01       		.uleb128 0x1
 498 000f 10       		.uleb128 0x10
 499 0010 17       		.uleb128 0x17
 500 0011 00       		.byte	0
 501 0012 00       		.byte	0
 502 0013 02       		.uleb128 0x2
 503 0014 24       		.uleb128 0x24
 504 0015 00       		.byte	0
 505 0016 0B       		.uleb128 0xb
 506 0017 0B       		.uleb128 0xb
 507 0018 3E       		.uleb128 0x3e
ARM GAS  C:\Users\cante\AppData\Local\Temp\ccsS74Py.s 			page 11


 508 0019 0B       		.uleb128 0xb
 509 001a 03       		.uleb128 0x3
 510 001b 0E       		.uleb128 0xe
 511 001c 00       		.byte	0
 512 001d 00       		.byte	0
 513 001e 03       		.uleb128 0x3
 514 001f 16       		.uleb128 0x16
 515 0020 00       		.byte	0
 516 0021 03       		.uleb128 0x3
 517 0022 0E       		.uleb128 0xe
 518 0023 3A       		.uleb128 0x3a
 519 0024 0B       		.uleb128 0xb
 520 0025 3B       		.uleb128 0x3b
 521 0026 0B       		.uleb128 0xb
 522 0027 49       		.uleb128 0x49
 523 0028 13       		.uleb128 0x13
 524 0029 00       		.byte	0
 525 002a 00       		.byte	0
 526 002b 04       		.uleb128 0x4
 527 002c 24       		.uleb128 0x24
 528 002d 00       		.byte	0
 529 002e 0B       		.uleb128 0xb
 530 002f 0B       		.uleb128 0xb
 531 0030 3E       		.uleb128 0x3e
 532 0031 0B       		.uleb128 0xb
 533 0032 03       		.uleb128 0x3
 534 0033 08       		.uleb128 0x8
 535 0034 00       		.byte	0
 536 0035 00       		.byte	0
 537 0036 05       		.uleb128 0x5
 538 0037 16       		.uleb128 0x16
 539 0038 00       		.byte	0
 540 0039 03       		.uleb128 0x3
 541 003a 0E       		.uleb128 0xe
 542 003b 3A       		.uleb128 0x3a
 543 003c 0B       		.uleb128 0xb
 544 003d 3B       		.uleb128 0x3b
 545 003e 05       		.uleb128 0x5
 546 003f 49       		.uleb128 0x49
 547 0040 13       		.uleb128 0x13
 548 0041 00       		.byte	0
 549 0042 00       		.byte	0
 550 0043 06       		.uleb128 0x6
 551 0044 35       		.uleb128 0x35
 552 0045 00       		.byte	0
 553 0046 49       		.uleb128 0x49
 554 0047 13       		.uleb128 0x13
 555 0048 00       		.byte	0
 556 0049 00       		.byte	0
 557 004a 07       		.uleb128 0x7
 558 004b 2E       		.uleb128 0x2e
 559 004c 01       		.byte	0x1
 560 004d 3F       		.uleb128 0x3f
 561 004e 19       		.uleb128 0x19
 562 004f 03       		.uleb128 0x3
 563 0050 0E       		.uleb128 0xe
 564 0051 3A       		.uleb128 0x3a
ARM GAS  C:\Users\cante\AppData\Local\Temp\ccsS74Py.s 			page 12


 565 0052 0B       		.uleb128 0xb
 566 0053 3B       		.uleb128 0x3b
 567 0054 0B       		.uleb128 0xb
 568 0055 27       		.uleb128 0x27
 569 0056 19       		.uleb128 0x19
 570 0057 11       		.uleb128 0x11
 571 0058 01       		.uleb128 0x1
 572 0059 12       		.uleb128 0x12
 573 005a 06       		.uleb128 0x6
 574 005b 40       		.uleb128 0x40
 575 005c 18       		.uleb128 0x18
 576 005d 9742     		.uleb128 0x2117
 577 005f 19       		.uleb128 0x19
 578 0060 01       		.uleb128 0x1
 579 0061 13       		.uleb128 0x13
 580 0062 00       		.byte	0
 581 0063 00       		.byte	0
 582 0064 08       		.uleb128 0x8
 583 0065 898201   		.uleb128 0x4109
 584 0068 00       		.byte	0
 585 0069 11       		.uleb128 0x11
 586 006a 01       		.uleb128 0x1
 587 006b 31       		.uleb128 0x31
 588 006c 13       		.uleb128 0x13
 589 006d 00       		.byte	0
 590 006e 00       		.byte	0
 591 006f 09       		.uleb128 0x9
 592 0070 898201   		.uleb128 0x4109
 593 0073 01       		.byte	0x1
 594 0074 11       		.uleb128 0x11
 595 0075 01       		.uleb128 0x1
 596 0076 31       		.uleb128 0x31
 597 0077 13       		.uleb128 0x13
 598 0078 00       		.byte	0
 599 0079 00       		.byte	0
 600 007a 0A       		.uleb128 0xa
 601 007b 8A8201   		.uleb128 0x410a
 602 007e 00       		.byte	0
 603 007f 02       		.uleb128 0x2
 604 0080 18       		.uleb128 0x18
 605 0081 9142     		.uleb128 0x2111
 606 0083 18       		.uleb128 0x18
 607 0084 00       		.byte	0
 608 0085 00       		.byte	0
 609 0086 0B       		.uleb128 0xb
 610 0087 898201   		.uleb128 0x4109
 611 008a 01       		.byte	0x1
 612 008b 11       		.uleb128 0x11
 613 008c 01       		.uleb128 0x1
 614 008d 31       		.uleb128 0x31
 615 008e 13       		.uleb128 0x13
 616 008f 01       		.uleb128 0x1
 617 0090 13       		.uleb128 0x13
 618 0091 00       		.byte	0
 619 0092 00       		.byte	0
 620 0093 0C       		.uleb128 0xc
 621 0094 01       		.uleb128 0x1
ARM GAS  C:\Users\cante\AppData\Local\Temp\ccsS74Py.s 			page 13


 622 0095 01       		.byte	0x1
 623 0096 49       		.uleb128 0x49
 624 0097 13       		.uleb128 0x13
 625 0098 01       		.uleb128 0x1
 626 0099 13       		.uleb128 0x13
 627 009a 00       		.byte	0
 628 009b 00       		.byte	0
 629 009c 0D       		.uleb128 0xd
 630 009d 21       		.uleb128 0x21
 631 009e 00       		.byte	0
 632 009f 49       		.uleb128 0x49
 633 00a0 13       		.uleb128 0x13
 634 00a1 2F       		.uleb128 0x2f
 635 00a2 0B       		.uleb128 0xb
 636 00a3 00       		.byte	0
 637 00a4 00       		.byte	0
 638 00a5 0E       		.uleb128 0xe
 639 00a6 34       		.uleb128 0x34
 640 00a7 00       		.byte	0
 641 00a8 03       		.uleb128 0x3
 642 00a9 0E       		.uleb128 0xe
 643 00aa 3A       		.uleb128 0x3a
 644 00ab 0B       		.uleb128 0xb
 645 00ac 3B       		.uleb128 0x3b
 646 00ad 0B       		.uleb128 0xb
 647 00ae 49       		.uleb128 0x49
 648 00af 13       		.uleb128 0x13
 649 00b0 3F       		.uleb128 0x3f
 650 00b1 19       		.uleb128 0x19
 651 00b2 02       		.uleb128 0x2
 652 00b3 18       		.uleb128 0x18
 653 00b4 00       		.byte	0
 654 00b5 00       		.byte	0
 655 00b6 0F       		.uleb128 0xf
 656 00b7 34       		.uleb128 0x34
 657 00b8 00       		.byte	0
 658 00b9 03       		.uleb128 0x3
 659 00ba 0E       		.uleb128 0xe
 660 00bb 3A       		.uleb128 0x3a
 661 00bc 0B       		.uleb128 0xb
 662 00bd 3B       		.uleb128 0x3b
 663 00be 05       		.uleb128 0x5
 664 00bf 49       		.uleb128 0x49
 665 00c0 13       		.uleb128 0x13
 666 00c1 3F       		.uleb128 0x3f
 667 00c2 19       		.uleb128 0x19
 668 00c3 3C       		.uleb128 0x3c
 669 00c4 19       		.uleb128 0x19
 670 00c5 00       		.byte	0
 671 00c6 00       		.byte	0
 672 00c7 10       		.uleb128 0x10
 673 00c8 34       		.uleb128 0x34
 674 00c9 00       		.byte	0
 675 00ca 03       		.uleb128 0x3
 676 00cb 0E       		.uleb128 0xe
 677 00cc 3A       		.uleb128 0x3a
 678 00cd 0B       		.uleb128 0xb
ARM GAS  C:\Users\cante\AppData\Local\Temp\ccsS74Py.s 			page 14


 679 00ce 3B       		.uleb128 0x3b
 680 00cf 0B       		.uleb128 0xb
 681 00d0 49       		.uleb128 0x49
 682 00d1 13       		.uleb128 0x13
 683 00d2 3F       		.uleb128 0x3f
 684 00d3 19       		.uleb128 0x19
 685 00d4 3C       		.uleb128 0x3c
 686 00d5 19       		.uleb128 0x19
 687 00d6 00       		.byte	0
 688 00d7 00       		.byte	0
 689 00d8 11       		.uleb128 0x11
 690 00d9 2E       		.uleb128 0x2e
 691 00da 00       		.byte	0
 692 00db 3F       		.uleb128 0x3f
 693 00dc 19       		.uleb128 0x19
 694 00dd 3C       		.uleb128 0x3c
 695 00de 19       		.uleb128 0x19
 696 00df 6E       		.uleb128 0x6e
 697 00e0 0E       		.uleb128 0xe
 698 00e1 03       		.uleb128 0x3
 699 00e2 0E       		.uleb128 0xe
 700 00e3 3A       		.uleb128 0x3a
 701 00e4 0B       		.uleb128 0xb
 702 00e5 3B       		.uleb128 0x3b
 703 00e6 0B       		.uleb128 0xb
 704 00e7 00       		.byte	0
 705 00e8 00       		.byte	0
 706 00e9 00       		.byte	0
 707              		.section	.debug_aranges,"",%progbits
 708 0000 24000000 		.4byte	0x24
 709 0004 0200     		.2byte	0x2
 710 0006 00000000 		.4byte	.Ldebug_info0
 711 000a 04       		.byte	0x4
 712 000b 00       		.byte	0
 713 000c 0000     		.2byte	0
 714 000e 0000     		.2byte	0
 715 0010 00000000 		.4byte	.LFB64
 716 0014 68000000 		.4byte	.LFE64-.LFB64
 717 0018 00000000 		.4byte	.LFB65
 718 001c 60000000 		.4byte	.LFE65-.LFB65
 719 0020 00000000 		.4byte	0
 720 0024 00000000 		.4byte	0
 721              		.section	.debug_ranges,"",%progbits
 722              	.Ldebug_ranges0:
 723 0000 00000000 		.4byte	.LFB64
 724 0004 68000000 		.4byte	.LFE64
 725 0008 00000000 		.4byte	.LFB65
 726 000c 60000000 		.4byte	.LFE65
 727 0010 00000000 		.4byte	0
 728 0014 00000000 		.4byte	0
 729              		.section	.debug_line,"",%progbits
 730              	.Ldebug_line0:
 731 0000 59020000 		.section	.debug_str,"MS",%progbits,1
 731      02001502 
 731      00000201 
 731      FB0E0D00 
 731      01010101 
ARM GAS  C:\Users\cante\AppData\Local\Temp\ccsS74Py.s 			page 15


 732              	.LASF25:
 733 0000 53656E64 		.ascii	"SendBytesFlag\000"
 733      42797465 
 733      73466C61 
 733      6700
 734              	.LASF18:
 735 000e 43757374 		.ascii	"Custom_ISR_ADC\000"
 735      6F6D5F49 
 735      53525F41 
 735      444300
 736              	.LASF9:
 737 001d 5F5F696E 		.ascii	"__int32_t\000"
 737      7433325F 
 737      7400
 738              	.LASF27:
 739 0027 54696D65 		.ascii	"Timer_ReadStatusRegister\000"
 739      725F5265 
 739      61645374 
 739      61747573 
 739      52656769 
 740              	.LASF3:
 741 0040 73686F72 		.ascii	"short unsigned int\000"
 741      7420756E 
 741      7369676E 
 741      65642069 
 741      6E7400
 742              	.LASF23:
 743 0053 76616C75 		.ascii	"value_mv\000"
 743      655F6D76 
 743      00
 744              	.LASF10:
 745 005c 696E7433 		.ascii	"int32_t\000"
 745      325F7400 
 746              	.LASF34:
 747 0064 54696D65 		.ascii	"Timer_Stop\000"
 747      725F5374 
 747      6F7000
 748              	.LASF13:
 749 006f 666C6F61 		.ascii	"float\000"
 749      7400
 750              	.LASF1:
 751 0075 756E7369 		.ascii	"unsigned char\000"
 751      676E6564 
 751      20636861 
 751      7200
 752              	.LASF35:
 753 0083 474E5520 		.ascii	"GNU C11 5.4.1 20160609 (release) [ARM/embedded-5-br"
 753      43313120 
 753      352E342E 
 753      31203230 
 753      31363036 
 754 00b6 616E6368 		.ascii	"anch revision 237715] -mcpu=cortex-m3 -mthumb -g -O"
 754      20726576 
 754      6973696F 
 754      6E203233 
 754      37373135 
 755 00e9 67202D66 		.ascii	"g -ffunction-sections -ffat-lto-objects\000"
ARM GAS  C:\Users\cante\AppData\Local\Temp\ccsS74Py.s 			page 16


 755      66756E63 
 755      74696F6E 
 755      2D736563 
 755      74696F6E 
 756              	.LASF5:
 757 0111 6C6F6E67 		.ascii	"long unsigned int\000"
 757      20756E73 
 757      69676E65 
 757      6420696E 
 757      7400
 758              	.LASF12:
 759 0123 696E7433 		.ascii	"int32\000"
 759      3200
 760              	.LASF21:
 761 0129 49544D5F 		.ascii	"ITM_RxBuffer\000"
 761      52784275 
 761      66666572 
 761      00
 762              	.LASF14:
 763 0136 646F7562 		.ascii	"double\000"
 763      6C6500
 764              	.LASF33:
 765 013d 54696D65 		.ascii	"Timer_Start\000"
 765      725F5374 
 765      61727400 
 766              	.LASF8:
 767 0149 756E7369 		.ascii	"unsigned int\000"
 767      676E6564 
 767      20696E74 
 767      00
 768              	.LASF32:
 769 0156 50696E5F 		.ascii	"Pin_LED_Write\000"
 769      4C45445F 
 769      57726974 
 769      6500
 770              	.LASF7:
 771 0164 6C6F6E67 		.ascii	"long long unsigned int\000"
 771      206C6F6E 
 771      6720756E 
 771      7369676E 
 771      65642069 
 772              	.LASF29:
 773 017b 4144435F 		.ascii	"ADC_DelSig_CountsTo_mVolts\000"
 773      44656C53 
 773      69675F43 
 773      6F756E74 
 773      73546F5F 
 774              	.LASF26:
 775 0196 63685F72 		.ascii	"ch_received\000"
 775      65636569 
 775      76656400 
 776              	.LASF17:
 777 01a2 73697A65 		.ascii	"sizetype\000"
 777      74797065 
 777      00
 778              	.LASF28:
 779 01ab 4144435F 		.ascii	"ADC_DelSig_Read32\000"
ARM GAS  C:\Users\cante\AppData\Local\Temp\ccsS74Py.s 			page 17


 779      44656C53 
 779      69675F52 
 779      65616433 
 779      3200
 780              	.LASF6:
 781 01bd 6C6F6E67 		.ascii	"long long int\000"
 781      206C6F6E 
 781      6720696E 
 781      7400
 782              	.LASF19:
 783 01cb 43757374 		.ascii	"Custom_ISR_RX\000"
 783      6F6D5F49 
 783      53525F52 
 783      5800
 784              	.LASF20:
 785 01d9 44617461 		.ascii	"DataBuffer\000"
 785      42756666 
 785      657200
 786              	.LASF37:
 787 01e4 433A5C55 		.ascii	"C:\\Users\\cante\\Desktop\\INGEGNERIA BIOMEDICA\\V "
 787      73657273 
 787      5C63616E 
 787      74655C44 
 787      65736B74 
 788 0212 414E4E4F 		.ascii	"ANNO\\LAB ELETTRONICA\\PSoC\\Progetti 7 aprile\\Wor"
 788      5C4C4142 
 788      20454C45 
 788      5454524F 
 788      4E494341 
 789 0241 6B737061 		.ascii	"kspace01\\Project3.cydsn\000"
 789      63653031 
 789      5C50726F 
 789      6A656374 
 789      332E6379 
 790              	.LASF2:
 791 0259 73686F72 		.ascii	"short int\000"
 791      7420696E 
 791      7400
 792              	.LASF24:
 793 0263 5061636B 		.ascii	"PacketReadyFlag\000"
 793      65745265 
 793      61647946 
 793      6C616700 
 794              	.LASF11:
 795 0273 75696E74 		.ascii	"uint8\000"
 795      3800
 796              	.LASF4:
 797 0279 6C6F6E67 		.ascii	"long int\000"
 797      20696E74 
 797      00
 798              	.LASF15:
 799 0282 63686172 		.ascii	"char\000"
 799      00
 800              	.LASF22:
 801 0287 76616C75 		.ascii	"value_digit\000"
 801      655F6469 
 801      67697400 
ARM GAS  C:\Users\cante\AppData\Local\Temp\ccsS74Py.s 			page 18


 802              	.LASF16:
 803 0293 6C6F6E67 		.ascii	"long double\000"
 803      20646F75 
 803      626C6500 
 804              	.LASF0:
 805 029f 7369676E 		.ascii	"signed char\000"
 805      65642063 
 805      68617200 
 806              	.LASF31:
 807 02ab 55415254 		.ascii	"UART_GetChar\000"
 807      5F476574 
 807      43686172 
 807      00
 808              	.LASF30:
 809 02b8 73707269 		.ascii	"sprintf\000"
 809      6E746600 
 810              	.LASF36:
 811 02c0 496E7465 		.ascii	"InterruptRoutines.c\000"
 811      72727570 
 811      74526F75 
 811      74696E65 
 811      732E6300 
 812              		.ident	"GCC: (GNU Tools for ARM Embedded Processors) 5.4.1 20160609 (release) [ARM/embedded-5-bran
