ARM GAS  C:\Users\cante\AppData\Local\Temp\cc6u8hcY.s 			page 1


   1              		.syntax unified
   2              		.cpu cortex-m3
   3              		.fpu softvfp
   4              		.eabi_attribute 20, 1
   5              		.eabi_attribute 21, 1
   6              		.eabi_attribute 23, 3
   7              		.eabi_attribute 24, 1
   8              		.eabi_attribute 25, 1
   9              		.eabi_attribute 26, 1
  10              		.eabi_attribute 30, 1
  11              		.eabi_attribute 34, 1
  12              		.eabi_attribute 18, 4
  13              		.thumb
  14              		.syntax unified
  15              		.file	"main.c"
  16              		.text
  17              	.Ltext0:
  18              		.cfi_sections	.debug_frame
  19              		.section	.text.main,"ax",%progbits
  20              		.align	2
  21              		.global	main
  22              		.thumb
  23              		.thumb_func
  24              		.type	main, %function
  25              	main:
  26              	.LFB63:
  27              		.file 1 "main.c"
   1:main.c        **** /* ========================================
   2:main.c        ****  *
   3:main.c        ****  * Copyright YOUR COMPANY, THE YEAR
   4:main.c        ****  * All Rights Reserved
   5:main.c        ****  * UNPUBLISHED, LICENSED SOFTWARE.
   6:main.c        ****  *
   7:main.c        ****  * CONFIDENTIAL AND PROPRIETARY INFORMATION
   8:main.c        ****  * WHICH IS THE PROPERTY OF your company.
   9:main.c        ****  *
  10:main.c        ****  * ========================================
  11:main.c        **** */
  12:main.c        **** #include "project.h"
  13:main.c        **** 
  14:main.c        **** int main(void)
  15:main.c        **** {
  28              		.loc 1 15 0
  29              		.cfi_startproc
  30              		@ Volatile: function does not return.
  31              		@ args = 0, pretend = 0, frame = 0
  32              		@ frame_needed = 0, uses_anonymous_args = 0
  33 0000 08B5     		push	{r3, lr}
  34              		.cfi_def_cfa_offset 8
  35              		.cfi_offset 3, -8
  36              		.cfi_offset 14, -4
  16:main.c        ****     CyGlobalIntEnable; /* Enable global interrupts. */
  37              		.loc 1 16 0
  38              		.syntax unified
  39              	@ 16 "main.c" 1
  40 0002 62B6     		CPSIE   i
  41              	@ 0 "" 2
ARM GAS  C:\Users\cante\AppData\Local\Temp\cc6u8hcY.s 			page 2


  17:main.c        **** 
  18:main.c        ****     /* Place your initialization/startup code here (e.g. MyInst_Start()) */
  19:main.c        ****     UART_Start();
  42              		.loc 1 19 0
  43              		.thumb
  44              		.syntax unified
  45 0004 FFF7FEFF 		bl	UART_Start
  46              	.LVL0:
  20:main.c        ****     UART_PutString("\f");
  47              		.loc 1 20 0
  48 0008 0348     		ldr	r0, .L4
  49 000a FFF7FEFF 		bl	UART_PutString
  50              	.LVL1:
  21:main.c        ****     UART_PutString("Hello world\r\n");
  51              		.loc 1 21 0
  52 000e 0348     		ldr	r0, .L4+4
  53 0010 FFF7FEFF 		bl	UART_PutString
  54              	.LVL2:
  55              	.L2:
  56 0014 FEE7     		b	.L2
  57              	.L5:
  58 0016 00BF     		.align	2
  59              	.L4:
  60 0018 00000000 		.word	.LC0
  61 001c 04000000 		.word	.LC1
  62              		.cfi_endproc
  63              	.LFE63:
  64              		.size	main, .-main
  65              		.section	.rodata.str1.4,"aMS",%progbits,1
  66              		.align	2
  67              	.LC0:
  68 0000 0C00     		.ascii	"\014\000"
  69 0002 0000     		.space	2
  70              	.LC1:
  71 0004 48656C6C 		.ascii	"Hello world\015\012\000"
  71      6F20776F 
  71      726C640D 
  71      0A00
  72              		.text
  73              	.Letext0:
  74              		.file 2 "c:\\program files (x86)\\cypress\\psoc creator\\4.4\\psoc creator\\import\\gnu\\arm\\5.4.
  75              		.file 3 "c:\\program files (x86)\\cypress\\psoc creator\\4.4\\psoc creator\\import\\gnu\\arm\\5.4.
  76              		.file 4 "Generated_Source\\PSoC5/UART.h"
  77              		.file 5 "Generated_Source\\PSoC5/core_cm3.h"
  78              		.section	.debug_info,"",%progbits
  79              	.Ldebug_info0:
  80 0000 15010000 		.4byte	0x115
  81 0004 0400     		.2byte	0x4
  82 0006 00000000 		.4byte	.Ldebug_abbrev0
  83 000a 04       		.byte	0x4
  84 000b 01       		.uleb128 0x1
  85 000c 3A000000 		.4byte	.LASF18
  86 0010 0C       		.byte	0xc
  87 0011 2E000000 		.4byte	.LASF19
  88 0015 F1000000 		.4byte	.LASF20
  89 0019 00000000 		.4byte	.Ldebug_ranges0+0
  90 001d 00000000 		.4byte	0
ARM GAS  C:\Users\cante\AppData\Local\Temp\cc6u8hcY.s 			page 3


  91 0021 00000000 		.4byte	.Ldebug_line0
  92 0025 02       		.uleb128 0x2
  93 0026 01       		.byte	0x1
  94 0027 06       		.byte	0x6
  95 0028 B0010000 		.4byte	.LASF0
  96 002c 02       		.uleb128 0x2
  97 002d 01       		.byte	0x1
  98 002e 08       		.byte	0x8
  99 002f 71010000 		.4byte	.LASF1
 100 0033 02       		.uleb128 0x2
 101 0034 02       		.byte	0x2
 102 0035 05       		.byte	0x5
 103 0036 D8010000 		.4byte	.LASF2
 104 003a 02       		.uleb128 0x2
 105 003b 02       		.byte	0x2
 106 003c 07       		.byte	0x7
 107 003d 0E000000 		.4byte	.LASF3
 108 0041 03       		.uleb128 0x3
 109 0042 C8010000 		.4byte	.LASF9
 110 0046 02       		.byte	0x2
 111 0047 3F       		.byte	0x3f
 112 0048 4C000000 		.4byte	0x4c
 113 004c 02       		.uleb128 0x2
 114 004d 04       		.byte	0x4
 115 004e 05       		.byte	0x5
 116 004f 84010000 		.4byte	.LASF4
 117 0053 02       		.uleb128 0x2
 118 0054 04       		.byte	0x4
 119 0055 07       		.byte	0x7
 120 0056 C8000000 		.4byte	.LASF5
 121 005a 02       		.uleb128 0x2
 122 005b 08       		.byte	0x8
 123 005c 05       		.byte	0x5
 124 005d 00000000 		.4byte	.LASF6
 125 0061 02       		.uleb128 0x2
 126 0062 08       		.byte	0x8
 127 0063 07       		.byte	0x7
 128 0064 DA000000 		.4byte	.LASF7
 129 0068 04       		.uleb128 0x4
 130 0069 04       		.byte	0x4
 131 006a 05       		.byte	0x5
 132 006b 696E7400 		.ascii	"int\000"
 133 006f 02       		.uleb128 0x2
 134 0070 04       		.byte	0x4
 135 0071 07       		.byte	0x7
 136 0072 21000000 		.4byte	.LASF8
 137 0076 03       		.uleb128 0x3
 138 0077 E2010000 		.4byte	.LASF10
 139 007b 03       		.byte	0x3
 140 007c 2C       		.byte	0x2c
 141 007d 41000000 		.4byte	0x41
 142 0081 02       		.uleb128 0x2
 143 0082 04       		.byte	0x4
 144 0083 04       		.byte	0x4
 145 0084 D2010000 		.4byte	.LASF11
 146 0088 02       		.uleb128 0x2
 147 0089 08       		.byte	0x8
ARM GAS  C:\Users\cante\AppData\Local\Temp\cc6u8hcY.s 			page 4


 148 008a 04       		.byte	0x4
 149 008b 8D010000 		.4byte	.LASF12
 150 008f 02       		.uleb128 0x2
 151 0090 01       		.byte	0x1
 152 0091 08       		.byte	0x8
 153 0092 7F010000 		.4byte	.LASF13
 154 0096 02       		.uleb128 0x2
 155 0097 08       		.byte	0x8
 156 0098 04       		.byte	0x4
 157 0099 BC010000 		.4byte	.LASF14
 158 009d 02       		.uleb128 0x2
 159 009e 04       		.byte	0x4
 160 009f 07       		.byte	0x7
 161 00a0 EA010000 		.4byte	.LASF15
 162 00a4 05       		.uleb128 0x5
 163 00a5 35000000 		.4byte	.LASF21
 164 00a9 01       		.byte	0x1
 165 00aa 0E       		.byte	0xe
 166 00ab 68000000 		.4byte	0x68
 167 00af 00000000 		.4byte	.LFB63
 168 00b3 20000000 		.4byte	.LFE63-.LFB63
 169 00b7 01       		.uleb128 0x1
 170 00b8 9C       		.byte	0x9c
 171 00b9 F1000000 		.4byte	0xf1
 172 00bd 06       		.uleb128 0x6
 173 00be 08000000 		.4byte	.LVL0
 174 00c2 02010000 		.4byte	0x102
 175 00c6 07       		.uleb128 0x7
 176 00c7 0E000000 		.4byte	.LVL1
 177 00cb 0D010000 		.4byte	0x10d
 178 00cf DD000000 		.4byte	0xdd
 179 00d3 08       		.uleb128 0x8
 180 00d4 01       		.uleb128 0x1
 181 00d5 50       		.byte	0x50
 182 00d6 05       		.uleb128 0x5
 183 00d7 03       		.byte	0x3
 184 00d8 00000000 		.4byte	.LC0
 185 00dc 00       		.byte	0
 186 00dd 09       		.uleb128 0x9
 187 00de 14000000 		.4byte	.LVL2
 188 00e2 0D010000 		.4byte	0x10d
 189 00e6 08       		.uleb128 0x8
 190 00e7 01       		.uleb128 0x1
 191 00e8 50       		.byte	0x50
 192 00e9 05       		.uleb128 0x5
 193 00ea 03       		.byte	0x3
 194 00eb 04000000 		.4byte	.LC1
 195 00ef 00       		.byte	0
 196 00f0 00       		.byte	0
 197 00f1 0A       		.uleb128 0xa
 198 00f2 A3010000 		.4byte	.LASF22
 199 00f6 05       		.byte	0x5
 200 00f7 1207     		.2byte	0x712
 201 00f9 FD000000 		.4byte	0xfd
 202 00fd 0B       		.uleb128 0xb
 203 00fe 76000000 		.4byte	0x76
 204 0102 0C       		.uleb128 0xc
ARM GAS  C:\Users\cante\AppData\Local\Temp\cc6u8hcY.s 			page 5


 205 0103 66010000 		.4byte	.LASF16
 206 0107 66010000 		.4byte	.LASF16
 207 010b 04       		.byte	0x4
 208 010c 54       		.byte	0x54
 209 010d 0C       		.uleb128 0xc
 210 010e 94010000 		.4byte	.LASF17
 211 0112 94010000 		.4byte	.LASF17
 212 0116 04       		.byte	0x4
 213 0117 8B       		.byte	0x8b
 214 0118 00       		.byte	0
 215              		.section	.debug_abbrev,"",%progbits
 216              	.Ldebug_abbrev0:
 217 0000 01       		.uleb128 0x1
 218 0001 11       		.uleb128 0x11
 219 0002 01       		.byte	0x1
 220 0003 25       		.uleb128 0x25
 221 0004 0E       		.uleb128 0xe
 222 0005 13       		.uleb128 0x13
 223 0006 0B       		.uleb128 0xb
 224 0007 03       		.uleb128 0x3
 225 0008 0E       		.uleb128 0xe
 226 0009 1B       		.uleb128 0x1b
 227 000a 0E       		.uleb128 0xe
 228 000b 55       		.uleb128 0x55
 229 000c 17       		.uleb128 0x17
 230 000d 11       		.uleb128 0x11
 231 000e 01       		.uleb128 0x1
 232 000f 10       		.uleb128 0x10
 233 0010 17       		.uleb128 0x17
 234 0011 00       		.byte	0
 235 0012 00       		.byte	0
 236 0013 02       		.uleb128 0x2
 237 0014 24       		.uleb128 0x24
 238 0015 00       		.byte	0
 239 0016 0B       		.uleb128 0xb
 240 0017 0B       		.uleb128 0xb
 241 0018 3E       		.uleb128 0x3e
 242 0019 0B       		.uleb128 0xb
 243 001a 03       		.uleb128 0x3
 244 001b 0E       		.uleb128 0xe
 245 001c 00       		.byte	0
 246 001d 00       		.byte	0
 247 001e 03       		.uleb128 0x3
 248 001f 16       		.uleb128 0x16
 249 0020 00       		.byte	0
 250 0021 03       		.uleb128 0x3
 251 0022 0E       		.uleb128 0xe
 252 0023 3A       		.uleb128 0x3a
 253 0024 0B       		.uleb128 0xb
 254 0025 3B       		.uleb128 0x3b
 255 0026 0B       		.uleb128 0xb
 256 0027 49       		.uleb128 0x49
 257 0028 13       		.uleb128 0x13
 258 0029 00       		.byte	0
 259 002a 00       		.byte	0
 260 002b 04       		.uleb128 0x4
 261 002c 24       		.uleb128 0x24
ARM GAS  C:\Users\cante\AppData\Local\Temp\cc6u8hcY.s 			page 6


 262 002d 00       		.byte	0
 263 002e 0B       		.uleb128 0xb
 264 002f 0B       		.uleb128 0xb
 265 0030 3E       		.uleb128 0x3e
 266 0031 0B       		.uleb128 0xb
 267 0032 03       		.uleb128 0x3
 268 0033 08       		.uleb128 0x8
 269 0034 00       		.byte	0
 270 0035 00       		.byte	0
 271 0036 05       		.uleb128 0x5
 272 0037 2E       		.uleb128 0x2e
 273 0038 01       		.byte	0x1
 274 0039 3F       		.uleb128 0x3f
 275 003a 19       		.uleb128 0x19
 276 003b 03       		.uleb128 0x3
 277 003c 0E       		.uleb128 0xe
 278 003d 3A       		.uleb128 0x3a
 279 003e 0B       		.uleb128 0xb
 280 003f 3B       		.uleb128 0x3b
 281 0040 0B       		.uleb128 0xb
 282 0041 27       		.uleb128 0x27
 283 0042 19       		.uleb128 0x19
 284 0043 49       		.uleb128 0x49
 285 0044 13       		.uleb128 0x13
 286 0045 8701     		.uleb128 0x87
 287 0047 19       		.uleb128 0x19
 288 0048 11       		.uleb128 0x11
 289 0049 01       		.uleb128 0x1
 290 004a 12       		.uleb128 0x12
 291 004b 06       		.uleb128 0x6
 292 004c 40       		.uleb128 0x40
 293 004d 18       		.uleb128 0x18
 294 004e 9742     		.uleb128 0x2117
 295 0050 19       		.uleb128 0x19
 296 0051 01       		.uleb128 0x1
 297 0052 13       		.uleb128 0x13
 298 0053 00       		.byte	0
 299 0054 00       		.byte	0
 300 0055 06       		.uleb128 0x6
 301 0056 898201   		.uleb128 0x4109
 302 0059 00       		.byte	0
 303 005a 11       		.uleb128 0x11
 304 005b 01       		.uleb128 0x1
 305 005c 31       		.uleb128 0x31
 306 005d 13       		.uleb128 0x13
 307 005e 00       		.byte	0
 308 005f 00       		.byte	0
 309 0060 07       		.uleb128 0x7
 310 0061 898201   		.uleb128 0x4109
 311 0064 01       		.byte	0x1
 312 0065 11       		.uleb128 0x11
 313 0066 01       		.uleb128 0x1
 314 0067 31       		.uleb128 0x31
 315 0068 13       		.uleb128 0x13
 316 0069 01       		.uleb128 0x1
 317 006a 13       		.uleb128 0x13
 318 006b 00       		.byte	0
ARM GAS  C:\Users\cante\AppData\Local\Temp\cc6u8hcY.s 			page 7


 319 006c 00       		.byte	0
 320 006d 08       		.uleb128 0x8
 321 006e 8A8201   		.uleb128 0x410a
 322 0071 00       		.byte	0
 323 0072 02       		.uleb128 0x2
 324 0073 18       		.uleb128 0x18
 325 0074 9142     		.uleb128 0x2111
 326 0076 18       		.uleb128 0x18
 327 0077 00       		.byte	0
 328 0078 00       		.byte	0
 329 0079 09       		.uleb128 0x9
 330 007a 898201   		.uleb128 0x4109
 331 007d 01       		.byte	0x1
 332 007e 11       		.uleb128 0x11
 333 007f 01       		.uleb128 0x1
 334 0080 31       		.uleb128 0x31
 335 0081 13       		.uleb128 0x13
 336 0082 00       		.byte	0
 337 0083 00       		.byte	0
 338 0084 0A       		.uleb128 0xa
 339 0085 34       		.uleb128 0x34
 340 0086 00       		.byte	0
 341 0087 03       		.uleb128 0x3
 342 0088 0E       		.uleb128 0xe
 343 0089 3A       		.uleb128 0x3a
 344 008a 0B       		.uleb128 0xb
 345 008b 3B       		.uleb128 0x3b
 346 008c 05       		.uleb128 0x5
 347 008d 49       		.uleb128 0x49
 348 008e 13       		.uleb128 0x13
 349 008f 3F       		.uleb128 0x3f
 350 0090 19       		.uleb128 0x19
 351 0091 3C       		.uleb128 0x3c
 352 0092 19       		.uleb128 0x19
 353 0093 00       		.byte	0
 354 0094 00       		.byte	0
 355 0095 0B       		.uleb128 0xb
 356 0096 35       		.uleb128 0x35
 357 0097 00       		.byte	0
 358 0098 49       		.uleb128 0x49
 359 0099 13       		.uleb128 0x13
 360 009a 00       		.byte	0
 361 009b 00       		.byte	0
 362 009c 0C       		.uleb128 0xc
 363 009d 2E       		.uleb128 0x2e
 364 009e 00       		.byte	0
 365 009f 3F       		.uleb128 0x3f
 366 00a0 19       		.uleb128 0x19
 367 00a1 3C       		.uleb128 0x3c
 368 00a2 19       		.uleb128 0x19
 369 00a3 6E       		.uleb128 0x6e
 370 00a4 0E       		.uleb128 0xe
 371 00a5 03       		.uleb128 0x3
 372 00a6 0E       		.uleb128 0xe
 373 00a7 3A       		.uleb128 0x3a
 374 00a8 0B       		.uleb128 0xb
 375 00a9 3B       		.uleb128 0x3b
ARM GAS  C:\Users\cante\AppData\Local\Temp\cc6u8hcY.s 			page 8


 376 00aa 0B       		.uleb128 0xb
 377 00ab 00       		.byte	0
 378 00ac 00       		.byte	0
 379 00ad 00       		.byte	0
 380              		.section	.debug_aranges,"",%progbits
 381 0000 1C000000 		.4byte	0x1c
 382 0004 0200     		.2byte	0x2
 383 0006 00000000 		.4byte	.Ldebug_info0
 384 000a 04       		.byte	0x4
 385 000b 00       		.byte	0
 386 000c 0000     		.2byte	0
 387 000e 0000     		.2byte	0
 388 0010 00000000 		.4byte	.LFB63
 389 0014 20000000 		.4byte	.LFE63-.LFB63
 390 0018 00000000 		.4byte	0
 391 001c 00000000 		.4byte	0
 392              		.section	.debug_ranges,"",%progbits
 393              	.Ldebug_ranges0:
 394 0000 00000000 		.4byte	.LFB63
 395 0004 20000000 		.4byte	.LFE63
 396 0008 00000000 		.4byte	0
 397 000c 00000000 		.4byte	0
 398              		.section	.debug_line,"",%progbits
 399              	.Ldebug_line0:
 400 0000 62010000 		.section	.debug_str,"MS",%progbits,1
 400      02004901 
 400      00000201 
 400      FB0E0D00 
 400      01010101 
 401              	.LASF6:
 402 0000 6C6F6E67 		.ascii	"long long int\000"
 402      206C6F6E 
 402      6720696E 
 402      7400
 403              	.LASF3:
 404 000e 73686F72 		.ascii	"short unsigned int\000"
 404      7420756E 
 404      7369676E 
 404      65642069 
 404      6E7400
 405              	.LASF8:
 406 0021 756E7369 		.ascii	"unsigned int\000"
 406      676E6564 
 406      20696E74 
 406      00
 407              	.LASF19:
 408 002e 6D61696E 		.ascii	"main.c\000"
 408      2E6300
 409              	.LASF21:
 410 0035 6D61696E 		.ascii	"main\000"
 410      00
 411              	.LASF18:
 412 003a 474E5520 		.ascii	"GNU C11 5.4.1 20160609 (release) [ARM/embedded-5-br"
 412      43313120 
 412      352E342E 
 412      31203230 
 412      31363036 
ARM GAS  C:\Users\cante\AppData\Local\Temp\cc6u8hcY.s 			page 9


 413 006d 616E6368 		.ascii	"anch revision 237715] -mcpu=cortex-m3 -mthumb -g -O"
 413      20726576 
 413      6973696F 
 413      6E203233 
 413      37373135 
 414 00a0 67202D66 		.ascii	"g -ffunction-sections -ffat-lto-objects\000"
 414      66756E63 
 414      74696F6E 
 414      2D736563 
 414      74696F6E 
 415              	.LASF5:
 416 00c8 6C6F6E67 		.ascii	"long unsigned int\000"
 416      20756E73 
 416      69676E65 
 416      6420696E 
 416      7400
 417              	.LASF7:
 418 00da 6C6F6E67 		.ascii	"long long unsigned int\000"
 418      206C6F6E 
 418      6720756E 
 418      7369676E 
 418      65642069 
 419              	.LASF20:
 420 00f1 433A5C55 		.ascii	"C:\\Users\\cante\\Desktop\\INGEGNERIA BIOMEDICA\\V "
 420      73657273 
 420      5C63616E 
 420      74655C44 
 420      65736B74 
 421 011f 414E4E4F 		.ascii	"ANNO\\LAB ELETTRONICA\\PSoC\\Progetti 7 aprile\\Wor"
 421      5C4C4142 
 421      20454C45 
 421      5454524F 
 421      4E494341 
 422 014e 6B737061 		.ascii	"kspace01\\Project1.cydsn\000"
 422      63653031 
 422      5C50726F 
 422      6A656374 
 422      312E6379 
 423              	.LASF16:
 424 0166 55415254 		.ascii	"UART_Start\000"
 424      5F537461 
 424      727400
 425              	.LASF1:
 426 0171 756E7369 		.ascii	"unsigned char\000"
 426      676E6564 
 426      20636861 
 426      7200
 427              	.LASF13:
 428 017f 63686172 		.ascii	"char\000"
 428      00
 429              	.LASF4:
 430 0184 6C6F6E67 		.ascii	"long int\000"
 430      20696E74 
 430      00
 431              	.LASF12:
 432 018d 646F7562 		.ascii	"double\000"
 432      6C6500
ARM GAS  C:\Users\cante\AppData\Local\Temp\cc6u8hcY.s 			page 10


 433              	.LASF17:
 434 0194 55415254 		.ascii	"UART_PutString\000"
 434      5F507574 
 434      53747269 
 434      6E6700
 435              	.LASF22:
 436 01a3 49544D5F 		.ascii	"ITM_RxBuffer\000"
 436      52784275 
 436      66666572 
 436      00
 437              	.LASF0:
 438 01b0 7369676E 		.ascii	"signed char\000"
 438      65642063 
 438      68617200 
 439              	.LASF14:
 440 01bc 6C6F6E67 		.ascii	"long double\000"
 440      20646F75 
 440      626C6500 
 441              	.LASF9:
 442 01c8 5F5F696E 		.ascii	"__int32_t\000"
 442      7433325F 
 442      7400
 443              	.LASF11:
 444 01d2 666C6F61 		.ascii	"float\000"
 444      7400
 445              	.LASF2:
 446 01d8 73686F72 		.ascii	"short int\000"
 446      7420696E 
 446      7400
 447              	.LASF10:
 448 01e2 696E7433 		.ascii	"int32_t\000"
 448      325F7400 
 449              	.LASF15:
 450 01ea 73697A65 		.ascii	"sizetype\000"
 450      74797065 
 450      00
 451              		.ident	"GCC: (GNU Tools for ARM Embedded Processors) 5.4.1 20160609 (release) [ARM/embedded-5-bran
