--------------- Build Started: 04/07/2021 15:21:46 Project: Project2, Configuration: ARM GCC 5.4-2016-q2-update Debug ---------------
cydsfit.exe -.appdatapath "C:\Users\cante\AppData\Local\Cypress Semiconductor\PSoC Creator\4.4" -.fdsnotice -.fdswarpdepfile=warp_dependencies.txt -.fdselabdepfile=elab_dependencies.txt -.fdsbldfile=generated_files.txt -.fdsreffile=referenced_files.txt -p "C:\Users\cante\Desktop\INGEGNERIA BIOMEDICA\V ANNO\LAB ELETTRONICA\PSoC\Progetti 7 aprile\Workspace01\Project2.cydsn\Project2.cyprj" -d CY8C5888LTI-LP097 -s "C:\Users\cante\Desktop\INGEGNERIA BIOMEDICA\V ANNO\LAB ELETTRONICA\PSoC\Progetti 7 aprile\Workspace01\Project2.cydsn\Generated_Source\PSoC5" -- -yv2 -q10 -ygs -o2 -v3 -.fftcfgtype=LE
Elaborating Design...
HDL Generation...
Synthesis...
Tech Mapping...
ADD: pft.M0040: information: The following 1 pin(s) will be assigned a location by the fitter: \ADC_DelSig:Bypass_P32(0)\
Analog Placement...
Info: apr.M0002: Analog signal "\ADC_DelSig:Net_35\" is connected to one terminal only. (App=cydsfit)
Analog Routing...
Analog Code Generation...
Digital Placement...
Digital Routing...
Bitstream Generation...
Bitstream Verification...
Static timing analysis...
API Generation...
Dependency Generation...
Cleanup...
--------------- Build Skipped: 04/07/2021 15:22:00 ---------------
