ARM GAS  C:\Users\cante\AppData\Local\Temp\ccYTHsm0.s 			page 1


   1              		.syntax unified
   2              		.cpu cortex-m3
   3              		.fpu softvfp
   4              		.eabi_attribute 20, 1
   5              		.eabi_attribute 21, 1
   6              		.eabi_attribute 23, 3
   7              		.eabi_attribute 24, 1
   8              		.eabi_attribute 25, 1
   9              		.eabi_attribute 26, 1
  10              		.eabi_attribute 30, 1
  11              		.eabi_attribute 34, 1
  12              		.eabi_attribute 18, 4
  13              		.thumb
  14              		.syntax unified
  15              		.file	"InterruptRoutines.c"
  16              		.text
  17              	.Ltext0:
  18              		.cfi_sections	.debug_frame
  19              		.section	.text.Custom_LED_ISR,"ax",%progbits
  20              		.align	2
  21              		.global	Custom_LED_ISR
  22              		.thumb
  23              		.thumb_func
  24              		.type	Custom_LED_ISR, %function
  25              	Custom_LED_ISR:
  26              	.LFB63:
  27              		.file 1 "InterruptRoutines.c"
   1:InterruptRoutines.c **** /* ========================================
   2:InterruptRoutines.c ****  
   3:InterruptRoutines.c **** */
   4:InterruptRoutines.c **** 
   5:InterruptRoutines.c **** //this is the source file and we have to include the header files
   6:InterruptRoutines.c **** 
   7:InterruptRoutines.c **** #include "InterruptRoutines.h"
   8:InterruptRoutines.c **** 
   9:InterruptRoutines.c **** CY_ISR(Custom_LED_ISR) 
  10:InterruptRoutines.c **** {
  28              		.loc 1 10 0
  29              		.cfi_startproc
  30              		@ args = 0, pretend = 0, frame = 0
  31              		@ frame_needed = 0, uses_anonymous_args = 0
  32 0000 08B5     		push	{r3, lr}
  33              		.cfi_def_cfa_offset 8
  34              		.cfi_offset 3, -8
  35              		.cfi_offset 14, -4
  11:InterruptRoutines.c ****     //ISR code
  12:InterruptRoutines.c ****     
  13:InterruptRoutines.c ****     //read timer status registr
  14:InterruptRoutines.c ****     Timer_LED_ReadStatusRegister(); //clears interrupt
  36              		.loc 1 14 0
  37 0002 FFF7FEFF 		bl	Timer_LED_ReadStatusRegister
  38              	.LVL0:
  15:InterruptRoutines.c ****     
  16:InterruptRoutines.c ****     //toggle the LED
  17:InterruptRoutines.c ****     GreenLed_Write(!GreenLed_Read());
  39              		.loc 1 17 0
  40 0006 FFF7FEFF 		bl	GreenLed_Read
ARM GAS  C:\Users\cante\AppData\Local\Temp\ccYTHsm0.s 			page 2


  41              	.LVL1:
  42 000a B0FA80F0 		clz	r0, r0
  43 000e 4009     		lsrs	r0, r0, #5
  44 0010 FFF7FEFF 		bl	GreenLed_Write
  45              	.LVL2:
  46 0014 08BD     		pop	{r3, pc}
  47              		.cfi_endproc
  48              	.LFE63:
  49              		.size	Custom_LED_ISR, .-Custom_LED_ISR
  50 0016 00BF     		.text
  51              	.Letext0:
  52              		.file 2 "c:\\program files (x86)\\cypress\\psoc creator\\4.4\\psoc creator\\import\\gnu\\arm\\5.4.
  53              		.file 3 "c:\\program files (x86)\\cypress\\psoc creator\\4.4\\psoc creator\\import\\gnu\\arm\\5.4.
  54              		.file 4 "Generated_Source\\PSoC5/Timer_LED.h"
  55              		.file 5 "Generated_Source\\PSoC5/GreenLed.h"
  56              		.file 6 "Generated_Source\\PSoC5/core_cm3.h"
  57              		.section	.debug_info,"",%progbits
  58              	.Ldebug_info0:
  59 0000 04010000 		.4byte	0x104
  60 0004 0400     		.2byte	0x4
  61 0006 00000000 		.4byte	.Ldebug_abbrev0
  62 000a 04       		.byte	0x4
  63 000b 01       		.uleb128 0x1
  64 000c 3D000000 		.4byte	.LASF19
  65 0010 0C       		.byte	0xc
  66 0011 63010000 		.4byte	.LASF20
  67 0015 CB000000 		.4byte	.LASF21
  68 0019 00000000 		.4byte	.Ldebug_ranges0+0
  69 001d 00000000 		.4byte	0
  70 0021 00000000 		.4byte	.Ldebug_line0
  71 0025 02       		.uleb128 0x2
  72 0026 01       		.byte	0x1
  73 0027 06       		.byte	0x6
  74 0028 C4010000 		.4byte	.LASF0
  75 002c 02       		.uleb128 0x2
  76 002d 01       		.byte	0x1
  77 002e 08       		.byte	0x8
  78 002f 77010000 		.4byte	.LASF1
  79 0033 02       		.uleb128 0x2
  80 0034 02       		.byte	0x2
  81 0035 05       		.byte	0x5
  82 0036 EC010000 		.4byte	.LASF2
  83 003a 02       		.uleb128 0x2
  84 003b 02       		.byte	0x2
  85 003c 07       		.byte	0x7
  86 003d 0E000000 		.4byte	.LASF3
  87 0041 03       		.uleb128 0x3
  88 0042 DC010000 		.4byte	.LASF9
  89 0046 02       		.byte	0x2
  90 0047 3F       		.byte	0x3f
  91 0048 4C000000 		.4byte	0x4c
  92 004c 02       		.uleb128 0x2
  93 004d 04       		.byte	0x4
  94 004e 05       		.byte	0x5
  95 004f 98010000 		.4byte	.LASF4
  96 0053 02       		.uleb128 0x2
  97 0054 04       		.byte	0x4
ARM GAS  C:\Users\cante\AppData\Local\Temp\ccYTHsm0.s 			page 3


  98 0055 07       		.byte	0x7
  99 0056 3A010000 		.4byte	.LASF5
 100 005a 02       		.uleb128 0x2
 101 005b 08       		.byte	0x8
 102 005c 05       		.byte	0x5
 103 005d 00000000 		.4byte	.LASF6
 104 0061 02       		.uleb128 0x2
 105 0062 08       		.byte	0x8
 106 0063 07       		.byte	0x7
 107 0064 4C010000 		.4byte	.LASF7
 108 0068 04       		.uleb128 0x4
 109 0069 04       		.byte	0x4
 110 006a 05       		.byte	0x5
 111 006b 696E7400 		.ascii	"int\000"
 112 006f 02       		.uleb128 0x2
 113 0070 04       		.byte	0x4
 114 0071 07       		.byte	0x7
 115 0072 21000000 		.4byte	.LASF8
 116 0076 03       		.uleb128 0x3
 117 0077 F6010000 		.4byte	.LASF10
 118 007b 03       		.byte	0x3
 119 007c 2C       		.byte	0x2c
 120 007d 41000000 		.4byte	0x41
 121 0081 02       		.uleb128 0x2
 122 0082 04       		.byte	0x4
 123 0083 04       		.byte	0x4
 124 0084 E6010000 		.4byte	.LASF11
 125 0088 02       		.uleb128 0x2
 126 0089 08       		.byte	0x8
 127 008a 04       		.byte	0x4
 128 008b B0010000 		.4byte	.LASF12
 129 008f 02       		.uleb128 0x2
 130 0090 01       		.byte	0x1
 131 0091 08       		.byte	0x8
 132 0092 85010000 		.4byte	.LASF13
 133 0096 02       		.uleb128 0x2
 134 0097 08       		.byte	0x8
 135 0098 04       		.byte	0x4
 136 0099 D0010000 		.4byte	.LASF14
 137 009d 02       		.uleb128 0x2
 138 009e 04       		.byte	0x4
 139 009f 07       		.byte	0x7
 140 00a0 1B020000 		.4byte	.LASF15
 141 00a4 05       		.uleb128 0x5
 142 00a5 A1010000 		.4byte	.LASF22
 143 00a9 01       		.byte	0x1
 144 00aa 09       		.byte	0x9
 145 00ab 00000000 		.4byte	.LFB63
 146 00af 16000000 		.4byte	.LFE63-.LFB63
 147 00b3 01       		.uleb128 0x1
 148 00b4 9C       		.byte	0x9c
 149 00b5 D5000000 		.4byte	0xd5
 150 00b9 06       		.uleb128 0x6
 151 00ba 06000000 		.4byte	.LVL0
 152 00be E6000000 		.4byte	0xe6
 153 00c2 06       		.uleb128 0x6
 154 00c3 0A000000 		.4byte	.LVL1
ARM GAS  C:\Users\cante\AppData\Local\Temp\ccYTHsm0.s 			page 4


 155 00c7 F1000000 		.4byte	0xf1
 156 00cb 06       		.uleb128 0x6
 157 00cc 14000000 		.4byte	.LVL2
 158 00d0 FC000000 		.4byte	0xfc
 159 00d4 00       		.byte	0
 160 00d5 07       		.uleb128 0x7
 161 00d6 B7010000 		.4byte	.LASF23
 162 00da 06       		.byte	0x6
 163 00db 1207     		.2byte	0x712
 164 00dd E1000000 		.4byte	0xe1
 165 00e1 08       		.uleb128 0x8
 166 00e2 76000000 		.4byte	0x76
 167 00e6 09       		.uleb128 0x9
 168 00e7 FE010000 		.4byte	.LASF16
 169 00eb FE010000 		.4byte	.LASF16
 170 00ef 04       		.byte	0x4
 171 00f0 5E       		.byte	0x5e
 172 00f1 09       		.uleb128 0x9
 173 00f2 8A010000 		.4byte	.LASF17
 174 00f6 8A010000 		.4byte	.LASF17
 175 00fa 05       		.byte	0x5
 176 00fb 29       		.byte	0x29
 177 00fc 09       		.uleb128 0x9
 178 00fd 2E000000 		.4byte	.LASF18
 179 0101 2E000000 		.4byte	.LASF18
 180 0105 05       		.byte	0x5
 181 0106 26       		.byte	0x26
 182 0107 00       		.byte	0
 183              		.section	.debug_abbrev,"",%progbits
 184              	.Ldebug_abbrev0:
 185 0000 01       		.uleb128 0x1
 186 0001 11       		.uleb128 0x11
 187 0002 01       		.byte	0x1
 188 0003 25       		.uleb128 0x25
 189 0004 0E       		.uleb128 0xe
 190 0005 13       		.uleb128 0x13
 191 0006 0B       		.uleb128 0xb
 192 0007 03       		.uleb128 0x3
 193 0008 0E       		.uleb128 0xe
 194 0009 1B       		.uleb128 0x1b
 195 000a 0E       		.uleb128 0xe
 196 000b 55       		.uleb128 0x55
 197 000c 17       		.uleb128 0x17
 198 000d 11       		.uleb128 0x11
 199 000e 01       		.uleb128 0x1
 200 000f 10       		.uleb128 0x10
 201 0010 17       		.uleb128 0x17
 202 0011 00       		.byte	0
 203 0012 00       		.byte	0
 204 0013 02       		.uleb128 0x2
 205 0014 24       		.uleb128 0x24
 206 0015 00       		.byte	0
 207 0016 0B       		.uleb128 0xb
 208 0017 0B       		.uleb128 0xb
 209 0018 3E       		.uleb128 0x3e
 210 0019 0B       		.uleb128 0xb
 211 001a 03       		.uleb128 0x3
ARM GAS  C:\Users\cante\AppData\Local\Temp\ccYTHsm0.s 			page 5


 212 001b 0E       		.uleb128 0xe
 213 001c 00       		.byte	0
 214 001d 00       		.byte	0
 215 001e 03       		.uleb128 0x3
 216 001f 16       		.uleb128 0x16
 217 0020 00       		.byte	0
 218 0021 03       		.uleb128 0x3
 219 0022 0E       		.uleb128 0xe
 220 0023 3A       		.uleb128 0x3a
 221 0024 0B       		.uleb128 0xb
 222 0025 3B       		.uleb128 0x3b
 223 0026 0B       		.uleb128 0xb
 224 0027 49       		.uleb128 0x49
 225 0028 13       		.uleb128 0x13
 226 0029 00       		.byte	0
 227 002a 00       		.byte	0
 228 002b 04       		.uleb128 0x4
 229 002c 24       		.uleb128 0x24
 230 002d 00       		.byte	0
 231 002e 0B       		.uleb128 0xb
 232 002f 0B       		.uleb128 0xb
 233 0030 3E       		.uleb128 0x3e
 234 0031 0B       		.uleb128 0xb
 235 0032 03       		.uleb128 0x3
 236 0033 08       		.uleb128 0x8
 237 0034 00       		.byte	0
 238 0035 00       		.byte	0
 239 0036 05       		.uleb128 0x5
 240 0037 2E       		.uleb128 0x2e
 241 0038 01       		.byte	0x1
 242 0039 3F       		.uleb128 0x3f
 243 003a 19       		.uleb128 0x19
 244 003b 03       		.uleb128 0x3
 245 003c 0E       		.uleb128 0xe
 246 003d 3A       		.uleb128 0x3a
 247 003e 0B       		.uleb128 0xb
 248 003f 3B       		.uleb128 0x3b
 249 0040 0B       		.uleb128 0xb
 250 0041 27       		.uleb128 0x27
 251 0042 19       		.uleb128 0x19
 252 0043 11       		.uleb128 0x11
 253 0044 01       		.uleb128 0x1
 254 0045 12       		.uleb128 0x12
 255 0046 06       		.uleb128 0x6
 256 0047 40       		.uleb128 0x40
 257 0048 18       		.uleb128 0x18
 258 0049 9742     		.uleb128 0x2117
 259 004b 19       		.uleb128 0x19
 260 004c 01       		.uleb128 0x1
 261 004d 13       		.uleb128 0x13
 262 004e 00       		.byte	0
 263 004f 00       		.byte	0
 264 0050 06       		.uleb128 0x6
 265 0051 898201   		.uleb128 0x4109
 266 0054 00       		.byte	0
 267 0055 11       		.uleb128 0x11
 268 0056 01       		.uleb128 0x1
ARM GAS  C:\Users\cante\AppData\Local\Temp\ccYTHsm0.s 			page 6


 269 0057 31       		.uleb128 0x31
 270 0058 13       		.uleb128 0x13
 271 0059 00       		.byte	0
 272 005a 00       		.byte	0
 273 005b 07       		.uleb128 0x7
 274 005c 34       		.uleb128 0x34
 275 005d 00       		.byte	0
 276 005e 03       		.uleb128 0x3
 277 005f 0E       		.uleb128 0xe
 278 0060 3A       		.uleb128 0x3a
 279 0061 0B       		.uleb128 0xb
 280 0062 3B       		.uleb128 0x3b
 281 0063 05       		.uleb128 0x5
 282 0064 49       		.uleb128 0x49
 283 0065 13       		.uleb128 0x13
 284 0066 3F       		.uleb128 0x3f
 285 0067 19       		.uleb128 0x19
 286 0068 3C       		.uleb128 0x3c
 287 0069 19       		.uleb128 0x19
 288 006a 00       		.byte	0
 289 006b 00       		.byte	0
 290 006c 08       		.uleb128 0x8
 291 006d 35       		.uleb128 0x35
 292 006e 00       		.byte	0
 293 006f 49       		.uleb128 0x49
 294 0070 13       		.uleb128 0x13
 295 0071 00       		.byte	0
 296 0072 00       		.byte	0
 297 0073 09       		.uleb128 0x9
 298 0074 2E       		.uleb128 0x2e
 299 0075 00       		.byte	0
 300 0076 3F       		.uleb128 0x3f
 301 0077 19       		.uleb128 0x19
 302 0078 3C       		.uleb128 0x3c
 303 0079 19       		.uleb128 0x19
 304 007a 6E       		.uleb128 0x6e
 305 007b 0E       		.uleb128 0xe
 306 007c 03       		.uleb128 0x3
 307 007d 0E       		.uleb128 0xe
 308 007e 3A       		.uleb128 0x3a
 309 007f 0B       		.uleb128 0xb
 310 0080 3B       		.uleb128 0x3b
 311 0081 0B       		.uleb128 0xb
 312 0082 00       		.byte	0
 313 0083 00       		.byte	0
 314 0084 00       		.byte	0
 315              		.section	.debug_aranges,"",%progbits
 316 0000 1C000000 		.4byte	0x1c
 317 0004 0200     		.2byte	0x2
 318 0006 00000000 		.4byte	.Ldebug_info0
 319 000a 04       		.byte	0x4
 320 000b 00       		.byte	0
 321 000c 0000     		.2byte	0
 322 000e 0000     		.2byte	0
 323 0010 00000000 		.4byte	.LFB63
 324 0014 16000000 		.4byte	.LFE63-.LFB63
 325 0018 00000000 		.4byte	0
ARM GAS  C:\Users\cante\AppData\Local\Temp\ccYTHsm0.s 			page 7


 326 001c 00000000 		.4byte	0
 327              		.section	.debug_ranges,"",%progbits
 328              	.Ldebug_ranges0:
 329 0000 00000000 		.4byte	.LFB63
 330 0004 16000000 		.4byte	.LFE63
 331 0008 00000000 		.4byte	0
 332 000c 00000000 		.4byte	0
 333              		.section	.debug_line,"",%progbits
 334              	.Ldebug_line0:
 335 0000 80010000 		.section	.debug_str,"MS",%progbits,1
 335      02006901 
 335      00000201 
 335      FB0E0D00 
 335      01010101 
 336              	.LASF6:
 337 0000 6C6F6E67 		.ascii	"long long int\000"
 337      206C6F6E 
 337      6720696E 
 337      7400
 338              	.LASF3:
 339 000e 73686F72 		.ascii	"short unsigned int\000"
 339      7420756E 
 339      7369676E 
 339      65642069 
 339      6E7400
 340              	.LASF8:
 341 0021 756E7369 		.ascii	"unsigned int\000"
 341      676E6564 
 341      20696E74 
 341      00
 342              	.LASF18:
 343 002e 47726565 		.ascii	"GreenLed_Write\000"
 343      6E4C6564 
 343      5F577269 
 343      746500
 344              	.LASF19:
 345 003d 474E5520 		.ascii	"GNU C11 5.4.1 20160609 (release) [ARM/embedded-5-br"
 345      43313120 
 345      352E342E 
 345      31203230 
 345      31363036 
 346 0070 616E6368 		.ascii	"anch revision 237715] -mcpu=cortex-m3 -mthumb -g -O"
 346      20726576 
 346      6973696F 
 346      6E203233 
 346      37373135 
 347 00a3 67202D66 		.ascii	"g -ffunction-sections -ffat-lto-objects\000"
 347      66756E63 
 347      74696F6E 
 347      2D736563 
 347      74696F6E 
 348              	.LASF21:
 349 00cb 433A5C55 		.ascii	"C:\\Users\\cante\\Desktop\\INGEGNERIA BIOMEDICA\\V "
 349      73657273 
 349      5C63616E 
 349      74655C44 
 349      65736B74 
ARM GAS  C:\Users\cante\AppData\Local\Temp\ccYTHsm0.s 			page 8


 350 00f9 414E4E4F 		.ascii	"ANNO\\LAB ELETTRONICA\\PSoC\\AY2021_II_PSoC_Basics\\"
 350      5C4C4142 
 350      20454C45 
 350      5454524F 
 350      4E494341 
 351 0129 3034625F 		.ascii	"04b_RGBled.cydsn\000"
 351      5247426C 
 351      65642E63 
 351      7964736E 
 351      00
 352              	.LASF5:
 353 013a 6C6F6E67 		.ascii	"long unsigned int\000"
 353      20756E73 
 353      69676E65 
 353      6420696E 
 353      7400
 354              	.LASF7:
 355 014c 6C6F6E67 		.ascii	"long long unsigned int\000"
 355      206C6F6E 
 355      6720756E 
 355      7369676E 
 355      65642069 
 356              	.LASF20:
 357 0163 496E7465 		.ascii	"InterruptRoutines.c\000"
 357      72727570 
 357      74526F75 
 357      74696E65 
 357      732E6300 
 358              	.LASF1:
 359 0177 756E7369 		.ascii	"unsigned char\000"
 359      676E6564 
 359      20636861 
 359      7200
 360              	.LASF13:
 361 0185 63686172 		.ascii	"char\000"
 361      00
 362              	.LASF17:
 363 018a 47726565 		.ascii	"GreenLed_Read\000"
 363      6E4C6564 
 363      5F526561 
 363      6400
 364              	.LASF4:
 365 0198 6C6F6E67 		.ascii	"long int\000"
 365      20696E74 
 365      00
 366              	.LASF22:
 367 01a1 43757374 		.ascii	"Custom_LED_ISR\000"
 367      6F6D5F4C 
 367      45445F49 
 367      535200
 368              	.LASF12:
 369 01b0 646F7562 		.ascii	"double\000"
 369      6C6500
 370              	.LASF23:
 371 01b7 49544D5F 		.ascii	"ITM_RxBuffer\000"
 371      52784275 
 371      66666572 
ARM GAS  C:\Users\cante\AppData\Local\Temp\ccYTHsm0.s 			page 9


 371      00
 372              	.LASF0:
 373 01c4 7369676E 		.ascii	"signed char\000"
 373      65642063 
 373      68617200 
 374              	.LASF14:
 375 01d0 6C6F6E67 		.ascii	"long double\000"
 375      20646F75 
 375      626C6500 
 376              	.LASF9:
 377 01dc 5F5F696E 		.ascii	"__int32_t\000"
 377      7433325F 
 377      7400
 378              	.LASF11:
 379 01e6 666C6F61 		.ascii	"float\000"
 379      7400
 380              	.LASF2:
 381 01ec 73686F72 		.ascii	"short int\000"
 381      7420696E 
 381      7400
 382              	.LASF10:
 383 01f6 696E7433 		.ascii	"int32_t\000"
 383      325F7400 
 384              	.LASF16:
 385 01fe 54696D65 		.ascii	"Timer_LED_ReadStatusRegister\000"
 385      725F4C45 
 385      445F5265 
 385      61645374 
 385      61747573 
 386              	.LASF15:
 387 021b 73697A65 		.ascii	"sizetype\000"
 387      74797065 
 387      00
 388              		.ident	"GCC: (GNU Tools for ARM Embedded Processors) 5.4.1 20160609 (release) [ARM/embedded-5-bran
