ARM GAS  C:\Users\cante\AppData\Local\Temp\ccy5TpIx.s 			page 1


   1              		.syntax unified
   2              		.cpu cortex-m3
   3              		.fpu softvfp
   4              		.eabi_attribute 20, 1
   5              		.eabi_attribute 21, 1
   6              		.eabi_attribute 23, 3
   7              		.eabi_attribute 24, 1
   8              		.eabi_attribute 25, 1
   9              		.eabi_attribute 26, 1
  10              		.eabi_attribute 30, 1
  11              		.eabi_attribute 34, 1
  12              		.eabi_attribute 18, 4
  13              		.thumb
  14              		.syntax unified
  15              		.file	"cymetadata.c"
  16              		.text
  17              	.Ltext0:
  18              		.cfi_sections	.debug_frame
  19              		.global	cy_metadata
  20              		.global	cy_meta_flashprotect
  21              		.global	cy_meta_wonvl
  22              		.global	cy_meta_custnvl
  23              		.global	cy_meta_configecc
  24              		.section	.cyconfigecc,"a",%progbits
  25              		.align	2
  26              		.type	cy_meta_configecc, %object
  27              		.size	cy_meta_configecc, 1188
  28              	cy_meta_configecc:
  29 0000 02       		.byte	2
  30 0001 4F       		.byte	79
  31 0002 00       		.byte	0
  32 0003 40       		.byte	64
  33 0004 02       		.byte	2
  34 0005 52       		.byte	82
  35 0006 00       		.byte	0
  36 0007 40       		.byte	64
  37 0008 01       		.byte	1
  38 0009 5A       		.byte	90
  39 000a 00       		.byte	0
  40 000b 40       		.byte	64
  41 000c 01       		.byte	1
  42 000d 64       		.byte	100
  43 000e 00       		.byte	0
  44 000f 40       		.byte	64
  45 0010 02       		.byte	2
  46 0011 65       		.byte	101
  47 0012 00       		.byte	0
  48 0013 40       		.byte	64
  49 0014 01       		.byte	1
  50 0015 05       		.byte	5
  51 0016 01       		.byte	1
  52 0017 40       		.byte	64
  53 0018 57       		.byte	87
  54 0019 08       		.byte	8
  55 001a 01       		.byte	1
  56 001b 40       		.byte	64
  57 001c 37       		.byte	55
ARM GAS  C:\Users\cante\AppData\Local\Temp\ccy5TpIx.s 			page 2


  58 001d 09       		.byte	9
  59 001e 01       		.byte	1
  60 001f 40       		.byte	64
  61 0020 02       		.byte	2
  62 0021 0B       		.byte	11
  63 0022 01       		.byte	1
  64 0023 40       		.byte	64
  65 0024 04       		.byte	4
  66 0025 0C       		.byte	12
  67 0026 01       		.byte	1
  68 0027 40       		.byte	64
  69 0028 02       		.byte	2
  70 0029 0D       		.byte	13
  71 002a 01       		.byte	1
  72 002b 40       		.byte	64
  73 002c 02       		.byte	2
  74 002d 15       		.byte	21
  75 002e 01       		.byte	1
  76 002f 40       		.byte	64
  77 0030 02       		.byte	2
  78 0031 17       		.byte	23
  79 0032 01       		.byte	1
  80 0033 40       		.byte	64
  81 0034 43       		.byte	67
  82 0035 18       		.byte	24
  83 0036 01       		.byte	1
  84 0037 40       		.byte	64
  85 0038 40       		.byte	64
  86 0039 19       		.byte	25
  87 003a 01       		.byte	1
  88 003b 40       		.byte	64
  89 003c 57       		.byte	87
  90 003d 1A       		.byte	26
  91 003e 01       		.byte	1
  92 003f 40       		.byte	64
  93 0040 4A       		.byte	74
  94 0041 1B       		.byte	27
  95 0042 01       		.byte	1
  96 0043 40       		.byte	64
  97 0044 05       		.byte	5
  98 0045 40       		.byte	64
  99 0046 01       		.byte	1
 100 0047 40       		.byte	64
 101 0048 04       		.byte	4
 102 0049 41       		.byte	65
 103 004a 01       		.byte	1
 104 004b 40       		.byte	64
 105 004c 09       		.byte	9
 106 004d 42       		.byte	66
 107 004e 01       		.byte	1
 108 004f 40       		.byte	64
 109 0050 01       		.byte	1
 110 0051 43       		.byte	67
 111 0052 01       		.byte	1
 112 0053 40       		.byte	64
 113 0054 02       		.byte	2
 114 0055 44       		.byte	68
ARM GAS  C:\Users\cante\AppData\Local\Temp\ccy5TpIx.s 			page 3


 115 0056 01       		.byte	1
 116 0057 40       		.byte	64
 117 0058 01       		.byte	1
 118 0059 45       		.byte	69
 119 005a 01       		.byte	1
 120 005b 40       		.byte	64
 121 005c 06       		.byte	6
 122 005d 46       		.byte	70
 123 005e 01       		.byte	1
 124 005f 40       		.byte	64
 125 0060 02       		.byte	2
 126 0061 47       		.byte	71
 127 0062 01       		.byte	1
 128 0063 40       		.byte	64
 129 0064 06       		.byte	6
 130 0065 48       		.byte	72
 131 0066 01       		.byte	1
 132 0067 40       		.byte	64
 133 0068 08       		.byte	8
 134 0069 49       		.byte	73
 135 006a 01       		.byte	1
 136 006b 40       		.byte	64
 137 006c 02       		.byte	2
 138 006d 4C       		.byte	76
 139 006e 01       		.byte	1
 140 006f 40       		.byte	64
 141 0070 0B       		.byte	11
 142 0071 4D       		.byte	77
 143 0072 01       		.byte	1
 144 0073 40       		.byte	64
 145 0074 04       		.byte	4
 146 0075 50       		.byte	80
 147 0076 01       		.byte	1
 148 0077 40       		.byte	64
 149 0078 02       		.byte	2
 150 0079 51       		.byte	81
 151 007a 01       		.byte	1
 152 007b 40       		.byte	64
 153 007c 01       		.byte	1
 154 007d 20       		.byte	32
 155 007e 0A       		.byte	10
 156 007f 4B       		.byte	75
 157 0080 61       		.byte	97
 158 0081 80       		.byte	-128
 159 0082 64       		.byte	100
 160 0083 40       		.byte	64
 161 0084 97       		.byte	-105
 162 0085 01       		.byte	1
 163 0086 88       		.byte	-120
 164 0087 0F       		.byte	15
 165 0088 89       		.byte	-119
 166 0089 72       		.byte	114
 167 008a 8A       		.byte	-118
 168 008b 38       		.byte	56
 169 008c EA       		.byte	-22
 170 008d 08       		.byte	8
 171 008e 00       		.byte	0
ARM GAS  C:\Users\cante\AppData\Local\Temp\ccy5TpIx.s 			page 4


 172 008f 01       		.byte	1
 173 0090 08       		.byte	8
 174 0091 02       		.byte	2
 175 0092 0E       		.byte	14
 176 0093 01       		.byte	1
 177 0094 12       		.byte	18
 178 0095 02       		.byte	2
 179 0096 14       		.byte	20
 180 0097 04       		.byte	4
 181 0098 17       		.byte	23
 182 0099 01       		.byte	1
 183 009a 1C       		.byte	28
 184 009b 01       		.byte	1
 185 009c 22       		.byte	34
 186 009d 01       		.byte	1
 187 009e 26       		.byte	38
 188 009f 01       		.byte	1
 189 00a0 27       		.byte	39
 190 00a1 01       		.byte	1
 191 00a2 30       		.byte	48
 192 00a3 01       		.byte	1
 193 00a4 33       		.byte	51
 194 00a5 01       		.byte	1
 195 00a6 34       		.byte	52
 196 00a7 04       		.byte	4
 197 00a8 36       		.byte	54
 198 00a9 02       		.byte	2
 199 00aa 39       		.byte	57
 200 00ab 20       		.byte	32
 201 00ac 3E       		.byte	62
 202 00ad 51       		.byte	81
 203 00ae 3F       		.byte	63
 204 00af 04       		.byte	4
 205 00b0 40       		.byte	64
 206 00b1 15       		.byte	21
 207 00b2 41       		.byte	65
 208 00b3 04       		.byte	4
 209 00b4 46       		.byte	70
 210 00b5 CB       		.byte	-53
 211 00b6 47       		.byte	71
 212 00b7 0E       		.byte	14
 213 00b8 48       		.byte	72
 214 00b9 1C       		.byte	28
 215 00ba 49       		.byte	73
 216 00bb FF       		.byte	-1
 217 00bc 4A       		.byte	74
 218 00bd FF       		.byte	-1
 219 00be 4B       		.byte	75
 220 00bf FF       		.byte	-1
 221 00c0 4E       		.byte	78
 222 00c1 F0       		.byte	-16
 223 00c2 4F       		.byte	79
 224 00c3 44       		.byte	68
 225 00c4 50       		.byte	80
 226 00c5 0C       		.byte	12
 227 00c6 54       		.byte	84
 228 00c7 01       		.byte	1
ARM GAS  C:\Users\cante\AppData\Local\Temp\ccy5TpIx.s 			page 5


 229 00c8 58       		.byte	88
 230 00c9 04       		.byte	4
 231 00ca 59       		.byte	89
 232 00cb 04       		.byte	4
 233 00cc 5A       		.byte	90
 234 00cd 04       		.byte	4
 235 00ce 5B       		.byte	91
 236 00cf 04       		.byte	4
 237 00d0 5C       		.byte	92
 238 00d1 30       		.byte	48
 239 00d2 5D       		.byte	93
 240 00d3 11       		.byte	17
 241 00d4 5F       		.byte	95
 242 00d5 01       		.byte	1
 243 00d6 66       		.byte	102
 244 00d7 C0       		.byte	-64
 245 00d8 6A       		.byte	106
 246 00d9 40       		.byte	64
 247 00da 6B       		.byte	107
 248 00db 02       		.byte	2
 249 00dc 80       		.byte	-128
 250 00dd 01       		.byte	1
 251 00de 83       		.byte	-125
 252 00df 01       		.byte	1
 253 00e0 84       		.byte	-124
 254 00e1 01       		.byte	1
 255 00e2 85       		.byte	-123
 256 00e3 04       		.byte	4
 257 00e4 8C       		.byte	-116
 258 00e5 06       		.byte	6
 259 00e6 8E       		.byte	-114
 260 00e7 18       		.byte	24
 261 00e8 8F       		.byte	-113
 262 00e9 04       		.byte	4
 263 00ea 90       		.byte	-112
 264 00eb 06       		.byte	6
 265 00ec 92       		.byte	-110
 266 00ed 08       		.byte	8
 267 00ee 95       		.byte	-107
 268 00ef 04       		.byte	4
 269 00f0 9A       		.byte	-102
 270 00f1 10       		.byte	16
 271 00f2 9B       		.byte	-101
 272 00f3 04       		.byte	4
 273 00f4 9C       		.byte	-100
 274 00f5 14       		.byte	20
 275 00f6 9D       		.byte	-99
 276 00f7 02       		.byte	2
 277 00f8 9E       		.byte	-98
 278 00f9 08       		.byte	8
 279 00fa A1       		.byte	-95
 280 00fb 03       		.byte	3
 281 00fc A4       		.byte	-92
 282 00fd 06       		.byte	6
 283 00fe A6       		.byte	-90
 284 00ff 08       		.byte	8
 285 0100 A8       		.byte	-88
ARM GAS  C:\Users\cante\AppData\Local\Temp\ccy5TpIx.s 			page 6


 286 0101 01       		.byte	1
 287 0102 AD       		.byte	-83
 288 0103 03       		.byte	3
 289 0104 AE       		.byte	-82
 290 0105 0A       		.byte	10
 291 0106 B0       		.byte	-80
 292 0107 1E       		.byte	30
 293 0108 B1       		.byte	-79
 294 0109 03       		.byte	3
 295 010a B6       		.byte	-74
 296 010b 01       		.byte	1
 297 010c B7       		.byte	-73
 298 010d 04       		.byte	4
 299 010e B9       		.byte	-71
 300 010f 82       		.byte	-126
 301 0110 BA       		.byte	-70
 302 0111 02       		.byte	2
 303 0112 BF       		.byte	-65
 304 0113 01       		.byte	1
 305 0114 C0       		.byte	-64
 306 0115 04       		.byte	4
 307 0116 C5       		.byte	-59
 308 0117 04       		.byte	4
 309 0118 C9       		.byte	-55
 310 0119 FF       		.byte	-1
 311 011a CA       		.byte	-54
 312 011b 07       		.byte	7
 313 011c CB       		.byte	-53
 314 011d FF       		.byte	-1
 315 011e CC       		.byte	-52
 316 011f 40       		.byte	64
 317 0120 CD       		.byte	-51
 318 0121 20       		.byte	32
 319 0122 CE       		.byte	-50
 320 0123 F0       		.byte	-16
 321 0124 CF       		.byte	-49
 322 0125 05       		.byte	5
 323 0126 D0       		.byte	-48
 324 0127 08       		.byte	8
 325 0128 D8       		.byte	-40
 326 0129 04       		.byte	4
 327 012a D9       		.byte	-39
 328 012b 04       		.byte	4
 329 012c DA       		.byte	-38
 330 012d 04       		.byte	4
 331 012e DC       		.byte	-36
 332 012f 11       		.byte	17
 333 0130 DD       		.byte	-35
 334 0131 01       		.byte	1
 335 0132 DF       		.byte	-33
 336 0133 01       		.byte	1
 337 0134 E0       		.byte	-32
 338 0135 40       		.byte	64
 339 0136 E1       		.byte	-31
 340 0137 A8       		.byte	-88
 341 0138 E2       		.byte	-30
 342 0139 40       		.byte	64
ARM GAS  C:\Users\cante\AppData\Local\Temp\ccy5TpIx.s 			page 7


 343 013a E3       		.byte	-29
 344 013b 20       		.byte	32
 345 013c 00       		.byte	0
 346 013d 02       		.byte	2
 347 013e 01       		.byte	1
 348 013f 04       		.byte	4
 349 0140 02       		.byte	2
 350 0141 01       		.byte	1
 351 0142 06       		.byte	6
 352 0143 42       		.byte	66
 353 0144 07       		.byte	7
 354 0145 08       		.byte	8
 355 0146 08       		.byte	8
 356 0147 41       		.byte	65
 357 0148 0A       		.byte	10
 358 0149 04       		.byte	4
 359 014a 0C       		.byte	12
 360 014b 08       		.byte	8
 361 014c 0F       		.byte	15
 362 014d 42       		.byte	66
 363 014e 10       		.byte	16
 364 014f 22       		.byte	34
 365 0150 11       		.byte	17
 366 0151 10       		.byte	16
 367 0152 14       		.byte	20
 368 0153 60       		.byte	96
 369 0154 16       		.byte	22
 370 0155 20       		.byte	32
 371 0156 19       		.byte	25
 372 0157 81       		.byte	-127
 373 0158 1B       		.byte	27
 374 0159 01       		.byte	1
 375 015a 1E       		.byte	30
 376 015b 88       		.byte	-120
 377 015c 1F       		.byte	31
 378 015d 80       		.byte	-128
 379 015e 20       		.byte	32
 380 015f 40       		.byte	64
 381 0160 22       		.byte	34
 382 0161 40       		.byte	64
 383 0162 27       		.byte	39
 384 0163 28       		.byte	40
 385 0164 28       		.byte	40
 386 0165 01       		.byte	1
 387 0166 29       		.byte	41
 388 0167 01       		.byte	1
 389 0168 2A       		.byte	42
 390 0169 41       		.byte	65
 391 016a 2B       		.byte	43
 392 016b 02       		.byte	2
 393 016c 2F       		.byte	47
 394 016d 20       		.byte	32
 395 016e 30       		.byte	48
 396 016f 50       		.byte	80
 397 0170 31       		.byte	49
 398 0171 08       		.byte	8
 399 0172 32       		.byte	50
ARM GAS  C:\Users\cante\AppData\Local\Temp\ccy5TpIx.s 			page 8


 400 0173 80       		.byte	-128
 401 0174 37       		.byte	55
 402 0175 08       		.byte	8
 403 0176 38       		.byte	56
 404 0177 06       		.byte	6
 405 0178 39       		.byte	57
 406 0179 80       		.byte	-128
 407 017a 3A       		.byte	58
 408 017b 02       		.byte	2
 409 017c 40       		.byte	64
 410 017d 40       		.byte	64
 411 017e 46       		.byte	70
 412 017f 41       		.byte	65
 413 0180 4A       		.byte	74
 414 0181 20       		.byte	32
 415 0182 4C       		.byte	76
 416 0183 01       		.byte	1
 417 0184 50       		.byte	80
 418 0185 03       		.byte	3
 419 0186 51       		.byte	81
 420 0187 01       		.byte	1
 421 0188 54       		.byte	84
 422 0189 28       		.byte	40
 423 018a 56       		.byte	86
 424 018b 20       		.byte	32
 425 018c 57       		.byte	87
 426 018d 40       		.byte	64
 427 018e 5C       		.byte	92
 428 018f 20       		.byte	32
 429 0190 5E       		.byte	94
 430 0191 88       		.byte	-120
 431 0192 5F       		.byte	95
 432 0193 01       		.byte	1
 433 0194 8C       		.byte	-116
 434 0195 08       		.byte	8
 435 0196 8F       		.byte	-113
 436 0197 01       		.byte	1
 437 0198 C0       		.byte	-64
 438 0199 DD       		.byte	-35
 439 019a C2       		.byte	-62
 440 019b BB       		.byte	-69
 441 019c C4       		.byte	-60
 442 019d 37       		.byte	55
 443 019e CA       		.byte	-54
 444 019f 49       		.byte	73
 445 01a0 CC       		.byte	-52
 446 01a1 4E       		.byte	78
 447 01a2 CE       		.byte	-50
 448 01a3 0B       		.byte	11
 449 01a4 D0       		.byte	-48
 450 01a5 91       		.byte	-111
 451 01a6 D2       		.byte	-46
 452 01a7 10       		.byte	16
 453 01a8 D6       		.byte	-42
 454 01a9 F0       		.byte	-16
 455 01aa AF       		.byte	-81
 456 01ab 40       		.byte	64
ARM GAS  C:\Users\cante\AppData\Local\Temp\ccy5TpIx.s 			page 9


 457 01ac B4       		.byte	-76
 458 01ad 40       		.byte	64
 459 01ae 38       		.byte	56
 460 01af 82       		.byte	-126
 461 01b0 3E       		.byte	62
 462 01b1 41       		.byte	65
 463 01b2 58       		.byte	88
 464 01b3 04       		.byte	4
 465 01b4 5F       		.byte	95
 466 01b5 01       		.byte	1
 467 01b6 1C       		.byte	28
 468 01b7 40       		.byte	64
 469 01b8 1F       		.byte	31
 470 01b9 40       		.byte	64
 471 01ba E4       		.byte	-28
 472 01bb 0E       		.byte	14
 473 01bc EC       		.byte	-20
 474 01bd 10       		.byte	16
 475 01be EA       		.byte	-22
 476 01bf 01       		.byte	1
 477 01c0 EE       		.byte	-18
 478 01c1 08       		.byte	8
 479 01c2 07       		.byte	7
 480 01c3 0C       		.byte	12
 481 01c4 0E       		.byte	14
 482 01c5 01       		.byte	1
 483 01c6 10       		.byte	16
 484 01c7 01       		.byte	1
 485 01c8 11       		.byte	17
 486 01c9 01       		.byte	1
 487 01ca 13       		.byte	19
 488 01cb 06       		.byte	6
 489 01cc 1B       		.byte	27
 490 01cd 08       		.byte	8
 491 01ce 1C       		.byte	28
 492 01cf 01       		.byte	1
 493 01d0 1D       		.byte	29
 494 01d1 0C       		.byte	12
 495 01d2 1F       		.byte	31
 496 01d3 03       		.byte	3
 497 01d4 20       		.byte	32
 498 01d5 02       		.byte	2
 499 01d6 23       		.byte	35
 500 01d7 03       		.byte	3
 501 01d8 2D       		.byte	45
 502 01d9 01       		.byte	1
 503 01da 2F       		.byte	47
 504 01db 0E       		.byte	14
 505 01dc 34       		.byte	52
 506 01dd 03       		.byte	3
 507 01de 37       		.byte	55
 508 01df 0F       		.byte	15
 509 01e0 38       		.byte	56
 510 01e1 20       		.byte	32
 511 01e2 3B       		.byte	59
 512 01e3 80       		.byte	-128
 513 01e4 58       		.byte	88
ARM GAS  C:\Users\cante\AppData\Local\Temp\ccy5TpIx.s 			page 10


 514 01e5 04       		.byte	4
 515 01e6 59       		.byte	89
 516 01e7 04       		.byte	4
 517 01e8 5C       		.byte	92
 518 01e9 11       		.byte	17
 519 01ea 5F       		.byte	95
 520 01eb 01       		.byte	1
 521 01ec 80       		.byte	-128
 522 01ed 01       		.byte	1
 523 01ee 81       		.byte	-127
 524 01ef 44       		.byte	68
 525 01f0 84       		.byte	-124
 526 01f1 33       		.byte	51
 527 01f2 85       		.byte	-123
 528 01f3 18       		.byte	24
 529 01f4 86       		.byte	-122
 530 01f5 0C       		.byte	12
 531 01f6 89       		.byte	-119
 532 01f7 08       		.byte	8
 533 01f8 8D       		.byte	-115
 534 01f9 1C       		.byte	28
 535 01fa 8E       		.byte	-114
 536 01fb 23       		.byte	35
 537 01fc 8F       		.byte	-113
 538 01fd E1       		.byte	-31
 539 01fe 90       		.byte	-112
 540 01ff 02       		.byte	2
 541 0200 91       		.byte	-111
 542 0201 80       		.byte	-128
 543 0202 94       		.byte	-108
 544 0203 3F       		.byte	63
 545 0204 95       		.byte	-107
 546 0205 FF       		.byte	-1
 547 0206 98       		.byte	-104
 548 0207 1C       		.byte	28
 549 0208 99       		.byte	-103
 550 0209 E7       		.byte	-25
 551 020a 9A       		.byte	-102
 552 020b 23       		.byte	35
 553 020c 9B       		.byte	-101
 554 020d 18       		.byte	24
 555 020e 9C       		.byte	-100
 556 020f 1F       		.byte	31
 557 0210 9D       		.byte	-99
 558 0211 10       		.byte	16
 559 0212 9E       		.byte	-98
 560 0213 20       		.byte	32
 561 0214 A0       		.byte	-96
 562 0215 08       		.byte	8
 563 0216 A1       		.byte	-95
 564 0217 C0       		.byte	-64
 565 0218 A4       		.byte	-92
 566 0219 04       		.byte	4
 567 021a A5       		.byte	-91
 568 021b 3C       		.byte	60
 569 021c A7       		.byte	-89
 570 021d C2       		.byte	-62
ARM GAS  C:\Users\cante\AppData\Local\Temp\ccy5TpIx.s 			page 11


 571 021e A8       		.byte	-88
 572 021f 0C       		.byte	12
 573 0220 AB       		.byte	-85
 574 0221 04       		.byte	4
 575 0222 AC       		.byte	-84
 576 0223 03       		.byte	3
 577 0224 AF       		.byte	-81
 578 0225 E3       		.byte	-29
 579 0226 B0       		.byte	-80
 580 0227 10       		.byte	16
 581 0228 B1       		.byte	-79
 582 0229 C0       		.byte	-64
 583 022a B3       		.byte	-77
 584 022b 1F       		.byte	31
 585 022c B4       		.byte	-76
 586 022d 0F       		.byte	15
 587 022e B6       		.byte	-74
 588 022f 2C       		.byte	44
 589 0230 B7       		.byte	-73
 590 0231 38       		.byte	56
 591 0232 BA       		.byte	-70
 592 0233 A0       		.byte	-96
 593 0234 BB       		.byte	-69
 594 0235 08       		.byte	8
 595 0236 BE       		.byte	-66
 596 0237 01       		.byte	1
 597 0238 D6       		.byte	-42
 598 0239 02       		.byte	2
 599 023a D7       		.byte	-41
 600 023b 13       		.byte	19
 601 023c D8       		.byte	-40
 602 023d 04       		.byte	4
 603 023e D9       		.byte	-39
 604 023f 04       		.byte	4
 605 0240 DB       		.byte	-37
 606 0241 04       		.byte	4
 607 0242 DC       		.byte	-36
 608 0243 11       		.byte	17
 609 0244 DD       		.byte	-35
 610 0245 10       		.byte	16
 611 0246 DF       		.byte	-33
 612 0247 01       		.byte	1
 613 0248 00       		.byte	0
 614 0249 04       		.byte	4
 615 024a 01       		.byte	1
 616 024b 80       		.byte	-128
 617 024c 03       		.byte	3
 618 024d 80       		.byte	-128
 619 024e 07       		.byte	7
 620 024f 01       		.byte	1
 621 0250 08       		.byte	8
 622 0251 11       		.byte	17
 623 0252 09       		.byte	9
 624 0253 08       		.byte	8
 625 0254 0A       		.byte	10
 626 0255 09       		.byte	9
 627 0256 0E       		.byte	14
ARM GAS  C:\Users\cante\AppData\Local\Temp\ccy5TpIx.s 			page 12


 628 0257 42       		.byte	66
 629 0258 0F       		.byte	15
 630 0259 02       		.byte	2
 631 025a 10       		.byte	16
 632 025b 80       		.byte	-128
 633 025c 12       		.byte	18
 634 025d 01       		.byte	1
 635 025e 13       		.byte	19
 636 025f 14       		.byte	20
 637 0260 15       		.byte	21
 638 0261 02       		.byte	2
 639 0262 18       		.byte	24
 640 0263 04       		.byte	4
 641 0264 19       		.byte	25
 642 0265 12       		.byte	18
 643 0266 1A       		.byte	26
 644 0267 01       		.byte	1
 645 0268 1E       		.byte	30
 646 0269 04       		.byte	4
 647 026a 21       		.byte	33
 648 026b 80       		.byte	-128
 649 026c 22       		.byte	34
 650 026d 05       		.byte	5
 651 026e 26       		.byte	38
 652 026f 80       		.byte	-128
 653 0270 27       		.byte	39
 654 0271 01       		.byte	1
 655 0272 28       		.byte	40
 656 0273 10       		.byte	16
 657 0274 29       		.byte	41
 658 0275 A1       		.byte	-95
 659 0276 2A       		.byte	42
 660 0277 01       		.byte	1
 661 0278 2E       		.byte	46
 662 0279 42       		.byte	66
 663 027a 2F       		.byte	47
 664 027b 02       		.byte	2
 665 027c 30       		.byte	48
 666 027d 81       		.byte	-127
 667 027e 31       		.byte	49
 668 027f 18       		.byte	24
 669 0280 32       		.byte	50
 670 0281 02       		.byte	2
 671 0282 36       		.byte	54
 672 0283 A1       		.byte	-95
 673 0284 38       		.byte	56
 674 0285 2A       		.byte	42
 675 0286 39       		.byte	57
 676 0287 80       		.byte	-128
 677 0288 3E       		.byte	62
 678 0289 04       		.byte	4
 679 028a 41       		.byte	65
 680 028b 40       		.byte	64
 681 028c 42       		.byte	66
 682 028d 01       		.byte	1
 683 028e 59       		.byte	89
 684 028f 02       		.byte	2
ARM GAS  C:\Users\cante\AppData\Local\Temp\ccy5TpIx.s 			page 13


 685 0290 68       		.byte	104
 686 0291 01       		.byte	1
 687 0292 69       		.byte	105
 688 0293 14       		.byte	20
 689 0294 70       		.byte	112
 690 0295 94       		.byte	-108
 691 0296 73       		.byte	115
 692 0297 14       		.byte	20
 693 0298 91       		.byte	-111
 694 0299 02       		.byte	2
 695 029a 92       		.byte	-110
 696 029b 80       		.byte	-128
 697 029c 94       		.byte	-108
 698 029d 04       		.byte	4
 699 029e 95       		.byte	-107
 700 029f 94       		.byte	-108
 701 02a0 96       		.byte	-106
 702 02a1 04       		.byte	4
 703 02a2 97       		.byte	-105
 704 02a3 40       		.byte	64
 705 02a4 99       		.byte	-103
 706 02a5 80       		.byte	-128
 707 02a6 9A       		.byte	-102
 708 02a7 02       		.byte	2
 709 02a8 9C       		.byte	-100
 710 02a9 10       		.byte	16
 711 02aa A2       		.byte	-94
 712 02ab 20       		.byte	32
 713 02ac A3       		.byte	-93
 714 02ad 41       		.byte	65
 715 02ae A4       		.byte	-92
 716 02af 01       		.byte	1
 717 02b0 A5       		.byte	-91
 718 02b1 08       		.byte	8
 719 02b2 A6       		.byte	-90
 720 02b3 80       		.byte	-128
 721 02b4 A7       		.byte	-89
 722 02b5 22       		.byte	34
 723 02b6 AB       		.byte	-85
 724 02b7 20       		.byte	32
 725 02b8 AF       		.byte	-81
 726 02b9 80       		.byte	-128
 727 02ba C0       		.byte	-64
 728 02bb 8D       		.byte	-115
 729 02bc C2       		.byte	-62
 730 02bd 9F       		.byte	-97
 731 02be C4       		.byte	-60
 732 02bf 1F       		.byte	31
 733 02c0 CA       		.byte	-54
 734 02c1 9F       		.byte	-97
 735 02c2 CC       		.byte	-52
 736 02c3 BF       		.byte	-65
 737 02c4 CE       		.byte	-50
 738 02c5 4F       		.byte	79
 739 02c6 D6       		.byte	-42
 740 02c7 01       		.byte	1
 741 02c8 00       		.byte	0
ARM GAS  C:\Users\cante\AppData\Local\Temp\ccy5TpIx.s 			page 14


 742 02c9 08       		.byte	8
 743 02ca 01       		.byte	1
 744 02cb 04       		.byte	4
 745 02cc 02       		.byte	2
 746 02cd 05       		.byte	5
 747 02ce 03       		.byte	3
 748 02cf 0A       		.byte	10
 749 02d0 05       		.byte	5
 750 02d1 0C       		.byte	12
 751 02d2 09       		.byte	9
 752 02d3 0C       		.byte	12
 753 02d4 0A       		.byte	10
 754 02d5 02       		.byte	2
 755 02d6 10       		.byte	16
 756 02d7 10       		.byte	16
 757 02d8 11       		.byte	17
 758 02d9 08       		.byte	8
 759 02da 12       		.byte	18
 760 02db 04       		.byte	4
 761 02dc 13       		.byte	19
 762 02dd 06       		.byte	6
 763 02de 1B       		.byte	27
 764 02df 10       		.byte	16
 765 02e0 1E       		.byte	30
 766 02e1 02       		.byte	2
 767 02e2 1F       		.byte	31
 768 02e3 10       		.byte	16
 769 02e4 20       		.byte	32
 770 02e5 04       		.byte	4
 771 02e6 22       		.byte	34
 772 02e7 18       		.byte	24
 773 02e8 23       		.byte	35
 774 02e9 01       		.byte	1
 775 02ea 24       		.byte	36
 776 02eb 1C       		.byte	28
 777 02ec 28       		.byte	40
 778 02ed 1C       		.byte	28
 779 02ee 30       		.byte	48
 780 02ef 1C       		.byte	28
 781 02f0 31       		.byte	49
 782 02f1 0C       		.byte	12
 783 02f2 32       		.byte	50
 784 02f3 02       		.byte	2
 785 02f4 34       		.byte	52
 786 02f5 01       		.byte	1
 787 02f6 35       		.byte	53
 788 02f7 10       		.byte	16
 789 02f8 37       		.byte	55
 790 02f9 03       		.byte	3
 791 02fa 3B       		.byte	59
 792 02fb 08       		.byte	8
 793 02fc 3E       		.byte	62
 794 02fd 04       		.byte	4
 795 02fe 3F       		.byte	63
 796 02ff 50       		.byte	80
 797 0300 40       		.byte	64
 798 0301 25       		.byte	37
ARM GAS  C:\Users\cante\AppData\Local\Temp\ccy5TpIx.s 			page 15


 799 0302 41       		.byte	65
 800 0303 06       		.byte	6
 801 0304 42       		.byte	66
 802 0305 04       		.byte	4
 803 0306 44       		.byte	68
 804 0307 01       		.byte	1
 805 0308 45       		.byte	69
 806 0309 0C       		.byte	12
 807 030a 46       		.byte	70
 808 030b E0       		.byte	-32
 809 030c 48       		.byte	72
 810 030d 09       		.byte	9
 811 030e 49       		.byte	73
 812 030f FF       		.byte	-1
 813 0310 4A       		.byte	74
 814 0311 FF       		.byte	-1
 815 0312 4B       		.byte	75
 816 0313 FF       		.byte	-1
 817 0314 4C       		.byte	76
 818 0315 62       		.byte	98
 819 0316 4D       		.byte	77
 820 0317 A0       		.byte	-96
 821 0318 4E       		.byte	78
 822 0319 F0       		.byte	-16
 823 031a 4F       		.byte	79
 824 031b 41       		.byte	65
 825 031c 50       		.byte	80
 826 031d 0C       		.byte	12
 827 031e 54       		.byte	84
 828 031f 18       		.byte	24
 829 0320 58       		.byte	88
 830 0321 04       		.byte	4
 831 0322 59       		.byte	89
 832 0323 04       		.byte	4
 833 0324 5A       		.byte	90
 834 0325 04       		.byte	4
 835 0326 5B       		.byte	91
 836 0327 04       		.byte	4
 837 0328 5C       		.byte	92
 838 0329 11       		.byte	17
 839 032a 5D       		.byte	93
 840 032b 11       		.byte	17
 841 032c 5F       		.byte	95
 842 032d 01       		.byte	1
 843 032e 66       		.byte	102
 844 032f 40       		.byte	64
 845 0330 67       		.byte	103
 846 0331 02       		.byte	2
 847 0332 69       		.byte	105
 848 0333 10       		.byte	16
 849 0334 6A       		.byte	106
 850 0335 30       		.byte	48
 851 0336 6B       		.byte	107
 852 0337 10       		.byte	16
 853 0338 6D       		.byte	109
 854 0339 10       		.byte	16
 855 033a 6E       		.byte	110
ARM GAS  C:\Users\cante\AppData\Local\Temp\ccy5TpIx.s 			page 16


 856 033b 10       		.byte	16
 857 033c 6F       		.byte	111
 858 033d 12       		.byte	18
 859 033e 85       		.byte	-123
 860 033f 09       		.byte	9
 861 0340 86       		.byte	-122
 862 0341 02       		.byte	2
 863 0342 87       		.byte	-121
 864 0343 10       		.byte	16
 865 0344 88       		.byte	-120
 866 0345 08       		.byte	8
 867 0346 8D       		.byte	-115
 868 0347 14       		.byte	20
 869 0348 8E       		.byte	-114
 870 0349 03       		.byte	3
 871 034a 91       		.byte	-111
 872 034b 1C       		.byte	28
 873 034c 92       		.byte	-110
 874 034d 01       		.byte	1
 875 034e 93       		.byte	-109
 876 034f 02       		.byte	2
 877 0350 97       		.byte	-105
 878 0351 03       		.byte	3
 879 0352 99       		.byte	-103
 880 0353 10       		.byte	16
 881 0354 9A       		.byte	-102
 882 0355 06       		.byte	6
 883 0356 9E       		.byte	-98
 884 0357 05       		.byte	5
 885 0358 A0       		.byte	-96
 886 0359 06       		.byte	6
 887 035a A1       		.byte	-95
 888 035b 10       		.byte	16
 889 035c A2       		.byte	-94
 890 035d 01       		.byte	1
 891 035e A3       		.byte	-93
 892 035f 0C       		.byte	12
 893 0360 AD       		.byte	-83
 894 0361 0C       		.byte	12
 895 0362 AF       		.byte	-81
 896 0363 11       		.byte	17
 897 0364 B0       		.byte	-80
 898 0365 07       		.byte	7
 899 0366 B2       		.byte	-78
 900 0367 08       		.byte	8
 901 0368 B5       		.byte	-75
 902 0369 1F       		.byte	31
 903 036a BA       		.byte	-70
 904 036b 02       		.byte	2
 905 036c BE       		.byte	-66
 906 036d 04       		.byte	4
 907 036e D8       		.byte	-40
 908 036f 04       		.byte	4
 909 0370 D9       		.byte	-39
 910 0371 04       		.byte	4
 911 0372 DC       		.byte	-36
 912 0373 11       		.byte	17
ARM GAS  C:\Users\cante\AppData\Local\Temp\ccy5TpIx.s 			page 17


 913 0374 DF       		.byte	-33
 914 0375 01       		.byte	1
 915 0376 00       		.byte	0
 916 0377 20       		.byte	32
 917 0378 03       		.byte	3
 918 0379 80       		.byte	-128
 919 037a 04       		.byte	4
 920 037b 40       		.byte	64
 921 037c 07       		.byte	7
 922 037d 14       		.byte	20
 923 037e 08       		.byte	8
 924 037f 81       		.byte	-127
 925 0380 09       		.byte	9
 926 0381 80       		.byte	-128
 927 0382 0D       		.byte	13
 928 0383 01       		.byte	1
 929 0384 0E       		.byte	14
 930 0385 05       		.byte	5
 931 0386 0F       		.byte	15
 932 0387 02       		.byte	2
 933 0388 10       		.byte	16
 934 0389 40       		.byte	64
 935 038a 11       		.byte	17
 936 038b 14       		.byte	20
 937 038c 17       		.byte	23
 938 038d 01       		.byte	1
 939 038e 19       		.byte	25
 940 038f 25       		.byte	37
 941 0390 1C       		.byte	28
 942 0391 40       		.byte	64
 943 0392 1E       		.byte	30
 944 0393 10       		.byte	16
 945 0394 1F       		.byte	31
 946 0395 02       		.byte	2
 947 0396 20       		.byte	32
 948 0397 01       		.byte	1
 949 0398 21       		.byte	33
 950 0399 08       		.byte	8
 951 039a 22       		.byte	34
 952 039b 0A       		.byte	10
 953 039c 23       		.byte	35
 954 039d 04       		.byte	4
 955 039e 27       		.byte	39
 956 039f 04       		.byte	4
 957 03a0 28       		.byte	40
 958 03a1 40       		.byte	64
 959 03a2 29       		.byte	41
 960 03a3 01       		.byte	1
 961 03a4 2E       		.byte	46
 962 03a5 01       		.byte	1
 963 03a6 2F       		.byte	47
 964 03a7 02       		.byte	2
 965 03a8 30       		.byte	48
 966 03a9 21       		.byte	33
 967 03aa 32       		.byte	50
 968 03ab 42       		.byte	66
 969 03ac 36       		.byte	54
ARM GAS  C:\Users\cante\AppData\Local\Temp\ccy5TpIx.s 			page 18


 970 03ad 20       		.byte	32
 971 03ae 37       		.byte	55
 972 03af 15       		.byte	21
 973 03b0 38       		.byte	56
 974 03b1 02       		.byte	2
 975 03b2 39       		.byte	57
 976 03b3 14       		.byte	20
 977 03b4 3E       		.byte	62
 978 03b5 04       		.byte	4
 979 03b6 3F       		.byte	63
 980 03b7 80       		.byte	-128
 981 03b8 40       		.byte	64
 982 03b9 85       		.byte	-123
 983 03ba 48       		.byte	72
 984 03bb 10       		.byte	16
 985 03bc 49       		.byte	73
 986 03bd 80       		.byte	-128
 987 03be 4A       		.byte	74
 988 03bf 08       		.byte	8
 989 03c0 50       		.byte	80
 990 03c1 20       		.byte	32
 991 03c2 5A       		.byte	90
 992 03c3 02       		.byte	2
 993 03c4 60       		.byte	96
 994 03c5 02       		.byte	2
 995 03c6 63       		.byte	99
 996 03c7 04       		.byte	4
 997 03c8 80       		.byte	-128
 998 03c9 02       		.byte	2
 999 03ca 81       		.byte	-127
 1000 03cb 04       		.byte	4
 1001 03cc 82       		.byte	-126
 1002 03cd 10       		.byte	16
 1003 03ce 87       		.byte	-121
 1004 03cf 60       		.byte	96
 1005 03d0 8C       		.byte	-116
 1006 03d1 01       		.byte	1
 1007 03d2 8F       		.byte	-113
 1008 03d3 80       		.byte	-128
 1009 03d4 90       		.byte	-112
 1010 03d5 04       		.byte	4
 1011 03d6 91       		.byte	-111
 1012 03d7 16       		.byte	22
 1013 03d8 92       		.byte	-110
 1014 03d9 86       		.byte	-122
 1015 03da 94       		.byte	-108
 1016 03db 02       		.byte	2
 1017 03dc 97       		.byte	-105
 1018 03dd 40       		.byte	64
 1019 03de 99       		.byte	-103
 1020 03df 80       		.byte	-128
 1021 03e0 9B       		.byte	-101
 1022 03e1 01       		.byte	1
 1023 03e2 9D       		.byte	-99
 1024 03e3 21       		.byte	33
 1025 03e4 A1       		.byte	-95
 1026 03e5 80       		.byte	-128
ARM GAS  C:\Users\cante\AppData\Local\Temp\ccy5TpIx.s 			page 19


 1027 03e6 A2       		.byte	-94
 1028 03e7 20       		.byte	32
 1029 03e8 A3       		.byte	-93
 1030 03e9 41       		.byte	65
 1031 03ea A5       		.byte	-91
 1032 03eb 08       		.byte	8
 1033 03ec A6       		.byte	-90
 1034 03ed 02       		.byte	2
 1035 03ee A7       		.byte	-89
 1036 03ef A2       		.byte	-94
 1037 03f0 C0       		.byte	-64
 1038 03f1 EA       		.byte	-22
 1039 03f2 C2       		.byte	-62
 1040 03f3 D9       		.byte	-39
 1041 03f4 C4       		.byte	-60
 1042 03f5 1E       		.byte	30
 1043 03f6 CA       		.byte	-54
 1044 03f7 91       		.byte	-111
 1045 03f8 CC       		.byte	-52
 1046 03f9 ED       		.byte	-19
 1047 03fa CE       		.byte	-50
 1048 03fb 57       		.byte	87
 1049 03fc D0       		.byte	-48
 1050 03fd 0D       		.byte	13
 1051 03fe D2       		.byte	-46
 1052 03ff 0C       		.byte	12
 1053 0400 D6       		.byte	-42
 1054 0401 01       		.byte	1
 1055 0402 D8       		.byte	-40
 1056 0403 0C       		.byte	12
 1057 0404 E0       		.byte	-32
 1058 0405 01       		.byte	1
 1059 0406 E4       		.byte	-28
 1060 0407 04       		.byte	4
 1061 0408 EC       		.byte	-20
 1062 0409 10       		.byte	16
 1063 040a 32       		.byte	50
 1064 040b 80       		.byte	-128
 1065 040c 3B       		.byte	59
 1066 040d 08       		.byte	8
 1067 040e 3F       		.byte	63
 1068 040f 41       		.byte	65
 1069 0410 CC       		.byte	-52
 1070 0411 10       		.byte	16
 1071 0412 CE       		.byte	-50
 1072 0413 E0       		.byte	-32
 1073 0414 13       		.byte	19
 1074 0415 40       		.byte	64
 1075 0416 97       		.byte	-105
 1076 0417 49       		.byte	73
 1077 0418 A6       		.byte	-90
 1078 0419 80       		.byte	-128
 1079 041a C4       		.byte	-60
 1080 041b 40       		.byte	64
 1081 041c 12       		.byte	18
 1082 041d 80       		.byte	-128
 1083 041e 5B       		.byte	91
ARM GAS  C:\Users\cante\AppData\Local\Temp\ccy5TpIx.s 			page 20


 1084 041f 08       		.byte	8
 1085 0420 97       		.byte	-105
 1086 0421 09       		.byte	9
 1087 0422 9B       		.byte	-101
 1088 0423 08       		.byte	8
 1089 0424 A6       		.byte	-90
 1090 0425 80       		.byte	-128
 1091 0426 AF       		.byte	-81
 1092 0427 08       		.byte	8
 1093 0428 C4       		.byte	-60
 1094 0429 10       		.byte	16
 1095 042a D6       		.byte	-42
 1096 042b 40       		.byte	64
 1097 042c EA       		.byte	-22
 1098 042d 10       		.byte	16
 1099 042e 97       		.byte	-105
 1100 042f 09       		.byte	9
 1101 0430 7C       		.byte	124
 1102 0431 20       		.byte	32
 1103 0432 DE       		.byte	-34
 1104 0433 01       		.byte	1
 1105 0434 9C       		.byte	-100
 1106 0435 20       		.byte	32
 1107 0436 32       		.byte	50
 1108 0437 10       		.byte	16
 1109 0438 45       		.byte	69
 1110 0439 08       		.byte	8
 1111 043a B4       		.byte	-76
 1112 043b 20       		.byte	32
 1113 043c CC       		.byte	-52
 1114 043d 08       		.byte	8
 1115 043e D0       		.byte	-48
 1116 043f 01       		.byte	1
 1117 0440 E8       		.byte	-24
 1118 0441 02       		.byte	2
 1119 0442 96       		.byte	-106
 1120 0443 20       		.byte	32
 1121 0444 A5       		.byte	-91
 1122 0445 08       		.byte	8
 1123 0446 25       		.byte	37
 1124 0447 10       		.byte	16
 1125 0448 AB       		.byte	-85
 1126 0449 01       		.byte	1
 1127 044a AF       		.byte	-81
 1128 044b 04       		.byte	4
 1129 044c C8       		.byte	-56
 1130 044d 20       		.byte	32
 1131 044e EA       		.byte	-22
 1132 044f 80       		.byte	-128
 1133 0450 EE       		.byte	-18
 1134 0451 10       		.byte	16
 1135 0452 1A       		.byte	26
 1136 0453 02       		.byte	2
 1137 0454 1B       		.byte	27
 1138 0455 20       		.byte	32
 1139 0456 83       		.byte	-125
 1140 0457 20       		.byte	32
ARM GAS  C:\Users\cante\AppData\Local\Temp\ccy5TpIx.s 			page 21


 1141 0458 86       		.byte	-122
 1142 0459 01       		.byte	1
 1143 045a 87       		.byte	-121
 1144 045b 20       		.byte	32
 1145 045c B5       		.byte	-75
 1146 045d 10       		.byte	16
 1147 045e C6       		.byte	-58
 1148 045f 40       		.byte	64
 1149 0460 E4       		.byte	-28
 1150 0461 70       		.byte	112
 1151 0462 96       		.byte	-106
 1152 0463 20       		.byte	32
 1153 0464 A5       		.byte	-91
 1154 0465 08       		.byte	8
 1155 0466 12       		.byte	18
 1156 0467 80       		.byte	-128
 1157 0468 71       		.byte	113
 1158 0469 02       		.byte	2
 1159 046a 81       		.byte	-127
 1160 046b 02       		.byte	2
 1161 046c 82       		.byte	-126
 1162 046d 10       		.byte	16
 1163 046e 8E       		.byte	-114
 1164 046f 80       		.byte	-128
 1165 0470 96       		.byte	-106
 1166 0471 20       		.byte	32
 1167 0472 B5       		.byte	-75
 1168 0473 08       		.byte	8
 1169 0474 C4       		.byte	-60
 1170 0475 08       		.byte	8
 1171 0476 DC       		.byte	-36
 1172 0477 01       		.byte	1
 1173 0478 E2       		.byte	-30
 1174 0479 02       		.byte	2
 1175 047a EC       		.byte	-20
 1176 047b 08       		.byte	8
 1177 047c 00       		.byte	0
 1178 047d 0A       		.byte	10
 1179 047e 0C       		.byte	12
 1180 047f 0A       		.byte	10
 1181 0480 10       		.byte	16
 1182 0481 02       		.byte	2
 1183 0482 1C       		.byte	28
 1184 0483 02       		.byte	2
 1185 0484 00       		.byte	0
 1186 0485 02       		.byte	2
 1187 0486 10       		.byte	16
 1188 0487 2A       		.byte	42
 1189 0488 80       		.byte	-128
 1190 0489 00       		.byte	0
 1191 048a 40       		.byte	64
 1192 048b 80       		.byte	-128
 1193 048c 80       		.byte	-128
 1194 048d 00       		.byte	0
 1195 048e 80       		.byte	-128
 1196 048f 00       		.byte	0
 1197 0490 00       		.byte	0
ARM GAS  C:\Users\cante\AppData\Local\Temp\ccy5TpIx.s 			page 22


 1198 0491 00       		.byte	0
 1199 0492 00       		.byte	0
 1200 0493 00       		.byte	0
 1201 0494 00       		.byte	0
 1202 0495 0B       		.byte	11
 1203 0496 0B       		.byte	11
 1204 0497 00       		.byte	0
 1205 0498 00       		.byte	0
 1206 0499 00       		.byte	0
 1207 049a 00       		.byte	0
 1208 049b 00       		.byte	0
 1209 049c 07       		.byte	7
 1210 049d 00       		.byte	0
 1211 049e 18       		.byte	24
 1212 049f 01       		.byte	1
 1213 04a0 00       		.byte	0
 1214 04a1 0A       		.byte	10
 1215 04a2 00       		.byte	0
 1216 04a3 00       		.byte	0
 1217              		.section	.cywolatch,"a",%progbits
 1218              		.align	2
 1219              		.type	cy_meta_wonvl, %object
 1220              		.size	cy_meta_wonvl, 4
 1221              	cy_meta_wonvl:
 1222 0000 BC       		.byte	-68
 1223 0001 90       		.byte	-112
 1224 0002 AC       		.byte	-84
 1225 0003 AF       		.byte	-81
 1226              		.section	.cycustnvl,"a",%progbits
 1227              		.align	2
 1228              		.type	cy_meta_custnvl, %object
 1229              		.size	cy_meta_custnvl, 4
 1230              	cy_meta_custnvl:
 1231 0000 00       		.byte	0
 1232 0001 00       		.byte	0
 1233 0002 40       		.byte	64
 1234 0003 05       		.byte	5
 1235              		.section	.cymeta,"a",%progbits
 1236              		.align	2
 1237              		.type	cy_metadata, %object
 1238              		.size	cy_metadata, 12
 1239              	cy_metadata:
 1240 0000 00       		.byte	0
 1241 0001 01       		.byte	1
 1242 0002 2E       		.byte	46
 1243 0003 16       		.byte	22
 1244 0004 10       		.byte	16
 1245 0005 69       		.byte	105
 1246 0006 00       		.byte	0
 1247 0007 01       		.byte	1
 1248 0008 00       		.byte	0
 1249 0009 00       		.byte	0
 1250 000a 00       		.byte	0
 1251 000b 00       		.byte	0
 1252              		.section	.cyflashprotect,"a",%progbits
 1253              		.align	2
 1254              		.type	cy_meta_flashprotect, %object
ARM GAS  C:\Users\cante\AppData\Local\Temp\ccy5TpIx.s 			page 23


 1255              		.size	cy_meta_flashprotect, 256
 1256              	cy_meta_flashprotect:
 1257 0000 00000000 		.space	256
 1257      00000000 
 1257      00000000 
 1257      00000000 
 1257      00000000 
 1258              		.text
 1259              	.Letext0:
 1260              		.file 1 "c:\\program files (x86)\\cypress\\psoc creator\\4.4\\psoc creator\\import\\gnu\\arm\\5.4.
 1261              		.file 2 "c:\\program files (x86)\\cypress\\psoc creator\\4.4\\psoc creator\\import\\gnu\\arm\\5.4.
 1262              		.file 3 "Generated_Source\\PSoC5\\cymetadata.c"
 1263              		.section	.debug_info,"",%progbits
 1264              	.Ldebug_info0:
 1265 0000 32010000 		.4byte	0x132
 1266 0004 0400     		.2byte	0x4
 1267 0006 00000000 		.4byte	.Ldebug_abbrev0
 1268 000a 04       		.byte	0x4
 1269 000b 01       		.uleb128 0x1
 1270 000c 24000000 		.4byte	.LASF17
 1271 0010 0C       		.byte	0xc
 1272 0011 EE010000 		.4byte	.LASF18
 1273 0015 48010000 		.4byte	.LASF19
 1274 0019 00000000 		.4byte	.Ldebug_line0
 1275 001d 02       		.uleb128 0x2
 1276 001e 01       		.byte	0x1
 1277 001f 06       		.byte	0x6
 1278 0020 E2010000 		.4byte	.LASF0
 1279 0024 03       		.uleb128 0x3
 1280 0025 00000000 		.4byte	.LASF9
 1281 0029 01       		.byte	0x1
 1282 002a 1D       		.byte	0x1d
 1283 002b 2F000000 		.4byte	0x2f
 1284 002f 02       		.uleb128 0x2
 1285 0030 01       		.byte	0x1
 1286 0031 08       		.byte	0x8
 1287 0032 16000000 		.4byte	.LASF1
 1288 0036 02       		.uleb128 0x2
 1289 0037 02       		.byte	0x2
 1290 0038 05       		.byte	0x5
 1291 0039 CF010000 		.4byte	.LASF2
 1292 003d 02       		.uleb128 0x2
 1293 003e 02       		.byte	0x2
 1294 003f 07       		.byte	0x7
 1295 0040 C4000000 		.4byte	.LASF3
 1296 0044 02       		.uleb128 0x2
 1297 0045 04       		.byte	0x4
 1298 0046 05       		.byte	0x5
 1299 0047 D9010000 		.4byte	.LASF4
 1300 004b 02       		.uleb128 0x2
 1301 004c 04       		.byte	0x4
 1302 004d 07       		.byte	0x7
 1303 004e B2000000 		.4byte	.LASF5
 1304 0052 02       		.uleb128 0x2
 1305 0053 08       		.byte	0x8
 1306 0054 05       		.byte	0x5
 1307 0055 C1010000 		.4byte	.LASF6
ARM GAS  C:\Users\cante\AppData\Local\Temp\ccy5TpIx.s 			page 24


 1308 0059 02       		.uleb128 0x2
 1309 005a 08       		.byte	0x8
 1310 005b 07       		.byte	0x7
 1311 005c 06010000 		.4byte	.LASF7
 1312 0060 04       		.uleb128 0x4
 1313 0061 04       		.byte	0x4
 1314 0062 05       		.byte	0x5
 1315 0063 696E7400 		.ascii	"int\000"
 1316 0067 02       		.uleb128 0x2
 1317 0068 04       		.byte	0x4
 1318 0069 07       		.byte	0x7
 1319 006a F9000000 		.4byte	.LASF8
 1320 006e 03       		.uleb128 0x3
 1321 006f 1D010000 		.4byte	.LASF10
 1322 0073 02       		.byte	0x2
 1323 0074 18       		.byte	0x18
 1324 0075 24000000 		.4byte	0x24
 1325 0079 05       		.uleb128 0x5
 1326 007a 91000000 		.4byte	0x91
 1327 007e 8A000000 		.4byte	0x8a
 1328 0082 06       		.uleb128 0x6
 1329 0083 8A000000 		.4byte	0x8a
 1330 0087 A304     		.2byte	0x4a3
 1331 0089 00       		.byte	0
 1332 008a 02       		.uleb128 0x2
 1333 008b 04       		.byte	0x4
 1334 008c 07       		.byte	0x7
 1335 008d B8010000 		.4byte	.LASF11
 1336 0091 07       		.uleb128 0x7
 1337 0092 6E000000 		.4byte	0x6e
 1338 0096 08       		.uleb128 0x8
 1339 0097 E7000000 		.4byte	.LASF12
 1340 009b 03       		.byte	0x3
 1341 009c 1F       		.byte	0x1f
 1342 009d A7000000 		.4byte	0xa7
 1343 00a1 05       		.uleb128 0x5
 1344 00a2 03       		.byte	0x3
 1345 00a3 00000000 		.4byte	cy_meta_configecc
 1346 00a7 07       		.uleb128 0x7
 1347 00a8 79000000 		.4byte	0x79
 1348 00ac 05       		.uleb128 0x5
 1349 00ad 91000000 		.4byte	0x91
 1350 00b1 BC000000 		.4byte	0xbc
 1351 00b5 09       		.uleb128 0x9
 1352 00b6 8A000000 		.4byte	0x8a
 1353 00ba 03       		.byte	0x3
 1354 00bb 00       		.byte	0
 1355 00bc 08       		.uleb128 0x8
 1356 00bd D7000000 		.4byte	.LASF13
 1357 00c1 03       		.byte	0x3
 1358 00c2 C1       		.byte	0xc1
 1359 00c3 CD000000 		.4byte	0xcd
 1360 00c7 05       		.uleb128 0x5
 1361 00c8 03       		.byte	0x3
 1362 00c9 00000000 		.4byte	cy_meta_custnvl
 1363 00cd 07       		.uleb128 0x7
 1364 00ce AC000000 		.4byte	0xac
ARM GAS  C:\Users\cante\AppData\Local\Temp\ccy5TpIx.s 			page 25


 1365 00d2 08       		.uleb128 0x8
 1366 00d3 3A010000 		.4byte	.LASF14
 1367 00d7 03       		.byte	0x3
 1368 00d8 CF       		.byte	0xcf
 1369 00d9 E3000000 		.4byte	0xe3
 1370 00dd 05       		.uleb128 0x5
 1371 00de 03       		.byte	0x3
 1372 00df 00000000 		.4byte	cy_meta_wonvl
 1373 00e3 07       		.uleb128 0x7
 1374 00e4 AC000000 		.4byte	0xac
 1375 00e8 05       		.uleb128 0x5
 1376 00e9 91000000 		.4byte	0x91
 1377 00ed F8000000 		.4byte	0xf8
 1378 00f1 09       		.uleb128 0x9
 1379 00f2 8A000000 		.4byte	0x8a
 1380 00f6 FF       		.byte	0xff
 1381 00f7 00       		.byte	0
 1382 00f8 08       		.uleb128 0x8
 1383 00f9 25010000 		.4byte	.LASF15
 1384 00fd 03       		.byte	0x3
 1385 00fe DD       		.byte	0xdd
 1386 00ff 09010000 		.4byte	0x109
 1387 0103 05       		.uleb128 0x5
 1388 0104 03       		.byte	0x3
 1389 0105 00000000 		.4byte	cy_meta_flashprotect
 1390 0109 07       		.uleb128 0x7
 1391 010a E8000000 		.4byte	0xe8
 1392 010e 05       		.uleb128 0x5
 1393 010f 91000000 		.4byte	0x91
 1394 0113 1E010000 		.4byte	0x11e
 1395 0117 09       		.uleb128 0x9
 1396 0118 8A000000 		.4byte	0x8a
 1397 011c 0B       		.byte	0xb
 1398 011d 00       		.byte	0
 1399 011e 0A       		.uleb128 0xa
 1400 011f 0A000000 		.4byte	.LASF16
 1401 0123 03       		.byte	0x3
 1402 0124 0A01     		.2byte	0x10a
 1403 0126 30010000 		.4byte	0x130
 1404 012a 05       		.uleb128 0x5
 1405 012b 03       		.byte	0x3
 1406 012c 00000000 		.4byte	cy_metadata
 1407 0130 07       		.uleb128 0x7
 1408 0131 0E010000 		.4byte	0x10e
 1409 0135 00       		.byte	0
 1410              		.section	.debug_abbrev,"",%progbits
 1411              	.Ldebug_abbrev0:
 1412 0000 01       		.uleb128 0x1
 1413 0001 11       		.uleb128 0x11
 1414 0002 01       		.byte	0x1
 1415 0003 25       		.uleb128 0x25
 1416 0004 0E       		.uleb128 0xe
 1417 0005 13       		.uleb128 0x13
 1418 0006 0B       		.uleb128 0xb
 1419 0007 03       		.uleb128 0x3
 1420 0008 0E       		.uleb128 0xe
 1421 0009 1B       		.uleb128 0x1b
ARM GAS  C:\Users\cante\AppData\Local\Temp\ccy5TpIx.s 			page 26


 1422 000a 0E       		.uleb128 0xe
 1423 000b 10       		.uleb128 0x10
 1424 000c 17       		.uleb128 0x17
 1425 000d 00       		.byte	0
 1426 000e 00       		.byte	0
 1427 000f 02       		.uleb128 0x2
 1428 0010 24       		.uleb128 0x24
 1429 0011 00       		.byte	0
 1430 0012 0B       		.uleb128 0xb
 1431 0013 0B       		.uleb128 0xb
 1432 0014 3E       		.uleb128 0x3e
 1433 0015 0B       		.uleb128 0xb
 1434 0016 03       		.uleb128 0x3
 1435 0017 0E       		.uleb128 0xe
 1436 0018 00       		.byte	0
 1437 0019 00       		.byte	0
 1438 001a 03       		.uleb128 0x3
 1439 001b 16       		.uleb128 0x16
 1440 001c 00       		.byte	0
 1441 001d 03       		.uleb128 0x3
 1442 001e 0E       		.uleb128 0xe
 1443 001f 3A       		.uleb128 0x3a
 1444 0020 0B       		.uleb128 0xb
 1445 0021 3B       		.uleb128 0x3b
 1446 0022 0B       		.uleb128 0xb
 1447 0023 49       		.uleb128 0x49
 1448 0024 13       		.uleb128 0x13
 1449 0025 00       		.byte	0
 1450 0026 00       		.byte	0
 1451 0027 04       		.uleb128 0x4
 1452 0028 24       		.uleb128 0x24
 1453 0029 00       		.byte	0
 1454 002a 0B       		.uleb128 0xb
 1455 002b 0B       		.uleb128 0xb
 1456 002c 3E       		.uleb128 0x3e
 1457 002d 0B       		.uleb128 0xb
 1458 002e 03       		.uleb128 0x3
 1459 002f 08       		.uleb128 0x8
 1460 0030 00       		.byte	0
 1461 0031 00       		.byte	0
 1462 0032 05       		.uleb128 0x5
 1463 0033 01       		.uleb128 0x1
 1464 0034 01       		.byte	0x1
 1465 0035 49       		.uleb128 0x49
 1466 0036 13       		.uleb128 0x13
 1467 0037 01       		.uleb128 0x1
 1468 0038 13       		.uleb128 0x13
 1469 0039 00       		.byte	0
 1470 003a 00       		.byte	0
 1471 003b 06       		.uleb128 0x6
 1472 003c 21       		.uleb128 0x21
 1473 003d 00       		.byte	0
 1474 003e 49       		.uleb128 0x49
 1475 003f 13       		.uleb128 0x13
 1476 0040 2F       		.uleb128 0x2f
 1477 0041 05       		.uleb128 0x5
 1478 0042 00       		.byte	0
ARM GAS  C:\Users\cante\AppData\Local\Temp\ccy5TpIx.s 			page 27


 1479 0043 00       		.byte	0
 1480 0044 07       		.uleb128 0x7
 1481 0045 26       		.uleb128 0x26
 1482 0046 00       		.byte	0
 1483 0047 49       		.uleb128 0x49
 1484 0048 13       		.uleb128 0x13
 1485 0049 00       		.byte	0
 1486 004a 00       		.byte	0
 1487 004b 08       		.uleb128 0x8
 1488 004c 34       		.uleb128 0x34
 1489 004d 00       		.byte	0
 1490 004e 03       		.uleb128 0x3
 1491 004f 0E       		.uleb128 0xe
 1492 0050 3A       		.uleb128 0x3a
 1493 0051 0B       		.uleb128 0xb
 1494 0052 3B       		.uleb128 0x3b
 1495 0053 0B       		.uleb128 0xb
 1496 0054 49       		.uleb128 0x49
 1497 0055 13       		.uleb128 0x13
 1498 0056 3F       		.uleb128 0x3f
 1499 0057 19       		.uleb128 0x19
 1500 0058 02       		.uleb128 0x2
 1501 0059 18       		.uleb128 0x18
 1502 005a 00       		.byte	0
 1503 005b 00       		.byte	0
 1504 005c 09       		.uleb128 0x9
 1505 005d 21       		.uleb128 0x21
 1506 005e 00       		.byte	0
 1507 005f 49       		.uleb128 0x49
 1508 0060 13       		.uleb128 0x13
 1509 0061 2F       		.uleb128 0x2f
 1510 0062 0B       		.uleb128 0xb
 1511 0063 00       		.byte	0
 1512 0064 00       		.byte	0
 1513 0065 0A       		.uleb128 0xa
 1514 0066 34       		.uleb128 0x34
 1515 0067 00       		.byte	0
 1516 0068 03       		.uleb128 0x3
 1517 0069 0E       		.uleb128 0xe
 1518 006a 3A       		.uleb128 0x3a
 1519 006b 0B       		.uleb128 0xb
 1520 006c 3B       		.uleb128 0x3b
 1521 006d 05       		.uleb128 0x5
 1522 006e 49       		.uleb128 0x49
 1523 006f 13       		.uleb128 0x13
 1524 0070 3F       		.uleb128 0x3f
 1525 0071 19       		.uleb128 0x19
 1526 0072 02       		.uleb128 0x2
 1527 0073 18       		.uleb128 0x18
 1528 0074 00       		.byte	0
 1529 0075 00       		.byte	0
 1530 0076 00       		.byte	0
 1531              		.section	.debug_aranges,"",%progbits
 1532 0000 14000000 		.4byte	0x14
 1533 0004 0200     		.2byte	0x2
 1534 0006 00000000 		.4byte	.Ldebug_info0
 1535 000a 04       		.byte	0x4
ARM GAS  C:\Users\cante\AppData\Local\Temp\ccy5TpIx.s 			page 28


 1536 000b 00       		.byte	0
 1537 000c 0000     		.2byte	0
 1538 000e 0000     		.2byte	0
 1539 0010 00000000 		.4byte	0
 1540 0014 00000000 		.4byte	0
 1541              		.section	.debug_line,"",%progbits
 1542              	.Ldebug_line0:
 1543 0000 3D010000 		.section	.debug_str,"MS",%progbits,1
 1543      02003701 
 1543      00000201 
 1543      FB0E0D00 
 1543      01010101 
 1544              	.LASF9:
 1545 0000 5F5F7569 		.ascii	"__uint8_t\000"
 1545      6E74385F 
 1545      7400
 1546              	.LASF16:
 1547 000a 63795F6D 		.ascii	"cy_metadata\000"
 1547      65746164 
 1547      61746100 
 1548              	.LASF1:
 1549 0016 756E7369 		.ascii	"unsigned char\000"
 1549      676E6564 
 1549      20636861 
 1549      7200
 1550              	.LASF17:
 1551 0024 474E5520 		.ascii	"GNU C11 5.4.1 20160609 (release) [ARM/embedded-5-br"
 1551      43313120 
 1551      352E342E 
 1551      31203230 
 1551      31363036 
 1552 0057 616E6368 		.ascii	"anch revision 237715] -mcpu=cortex-m3 -mthumb -g -O"
 1552      20726576 
 1552      6973696F 
 1552      6E203233 
 1552      37373135 
 1553 008a 67202D66 		.ascii	"g -ffunction-sections -ffat-lto-objects\000"
 1553      66756E63 
 1553      74696F6E 
 1553      2D736563 
 1553      74696F6E 
 1554              	.LASF5:
 1555 00b2 6C6F6E67 		.ascii	"long unsigned int\000"
 1555      20756E73 
 1555      69676E65 
 1555      6420696E 
 1555      7400
 1556              	.LASF3:
 1557 00c4 73686F72 		.ascii	"short unsigned int\000"
 1557      7420756E 
 1557      7369676E 
 1557      65642069 
 1557      6E7400
 1558              	.LASF13:
 1559 00d7 63795F6D 		.ascii	"cy_meta_custnvl\000"
 1559      6574615F 
 1559      63757374 
ARM GAS  C:\Users\cante\AppData\Local\Temp\ccy5TpIx.s 			page 29


 1559      6E766C00 
 1560              	.LASF12:
 1561 00e7 63795F6D 		.ascii	"cy_meta_configecc\000"
 1561      6574615F 
 1561      636F6E66 
 1561      69676563 
 1561      6300
 1562              	.LASF8:
 1563 00f9 756E7369 		.ascii	"unsigned int\000"
 1563      676E6564 
 1563      20696E74 
 1563      00
 1564              	.LASF7:
 1565 0106 6C6F6E67 		.ascii	"long long unsigned int\000"
 1565      206C6F6E 
 1565      6720756E 
 1565      7369676E 
 1565      65642069 
 1566              	.LASF10:
 1567 011d 75696E74 		.ascii	"uint8_t\000"
 1567      385F7400 
 1568              	.LASF15:
 1569 0125 63795F6D 		.ascii	"cy_meta_flashprotect\000"
 1569      6574615F 
 1569      666C6173 
 1569      6870726F 
 1569      74656374 
 1570              	.LASF14:
 1571 013a 63795F6D 		.ascii	"cy_meta_wonvl\000"
 1571      6574615F 
 1571      776F6E76 
 1571      6C00
 1572              	.LASF19:
 1573 0148 433A5C55 		.ascii	"C:\\Users\\cante\\Desktop\\INGEGNERIA BIOMEDICA\\V "
 1573      73657273 
 1573      5C63616E 
 1573      74655C44 
 1573      65736B74 
 1574 0176 414E4E4F 		.ascii	"ANNO\\LAB ELETTRONICA\\PSoC\\Progetti DMA\\Workspac"
 1574      5C4C4142 
 1574      20454C45 
 1574      5454524F 
 1574      4E494341 
 1575 01a5 6530315C 		.ascii	"e01\\Design03.cydsn\000"
 1575      44657369 
 1575      676E3033 
 1575      2E637964 
 1575      736E00
 1576              	.LASF11:
 1577 01b8 73697A65 		.ascii	"sizetype\000"
 1577      74797065 
 1577      00
 1578              	.LASF6:
 1579 01c1 6C6F6E67 		.ascii	"long long int\000"
 1579      206C6F6E 
 1579      6720696E 
 1579      7400
ARM GAS  C:\Users\cante\AppData\Local\Temp\ccy5TpIx.s 			page 30


 1580              	.LASF2:
 1581 01cf 73686F72 		.ascii	"short int\000"
 1581      7420696E 
 1581      7400
 1582              	.LASF4:
 1583 01d9 6C6F6E67 		.ascii	"long int\000"
 1583      20696E74 
 1583      00
 1584              	.LASF0:
 1585 01e2 7369676E 		.ascii	"signed char\000"
 1585      65642063 
 1585      68617200 
 1586              	.LASF18:
 1587 01ee 47656E65 		.ascii	"Generated_Source\\PSoC5\\cymetadata.c\000"
 1587      72617465 
 1587      645F536F 
 1587      75726365 
 1587      5C50536F 
 1588              		.ident	"GCC: (GNU Tools for ARM Embedded Processors) 5.4.1 20160609 (release) [ARM/embedded-5-bran
