ARM GAS  C:\Users\cante\AppData\Local\Temp\ccX3i4Se.s 			page 1


   1              		.syntax unified
   2              		.cpu cortex-m3
   3              		.fpu softvfp
   4              		.eabi_attribute 20, 1
   5              		.eabi_attribute 21, 1
   6              		.eabi_attribute 23, 3
   7              		.eabi_attribute 24, 1
   8              		.eabi_attribute 25, 1
   9              		.eabi_attribute 26, 1
  10              		.eabi_attribute 30, 1
  11              		.eabi_attribute 34, 1
  12              		.eabi_attribute 18, 4
  13              		.thumb
  14              		.syntax unified
  15              		.file	"cymetadata.c"
  16              		.text
  17              	.Ltext0:
  18              		.cfi_sections	.debug_frame
  19              		.global	cy_metadata
  20              		.global	cy_meta_flashprotect
  21              		.global	cy_meta_wonvl
  22              		.global	cy_meta_custnvl
  23              		.global	cy_meta_configecc
  24              		.section	.cyconfigecc,"a",%progbits
  25              		.align	2
  26              		.type	cy_meta_configecc, %object
  27              		.size	cy_meta_configecc, 364
  28              	cy_meta_configecc:
  29 0000 02       		.byte	2
  30 0001 52       		.byte	82
  31 0002 00       		.byte	0
  32 0003 40       		.byte	64
  33 0004 02       		.byte	2
  34 0005 64       		.byte	100
  35 0006 00       		.byte	0
  36 0007 40       		.byte	64
  37 0008 04       		.byte	4
  38 0009 0B       		.byte	11
  39 000a 01       		.byte	1
  40 000b 40       		.byte	64
  41 000c 5A       		.byte	90
  42 000d 0C       		.byte	12
  43 000e 01       		.byte	1
  44 000f 40       		.byte	64
  45 0010 32       		.byte	50
  46 0011 0D       		.byte	13
  47 0012 01       		.byte	1
  48 0013 40       		.byte	64
  49 0014 05       		.byte	5
  50 0015 45       		.byte	69
  51 0016 01       		.byte	1
  52 0017 40       		.byte	64
  53 0018 02       		.byte	2
  54 0019 46       		.byte	70
  55 001a 01       		.byte	1
  56 001b 40       		.byte	64
  57 001c 02       		.byte	2
ARM GAS  C:\Users\cante\AppData\Local\Temp\ccX3i4Se.s 			page 2


  58 001d 50       		.byte	80
  59 001e 01       		.byte	1
  60 001f 40       		.byte	64
  61 0020 10       		.byte	16
  62 0021 60       		.byte	96
  63 0022 11       		.byte	17
  64 0023 20       		.byte	32
  65 0024 8C       		.byte	-116
  66 0025 0F       		.byte	15
  67 0026 8D       		.byte	-115
  68 0027 0D       		.byte	13
  69 0028 AE       		.byte	-82
  70 0029 10       		.byte	16
  71 002a AF       		.byte	-81
  72 002b 40       		.byte	64
  73 002c E8       		.byte	-24
  74 002d 08       		.byte	8
  75 002e EC       		.byte	-20
  76 002f 08       		.byte	8
  77 0030 01       		.byte	1
  78 0031 0C       		.byte	12
  79 0032 04       		.byte	4
  80 0033 01       		.byte	1
  81 0034 05       		.byte	5
  82 0035 0C       		.byte	12
  83 0036 09       		.byte	9
  84 0037 03       		.byte	3
  85 0038 0C       		.byte	12
  86 0039 08       		.byte	8
  87 003a 11       		.byte	17
  88 003b 02       		.byte	2
  89 003c 12       		.byte	18
  90 003d 0D       		.byte	13
  91 003e 19       		.byte	25
  92 003f 08       		.byte	8
  93 0040 1E       		.byte	30
  94 0041 04       		.byte	4
  95 0042 24       		.byte	36
  96 0043 01       		.byte	1
  97 0044 25       		.byte	37
  98 0045 03       		.byte	3
  99 0046 28       		.byte	40
 100 0047 08       		.byte	8
 101 0048 2E       		.byte	46
 102 0049 02       		.byte	2
 103 004a 30       		.byte	48
 104 004b 02       		.byte	2
 105 004c 31       		.byte	49
 106 004d 02       		.byte	2
 107 004e 32       		.byte	50
 108 004f 08       		.byte	8
 109 0050 33       		.byte	51
 110 0051 08       		.byte	8
 111 0052 34       		.byte	52
 112 0053 04       		.byte	4
 113 0054 35       		.byte	53
 114 0055 04       		.byte	4
ARM GAS  C:\Users\cante\AppData\Local\Temp\ccX3i4Se.s 			page 3


 115 0056 36       		.byte	54
 116 0057 01       		.byte	1
 117 0058 37       		.byte	55
 118 0059 01       		.byte	1
 119 005a 3E       		.byte	62
 120 005b 10       		.byte	16
 121 005c 40       		.byte	64
 122 005d 40       		.byte	64
 123 005e 41       		.byte	65
 124 005f 01       		.byte	1
 125 0060 45       		.byte	69
 126 0061 D1       		.byte	-47
 127 0062 46       		.byte	70
 128 0063 02       		.byte	2
 129 0064 47       		.byte	71
 130 0065 54       		.byte	84
 131 0066 48       		.byte	72
 132 0067 3F       		.byte	63
 133 0068 49       		.byte	73
 134 0069 FF       		.byte	-1
 135 006a 4A       		.byte	74
 136 006b FF       		.byte	-1
 137 006c 4B       		.byte	75
 138 006d FF       		.byte	-1
 139 006e 4D       		.byte	77
 140 006f A0       		.byte	-96
 141 0070 4F       		.byte	79
 142 0071 04       		.byte	4
 143 0072 50       		.byte	80
 144 0073 18       		.byte	24
 145 0074 52       		.byte	82
 146 0075 80       		.byte	-128
 147 0076 54       		.byte	84
 148 0077 07       		.byte	7
 149 0078 58       		.byte	88
 150 0079 04       		.byte	4
 151 007a 59       		.byte	89
 152 007b 04       		.byte	4
 153 007c 5A       		.byte	90
 154 007d 04       		.byte	4
 155 007e 5B       		.byte	91
 156 007f 04       		.byte	4
 157 0080 5F       		.byte	95
 158 0081 01       		.byte	1
 159 0082 60       		.byte	96
 160 0083 40       		.byte	64
 161 0084 62       		.byte	98
 162 0085 C0       		.byte	-64
 163 0086 64       		.byte	100
 164 0087 40       		.byte	64
 165 0088 65       		.byte	101
 166 0089 40       		.byte	64
 167 008a 66       		.byte	102
 168 008b C0       		.byte	-64
 169 008c 68       		.byte	104
 170 008d C0       		.byte	-64
 171 008e 6A       		.byte	106
ARM GAS  C:\Users\cante\AppData\Local\Temp\ccX3i4Se.s 			page 4


 172 008f C0       		.byte	-64
 173 0090 6C       		.byte	108
 174 0091 C0       		.byte	-64
 175 0092 6E       		.byte	110
 176 0093 C0       		.byte	-64
 177 0094 83       		.byte	-125
 178 0095 01       		.byte	1
 179 0096 92       		.byte	-110
 180 0097 08       		.byte	8
 181 0098 98       		.byte	-104
 182 0099 01       		.byte	1
 183 009a 9E       		.byte	-98
 184 009b 04       		.byte	4
 185 009c A4       		.byte	-92
 186 009d 07       		.byte	7
 187 009e A8       		.byte	-88
 188 009f 07       		.byte	7
 189 00a0 AF       		.byte	-81
 190 00a1 01       		.byte	1
 191 00a2 B0       		.byte	-80
 192 00a3 01       		.byte	1
 193 00a4 B2       		.byte	-78
 194 00a5 04       		.byte	4
 195 00a6 B3       		.byte	-77
 196 00a7 01       		.byte	1
 197 00a8 B4       		.byte	-76
 198 00a9 02       		.byte	2
 199 00aa B6       		.byte	-74
 200 00ab 08       		.byte	8
 201 00ac BF       		.byte	-65
 202 00ad 04       		.byte	4
 203 00ae C0       		.byte	-64
 204 00af 10       		.byte	16
 205 00b0 C1       		.byte	-63
 206 00b1 05       		.byte	5
 207 00b2 C5       		.byte	-59
 208 00b3 D1       		.byte	-47
 209 00b4 C7       		.byte	-57
 210 00b5 20       		.byte	32
 211 00b6 C8       		.byte	-56
 212 00b7 33       		.byte	51
 213 00b8 C9       		.byte	-55
 214 00b9 FF       		.byte	-1
 215 00ba CA       		.byte	-54
 216 00bb FF       		.byte	-1
 217 00bc CB       		.byte	-53
 218 00bd FF       		.byte	-1
 219 00be CD       		.byte	-51
 220 00bf A0       		.byte	-96
 221 00c0 CF       		.byte	-49
 222 00c1 04       		.byte	4
 223 00c2 D0       		.byte	-48
 224 00c3 18       		.byte	24
 225 00c4 D2       		.byte	-46
 226 00c5 80       		.byte	-128
 227 00c6 D4       		.byte	-44
 228 00c7 05       		.byte	5
ARM GAS  C:\Users\cante\AppData\Local\Temp\ccX3i4Se.s 			page 5


 229 00c8 D8       		.byte	-40
 230 00c9 04       		.byte	4
 231 00ca D9       		.byte	-39
 232 00cb 04       		.byte	4
 233 00cc DA       		.byte	-38
 234 00cd 04       		.byte	4
 235 00ce DB       		.byte	-37
 236 00cf 04       		.byte	4
 237 00d0 DF       		.byte	-33
 238 00d1 01       		.byte	1
 239 00d2 E0       		.byte	-32
 240 00d3 40       		.byte	64
 241 00d4 E2       		.byte	-30
 242 00d5 C0       		.byte	-64
 243 00d6 E4       		.byte	-28
 244 00d7 40       		.byte	64
 245 00d8 E5       		.byte	-27
 246 00d9 40       		.byte	64
 247 00da E6       		.byte	-26
 248 00db C0       		.byte	-64
 249 00dc E8       		.byte	-24
 250 00dd C0       		.byte	-64
 251 00de EA       		.byte	-22
 252 00df C0       		.byte	-64
 253 00e0 EC       		.byte	-20
 254 00e1 C0       		.byte	-64
 255 00e2 EE       		.byte	-18
 256 00e3 C0       		.byte	-64
 257 00e4 05       		.byte	5
 258 00e5 08       		.byte	8
 259 00e6 06       		.byte	6
 260 00e7 02       		.byte	2
 261 00e8 0A       		.byte	10
 262 00e9 45       		.byte	69
 263 00ea 0D       		.byte	13
 264 00eb 80       		.byte	-128
 265 00ec 0E       		.byte	14
 266 00ed 80       		.byte	-128
 267 00ee 10       		.byte	16
 268 00ef 28       		.byte	40
 269 00f0 16       		.byte	22
 270 00f1 28       		.byte	40
 271 00f2 17       		.byte	23
 272 00f3 40       		.byte	64
 273 00f4 19       		.byte	25
 274 00f5 44       		.byte	68
 275 00f6 1A       		.byte	26
 276 00f7 85       		.byte	-123
 277 00f8 1D       		.byte	29
 278 00f9 02       		.byte	2
 279 00fa 1E       		.byte	30
 280 00fb A8       		.byte	-88
 281 00fc 1F       		.byte	31
 282 00fd 40       		.byte	64
 283 00fe 22       		.byte	34
 284 00ff 04       		.byte	4
 285 0100 26       		.byte	38
ARM GAS  C:\Users\cante\AppData\Local\Temp\ccX3i4Se.s 			page 6


 286 0101 20       		.byte	32
 287 0102 27       		.byte	39
 288 0103 A2       		.byte	-94
 289 0104 29       		.byte	41
 290 0105 40       		.byte	64
 291 0106 2D       		.byte	45
 292 0107 08       		.byte	8
 293 0108 36       		.byte	54
 294 0109 20       		.byte	32
 295 010a 37       		.byte	55
 296 010b 02       		.byte	2
 297 010c 38       		.byte	56
 298 010d 02       		.byte	2
 299 010e 3E       		.byte	62
 300 010f 2A       		.byte	42
 301 0110 42       		.byte	66
 302 0111 01       		.byte	1
 303 0112 45       		.byte	69
 304 0113 82       		.byte	-126
 305 0114 48       		.byte	72
 306 0115 20       		.byte	32
 307 0116 49       		.byte	73
 308 0117 01       		.byte	1
 309 0118 4A       		.byte	74
 310 0119 02       		.byte	2
 311 011a 4D       		.byte	77
 312 011b 09       		.byte	9
 313 011c 50       		.byte	80
 314 011d 09       		.byte	9
 315 011e 52       		.byte	82
 316 011f 02       		.byte	2
 317 0120 55       		.byte	85
 318 0121 80       		.byte	-128
 319 0122 56       		.byte	86
 320 0123 2A       		.byte	42
 321 0124 59       		.byte	89
 322 0125 01       		.byte	1
 323 0126 5A       		.byte	90
 324 0127 88       		.byte	-120
 325 0128 5D       		.byte	93
 326 0129 01       		.byte	1
 327 012a 5E       		.byte	94
 328 012b 08       		.byte	8
 329 012c 5F       		.byte	95
 330 012d A0       		.byte	-96
 331 012e 72       		.byte	114
 332 012f 40       		.byte	64
 333 0130 77       		.byte	119
 334 0131 40       		.byte	64
 335 0132 81       		.byte	-127
 336 0133 04       		.byte	4
 337 0134 C0       		.byte	-64
 338 0135 A0       		.byte	-96
 339 0136 C2       		.byte	-62
 340 0137 9B       		.byte	-101
 341 0138 C4       		.byte	-60
 342 0139 E6       		.byte	-26
ARM GAS  C:\Users\cante\AppData\Local\Temp\ccX3i4Se.s 			page 7


 343 013a CA       		.byte	-54
 344 013b 48       		.byte	72
 345 013c CC       		.byte	-52
 346 013d A0       		.byte	-96
 347 013e CE       		.byte	-50
 348 013f E1       		.byte	-31
 349 0140 D0       		.byte	-48
 350 0141 98       		.byte	-104
 351 0142 D2       		.byte	-46
 352 0143 08       		.byte	8
 353 0144 D6       		.byte	-42
 354 0145 FB       		.byte	-5
 355 0146 E4       		.byte	-28
 356 0147 01       		.byte	1
 357 0148 63       		.byte	99
 358 0149 02       		.byte	2
 359 014a 66       		.byte	102
 360 014b 48       		.byte	72
 361 014c 82       		.byte	-126
 362 014d 08       		.byte	8
 363 014e D6       		.byte	-42
 364 014f 03       		.byte	3
 365 0150 D8       		.byte	-40
 366 0151 01       		.byte	1
 367 0152 AE       		.byte	-82
 368 0153 40       		.byte	64
 369 0154 AF       		.byte	-81
 370 0155 01       		.byte	1
 371 0156 00       		.byte	0
 372 0157 01       		.byte	1
 373 0158 0E       		.byte	14
 374 0159 01       		.byte	1
 375 015a 00       		.byte	0
 376 015b 00       		.byte	0
 377 015c 00       		.byte	0
 378 015d 0B       		.byte	11
 379 015e 0B       		.byte	11
 380 015f 00       		.byte	0
 381 0160 00       		.byte	0
 382 0161 00       		.byte	0
 383 0162 00       		.byte	0
 384 0163 00       		.byte	0
 385 0164 00       		.byte	0
 386 0165 E0       		.byte	-32
 387 0166 E0       		.byte	-32
 388 0167 00       		.byte	0
 389 0168 E0       		.byte	-32
 390 0169 00       		.byte	0
 391 016a 00       		.byte	0
 392 016b 00       		.byte	0
 393              		.section	.cywolatch,"a",%progbits
 394              		.align	2
 395              		.type	cy_meta_wonvl, %object
 396              		.size	cy_meta_wonvl, 4
 397              	cy_meta_wonvl:
 398 0000 BC       		.byte	-68
 399 0001 90       		.byte	-112
ARM GAS  C:\Users\cante\AppData\Local\Temp\ccX3i4Se.s 			page 8


 400 0002 AC       		.byte	-84
 401 0003 AF       		.byte	-81
 402              		.section	.cycustnvl,"a",%progbits
 403              		.align	2
 404              		.type	cy_meta_custnvl, %object
 405              		.size	cy_meta_custnvl, 4
 406              	cy_meta_custnvl:
 407 0000 00       		.byte	0
 408 0001 00       		.byte	0
 409 0002 40       		.byte	64
 410 0003 05       		.byte	5
 411              		.section	.cymeta,"a",%progbits
 412              		.align	2
 413              		.type	cy_metadata, %object
 414              		.size	cy_metadata, 12
 415              	cy_metadata:
 416 0000 00       		.byte	0
 417 0001 01       		.byte	1
 418 0002 2E       		.byte	46
 419 0003 16       		.byte	22
 420 0004 10       		.byte	16
 421 0005 69       		.byte	105
 422 0006 00       		.byte	0
 423 0007 01       		.byte	1
 424 0008 00       		.byte	0
 425 0009 00       		.byte	0
 426 000a 00       		.byte	0
 427 000b 00       		.byte	0
 428              		.section	.cyflashprotect,"a",%progbits
 429              		.align	2
 430              		.type	cy_meta_flashprotect, %object
 431              		.size	cy_meta_flashprotect, 256
 432              	cy_meta_flashprotect:
 433 0000 00000000 		.space	256
 433      00000000 
 433      00000000 
 433      00000000 
 433      00000000 
 434              		.text
 435              	.Letext0:
 436              		.file 1 "c:\\program files (x86)\\cypress\\psoc creator\\4.4\\psoc creator\\import\\gnu\\arm\\5.4.
 437              		.file 2 "c:\\program files (x86)\\cypress\\psoc creator\\4.4\\psoc creator\\import\\gnu\\arm\\5.4.
 438              		.file 3 "Generated_Source\\PSoC5\\cymetadata.c"
 439              		.section	.debug_info,"",%progbits
 440              	.Ldebug_info0:
 441 0000 31010000 		.4byte	0x131
 442 0004 0400     		.2byte	0x4
 443 0006 00000000 		.4byte	.Ldebug_abbrev0
 444 000a 04       		.byte	0x4
 445 000b 01       		.uleb128 0x1
 446 000c 24000000 		.4byte	.LASF17
 447 0010 0C       		.byte	0xc
 448 0011 F2010000 		.4byte	.LASF18
 449 0015 69010000 		.4byte	.LASF19
 450 0019 00000000 		.4byte	.Ldebug_line0
 451 001d 02       		.uleb128 0x2
 452 001e 01       		.byte	0x1
ARM GAS  C:\Users\cante\AppData\Local\Temp\ccX3i4Se.s 			page 9


 453 001f 06       		.byte	0x6
 454 0020 E6010000 		.4byte	.LASF0
 455 0024 03       		.uleb128 0x3
 456 0025 00000000 		.4byte	.LASF9
 457 0029 01       		.byte	0x1
 458 002a 1D       		.byte	0x1d
 459 002b 2F000000 		.4byte	0x2f
 460 002f 02       		.uleb128 0x2
 461 0030 01       		.byte	0x1
 462 0031 08       		.byte	0x8
 463 0032 16000000 		.4byte	.LASF1
 464 0036 02       		.uleb128 0x2
 465 0037 02       		.byte	0x2
 466 0038 05       		.byte	0x5
 467 0039 5F010000 		.4byte	.LASF2
 468 003d 02       		.uleb128 0x2
 469 003e 02       		.byte	0x2
 470 003f 07       		.byte	0x7
 471 0040 C4000000 		.4byte	.LASF3
 472 0044 02       		.uleb128 0x2
 473 0045 04       		.byte	0x4
 474 0046 05       		.byte	0x5
 475 0047 DD010000 		.4byte	.LASF4
 476 004b 02       		.uleb128 0x2
 477 004c 04       		.byte	0x4
 478 004d 07       		.byte	0x7
 479 004e B2000000 		.4byte	.LASF5
 480 0052 02       		.uleb128 0x2
 481 0053 08       		.byte	0x8
 482 0054 05       		.byte	0x5
 483 0055 51010000 		.4byte	.LASF6
 484 0059 02       		.uleb128 0x2
 485 005a 08       		.byte	0x8
 486 005b 07       		.byte	0x7
 487 005c 06010000 		.4byte	.LASF7
 488 0060 04       		.uleb128 0x4
 489 0061 04       		.byte	0x4
 490 0062 05       		.byte	0x5
 491 0063 696E7400 		.ascii	"int\000"
 492 0067 02       		.uleb128 0x2
 493 0068 04       		.byte	0x4
 494 0069 07       		.byte	0x7
 495 006a F9000000 		.4byte	.LASF8
 496 006e 03       		.uleb128 0x3
 497 006f 1D010000 		.4byte	.LASF10
 498 0073 02       		.byte	0x2
 499 0074 18       		.byte	0x18
 500 0075 24000000 		.4byte	0x24
 501 0079 05       		.uleb128 0x5
 502 007a 91000000 		.4byte	0x91
 503 007e 8A000000 		.4byte	0x8a
 504 0082 06       		.uleb128 0x6
 505 0083 8A000000 		.4byte	0x8a
 506 0087 6B01     		.2byte	0x16b
 507 0089 00       		.byte	0
 508 008a 02       		.uleb128 0x2
 509 008b 04       		.byte	0x4
ARM GAS  C:\Users\cante\AppData\Local\Temp\ccX3i4Se.s 			page 10


 510 008c 07       		.byte	0x7
 511 008d 48010000 		.4byte	.LASF11
 512 0091 07       		.uleb128 0x7
 513 0092 6E000000 		.4byte	0x6e
 514 0096 08       		.uleb128 0x8
 515 0097 E7000000 		.4byte	.LASF12
 516 009b 03       		.byte	0x3
 517 009c 1F       		.byte	0x1f
 518 009d A7000000 		.4byte	0xa7
 519 00a1 05       		.uleb128 0x5
 520 00a2 03       		.byte	0x3
 521 00a3 00000000 		.4byte	cy_meta_configecc
 522 00a7 07       		.uleb128 0x7
 523 00a8 79000000 		.4byte	0x79
 524 00ac 05       		.uleb128 0x5
 525 00ad 91000000 		.4byte	0x91
 526 00b1 BC000000 		.4byte	0xbc
 527 00b5 09       		.uleb128 0x9
 528 00b6 8A000000 		.4byte	0x8a
 529 00ba 03       		.byte	0x3
 530 00bb 00       		.byte	0
 531 00bc 08       		.uleb128 0x8
 532 00bd D7000000 		.4byte	.LASF13
 533 00c1 03       		.byte	0x3
 534 00c2 5A       		.byte	0x5a
 535 00c3 CD000000 		.4byte	0xcd
 536 00c7 05       		.uleb128 0x5
 537 00c8 03       		.byte	0x3
 538 00c9 00000000 		.4byte	cy_meta_custnvl
 539 00cd 07       		.uleb128 0x7
 540 00ce AC000000 		.4byte	0xac
 541 00d2 08       		.uleb128 0x8
 542 00d3 3A010000 		.4byte	.LASF14
 543 00d7 03       		.byte	0x3
 544 00d8 68       		.byte	0x68
 545 00d9 E3000000 		.4byte	0xe3
 546 00dd 05       		.uleb128 0x5
 547 00de 03       		.byte	0x3
 548 00df 00000000 		.4byte	cy_meta_wonvl
 549 00e3 07       		.uleb128 0x7
 550 00e4 AC000000 		.4byte	0xac
 551 00e8 05       		.uleb128 0x5
 552 00e9 91000000 		.4byte	0x91
 553 00ed F8000000 		.4byte	0xf8
 554 00f1 09       		.uleb128 0x9
 555 00f2 8A000000 		.4byte	0x8a
 556 00f6 FF       		.byte	0xff
 557 00f7 00       		.byte	0
 558 00f8 08       		.uleb128 0x8
 559 00f9 25010000 		.4byte	.LASF15
 560 00fd 03       		.byte	0x3
 561 00fe 76       		.byte	0x76
 562 00ff 09010000 		.4byte	0x109
 563 0103 05       		.uleb128 0x5
 564 0104 03       		.byte	0x3
 565 0105 00000000 		.4byte	cy_meta_flashprotect
 566 0109 07       		.uleb128 0x7
ARM GAS  C:\Users\cante\AppData\Local\Temp\ccX3i4Se.s 			page 11


 567 010a E8000000 		.4byte	0xe8
 568 010e 05       		.uleb128 0x5
 569 010f 91000000 		.4byte	0x91
 570 0113 1E010000 		.4byte	0x11e
 571 0117 09       		.uleb128 0x9
 572 0118 8A000000 		.4byte	0x8a
 573 011c 0B       		.byte	0xb
 574 011d 00       		.byte	0
 575 011e 08       		.uleb128 0x8
 576 011f 0A000000 		.4byte	.LASF16
 577 0123 03       		.byte	0x3
 578 0124 A3       		.byte	0xa3
 579 0125 2F010000 		.4byte	0x12f
 580 0129 05       		.uleb128 0x5
 581 012a 03       		.byte	0x3
 582 012b 00000000 		.4byte	cy_metadata
 583 012f 07       		.uleb128 0x7
 584 0130 0E010000 		.4byte	0x10e
 585 0134 00       		.byte	0
 586              		.section	.debug_abbrev,"",%progbits
 587              	.Ldebug_abbrev0:
 588 0000 01       		.uleb128 0x1
 589 0001 11       		.uleb128 0x11
 590 0002 01       		.byte	0x1
 591 0003 25       		.uleb128 0x25
 592 0004 0E       		.uleb128 0xe
 593 0005 13       		.uleb128 0x13
 594 0006 0B       		.uleb128 0xb
 595 0007 03       		.uleb128 0x3
 596 0008 0E       		.uleb128 0xe
 597 0009 1B       		.uleb128 0x1b
 598 000a 0E       		.uleb128 0xe
 599 000b 10       		.uleb128 0x10
 600 000c 17       		.uleb128 0x17
 601 000d 00       		.byte	0
 602 000e 00       		.byte	0
 603 000f 02       		.uleb128 0x2
 604 0010 24       		.uleb128 0x24
 605 0011 00       		.byte	0
 606 0012 0B       		.uleb128 0xb
 607 0013 0B       		.uleb128 0xb
 608 0014 3E       		.uleb128 0x3e
 609 0015 0B       		.uleb128 0xb
 610 0016 03       		.uleb128 0x3
 611 0017 0E       		.uleb128 0xe
 612 0018 00       		.byte	0
 613 0019 00       		.byte	0
 614 001a 03       		.uleb128 0x3
 615 001b 16       		.uleb128 0x16
 616 001c 00       		.byte	0
 617 001d 03       		.uleb128 0x3
 618 001e 0E       		.uleb128 0xe
 619 001f 3A       		.uleb128 0x3a
 620 0020 0B       		.uleb128 0xb
 621 0021 3B       		.uleb128 0x3b
 622 0022 0B       		.uleb128 0xb
 623 0023 49       		.uleb128 0x49
ARM GAS  C:\Users\cante\AppData\Local\Temp\ccX3i4Se.s 			page 12


 624 0024 13       		.uleb128 0x13
 625 0025 00       		.byte	0
 626 0026 00       		.byte	0
 627 0027 04       		.uleb128 0x4
 628 0028 24       		.uleb128 0x24
 629 0029 00       		.byte	0
 630 002a 0B       		.uleb128 0xb
 631 002b 0B       		.uleb128 0xb
 632 002c 3E       		.uleb128 0x3e
 633 002d 0B       		.uleb128 0xb
 634 002e 03       		.uleb128 0x3
 635 002f 08       		.uleb128 0x8
 636 0030 00       		.byte	0
 637 0031 00       		.byte	0
 638 0032 05       		.uleb128 0x5
 639 0033 01       		.uleb128 0x1
 640 0034 01       		.byte	0x1
 641 0035 49       		.uleb128 0x49
 642 0036 13       		.uleb128 0x13
 643 0037 01       		.uleb128 0x1
 644 0038 13       		.uleb128 0x13
 645 0039 00       		.byte	0
 646 003a 00       		.byte	0
 647 003b 06       		.uleb128 0x6
 648 003c 21       		.uleb128 0x21
 649 003d 00       		.byte	0
 650 003e 49       		.uleb128 0x49
 651 003f 13       		.uleb128 0x13
 652 0040 2F       		.uleb128 0x2f
 653 0041 05       		.uleb128 0x5
 654 0042 00       		.byte	0
 655 0043 00       		.byte	0
 656 0044 07       		.uleb128 0x7
 657 0045 26       		.uleb128 0x26
 658 0046 00       		.byte	0
 659 0047 49       		.uleb128 0x49
 660 0048 13       		.uleb128 0x13
 661 0049 00       		.byte	0
 662 004a 00       		.byte	0
 663 004b 08       		.uleb128 0x8
 664 004c 34       		.uleb128 0x34
 665 004d 00       		.byte	0
 666 004e 03       		.uleb128 0x3
 667 004f 0E       		.uleb128 0xe
 668 0050 3A       		.uleb128 0x3a
 669 0051 0B       		.uleb128 0xb
 670 0052 3B       		.uleb128 0x3b
 671 0053 0B       		.uleb128 0xb
 672 0054 49       		.uleb128 0x49
 673 0055 13       		.uleb128 0x13
 674 0056 3F       		.uleb128 0x3f
 675 0057 19       		.uleb128 0x19
 676 0058 02       		.uleb128 0x2
 677 0059 18       		.uleb128 0x18
 678 005a 00       		.byte	0
 679 005b 00       		.byte	0
 680 005c 09       		.uleb128 0x9
ARM GAS  C:\Users\cante\AppData\Local\Temp\ccX3i4Se.s 			page 13


 681 005d 21       		.uleb128 0x21
 682 005e 00       		.byte	0
 683 005f 49       		.uleb128 0x49
 684 0060 13       		.uleb128 0x13
 685 0061 2F       		.uleb128 0x2f
 686 0062 0B       		.uleb128 0xb
 687 0063 00       		.byte	0
 688 0064 00       		.byte	0
 689 0065 00       		.byte	0
 690              		.section	.debug_aranges,"",%progbits
 691 0000 14000000 		.4byte	0x14
 692 0004 0200     		.2byte	0x2
 693 0006 00000000 		.4byte	.Ldebug_info0
 694 000a 04       		.byte	0x4
 695 000b 00       		.byte	0
 696 000c 0000     		.2byte	0
 697 000e 0000     		.2byte	0
 698 0010 00000000 		.4byte	0
 699 0014 00000000 		.4byte	0
 700              		.section	.debug_line,"",%progbits
 701              	.Ldebug_line0:
 702 0000 3D010000 		.section	.debug_str,"MS",%progbits,1
 702      02003701 
 702      00000201 
 702      FB0E0D00 
 702      01010101 
 703              	.LASF9:
 704 0000 5F5F7569 		.ascii	"__uint8_t\000"
 704      6E74385F 
 704      7400
 705              	.LASF16:
 706 000a 63795F6D 		.ascii	"cy_metadata\000"
 706      65746164 
 706      61746100 
 707              	.LASF1:
 708 0016 756E7369 		.ascii	"unsigned char\000"
 708      676E6564 
 708      20636861 
 708      7200
 709              	.LASF17:
 710 0024 474E5520 		.ascii	"GNU C11 5.4.1 20160609 (release) [ARM/embedded-5-br"
 710      43313120 
 710      352E342E 
 710      31203230 
 710      31363036 
 711 0057 616E6368 		.ascii	"anch revision 237715] -mcpu=cortex-m3 -mthumb -g -O"
 711      20726576 
 711      6973696F 
 711      6E203233 
 711      37373135 
 712 008a 67202D66 		.ascii	"g -ffunction-sections -ffat-lto-objects\000"
 712      66756E63 
 712      74696F6E 
 712      2D736563 
 712      74696F6E 
 713              	.LASF5:
 714 00b2 6C6F6E67 		.ascii	"long unsigned int\000"
ARM GAS  C:\Users\cante\AppData\Local\Temp\ccX3i4Se.s 			page 14


 714      20756E73 
 714      69676E65 
 714      6420696E 
 714      7400
 715              	.LASF3:
 716 00c4 73686F72 		.ascii	"short unsigned int\000"
 716      7420756E 
 716      7369676E 
 716      65642069 
 716      6E7400
 717              	.LASF13:
 718 00d7 63795F6D 		.ascii	"cy_meta_custnvl\000"
 718      6574615F 
 718      63757374 
 718      6E766C00 
 719              	.LASF12:
 720 00e7 63795F6D 		.ascii	"cy_meta_configecc\000"
 720      6574615F 
 720      636F6E66 
 720      69676563 
 720      6300
 721              	.LASF8:
 722 00f9 756E7369 		.ascii	"unsigned int\000"
 722      676E6564 
 722      20696E74 
 722      00
 723              	.LASF7:
 724 0106 6C6F6E67 		.ascii	"long long unsigned int\000"
 724      206C6F6E 
 724      6720756E 
 724      7369676E 
 724      65642069 
 725              	.LASF10:
 726 011d 75696E74 		.ascii	"uint8_t\000"
 726      385F7400 
 727              	.LASF15:
 728 0125 63795F6D 		.ascii	"cy_meta_flashprotect\000"
 728      6574615F 
 728      666C6173 
 728      6870726F 
 728      74656374 
 729              	.LASF14:
 730 013a 63795F6D 		.ascii	"cy_meta_wonvl\000"
 730      6574615F 
 730      776F6E76 
 730      6C00
 731              	.LASF11:
 732 0148 73697A65 		.ascii	"sizetype\000"
 732      74797065 
 732      00
 733              	.LASF6:
 734 0151 6C6F6E67 		.ascii	"long long int\000"
 734      206C6F6E 
 734      6720696E 
 734      7400
 735              	.LASF2:
 736 015f 73686F72 		.ascii	"short int\000"
ARM GAS  C:\Users\cante\AppData\Local\Temp\ccX3i4Se.s 			page 15


 736      7420696E 
 736      7400
 737              	.LASF19:
 738 0169 433A5C55 		.ascii	"C:\\Users\\cante\\Desktop\\INGEGNERIA BIOMEDICA\\V "
 738      73657273 
 738      5C63616E 
 738      74655C44 
 738      65736B74 
 739 0197 414E4E4F 		.ascii	"ANNO\\LAB ELETTRONICA\\PSoC\\AY2021_II_PSoC_Basics\\"
 739      5C4C4142 
 739      20454C45 
 739      5454524F 
 739      4E494341 
 740 01c7 30352D52 		.ascii	"05-RGBLedDriver.cydsn\000"
 740      47424C65 
 740      64447269 
 740      7665722E 
 740      63796473 
 741              	.LASF4:
 742 01dd 6C6F6E67 		.ascii	"long int\000"
 742      20696E74 
 742      00
 743              	.LASF0:
 744 01e6 7369676E 		.ascii	"signed char\000"
 744      65642063 
 744      68617200 
 745              	.LASF18:
 746 01f2 47656E65 		.ascii	"Generated_Source\\PSoC5\\cymetadata.c\000"
 746      72617465 
 746      645F536F 
 746      75726365 
 746      5C50536F 
 747              		.ident	"GCC: (GNU Tools for ARM Embedded Processors) 5.4.1 20160609 (release) [ARM/embedded-5-bran
