ARM GAS  C:\Users\cante\AppData\Local\Temp\ccAmErQJ.s 			page 1


   1              		.syntax unified
   2              		.cpu cortex-m3
   3              		.fpu softvfp
   4              		.eabi_attribute 20, 1
   5              		.eabi_attribute 21, 1
   6              		.eabi_attribute 23, 3
   7              		.eabi_attribute 24, 1
   8              		.eabi_attribute 25, 1
   9              		.eabi_attribute 26, 1
  10              		.eabi_attribute 30, 1
  11              		.eabi_attribute 34, 1
  12              		.eabi_attribute 18, 4
  13              		.thumb
  14              		.syntax unified
  15              		.file	"RGBLedDriver.c"
  16              		.text
  17              	.Ltext0:
  18              		.cfi_sections	.debug_frame
  19              		.section	.text.RGBLed_WriteRed,"ax",%progbits
  20              		.align	2
  21              		.thumb
  22              		.thumb_func
  23              		.type	RGBLed_WriteRed, %function
  24              	RGBLed_WriteRed:
  25              	.LFB67:
  26              		.file 1 "RGBLedDriver.c"
   1:RGBLedDriver.c **** /* ========================================
   2:RGBLedDriver.c ****  
   3:RGBLedDriver.c **** */
   4:RGBLedDriver.c **** 
   5:RGBLedDriver.c **** 
   6:RGBLedDriver.c **** #include "RGBLedDriver.h"
   7:RGBLedDriver.c **** 
   8:RGBLedDriver.c **** static void RGBLed_WriteRed(uint8_t red);
   9:RGBLedDriver.c **** static void RGBLed_WriteGreen(uint8_t green);
  10:RGBLedDriver.c **** static void RGBLed_WriteBlu(uint8_t blu);
  11:RGBLedDriver.c **** 
  12:RGBLedDriver.c **** void RGBLed_Start()
  13:RGBLedDriver.c **** {
  14:RGBLedDriver.c ****     PWM_RG_Start();
  15:RGBLedDriver.c ****     PWM_B_Start();
  16:RGBLedDriver.c **** }
  17:RGBLedDriver.c **** 
  18:RGBLedDriver.c **** void RGBLed_Stop()
  19:RGBLedDriver.c **** {
  20:RGBLedDriver.c ****     PWM_RG_Stop();
  21:RGBLedDriver.c ****     PWM_B_Stop();
  22:RGBLedDriver.c **** }
  23:RGBLedDriver.c **** 
  24:RGBLedDriver.c **** void RGBLed_WriteColor(Color c)
  25:RGBLedDriver.c **** {
  26:RGBLedDriver.c ****     RGBLed_WriteRed(c.red);
  27:RGBLedDriver.c ****     RGBLed_WriteGreen(c.green);
  28:RGBLedDriver.c ****     RGBLed_WriteBlu(c.blu);
  29:RGBLedDriver.c **** }
  30:RGBLedDriver.c **** 
  31:RGBLedDriver.c **** static void RGBLed_WriteGreen(uint8_t green)
ARM GAS  C:\Users\cante\AppData\Local\Temp\ccAmErQJ.s 			page 2


  32:RGBLedDriver.c **** {
  33:RGBLedDriver.c ****     PWM_RG_WriteCompare2(green);
  34:RGBLedDriver.c **** }
  35:RGBLedDriver.c **** 
  36:RGBLedDriver.c **** static void RGBLed_WriteRed(uint8_t red)
  37:RGBLedDriver.c **** {
  27              		.loc 1 37 0
  28              		.cfi_startproc
  29              		@ args = 0, pretend = 0, frame = 0
  30              		@ frame_needed = 0, uses_anonymous_args = 0
  31              	.LVL0:
  32 0000 08B5     		push	{r3, lr}
  33              		.cfi_def_cfa_offset 8
  34              		.cfi_offset 3, -8
  35              		.cfi_offset 14, -4
  38:RGBLedDriver.c ****     PWM_RG_WriteCompare1(red);
  36              		.loc 1 38 0
  37 0002 FFF7FEFF 		bl	PWM_RG_WriteCompare1
  38              	.LVL1:
  39 0006 08BD     		pop	{r3, pc}
  40              		.cfi_endproc
  41              	.LFE67:
  42              		.size	RGBLed_WriteRed, .-RGBLed_WriteRed
  43              		.section	.text.RGBLed_WriteGreen,"ax",%progbits
  44              		.align	2
  45              		.thumb
  46              		.thumb_func
  47              		.type	RGBLed_WriteGreen, %function
  48              	RGBLed_WriteGreen:
  49              	.LFB66:
  32:RGBLedDriver.c ****     PWM_RG_WriteCompare2(green);
  50              		.loc 1 32 0
  51              		.cfi_startproc
  52              		@ args = 0, pretend = 0, frame = 0
  53              		@ frame_needed = 0, uses_anonymous_args = 0
  54              	.LVL2:
  55 0000 08B5     		push	{r3, lr}
  56              		.cfi_def_cfa_offset 8
  57              		.cfi_offset 3, -8
  58              		.cfi_offset 14, -4
  33:RGBLedDriver.c **** }
  59              		.loc 1 33 0
  60 0002 FFF7FEFF 		bl	PWM_RG_WriteCompare2
  61              	.LVL3:
  62 0006 08BD     		pop	{r3, pc}
  63              		.cfi_endproc
  64              	.LFE66:
  65              		.size	RGBLed_WriteGreen, .-RGBLed_WriteGreen
  66              		.section	.text.RGBLed_WriteBlu,"ax",%progbits
  67              		.align	2
  68              		.thumb
  69              		.thumb_func
  70              		.type	RGBLed_WriteBlu, %function
  71              	RGBLed_WriteBlu:
  72              	.LFB68:
  39:RGBLedDriver.c **** }
  40:RGBLedDriver.c **** 
ARM GAS  C:\Users\cante\AppData\Local\Temp\ccAmErQJ.s 			page 3


  41:RGBLedDriver.c **** static void RGBLed_WriteBlu(uint8_t blu)
  42:RGBLedDriver.c **** {
  73              		.loc 1 42 0
  74              		.cfi_startproc
  75              		@ args = 0, pretend = 0, frame = 0
  76              		@ frame_needed = 0, uses_anonymous_args = 0
  77              	.LVL4:
  78 0000 08B5     		push	{r3, lr}
  79              		.cfi_def_cfa_offset 8
  80              		.cfi_offset 3, -8
  81              		.cfi_offset 14, -4
  43:RGBLedDriver.c ****     PWM_B_WriteCompare(blu);
  82              		.loc 1 43 0
  83 0002 FFF7FEFF 		bl	PWM_B_WriteCompare
  84              	.LVL5:
  85 0006 08BD     		pop	{r3, pc}
  86              		.cfi_endproc
  87              	.LFE68:
  88              		.size	RGBLed_WriteBlu, .-RGBLed_WriteBlu
  89              		.section	.text.RGBLed_Start,"ax",%progbits
  90              		.align	2
  91              		.global	RGBLed_Start
  92              		.thumb
  93              		.thumb_func
  94              		.type	RGBLed_Start, %function
  95              	RGBLed_Start:
  96              	.LFB63:
  13:RGBLedDriver.c ****     PWM_RG_Start();
  97              		.loc 1 13 0
  98              		.cfi_startproc
  99              		@ args = 0, pretend = 0, frame = 0
 100              		@ frame_needed = 0, uses_anonymous_args = 0
 101 0000 08B5     		push	{r3, lr}
 102              		.cfi_def_cfa_offset 8
 103              		.cfi_offset 3, -8
 104              		.cfi_offset 14, -4
  14:RGBLedDriver.c ****     PWM_B_Start();
 105              		.loc 1 14 0
 106 0002 FFF7FEFF 		bl	PWM_RG_Start
 107              	.LVL6:
  15:RGBLedDriver.c **** }
 108              		.loc 1 15 0
 109 0006 FFF7FEFF 		bl	PWM_B_Start
 110              	.LVL7:
 111 000a 08BD     		pop	{r3, pc}
 112              		.cfi_endproc
 113              	.LFE63:
 114              		.size	RGBLed_Start, .-RGBLed_Start
 115              		.section	.text.RGBLed_Stop,"ax",%progbits
 116              		.align	2
 117              		.global	RGBLed_Stop
 118              		.thumb
 119              		.thumb_func
 120              		.type	RGBLed_Stop, %function
 121              	RGBLed_Stop:
 122              	.LFB64:
  19:RGBLedDriver.c ****     PWM_RG_Stop();
ARM GAS  C:\Users\cante\AppData\Local\Temp\ccAmErQJ.s 			page 4


 123              		.loc 1 19 0
 124              		.cfi_startproc
 125              		@ args = 0, pretend = 0, frame = 0
 126              		@ frame_needed = 0, uses_anonymous_args = 0
 127 0000 08B5     		push	{r3, lr}
 128              		.cfi_def_cfa_offset 8
 129              		.cfi_offset 3, -8
 130              		.cfi_offset 14, -4
  20:RGBLedDriver.c ****     PWM_B_Stop();
 131              		.loc 1 20 0
 132 0002 FFF7FEFF 		bl	PWM_RG_Stop
 133              	.LVL8:
  21:RGBLedDriver.c **** }
 134              		.loc 1 21 0
 135 0006 FFF7FEFF 		bl	PWM_B_Stop
 136              	.LVL9:
 137 000a 08BD     		pop	{r3, pc}
 138              		.cfi_endproc
 139              	.LFE64:
 140              		.size	RGBLed_Stop, .-RGBLed_Stop
 141              		.section	.text.RGBLed_WriteColor,"ax",%progbits
 142              		.align	2
 143              		.global	RGBLed_WriteColor
 144              		.thumb
 145              		.thumb_func
 146              		.type	RGBLed_WriteColor, %function
 147              	RGBLed_WriteColor:
 148              	.LFB65:
  25:RGBLedDriver.c ****     RGBLed_WriteRed(c.red);
 149              		.loc 1 25 0
 150              		.cfi_startproc
 151              		@ args = 0, pretend = 0, frame = 8
 152              		@ frame_needed = 0, uses_anonymous_args = 0
 153 0000 00B5     		push	{lr}
 154              		.cfi_def_cfa_offset 4
 155              		.cfi_offset 14, -4
 156 0002 83B0     		sub	sp, sp, #12
 157              		.cfi_def_cfa_offset 16
 158 0004 0190     		str	r0, [sp, #4]
  26:RGBLedDriver.c ****     RGBLed_WriteGreen(c.green);
 159              		.loc 1 26 0
 160 0006 C0B2     		uxtb	r0, r0
 161 0008 FFF7FEFF 		bl	RGBLed_WriteRed
 162              	.LVL10:
  27:RGBLedDriver.c ****     RGBLed_WriteBlu(c.blu);
 163              		.loc 1 27 0
 164 000c 9DF80500 		ldrb	r0, [sp, #5]	@ zero_extendqisi2
 165 0010 FFF7FEFF 		bl	RGBLed_WriteGreen
 166              	.LVL11:
  28:RGBLedDriver.c **** }
 167              		.loc 1 28 0
 168 0014 9DF80600 		ldrb	r0, [sp, #6]	@ zero_extendqisi2
 169 0018 FFF7FEFF 		bl	RGBLed_WriteBlu
 170              	.LVL12:
  29:RGBLedDriver.c **** 
 171              		.loc 1 29 0
 172 001c 03B0     		add	sp, sp, #12
ARM GAS  C:\Users\cante\AppData\Local\Temp\ccAmErQJ.s 			page 5


 173              		.cfi_def_cfa_offset 4
 174              		@ sp needed
 175 001e 5DF804FB 		ldr	pc, [sp], #4
 176              		.cfi_endproc
 177              	.LFE65:
 178              		.size	RGBLed_WriteColor, .-RGBLed_WriteColor
 179 0022 00BF     		.text
 180              	.Letext0:
 181              		.file 2 "c:\\program files (x86)\\cypress\\psoc creator\\4.4\\psoc creator\\import\\gnu\\arm\\5.4.
 182              		.file 3 "c:\\program files (x86)\\cypress\\psoc creator\\4.4\\psoc creator\\import\\gnu\\arm\\5.4.
 183              		.file 4 "RGBLedDriver.h"
 184              		.file 5 "Generated_Source\\PSoC5/PWM_RG.h"
 185              		.file 6 "Generated_Source\\PSoC5/PWM_B.h"
 186              		.file 7 "Generated_Source\\PSoC5/core_cm3.h"
 187              		.section	.debug_info,"",%progbits
 188              	.Ldebug_info0:
 189 0000 87020000 		.4byte	0x287
 190 0004 0400     		.2byte	0x4
 191 0006 00000000 		.4byte	.Ldebug_abbrev0
 192 000a 04       		.byte	0x4
 193 000b 01       		.uleb128 0x1
 194 000c 6B000000 		.4byte	.LASF33
 195 0010 0C       		.byte	0xc
 196 0011 BC010000 		.4byte	.LASF34
 197 0015 2E020000 		.4byte	.LASF35
 198 0019 00000000 		.4byte	.Ldebug_ranges0+0
 199 001d 00000000 		.4byte	0
 200 0021 00000000 		.4byte	.Ldebug_line0
 201 0025 02       		.uleb128 0x2
 202 0026 01       		.byte	0x1
 203 0027 06       		.byte	0x6
 204 0028 51000000 		.4byte	.LASF0
 205 002c 03       		.uleb128 0x3
 206 002d 00000000 		.4byte	.LASF4
 207 0031 02       		.byte	0x2
 208 0032 1D       		.byte	0x1d
 209 0033 37000000 		.4byte	0x37
 210 0037 02       		.uleb128 0x2
 211 0038 01       		.byte	0x1
 212 0039 08       		.byte	0x8
 213 003a 5D000000 		.4byte	.LASF1
 214 003e 02       		.uleb128 0x2
 215 003f 02       		.byte	0x2
 216 0040 05       		.byte	0x5
 217 0041 24020000 		.4byte	.LASF2
 218 0045 02       		.uleb128 0x2
 219 0046 02       		.byte	0x2
 220 0047 07       		.byte	0x7
 221 0048 34010000 		.4byte	.LASF3
 222 004c 03       		.uleb128 0x3
 223 004d 1A000000 		.4byte	.LASF5
 224 0051 02       		.byte	0x2
 225 0052 3F       		.byte	0x3f
 226 0053 57000000 		.4byte	0x57
 227 0057 02       		.uleb128 0x2
 228 0058 04       		.byte	0x4
 229 0059 05       		.byte	0x5
ARM GAS  C:\Users\cante\AppData\Local\Temp\ccAmErQJ.s 			page 6


 230 005a AE020000 		.4byte	.LASF6
 231 005e 02       		.uleb128 0x2
 232 005f 04       		.byte	0x4
 233 0060 07       		.byte	0x7
 234 0061 15010000 		.4byte	.LASF7
 235 0065 02       		.uleb128 0x2
 236 0066 08       		.byte	0x8
 237 0067 05       		.byte	0x5
 238 0068 F8010000 		.4byte	.LASF8
 239 006c 02       		.uleb128 0x2
 240 006d 08       		.byte	0x8
 241 006e 07       		.byte	0x7
 242 006f 91010000 		.4byte	.LASF9
 243 0073 04       		.uleb128 0x4
 244 0074 04       		.byte	0x4
 245 0075 05       		.byte	0x5
 246 0076 696E7400 		.ascii	"int\000"
 247 007a 02       		.uleb128 0x2
 248 007b 04       		.byte	0x4
 249 007c 07       		.byte	0x7
 250 007d 84010000 		.4byte	.LASF10
 251 0081 03       		.uleb128 0x3
 252 0082 A8010000 		.4byte	.LASF11
 253 0086 03       		.byte	0x3
 254 0087 18       		.byte	0x18
 255 0088 2C000000 		.4byte	0x2c
 256 008c 03       		.uleb128 0x3
 257 008d 2B000000 		.4byte	.LASF12
 258 0091 03       		.byte	0x3
 259 0092 2C       		.byte	0x2c
 260 0093 4C000000 		.4byte	0x4c
 261 0097 02       		.uleb128 0x2
 262 0098 04       		.byte	0x4
 263 0099 04       		.byte	0x4
 264 009a 4B000000 		.4byte	.LASF13
 265 009e 02       		.uleb128 0x2
 266 009f 08       		.byte	0x8
 267 00a0 04       		.byte	0x4
 268 00a1 24000000 		.4byte	.LASF14
 269 00a5 02       		.uleb128 0x2
 270 00a6 01       		.byte	0x1
 271 00a7 08       		.byte	0x8
 272 00a8 0C020000 		.4byte	.LASF15
 273 00ac 02       		.uleb128 0x2
 274 00ad 08       		.byte	0x8
 275 00ae 04       		.byte	0x4
 276 00af B7020000 		.4byte	.LASF16
 277 00b3 02       		.uleb128 0x2
 278 00b4 04       		.byte	0x4
 279 00b5 07       		.byte	0x7
 280 00b6 EF010000 		.4byte	.LASF17
 281 00ba 05       		.uleb128 0x5
 282 00bb 03       		.byte	0x3
 283 00bc 04       		.byte	0x4
 284 00bd 12       		.byte	0x12
 285 00be E7000000 		.4byte	0xe7
 286 00c2 06       		.uleb128 0x6
ARM GAS  C:\Users\cante\AppData\Local\Temp\ccAmErQJ.s 			page 7


 287 00c3 72656400 		.ascii	"red\000"
 288 00c7 04       		.byte	0x4
 289 00c8 17       		.byte	0x17
 290 00c9 81000000 		.4byte	0x81
 291 00cd 00       		.byte	0
 292 00ce 07       		.uleb128 0x7
 293 00cf 47010000 		.4byte	.LASF18
 294 00d3 04       		.byte	0x4
 295 00d4 18       		.byte	0x18
 296 00d5 81000000 		.4byte	0x81
 297 00d9 01       		.byte	0x1
 298 00da 06       		.uleb128 0x6
 299 00db 626C7500 		.ascii	"blu\000"
 300 00df 04       		.byte	0x4
 301 00e0 19       		.byte	0x19
 302 00e1 81000000 		.4byte	0x81
 303 00e5 02       		.byte	0x2
 304 00e6 00       		.byte	0
 305 00e7 03       		.uleb128 0x3
 306 00e8 06020000 		.4byte	.LASF19
 307 00ec 04       		.byte	0x4
 308 00ed 1A       		.byte	0x1a
 309 00ee BA000000 		.4byte	0xba
 310 00f2 08       		.uleb128 0x8
 311 00f3 0A000000 		.4byte	.LASF20
 312 00f7 01       		.byte	0x1
 313 00f8 24       		.byte	0x24
 314 00f9 00000000 		.4byte	.LFB67
 315 00fd 08000000 		.4byte	.LFE67-.LFB67
 316 0101 01       		.uleb128 0x1
 317 0102 9C       		.byte	0x9c
 318 0103 20010000 		.4byte	0x120
 319 0107 09       		.uleb128 0x9
 320 0108 72656400 		.ascii	"red\000"
 321 010c 01       		.byte	0x1
 322 010d 24       		.byte	0x24
 323 010e 81000000 		.4byte	0x81
 324 0112 00000000 		.4byte	.LLST0
 325 0116 0A       		.uleb128 0xa
 326 0117 06000000 		.4byte	.LVL1
 327 011b 3D020000 		.4byte	0x23d
 328 011f 00       		.byte	0
 329 0120 08       		.uleb128 0x8
 330 0121 DD010000 		.4byte	.LASF21
 331 0125 01       		.byte	0x1
 332 0126 1F       		.byte	0x1f
 333 0127 00000000 		.4byte	.LFB66
 334 012b 08000000 		.4byte	.LFE66-.LFB66
 335 012f 01       		.uleb128 0x1
 336 0130 9C       		.byte	0x9c
 337 0131 4E010000 		.4byte	0x14e
 338 0135 0B       		.uleb128 0xb
 339 0136 47010000 		.4byte	.LASF18
 340 013a 01       		.byte	0x1
 341 013b 1F       		.byte	0x1f
 342 013c 81000000 		.4byte	0x81
 343 0140 21000000 		.4byte	.LLST1
ARM GAS  C:\Users\cante\AppData\Local\Temp\ccAmErQJ.s 			page 8


 344 0144 0A       		.uleb128 0xa
 345 0145 06000000 		.4byte	.LVL3
 346 0149 48020000 		.4byte	0x248
 347 014d 00       		.byte	0
 348 014e 08       		.uleb128 0x8
 349 014f 05010000 		.4byte	.LASF22
 350 0153 01       		.byte	0x1
 351 0154 29       		.byte	0x29
 352 0155 00000000 		.4byte	.LFB68
 353 0159 08000000 		.4byte	.LFE68-.LFB68
 354 015d 01       		.uleb128 0x1
 355 015e 9C       		.byte	0x9c
 356 015f 7C010000 		.4byte	0x17c
 357 0163 09       		.uleb128 0x9
 358 0164 626C7500 		.ascii	"blu\000"
 359 0168 01       		.byte	0x1
 360 0169 29       		.byte	0x29
 361 016a 81000000 		.4byte	0x81
 362 016e 42000000 		.4byte	.LLST2
 363 0172 0A       		.uleb128 0xa
 364 0173 06000000 		.4byte	.LVL5
 365 0177 53020000 		.4byte	0x253
 366 017b 00       		.byte	0
 367 017c 0C       		.uleb128 0xc
 368 017d 33000000 		.4byte	.LASF23
 369 0181 01       		.byte	0x1
 370 0182 0C       		.byte	0xc
 371 0183 00000000 		.4byte	.LFB63
 372 0187 0C000000 		.4byte	.LFE63-.LFB63
 373 018b 01       		.uleb128 0x1
 374 018c 9C       		.byte	0x9c
 375 018d A4010000 		.4byte	0x1a4
 376 0191 0A       		.uleb128 0xa
 377 0192 06000000 		.4byte	.LVL6
 378 0196 5E020000 		.4byte	0x25e
 379 019a 0A       		.uleb128 0xa
 380 019b 0A000000 		.4byte	.LVL7
 381 019f 69020000 		.4byte	0x269
 382 01a3 00       		.byte	0
 383 01a4 0C       		.uleb128 0xc
 384 01a5 F9000000 		.4byte	.LASF24
 385 01a9 01       		.byte	0x1
 386 01aa 12       		.byte	0x12
 387 01ab 00000000 		.4byte	.LFB64
 388 01af 0C000000 		.4byte	.LFE64-.LFB64
 389 01b3 01       		.uleb128 0x1
 390 01b4 9C       		.byte	0x9c
 391 01b5 CC010000 		.4byte	0x1cc
 392 01b9 0A       		.uleb128 0xa
 393 01ba 06000000 		.4byte	.LVL8
 394 01be 74020000 		.4byte	0x274
 395 01c2 0A       		.uleb128 0xa
 396 01c3 0A000000 		.4byte	.LVL9
 397 01c7 7F020000 		.4byte	0x27f
 398 01cb 00       		.byte	0
 399 01cc 0C       		.uleb128 0xc
 400 01cd CB010000 		.4byte	.LASF25
ARM GAS  C:\Users\cante\AppData\Local\Temp\ccAmErQJ.s 			page 9


 401 01d1 01       		.byte	0x1
 402 01d2 18       		.byte	0x18
 403 01d3 00000000 		.4byte	.LFB65
 404 01d7 22000000 		.4byte	.LFE65-.LFB65
 405 01db 01       		.uleb128 0x1
 406 01dc 9C       		.byte	0x9c
 407 01dd 2C020000 		.4byte	0x22c
 408 01e1 0D       		.uleb128 0xd
 409 01e2 6300     		.ascii	"c\000"
 410 01e4 01       		.byte	0x1
 411 01e5 18       		.byte	0x18
 412 01e6 E7000000 		.4byte	0xe7
 413 01ea 02       		.uleb128 0x2
 414 01eb 91       		.byte	0x91
 415 01ec 74       		.sleb128 -12
 416 01ed 0E       		.uleb128 0xe
 417 01ee 0C000000 		.4byte	.LVL10
 418 01f2 F2000000 		.4byte	0xf2
 419 01f6 03020000 		.4byte	0x203
 420 01fa 0F       		.uleb128 0xf
 421 01fb 01       		.uleb128 0x1
 422 01fc 50       		.byte	0x50
 423 01fd 04       		.uleb128 0x4
 424 01fe 91       		.byte	0x91
 425 01ff 74       		.sleb128 -12
 426 0200 94       		.byte	0x94
 427 0201 01       		.byte	0x1
 428 0202 00       		.byte	0
 429 0203 0E       		.uleb128 0xe
 430 0204 14000000 		.4byte	.LVL11
 431 0208 20010000 		.4byte	0x120
 432 020c 19020000 		.4byte	0x219
 433 0210 0F       		.uleb128 0xf
 434 0211 01       		.uleb128 0x1
 435 0212 50       		.byte	0x50
 436 0213 04       		.uleb128 0x4
 437 0214 91       		.byte	0x91
 438 0215 75       		.sleb128 -11
 439 0216 94       		.byte	0x94
 440 0217 01       		.byte	0x1
 441 0218 00       		.byte	0
 442 0219 10       		.uleb128 0x10
 443 021a 1C000000 		.4byte	.LVL12
 444 021e 4E010000 		.4byte	0x14e
 445 0222 0F       		.uleb128 0xf
 446 0223 01       		.uleb128 0x1
 447 0224 50       		.byte	0x50
 448 0225 04       		.uleb128 0x4
 449 0226 91       		.byte	0x91
 450 0227 76       		.sleb128 -10
 451 0228 94       		.byte	0x94
 452 0229 01       		.byte	0x1
 453 022a 00       		.byte	0
 454 022b 00       		.byte	0
 455 022c 11       		.uleb128 0x11
 456 022d 4D010000 		.4byte	.LASF36
 457 0231 07       		.byte	0x7
ARM GAS  C:\Users\cante\AppData\Local\Temp\ccAmErQJ.s 			page 10


 458 0232 1207     		.2byte	0x712
 459 0234 38020000 		.4byte	0x238
 460 0238 12       		.uleb128 0x12
 461 0239 8C000000 		.4byte	0x8c
 462 023d 13       		.uleb128 0x13
 463 023e 5A010000 		.4byte	.LASF26
 464 0242 5A010000 		.4byte	.LASF26
 465 0246 05       		.byte	0x5
 466 0247 C7       		.byte	0xc7
 467 0248 13       		.uleb128 0x13
 468 0249 6F010000 		.4byte	.LASF27
 469 024d 6F010000 		.4byte	.LASF27
 470 0251 05       		.byte	0x5
 471 0252 CA       		.byte	0xca
 472 0253 13       		.uleb128 0x13
 473 0254 11020000 		.4byte	.LASF28
 474 0258 11020000 		.4byte	.LASF28
 475 025c 06       		.byte	0x6
 476 025d C3       		.byte	0xc3
 477 025e 13       		.uleb128 0x13
 478 025f 27010000 		.4byte	.LASF29
 479 0263 27010000 		.4byte	.LASF29
 480 0267 05       		.byte	0x5
 481 0268 92       		.byte	0x92
 482 0269 13       		.uleb128 0x13
 483 026a A2020000 		.4byte	.LASF30
 484 026e A2020000 		.4byte	.LASF30
 485 0272 06       		.byte	0x6
 486 0273 92       		.byte	0x92
 487 0274 13       		.uleb128 0x13
 488 0275 B0010000 		.4byte	.LASF31
 489 0279 B0010000 		.4byte	.LASF31
 490 027d 05       		.byte	0x5
 491 027e 93       		.byte	0x93
 492 027f 13       		.uleb128 0x13
 493 0280 40000000 		.4byte	.LASF32
 494 0284 40000000 		.4byte	.LASF32
 495 0288 06       		.byte	0x6
 496 0289 93       		.byte	0x93
 497 028a 00       		.byte	0
 498              		.section	.debug_abbrev,"",%progbits
 499              	.Ldebug_abbrev0:
 500 0000 01       		.uleb128 0x1
 501 0001 11       		.uleb128 0x11
 502 0002 01       		.byte	0x1
 503 0003 25       		.uleb128 0x25
 504 0004 0E       		.uleb128 0xe
 505 0005 13       		.uleb128 0x13
 506 0006 0B       		.uleb128 0xb
 507 0007 03       		.uleb128 0x3
 508 0008 0E       		.uleb128 0xe
 509 0009 1B       		.uleb128 0x1b
 510 000a 0E       		.uleb128 0xe
 511 000b 55       		.uleb128 0x55
 512 000c 17       		.uleb128 0x17
 513 000d 11       		.uleb128 0x11
 514 000e 01       		.uleb128 0x1
ARM GAS  C:\Users\cante\AppData\Local\Temp\ccAmErQJ.s 			page 11


 515 000f 10       		.uleb128 0x10
 516 0010 17       		.uleb128 0x17
 517 0011 00       		.byte	0
 518 0012 00       		.byte	0
 519 0013 02       		.uleb128 0x2
 520 0014 24       		.uleb128 0x24
 521 0015 00       		.byte	0
 522 0016 0B       		.uleb128 0xb
 523 0017 0B       		.uleb128 0xb
 524 0018 3E       		.uleb128 0x3e
 525 0019 0B       		.uleb128 0xb
 526 001a 03       		.uleb128 0x3
 527 001b 0E       		.uleb128 0xe
 528 001c 00       		.byte	0
 529 001d 00       		.byte	0
 530 001e 03       		.uleb128 0x3
 531 001f 16       		.uleb128 0x16
 532 0020 00       		.byte	0
 533 0021 03       		.uleb128 0x3
 534 0022 0E       		.uleb128 0xe
 535 0023 3A       		.uleb128 0x3a
 536 0024 0B       		.uleb128 0xb
 537 0025 3B       		.uleb128 0x3b
 538 0026 0B       		.uleb128 0xb
 539 0027 49       		.uleb128 0x49
 540 0028 13       		.uleb128 0x13
 541 0029 00       		.byte	0
 542 002a 00       		.byte	0
 543 002b 04       		.uleb128 0x4
 544 002c 24       		.uleb128 0x24
 545 002d 00       		.byte	0
 546 002e 0B       		.uleb128 0xb
 547 002f 0B       		.uleb128 0xb
 548 0030 3E       		.uleb128 0x3e
 549 0031 0B       		.uleb128 0xb
 550 0032 03       		.uleb128 0x3
 551 0033 08       		.uleb128 0x8
 552 0034 00       		.byte	0
 553 0035 00       		.byte	0
 554 0036 05       		.uleb128 0x5
 555 0037 13       		.uleb128 0x13
 556 0038 01       		.byte	0x1
 557 0039 0B       		.uleb128 0xb
 558 003a 0B       		.uleb128 0xb
 559 003b 3A       		.uleb128 0x3a
 560 003c 0B       		.uleb128 0xb
 561 003d 3B       		.uleb128 0x3b
 562 003e 0B       		.uleb128 0xb
 563 003f 01       		.uleb128 0x1
 564 0040 13       		.uleb128 0x13
 565 0041 00       		.byte	0
 566 0042 00       		.byte	0
 567 0043 06       		.uleb128 0x6
 568 0044 0D       		.uleb128 0xd
 569 0045 00       		.byte	0
 570 0046 03       		.uleb128 0x3
 571 0047 08       		.uleb128 0x8
ARM GAS  C:\Users\cante\AppData\Local\Temp\ccAmErQJ.s 			page 12


 572 0048 3A       		.uleb128 0x3a
 573 0049 0B       		.uleb128 0xb
 574 004a 3B       		.uleb128 0x3b
 575 004b 0B       		.uleb128 0xb
 576 004c 49       		.uleb128 0x49
 577 004d 13       		.uleb128 0x13
 578 004e 38       		.uleb128 0x38
 579 004f 0B       		.uleb128 0xb
 580 0050 00       		.byte	0
 581 0051 00       		.byte	0
 582 0052 07       		.uleb128 0x7
 583 0053 0D       		.uleb128 0xd
 584 0054 00       		.byte	0
 585 0055 03       		.uleb128 0x3
 586 0056 0E       		.uleb128 0xe
 587 0057 3A       		.uleb128 0x3a
 588 0058 0B       		.uleb128 0xb
 589 0059 3B       		.uleb128 0x3b
 590 005a 0B       		.uleb128 0xb
 591 005b 49       		.uleb128 0x49
 592 005c 13       		.uleb128 0x13
 593 005d 38       		.uleb128 0x38
 594 005e 0B       		.uleb128 0xb
 595 005f 00       		.byte	0
 596 0060 00       		.byte	0
 597 0061 08       		.uleb128 0x8
 598 0062 2E       		.uleb128 0x2e
 599 0063 01       		.byte	0x1
 600 0064 03       		.uleb128 0x3
 601 0065 0E       		.uleb128 0xe
 602 0066 3A       		.uleb128 0x3a
 603 0067 0B       		.uleb128 0xb
 604 0068 3B       		.uleb128 0x3b
 605 0069 0B       		.uleb128 0xb
 606 006a 27       		.uleb128 0x27
 607 006b 19       		.uleb128 0x19
 608 006c 11       		.uleb128 0x11
 609 006d 01       		.uleb128 0x1
 610 006e 12       		.uleb128 0x12
 611 006f 06       		.uleb128 0x6
 612 0070 40       		.uleb128 0x40
 613 0071 18       		.uleb128 0x18
 614 0072 9742     		.uleb128 0x2117
 615 0074 19       		.uleb128 0x19
 616 0075 01       		.uleb128 0x1
 617 0076 13       		.uleb128 0x13
 618 0077 00       		.byte	0
 619 0078 00       		.byte	0
 620 0079 09       		.uleb128 0x9
 621 007a 05       		.uleb128 0x5
 622 007b 00       		.byte	0
 623 007c 03       		.uleb128 0x3
 624 007d 08       		.uleb128 0x8
 625 007e 3A       		.uleb128 0x3a
 626 007f 0B       		.uleb128 0xb
 627 0080 3B       		.uleb128 0x3b
 628 0081 0B       		.uleb128 0xb
ARM GAS  C:\Users\cante\AppData\Local\Temp\ccAmErQJ.s 			page 13


 629 0082 49       		.uleb128 0x49
 630 0083 13       		.uleb128 0x13
 631 0084 02       		.uleb128 0x2
 632 0085 17       		.uleb128 0x17
 633 0086 00       		.byte	0
 634 0087 00       		.byte	0
 635 0088 0A       		.uleb128 0xa
 636 0089 898201   		.uleb128 0x4109
 637 008c 00       		.byte	0
 638 008d 11       		.uleb128 0x11
 639 008e 01       		.uleb128 0x1
 640 008f 31       		.uleb128 0x31
 641 0090 13       		.uleb128 0x13
 642 0091 00       		.byte	0
 643 0092 00       		.byte	0
 644 0093 0B       		.uleb128 0xb
 645 0094 05       		.uleb128 0x5
 646 0095 00       		.byte	0
 647 0096 03       		.uleb128 0x3
 648 0097 0E       		.uleb128 0xe
 649 0098 3A       		.uleb128 0x3a
 650 0099 0B       		.uleb128 0xb
 651 009a 3B       		.uleb128 0x3b
 652 009b 0B       		.uleb128 0xb
 653 009c 49       		.uleb128 0x49
 654 009d 13       		.uleb128 0x13
 655 009e 02       		.uleb128 0x2
 656 009f 17       		.uleb128 0x17
 657 00a0 00       		.byte	0
 658 00a1 00       		.byte	0
 659 00a2 0C       		.uleb128 0xc
 660 00a3 2E       		.uleb128 0x2e
 661 00a4 01       		.byte	0x1
 662 00a5 3F       		.uleb128 0x3f
 663 00a6 19       		.uleb128 0x19
 664 00a7 03       		.uleb128 0x3
 665 00a8 0E       		.uleb128 0xe
 666 00a9 3A       		.uleb128 0x3a
 667 00aa 0B       		.uleb128 0xb
 668 00ab 3B       		.uleb128 0x3b
 669 00ac 0B       		.uleb128 0xb
 670 00ad 27       		.uleb128 0x27
 671 00ae 19       		.uleb128 0x19
 672 00af 11       		.uleb128 0x11
 673 00b0 01       		.uleb128 0x1
 674 00b1 12       		.uleb128 0x12
 675 00b2 06       		.uleb128 0x6
 676 00b3 40       		.uleb128 0x40
 677 00b4 18       		.uleb128 0x18
 678 00b5 9742     		.uleb128 0x2117
 679 00b7 19       		.uleb128 0x19
 680 00b8 01       		.uleb128 0x1
 681 00b9 13       		.uleb128 0x13
 682 00ba 00       		.byte	0
 683 00bb 00       		.byte	0
 684 00bc 0D       		.uleb128 0xd
 685 00bd 05       		.uleb128 0x5
ARM GAS  C:\Users\cante\AppData\Local\Temp\ccAmErQJ.s 			page 14


 686 00be 00       		.byte	0
 687 00bf 03       		.uleb128 0x3
 688 00c0 08       		.uleb128 0x8
 689 00c1 3A       		.uleb128 0x3a
 690 00c2 0B       		.uleb128 0xb
 691 00c3 3B       		.uleb128 0x3b
 692 00c4 0B       		.uleb128 0xb
 693 00c5 49       		.uleb128 0x49
 694 00c6 13       		.uleb128 0x13
 695 00c7 02       		.uleb128 0x2
 696 00c8 18       		.uleb128 0x18
 697 00c9 00       		.byte	0
 698 00ca 00       		.byte	0
 699 00cb 0E       		.uleb128 0xe
 700 00cc 898201   		.uleb128 0x4109
 701 00cf 01       		.byte	0x1
 702 00d0 11       		.uleb128 0x11
 703 00d1 01       		.uleb128 0x1
 704 00d2 31       		.uleb128 0x31
 705 00d3 13       		.uleb128 0x13
 706 00d4 01       		.uleb128 0x1
 707 00d5 13       		.uleb128 0x13
 708 00d6 00       		.byte	0
 709 00d7 00       		.byte	0
 710 00d8 0F       		.uleb128 0xf
 711 00d9 8A8201   		.uleb128 0x410a
 712 00dc 00       		.byte	0
 713 00dd 02       		.uleb128 0x2
 714 00de 18       		.uleb128 0x18
 715 00df 9142     		.uleb128 0x2111
 716 00e1 18       		.uleb128 0x18
 717 00e2 00       		.byte	0
 718 00e3 00       		.byte	0
 719 00e4 10       		.uleb128 0x10
 720 00e5 898201   		.uleb128 0x4109
 721 00e8 01       		.byte	0x1
 722 00e9 11       		.uleb128 0x11
 723 00ea 01       		.uleb128 0x1
 724 00eb 31       		.uleb128 0x31
 725 00ec 13       		.uleb128 0x13
 726 00ed 00       		.byte	0
 727 00ee 00       		.byte	0
 728 00ef 11       		.uleb128 0x11
 729 00f0 34       		.uleb128 0x34
 730 00f1 00       		.byte	0
 731 00f2 03       		.uleb128 0x3
 732 00f3 0E       		.uleb128 0xe
 733 00f4 3A       		.uleb128 0x3a
 734 00f5 0B       		.uleb128 0xb
 735 00f6 3B       		.uleb128 0x3b
 736 00f7 05       		.uleb128 0x5
 737 00f8 49       		.uleb128 0x49
 738 00f9 13       		.uleb128 0x13
 739 00fa 3F       		.uleb128 0x3f
 740 00fb 19       		.uleb128 0x19
 741 00fc 3C       		.uleb128 0x3c
 742 00fd 19       		.uleb128 0x19
ARM GAS  C:\Users\cante\AppData\Local\Temp\ccAmErQJ.s 			page 15


 743 00fe 00       		.byte	0
 744 00ff 00       		.byte	0
 745 0100 12       		.uleb128 0x12
 746 0101 35       		.uleb128 0x35
 747 0102 00       		.byte	0
 748 0103 49       		.uleb128 0x49
 749 0104 13       		.uleb128 0x13
 750 0105 00       		.byte	0
 751 0106 00       		.byte	0
 752 0107 13       		.uleb128 0x13
 753 0108 2E       		.uleb128 0x2e
 754 0109 00       		.byte	0
 755 010a 3F       		.uleb128 0x3f
 756 010b 19       		.uleb128 0x19
 757 010c 3C       		.uleb128 0x3c
 758 010d 19       		.uleb128 0x19
 759 010e 6E       		.uleb128 0x6e
 760 010f 0E       		.uleb128 0xe
 761 0110 03       		.uleb128 0x3
 762 0111 0E       		.uleb128 0xe
 763 0112 3A       		.uleb128 0x3a
 764 0113 0B       		.uleb128 0xb
 765 0114 3B       		.uleb128 0x3b
 766 0115 0B       		.uleb128 0xb
 767 0116 00       		.byte	0
 768 0117 00       		.byte	0
 769 0118 00       		.byte	0
 770              		.section	.debug_loc,"",%progbits
 771              	.Ldebug_loc0:
 772              	.LLST0:
 773 0000 00000000 		.4byte	.LVL0
 774 0004 05000000 		.4byte	.LVL1-1
 775 0008 0100     		.2byte	0x1
 776 000a 50       		.byte	0x50
 777 000b 05000000 		.4byte	.LVL1-1
 778 000f 08000000 		.4byte	.LFE67
 779 0013 0400     		.2byte	0x4
 780 0015 F3       		.byte	0xf3
 781 0016 01       		.uleb128 0x1
 782 0017 50       		.byte	0x50
 783 0018 9F       		.byte	0x9f
 784 0019 00000000 		.4byte	0
 785 001d 00000000 		.4byte	0
 786              	.LLST1:
 787 0021 00000000 		.4byte	.LVL2
 788 0025 05000000 		.4byte	.LVL3-1
 789 0029 0100     		.2byte	0x1
 790 002b 50       		.byte	0x50
 791 002c 05000000 		.4byte	.LVL3-1
 792 0030 08000000 		.4byte	.LFE66
 793 0034 0400     		.2byte	0x4
 794 0036 F3       		.byte	0xf3
 795 0037 01       		.uleb128 0x1
 796 0038 50       		.byte	0x50
 797 0039 9F       		.byte	0x9f
 798 003a 00000000 		.4byte	0
 799 003e 00000000 		.4byte	0
ARM GAS  C:\Users\cante\AppData\Local\Temp\ccAmErQJ.s 			page 16


 800              	.LLST2:
 801 0042 00000000 		.4byte	.LVL4
 802 0046 05000000 		.4byte	.LVL5-1
 803 004a 0100     		.2byte	0x1
 804 004c 50       		.byte	0x50
 805 004d 05000000 		.4byte	.LVL5-1
 806 0051 08000000 		.4byte	.LFE68
 807 0055 0400     		.2byte	0x4
 808 0057 F3       		.byte	0xf3
 809 0058 01       		.uleb128 0x1
 810 0059 50       		.byte	0x50
 811 005a 9F       		.byte	0x9f
 812 005b 00000000 		.4byte	0
 813 005f 00000000 		.4byte	0
 814              		.section	.debug_aranges,"",%progbits
 815 0000 44000000 		.4byte	0x44
 816 0004 0200     		.2byte	0x2
 817 0006 00000000 		.4byte	.Ldebug_info0
 818 000a 04       		.byte	0x4
 819 000b 00       		.byte	0
 820 000c 0000     		.2byte	0
 821 000e 0000     		.2byte	0
 822 0010 00000000 		.4byte	.LFB67
 823 0014 08000000 		.4byte	.LFE67-.LFB67
 824 0018 00000000 		.4byte	.LFB66
 825 001c 08000000 		.4byte	.LFE66-.LFB66
 826 0020 00000000 		.4byte	.LFB68
 827 0024 08000000 		.4byte	.LFE68-.LFB68
 828 0028 00000000 		.4byte	.LFB63
 829 002c 0C000000 		.4byte	.LFE63-.LFB63
 830 0030 00000000 		.4byte	.LFB64
 831 0034 0C000000 		.4byte	.LFE64-.LFB64
 832 0038 00000000 		.4byte	.LFB65
 833 003c 22000000 		.4byte	.LFE65-.LFB65
 834 0040 00000000 		.4byte	0
 835 0044 00000000 		.4byte	0
 836              		.section	.debug_ranges,"",%progbits
 837              	.Ldebug_ranges0:
 838 0000 00000000 		.4byte	.LFB67
 839 0004 08000000 		.4byte	.LFE67
 840 0008 00000000 		.4byte	.LFB66
 841 000c 08000000 		.4byte	.LFE66
 842 0010 00000000 		.4byte	.LFB68
 843 0014 08000000 		.4byte	.LFE68
 844 0018 00000000 		.4byte	.LFB63
 845 001c 0C000000 		.4byte	.LFE63
 846 0020 00000000 		.4byte	.LFB64
 847 0024 0C000000 		.4byte	.LFE64
 848 0028 00000000 		.4byte	.LFB65
 849 002c 22000000 		.4byte	.LFE65
 850 0030 00000000 		.4byte	0
 851 0034 00000000 		.4byte	0
 852              		.section	.debug_line,"",%progbits
 853              	.Ldebug_line0:
 854 0000 DB010000 		.section	.debug_str,"MS",%progbits,1
 854      02007001 
 854      00000201 
ARM GAS  C:\Users\cante\AppData\Local\Temp\ccAmErQJ.s 			page 17


 854      FB0E0D00 
 854      01010101 
 855              	.LASF4:
 856 0000 5F5F7569 		.ascii	"__uint8_t\000"
 856      6E74385F 
 856      7400
 857              	.LASF20:
 858 000a 5247424C 		.ascii	"RGBLed_WriteRed\000"
 858      65645F57 
 858      72697465 
 858      52656400 
 859              	.LASF5:
 860 001a 5F5F696E 		.ascii	"__int32_t\000"
 860      7433325F 
 860      7400
 861              	.LASF14:
 862 0024 646F7562 		.ascii	"double\000"
 862      6C6500
 863              	.LASF12:
 864 002b 696E7433 		.ascii	"int32_t\000"
 864      325F7400 
 865              	.LASF23:
 866 0033 5247424C 		.ascii	"RGBLed_Start\000"
 866      65645F53 
 866      74617274 
 866      00
 867              	.LASF32:
 868 0040 50574D5F 		.ascii	"PWM_B_Stop\000"
 868      425F5374 
 868      6F7000
 869              	.LASF13:
 870 004b 666C6F61 		.ascii	"float\000"
 870      7400
 871              	.LASF0:
 872 0051 7369676E 		.ascii	"signed char\000"
 872      65642063 
 872      68617200 
 873              	.LASF1:
 874 005d 756E7369 		.ascii	"unsigned char\000"
 874      676E6564 
 874      20636861 
 874      7200
 875              	.LASF33:
 876 006b 474E5520 		.ascii	"GNU C11 5.4.1 20160609 (release) [ARM/embedded-5-br"
 876      43313120 
 876      352E342E 
 876      31203230 
 876      31363036 
 877 009e 616E6368 		.ascii	"anch revision 237715] -mcpu=cortex-m3 -mthumb -g -O"
 877      20726576 
 877      6973696F 
 877      6E203233 
 877      37373135 
 878 00d1 67202D66 		.ascii	"g -ffunction-sections -ffat-lto-objects\000"
 878      66756E63 
 878      74696F6E 
 878      2D736563 
ARM GAS  C:\Users\cante\AppData\Local\Temp\ccAmErQJ.s 			page 18


 878      74696F6E 
 879              	.LASF24:
 880 00f9 5247424C 		.ascii	"RGBLed_Stop\000"
 880      65645F53 
 880      746F7000 
 881              	.LASF22:
 882 0105 5247424C 		.ascii	"RGBLed_WriteBlu\000"
 882      65645F57 
 882      72697465 
 882      426C7500 
 883              	.LASF7:
 884 0115 6C6F6E67 		.ascii	"long unsigned int\000"
 884      20756E73 
 884      69676E65 
 884      6420696E 
 884      7400
 885              	.LASF29:
 886 0127 50574D5F 		.ascii	"PWM_RG_Start\000"
 886      52475F53 
 886      74617274 
 886      00
 887              	.LASF3:
 888 0134 73686F72 		.ascii	"short unsigned int\000"
 888      7420756E 
 888      7369676E 
 888      65642069 
 888      6E7400
 889              	.LASF18:
 890 0147 67726565 		.ascii	"green\000"
 890      6E00
 891              	.LASF36:
 892 014d 49544D5F 		.ascii	"ITM_RxBuffer\000"
 892      52784275 
 892      66666572 
 892      00
 893              	.LASF26:
 894 015a 50574D5F 		.ascii	"PWM_RG_WriteCompare1\000"
 894      52475F57 
 894      72697465 
 894      436F6D70 
 894      61726531 
 895              	.LASF27:
 896 016f 50574D5F 		.ascii	"PWM_RG_WriteCompare2\000"
 896      52475F57 
 896      72697465 
 896      436F6D70 
 896      61726532 
 897              	.LASF10:
 898 0184 756E7369 		.ascii	"unsigned int\000"
 898      676E6564 
 898      20696E74 
 898      00
 899              	.LASF9:
 900 0191 6C6F6E67 		.ascii	"long long unsigned int\000"
 900      206C6F6E 
 900      6720756E 
 900      7369676E 
ARM GAS  C:\Users\cante\AppData\Local\Temp\ccAmErQJ.s 			page 19


 900      65642069 
 901              	.LASF11:
 902 01a8 75696E74 		.ascii	"uint8_t\000"
 902      385F7400 
 903              	.LASF31:
 904 01b0 50574D5F 		.ascii	"PWM_RG_Stop\000"
 904      52475F53 
 904      746F7000 
 905              	.LASF34:
 906 01bc 5247424C 		.ascii	"RGBLedDriver.c\000"
 906      65644472 
 906      69766572 
 906      2E6300
 907              	.LASF25:
 908 01cb 5247424C 		.ascii	"RGBLed_WriteColor\000"
 908      65645F57 
 908      72697465 
 908      436F6C6F 
 908      7200
 909              	.LASF21:
 910 01dd 5247424C 		.ascii	"RGBLed_WriteGreen\000"
 910      65645F57 
 910      72697465 
 910      47726565 
 910      6E00
 911              	.LASF17:
 912 01ef 73697A65 		.ascii	"sizetype\000"
 912      74797065 
 912      00
 913              	.LASF8:
 914 01f8 6C6F6E67 		.ascii	"long long int\000"
 914      206C6F6E 
 914      6720696E 
 914      7400
 915              	.LASF19:
 916 0206 436F6C6F 		.ascii	"Color\000"
 916      7200
 917              	.LASF15:
 918 020c 63686172 		.ascii	"char\000"
 918      00
 919              	.LASF28:
 920 0211 50574D5F 		.ascii	"PWM_B_WriteCompare\000"
 920      425F5772 
 920      69746543 
 920      6F6D7061 
 920      726500
 921              	.LASF2:
 922 0224 73686F72 		.ascii	"short int\000"
 922      7420696E 
 922      7400
 923              	.LASF35:
 924 022e 433A5C55 		.ascii	"C:\\Users\\cante\\Desktop\\INGEGNERIA BIOMEDICA\\V "
 924      73657273 
 924      5C63616E 
 924      74655C44 
 924      65736B74 
 925 025c 414E4E4F 		.ascii	"ANNO\\LAB ELETTRONICA\\PSoC\\AY2021_II_PSoC_Basics\\"
ARM GAS  C:\Users\cante\AppData\Local\Temp\ccAmErQJ.s 			page 20


 925      5C4C4142 
 925      20454C45 
 925      5454524F 
 925      4E494341 
 926 028c 30352D52 		.ascii	"05-RGBLedDriver.cydsn\000"
 926      47424C65 
 926      64447269 
 926      7665722E 
 926      63796473 
 927              	.LASF30:
 928 02a2 50574D5F 		.ascii	"PWM_B_Start\000"
 928      425F5374 
 928      61727400 
 929              	.LASF6:
 930 02ae 6C6F6E67 		.ascii	"long int\000"
 930      20696E74 
 930      00
 931              	.LASF16:
 932 02b7 6C6F6E67 		.ascii	"long double\000"
 932      20646F75 
 932      626C6500 
 933              		.ident	"GCC: (GNU Tools for ARM Embedded Processors) 5.4.1 20160609 (release) [ARM/embedded-5-bran
