ARM GAS  C:\Users\cante\AppData\Local\Temp\ccHeWygj.s 			page 1


   1              		.syntax unified
   2              		.cpu cortex-m3
   3              		.fpu softvfp
   4              		.eabi_attribute 20, 1
   5              		.eabi_attribute 21, 1
   6              		.eabi_attribute 23, 3
   7              		.eabi_attribute 24, 1
   8              		.eabi_attribute 25, 1
   9              		.eabi_attribute 26, 1
  10              		.eabi_attribute 30, 1
  11              		.eabi_attribute 34, 1
  12              		.eabi_attribute 18, 4
  13              		.thumb
  14              		.syntax unified
  15              		.file	"cymetadata.c"
  16              		.text
  17              	.Ltext0:
  18              		.cfi_sections	.debug_frame
  19              		.global	cy_metadata
  20              		.global	cy_meta_flashprotect
  21              		.global	cy_meta_wonvl
  22              		.global	cy_meta_custnvl
  23              		.global	cy_meta_configecc
  24              		.section	.cyconfigecc,"a",%progbits
  25              		.align	2
  26              		.type	cy_meta_configecc, %object
  27              		.size	cy_meta_configecc, 1116
  28              	cy_meta_configecc:
  29 0000 02       		.byte	2
  30 0001 4F       		.byte	79
  31 0002 00       		.byte	0
  32 0003 40       		.byte	64
  33 0004 01       		.byte	1
  34 0005 5A       		.byte	90
  35 0006 00       		.byte	0
  36 0007 40       		.byte	64
  37 0008 01       		.byte	1
  38 0009 64       		.byte	100
  39 000a 00       		.byte	0
  40 000b 40       		.byte	64
  41 000c 02       		.byte	2
  42 000d 65       		.byte	101
  43 000e 00       		.byte	0
  44 000f 40       		.byte	64
  45 0010 01       		.byte	1
  46 0011 05       		.byte	5
  47 0012 01       		.byte	1
  48 0013 40       		.byte	64
  49 0014 63       		.byte	99
  50 0015 08       		.byte	8
  51 0016 01       		.byte	1
  52 0017 40       		.byte	64
  53 0018 37       		.byte	55
  54 0019 09       		.byte	9
  55 001a 01       		.byte	1
  56 001b 40       		.byte	64
  57 001c 02       		.byte	2
ARM GAS  C:\Users\cante\AppData\Local\Temp\ccHeWygj.s 			page 2


  58 001d 0B       		.byte	11
  59 001e 01       		.byte	1
  60 001f 40       		.byte	64
  61 0020 04       		.byte	4
  62 0021 0C       		.byte	12
  63 0022 01       		.byte	1
  64 0023 40       		.byte	64
  65 0024 02       		.byte	2
  66 0025 0D       		.byte	13
  67 0026 01       		.byte	1
  68 0027 40       		.byte	64
  69 0028 02       		.byte	2
  70 0029 15       		.byte	21
  71 002a 01       		.byte	1
  72 002b 40       		.byte	64
  73 002c 3C       		.byte	60
  74 002d 18       		.byte	24
  75 002e 01       		.byte	1
  76 002f 40       		.byte	64
  77 0030 2F       		.byte	47
  78 0031 19       		.byte	25
  79 0032 01       		.byte	1
  80 0033 40       		.byte	64
  81 0034 4E       		.byte	78
  82 0035 1A       		.byte	26
  83 0036 01       		.byte	1
  84 0037 40       		.byte	64
  85 0038 49       		.byte	73
  86 0039 1B       		.byte	27
  87 003a 01       		.byte	1
  88 003b 40       		.byte	64
  89 003c 04       		.byte	4
  90 003d 40       		.byte	64
  91 003e 01       		.byte	1
  92 003f 40       		.byte	64
  93 0040 02       		.byte	2
  94 0041 41       		.byte	65
  95 0042 01       		.byte	1
  96 0043 40       		.byte	64
  97 0044 09       		.byte	9
  98 0045 42       		.byte	66
  99 0046 01       		.byte	1
 100 0047 40       		.byte	64
 101 0048 01       		.byte	1
 102 0049 43       		.byte	67
 103 004a 01       		.byte	1
 104 004b 40       		.byte	64
 105 004c 02       		.byte	2
 106 004d 44       		.byte	68
 107 004e 01       		.byte	1
 108 004f 40       		.byte	64
 109 0050 01       		.byte	1
 110 0051 45       		.byte	69
 111 0052 01       		.byte	1
 112 0053 40       		.byte	64
 113 0054 06       		.byte	6
 114 0055 46       		.byte	70
ARM GAS  C:\Users\cante\AppData\Local\Temp\ccHeWygj.s 			page 3


 115 0056 01       		.byte	1
 116 0057 40       		.byte	64
 117 0058 02       		.byte	2
 118 0059 47       		.byte	71
 119 005a 01       		.byte	1
 120 005b 40       		.byte	64
 121 005c 03       		.byte	3
 122 005d 48       		.byte	72
 123 005e 01       		.byte	1
 124 005f 40       		.byte	64
 125 0060 06       		.byte	6
 126 0061 49       		.byte	73
 127 0062 01       		.byte	1
 128 0063 40       		.byte	64
 129 0064 02       		.byte	2
 130 0065 4C       		.byte	76
 131 0066 01       		.byte	1
 132 0067 40       		.byte	64
 133 0068 0B       		.byte	11
 134 0069 4D       		.byte	77
 135 006a 01       		.byte	1
 136 006b 40       		.byte	64
 137 006c 04       		.byte	4
 138 006d 50       		.byte	80
 139 006e 01       		.byte	1
 140 006f 40       		.byte	64
 141 0070 02       		.byte	2
 142 0071 51       		.byte	81
 143 0072 01       		.byte	1
 144 0073 40       		.byte	64
 145 0074 01       		.byte	1
 146 0075 20       		.byte	32
 147 0076 0A       		.byte	10
 148 0077 4B       		.byte	75
 149 0078 97       		.byte	-105
 150 0079 01       		.byte	1
 151 007a 89       		.byte	-119
 152 007b 0F       		.byte	15
 153 007c 88       		.byte	-120
 154 007d 72       		.byte	114
 155 007e 8B       		.byte	-117
 156 007f 38       		.byte	56
 157 0080 EE       		.byte	-18
 158 0081 02       		.byte	2
 159 0082 02       		.byte	2
 160 0083 03       		.byte	3
 161 0084 03       		.byte	3
 162 0085 09       		.byte	9
 163 0086 07       		.byte	7
 164 0087 02       		.byte	2
 165 0088 0C       		.byte	12
 166 0089 01       		.byte	1
 167 008a 0E       		.byte	14
 168 008b 06       		.byte	6
 169 008c 12       		.byte	18
 170 008d 0C       		.byte	12
 171 008e 13       		.byte	19
ARM GAS  C:\Users\cante\AppData\Local\Temp\ccHeWygj.s 			page 4


 172 008f 06       		.byte	6
 173 0090 15       		.byte	21
 174 0091 18       		.byte	24
 175 0092 17       		.byte	23
 176 0093 03       		.byte	3
 177 0094 1C       		.byte	28
 178 0095 0C       		.byte	12
 179 0096 1E       		.byte	30
 180 0097 03       		.byte	3
 181 0098 21       		.byte	33
 182 0099 16       		.byte	22
 183 009a 23       		.byte	35
 184 009b 01       		.byte	1
 185 009c 24       		.byte	36
 186 009d 01       		.byte	1
 187 009e 26       		.byte	38
 188 009f 0E       		.byte	14
 189 00a0 2A       		.byte	42
 190 00a1 08       		.byte	8
 191 00a2 2D       		.byte	45
 192 00a3 18       		.byte	24
 193 00a4 2F       		.byte	47
 194 00a5 05       		.byte	5
 195 00a6 33       		.byte	51
 196 00a7 18       		.byte	24
 197 00a8 35       		.byte	53
 198 00a9 07       		.byte	7
 199 00aa 36       		.byte	54
 200 00ab 0F       		.byte	15
 201 00ac 39       		.byte	57
 202 00ad 08       		.byte	8
 203 00ae 3A       		.byte	58
 204 00af 80       		.byte	-128
 205 00b0 3B       		.byte	59
 206 00b1 20       		.byte	32
 207 00b2 3F       		.byte	63
 208 00b3 04       		.byte	4
 209 00b4 40       		.byte	64
 210 00b5 02       		.byte	2
 211 00b6 47       		.byte	71
 212 00b7 04       		.byte	4
 213 00b8 49       		.byte	73
 214 00b9 FF       		.byte	-1
 215 00ba 4A       		.byte	74
 216 00bb 07       		.byte	7
 217 00bc 4B       		.byte	75
 218 00bd FF       		.byte	-1
 219 00be 4C       		.byte	76
 220 00bf 40       		.byte	64
 221 00c0 4D       		.byte	77
 222 00c1 20       		.byte	32
 223 00c2 4E       		.byte	78
 224 00c3 F0       		.byte	-16
 225 00c4 4F       		.byte	79
 226 00c5 05       		.byte	5
 227 00c6 50       		.byte	80
 228 00c7 08       		.byte	8
ARM GAS  C:\Users\cante\AppData\Local\Temp\ccHeWygj.s 			page 5


 229 00c8 58       		.byte	88
 230 00c9 04       		.byte	4
 231 00ca 59       		.byte	89
 232 00cb 04       		.byte	4
 233 00cc 5A       		.byte	90
 234 00cd 04       		.byte	4
 235 00ce 5C       		.byte	92
 236 00cf 11       		.byte	17
 237 00d0 5D       		.byte	93
 238 00d1 01       		.byte	1
 239 00d2 5F       		.byte	95
 240 00d3 01       		.byte	1
 241 00d4 60       		.byte	96
 242 00d5 40       		.byte	64
 243 00d6 61       		.byte	97
 244 00d7 A8       		.byte	-88
 245 00d8 62       		.byte	98
 246 00d9 40       		.byte	64
 247 00da 63       		.byte	99
 248 00db 20       		.byte	32
 249 00dc 81       		.byte	-127
 250 00dd 09       		.byte	9
 251 00de 82       		.byte	-126
 252 00df 08       		.byte	8
 253 00e0 83       		.byte	-125
 254 00e1 10       		.byte	16
 255 00e2 85       		.byte	-123
 256 00e3 2C       		.byte	44
 257 00e4 87       		.byte	-121
 258 00e5 11       		.byte	17
 259 00e6 8C       		.byte	-116
 260 00e7 13       		.byte	19
 261 00e8 8D       		.byte	-115
 262 00e9 1C       		.byte	28
 263 00ea 8E       		.byte	-114
 264 00eb 0C       		.byte	12
 265 00ec 8F       		.byte	-113
 266 00ed 22       		.byte	34
 267 00ee 90       		.byte	-112
 268 00ef 0A       		.byte	10
 269 00f0 92       		.byte	-110
 270 00f1 14       		.byte	20
 271 00f2 94       		.byte	-108
 272 00f3 20       		.byte	32
 273 00f4 97       		.byte	-105
 274 00f5 03       		.byte	3
 275 00f6 99       		.byte	-103
 276 00f7 14       		.byte	20
 277 00f8 9D       		.byte	-99
 278 00f9 40       		.byte	64
 279 00fa A1       		.byte	-95
 280 00fb 30       		.byte	48
 281 00fc A2       		.byte	-94
 282 00fd 15       		.byte	21
 283 00fe A3       		.byte	-93
 284 00ff 0C       		.byte	12
 285 0100 A4       		.byte	-92
ARM GAS  C:\Users\cante\AppData\Local\Temp\ccHeWygj.s 			page 6


 286 0101 13       		.byte	19
 287 0102 A5       		.byte	-91
 288 0103 10       		.byte	16
 289 0104 A6       		.byte	-90
 290 0105 04       		.byte	4
 291 0106 A8       		.byte	-88
 292 0107 03       		.byte	3
 293 0108 AA       		.byte	-86
 294 0109 14       		.byte	20
 295 010a B0       		.byte	-80
 296 010b 0F       		.byte	15
 297 010c B1       		.byte	-79
 298 010d 60       		.byte	96
 299 010e B3       		.byte	-77
 300 010f 1F       		.byte	31
 301 0110 B4       		.byte	-76
 302 0111 20       		.byte	32
 303 0112 B6       		.byte	-74
 304 0113 10       		.byte	16
 305 0114 B9       		.byte	-71
 306 0115 02       		.byte	2
 307 0116 BA       		.byte	-70
 308 0117 02       		.byte	2
 309 0118 BE       		.byte	-66
 310 0119 50       		.byte	80
 311 011a C0       		.byte	-64
 312 011b 51       		.byte	81
 313 011c C1       		.byte	-63
 314 011d 02       		.byte	2
 315 011e C5       		.byte	-59
 316 011f 0B       		.byte	11
 317 0120 C6       		.byte	-58
 318 0121 E0       		.byte	-32
 319 0122 C7       		.byte	-57
 320 0123 0C       		.byte	12
 321 0124 C8       		.byte	-56
 322 0125 19       		.byte	25
 323 0126 C9       		.byte	-55
 324 0127 FF       		.byte	-1
 325 0128 CA       		.byte	-54
 326 0129 FF       		.byte	-1
 327 012a CB       		.byte	-53
 328 012b FF       		.byte	-1
 329 012c CE       		.byte	-50
 330 012d F0       		.byte	-16
 331 012e CF       		.byte	-49
 332 012f 44       		.byte	68
 333 0130 D0       		.byte	-48
 334 0131 0C       		.byte	12
 335 0132 D4       		.byte	-44
 336 0133 01       		.byte	1
 337 0134 D8       		.byte	-40
 338 0135 04       		.byte	4
 339 0136 D9       		.byte	-39
 340 0137 04       		.byte	4
 341 0138 DA       		.byte	-38
 342 0139 04       		.byte	4
ARM GAS  C:\Users\cante\AppData\Local\Temp\ccHeWygj.s 			page 7


 343 013a DB       		.byte	-37
 344 013b 04       		.byte	4
 345 013c DC       		.byte	-36
 346 013d 11       		.byte	17
 347 013e DD       		.byte	-35
 348 013f 11       		.byte	17
 349 0140 DF       		.byte	-33
 350 0141 01       		.byte	1
 351 0142 E6       		.byte	-26
 352 0143 C0       		.byte	-64
 353 0144 EA       		.byte	-22
 354 0145 40       		.byte	64
 355 0146 EB       		.byte	-21
 356 0147 02       		.byte	2
 357 0148 01       		.byte	1
 358 0149 01       		.byte	1
 359 014a 03       		.byte	3
 360 014b 02       		.byte	2
 361 014c 04       		.byte	4
 362 014d 01       		.byte	1
 363 014e 05       		.byte	5
 364 014f 80       		.byte	-128
 365 0150 0B       		.byte	11
 366 0151 A0       		.byte	-96
 367 0152 0D       		.byte	13
 368 0153 01       		.byte	1
 369 0154 0E       		.byte	14
 370 0155 01       		.byte	1
 371 0156 10       		.byte	16
 372 0157 08       		.byte	8
 373 0158 13       		.byte	19
 374 0159 29       		.byte	41
 375 015a 16       		.byte	22
 376 015b 08       		.byte	8
 377 015c 17       		.byte	23
 378 015d 08       		.byte	8
 379 015e 19       		.byte	25
 380 015f 42       		.byte	66
 381 0160 1A       		.byte	26
 382 0161 04       		.byte	4
 383 0162 1B       		.byte	27
 384 0163 02       		.byte	2
 385 0164 1E       		.byte	30
 386 0165 01       		.byte	1
 387 0166 1F       		.byte	31
 388 0167 40       		.byte	64
 389 0168 21       		.byte	33
 390 0169 09       		.byte	9
 391 016a 22       		.byte	34
 392 016b 06       		.byte	6
 393 016c 24       		.byte	36
 394 016d 04       		.byte	4
 395 016e 27       		.byte	39
 396 016f 18       		.byte	24
 397 0170 29       		.byte	41
 398 0171 02       		.byte	2
 399 0172 2A       		.byte	42
ARM GAS  C:\Users\cante\AppData\Local\Temp\ccHeWygj.s 			page 8


 400 0173 08       		.byte	8
 401 0174 2D       		.byte	45
 402 0175 80       		.byte	-128
 403 0176 2F       		.byte	47
 404 0177 42       		.byte	66
 405 0178 30       		.byte	48
 406 0179 A0       		.byte	-96
 407 017a 31       		.byte	49
 408 017b 08       		.byte	8
 409 017c 36       		.byte	54
 410 017d 02       		.byte	2
 411 017e 37       		.byte	55
 412 017f 08       		.byte	8
 413 0180 38       		.byte	56
 414 0181 04       		.byte	4
 415 0182 39       		.byte	57
 416 0183 03       		.byte	3
 417 0184 3B       		.byte	59
 418 0185 80       		.byte	-128
 419 0186 3C       		.byte	60
 420 0187 01       		.byte	1
 421 0188 3E       		.byte	62
 422 0189 08       		.byte	8
 423 018a 3F       		.byte	63
 424 018b 01       		.byte	1
 425 018c 40       		.byte	64
 426 018d 05       		.byte	5
 427 018e 47       		.byte	71
 428 018f 10       		.byte	16
 429 0190 48       		.byte	72
 430 0191 20       		.byte	32
 431 0192 49       		.byte	73
 432 0193 80       		.byte	-128
 433 0194 4C       		.byte	76
 434 0195 80       		.byte	-128
 435 0196 4F       		.byte	79
 436 0197 01       		.byte	1
 437 0198 50       		.byte	80
 438 0199 08       		.byte	8
 439 019a 53       		.byte	83
 440 019b 10       		.byte	16
 441 019c 56       		.byte	86
 442 019d 08       		.byte	8
 443 019e 59       		.byte	89
 444 019f 40       		.byte	64
 445 01a0 5A       		.byte	90
 446 01a1 04       		.byte	4
 447 01a2 5B       		.byte	91
 448 01a3 22       		.byte	34
 449 01a4 C0       		.byte	-64
 450 01a5 99       		.byte	-103
 451 01a6 C2       		.byte	-62
 452 01a7 9C       		.byte	-100
 453 01a8 C4       		.byte	-60
 454 01a9 6E       		.byte	110
 455 01aa CA       		.byte	-54
 456 01ab 93       		.byte	-109
ARM GAS  C:\Users\cante\AppData\Local\Temp\ccHeWygj.s 			page 9


 457 01ac CC       		.byte	-52
 458 01ad CE       		.byte	-50
 459 01ae CE       		.byte	-50
 460 01af CB       		.byte	-53
 461 01b0 D0       		.byte	-48
 462 01b1 2C       		.byte	44
 463 01b2 D2       		.byte	-46
 464 01b3 08       		.byte	8
 465 01b4 D6       		.byte	-42
 466 01b5 0F       		.byte	15
 467 01b6 AD       		.byte	-83
 468 01b7 01       		.byte	1
 469 01b8 B4       		.byte	-76
 470 01b9 01       		.byte	1
 471 01ba B9       		.byte	-71
 472 01bb 82       		.byte	-126
 473 01bc BF       		.byte	-65
 474 01bd 41       		.byte	65
 475 01be D9       		.byte	-39
 476 01bf 04       		.byte	4
 477 01c0 DF       		.byte	-33
 478 01c1 01       		.byte	1
 479 01c2 20       		.byte	32
 480 01c3 01       		.byte	1
 481 01c4 21       		.byte	33
 482 01c5 01       		.byte	1
 483 01c6 E4       		.byte	-28
 484 01c7 04       		.byte	4
 485 01c8 EC       		.byte	-20
 486 01c9 10       		.byte	16
 487 01ca 01       		.byte	1
 488 01cb 08       		.byte	8
 489 01cc 05       		.byte	5
 490 01cd 01       		.byte	1
 491 01ce 09       		.byte	9
 492 01cf 01       		.byte	1
 493 01d0 0D       		.byte	13
 494 01d1 0C       		.byte	12
 495 01d2 0F       		.byte	15
 496 01d3 02       		.byte	2
 497 01d4 11       		.byte	17
 498 01d5 01       		.byte	1
 499 01d6 15       		.byte	21
 500 01d7 0E       		.byte	14
 501 01d8 19       		.byte	25
 502 01d9 02       		.byte	2
 503 01da 1B       		.byte	27
 504 01db 0C       		.byte	12
 505 01dc 1F       		.byte	31
 506 01dd 02       		.byte	2
 507 01de 25       		.byte	37
 508 01df 0C       		.byte	12
 509 01e0 29       		.byte	41
 510 01e1 04       		.byte	4
 511 01e2 2D       		.byte	45
 512 01e3 0E       		.byte	14
 513 01e4 33       		.byte	51
ARM GAS  C:\Users\cante\AppData\Local\Temp\ccHeWygj.s 			page 10


 514 01e5 0E       		.byte	14
 515 01e6 37       		.byte	55
 516 01e7 01       		.byte	1
 517 01e8 3A       		.byte	58
 518 01e9 02       		.byte	2
 519 01ea 56       		.byte	86
 520 01eb 02       		.byte	2
 521 01ec 57       		.byte	87
 522 01ed 11       		.byte	17
 523 01ee 58       		.byte	88
 524 01ef 04       		.byte	4
 525 01f0 59       		.byte	89
 526 01f1 04       		.byte	4
 527 01f2 5B       		.byte	91
 528 01f3 04       		.byte	4
 529 01f4 5C       		.byte	92
 530 01f5 11       		.byte	17
 531 01f6 5D       		.byte	93
 532 01f7 10       		.byte	16
 533 01f8 5F       		.byte	95
 534 01f9 01       		.byte	1
 535 01fa 84       		.byte	-124
 536 01fb 06       		.byte	6
 537 01fc 85       		.byte	-123
 538 01fd 1F       		.byte	31
 539 01fe 8B       		.byte	-117
 540 01ff 60       		.byte	96
 541 0200 8C       		.byte	-116
 542 0201 06       		.byte	6
 543 0202 8D       		.byte	-115
 544 0203 29       		.byte	41
 545 0204 8E       		.byte	-114
 546 0205 01       		.byte	1
 547 0206 8F       		.byte	-113
 548 0207 06       		.byte	6
 549 0208 90       		.byte	-112
 550 0209 07       		.byte	7
 551 020a 94       		.byte	-108
 552 020b 06       		.byte	6
 553 020c 95       		.byte	-107
 554 020d 52       		.byte	82
 555 020e 96       		.byte	-106
 556 020f 01       		.byte	1
 557 0210 97       		.byte	-105
 558 0211 05       		.byte	5
 559 0212 98       		.byte	-104
 560 0213 08       		.byte	8
 561 0214 99       		.byte	-103
 562 0215 64       		.byte	100
 563 0216 9B       		.byte	-101
 564 0217 18       		.byte	24
 565 0218 9F       		.byte	-97
 566 0219 60       		.byte	96
 567 021a A0       		.byte	-96
 568 021b 04       		.byte	4
 569 021c A1       		.byte	-95
 570 021d 60       		.byte	96
ARM GAS  C:\Users\cante\AppData\Local\Temp\ccHeWygj.s 			page 11


 571 021e A4       		.byte	-92
 572 021f 02       		.byte	2
 573 0220 A5       		.byte	-91
 574 0221 60       		.byte	96
 575 0222 A8       		.byte	-88
 576 0223 01       		.byte	1
 577 0224 A9       		.byte	-87
 578 0225 1F       		.byte	31
 579 0226 AA       		.byte	-86
 580 0227 06       		.byte	6
 581 0228 AE       		.byte	-82
 582 0229 01       		.byte	1
 583 022a AF       		.byte	-81
 584 022b 60       		.byte	96
 585 022c B0       		.byte	-80
 586 022d 07       		.byte	7
 587 022e B3       		.byte	-77
 588 022f 03       		.byte	3
 589 0230 B4       		.byte	-76
 590 0231 08       		.byte	8
 591 0232 B5       		.byte	-75
 592 0233 1C       		.byte	28
 593 0234 B7       		.byte	-73
 594 0235 60       		.byte	96
 595 0236 BA       		.byte	-70
 596 0237 02       		.byte	2
 597 0238 BE       		.byte	-66
 598 0239 10       		.byte	16
 599 023a D8       		.byte	-40
 600 023b 04       		.byte	4
 601 023c D9       		.byte	-39
 602 023d 04       		.byte	4
 603 023e DC       		.byte	-36
 604 023f 11       		.byte	17
 605 0240 DF       		.byte	-33
 606 0241 01       		.byte	1
 607 0242 00       		.byte	0
 608 0243 08       		.byte	8
 609 0244 03       		.byte	3
 610 0245 02       		.byte	2
 611 0246 08       		.byte	8
 612 0247 08       		.byte	8
 613 0248 0A       		.byte	10
 614 0249 48       		.byte	72
 615 024a 10       		.byte	16
 616 024b A0       		.byte	-96
 617 024c 11       		.byte	17
 618 024d 80       		.byte	-128
 619 024e 13       		.byte	19
 620 024f 11       		.byte	17
 621 0250 18       		.byte	24
 622 0251 80       		.byte	-128
 623 0252 1B       		.byte	27
 624 0253 22       		.byte	34
 625 0254 1D       		.byte	29
 626 0255 01       		.byte	1
 627 0256 1E       		.byte	30
ARM GAS  C:\Users\cante\AppData\Local\Temp\ccHeWygj.s 			page 12


 628 0257 40       		.byte	64
 629 0258 20       		.byte	32
 630 0259 04       		.byte	4
 631 025a 22       		.byte	34
 632 025b 18       		.byte	24
 633 025c 23       		.byte	35
 634 025d 02       		.byte	2
 635 025e 24       		.byte	36
 636 025f 20       		.byte	32
 637 0260 25       		.byte	37
 638 0261 40       		.byte	64
 639 0262 26       		.byte	38
 640 0263 80       		.byte	-128
 641 0264 28       		.byte	40
 642 0265 10       		.byte	16
 643 0266 29       		.byte	41
 644 0267 01       		.byte	1
 645 0268 2A       		.byte	42
 646 0269 80       		.byte	-128
 647 026a 2B       		.byte	43
 648 026b 08       		.byte	8
 649 026c 2D       		.byte	45
 650 026d 28       		.byte	40
 651 026e 2E       		.byte	46
 652 026f 40       		.byte	64
 653 0270 32       		.byte	50
 654 0271 98       		.byte	-104
 655 0272 34       		.byte	52
 656 0273 18       		.byte	24
 657 0274 36       		.byte	54
 658 0275 80       		.byte	-128
 659 0276 37       		.byte	55
 660 0277 01       		.byte	1
 661 0278 39       		.byte	57
 662 0279 24       		.byte	36
 663 027a 3B       		.byte	59
 664 027b 80       		.byte	-128
 665 027c 3D       		.byte	61
 666 027d 14       		.byte	20
 667 027e 3E       		.byte	62
 668 027f 80       		.byte	-128
 669 0280 3F       		.byte	63
 670 0281 01       		.byte	1
 671 0282 5E       		.byte	94
 672 0283 20       		.byte	32
 673 0284 6D       		.byte	109
 674 0285 14       		.byte	20
 675 0286 6F       		.byte	111
 676 0287 09       		.byte	9
 677 0288 74       		.byte	116
 678 0289 A4       		.byte	-92
 679 028a 75       		.byte	117
 680 028b 28       		.byte	40
 681 028c 76       		.byte	118
 682 028d 24       		.byte	36
 683 028e 92       		.byte	-110
 684 028f 08       		.byte	8
ARM GAS  C:\Users\cante\AppData\Local\Temp\ccHeWygj.s 			page 13


 685 0290 AF       		.byte	-81
 686 0291 12       		.byte	18
 687 0292 C0       		.byte	-64
 688 0293 05       		.byte	5
 689 0294 C2       		.byte	-62
 690 0295 0E       		.byte	14
 691 0296 C4       		.byte	-60
 692 0297 0F       		.byte	15
 693 0298 CA       		.byte	-54
 694 0299 7F       		.byte	127
 695 029a CC       		.byte	-52
 696 029b FE       		.byte	-2
 697 029c CE       		.byte	-50
 698 029d FE       		.byte	-2
 699 029e D6       		.byte	-42
 700 029f 20       		.byte	32
 701 02a0 01       		.byte	1
 702 02a1 7F       		.byte	127
 703 02a2 05       		.byte	5
 704 02a3 04       		.byte	4
 705 02a4 06       		.byte	6
 706 02a5 02       		.byte	2
 707 02a6 09       		.byte	9
 708 02a7 0C       		.byte	12
 709 02a8 0D       		.byte	13
 710 02a9 4F       		.byte	79
 711 02aa 0F       		.byte	15
 712 02ab 10       		.byte	16
 713 02ac 13       		.byte	19
 714 02ad 33       		.byte	51
 715 02ae 15       		.byte	21
 716 02af 02       		.byte	2
 717 02b0 19       		.byte	25
 718 02b1 03       		.byte	3
 719 02b2 1D       		.byte	29
 720 02b3 08       		.byte	8
 721 02b4 21       		.byte	33
 722 02b5 4C       		.byte	76
 723 02b6 23       		.byte	35
 724 02b7 23       		.byte	35
 725 02b8 27       		.byte	39
 726 02b9 40       		.byte	64
 727 02ba 29       		.byte	41
 728 02bb 73       		.byte	115
 729 02bc 2A       		.byte	42
 730 02bd 04       		.byte	4
 731 02be 2B       		.byte	43
 732 02bf 0C       		.byte	12
 733 02c0 2D       		.byte	45
 734 02c1 41       		.byte	65
 735 02c2 2E       		.byte	46
 736 02c3 05       		.byte	5
 737 02c4 32       		.byte	50
 738 02c5 01       		.byte	1
 739 02c6 33       		.byte	51
 740 02c7 0F       		.byte	15
 741 02c8 34       		.byte	52
ARM GAS  C:\Users\cante\AppData\Local\Temp\ccHeWygj.s 			page 14


 742 02c9 06       		.byte	6
 743 02ca 35       		.byte	53
 744 02cb 7C       		.byte	124
 745 02cc 3B       		.byte	59
 746 02cd 28       		.byte	40
 747 02ce 3E       		.byte	62
 748 02cf 10       		.byte	16
 749 02d0 58       		.byte	88
 750 02d1 04       		.byte	4
 751 02d2 59       		.byte	89
 752 02d3 04       		.byte	4
 753 02d4 5C       		.byte	92
 754 02d5 11       		.byte	17
 755 02d6 5F       		.byte	95
 756 02d7 01       		.byte	1
 757 02d8 89       		.byte	-119
 758 02d9 02       		.byte	2
 759 02da 8A       		.byte	-118
 760 02db 02       		.byte	2
 761 02dc 8C       		.byte	-116
 762 02dd 01       		.byte	1
 763 02de 8F       		.byte	-113
 764 02df 01       		.byte	1
 765 02e0 90       		.byte	-112
 766 02e1 01       		.byte	1
 767 02e2 94       		.byte	-108
 768 02e3 01       		.byte	1
 769 02e4 97       		.byte	-105
 770 02e5 02       		.byte	2
 771 02e6 9A       		.byte	-102
 772 02e7 02       		.byte	2
 773 02e8 9F       		.byte	-97
 774 02e9 01       		.byte	1
 775 02ea A1       		.byte	-95
 776 02eb 02       		.byte	2
 777 02ec A8       		.byte	-88
 778 02ed 01       		.byte	1
 779 02ee AF       		.byte	-81
 780 02ef 02       		.byte	2
 781 02f0 B2       		.byte	-78
 782 02f1 01       		.byte	1
 783 02f2 B3       		.byte	-77
 784 02f3 01       		.byte	1
 785 02f4 B6       		.byte	-74
 786 02f5 02       		.byte	2
 787 02f6 B7       		.byte	-73
 788 02f7 02       		.byte	2
 789 02f8 B9       		.byte	-71
 790 02f9 80       		.byte	-128
 791 02fa BE       		.byte	-66
 792 02fb 44       		.byte	68
 793 02fc BF       		.byte	-65
 794 02fd 04       		.byte	4
 795 02fe C0       		.byte	-64
 796 02ff 31       		.byte	49
 797 0300 C1       		.byte	-63
 798 0301 05       		.byte	5
ARM GAS  C:\Users\cante\AppData\Local\Temp\ccHeWygj.s 			page 15


 799 0302 C2       		.byte	-62
 800 0303 02       		.byte	2
 801 0304 C4       		.byte	-60
 802 0305 06       		.byte	6
 803 0306 C5       		.byte	-59
 804 0307 0C       		.byte	12
 805 0308 C6       		.byte	-58
 806 0309 0E       		.byte	14
 807 030a C8       		.byte	-56
 808 030b 05       		.byte	5
 809 030c C9       		.byte	-55
 810 030d FF       		.byte	-1
 811 030e CA       		.byte	-54
 812 030f FF       		.byte	-1
 813 0310 CB       		.byte	-53
 814 0311 FF       		.byte	-1
 815 0312 CC       		.byte	-52
 816 0313 62       		.byte	98
 817 0314 CD       		.byte	-51
 818 0315 A0       		.byte	-96
 819 0316 CE       		.byte	-50
 820 0317 F0       		.byte	-16
 821 0318 CF       		.byte	-49
 822 0319 41       		.byte	65
 823 031a D0       		.byte	-48
 824 031b 0C       		.byte	12
 825 031c D4       		.byte	-44
 826 031d 18       		.byte	24
 827 031e D8       		.byte	-40
 828 031f 04       		.byte	4
 829 0320 D9       		.byte	-39
 830 0321 04       		.byte	4
 831 0322 DA       		.byte	-38
 832 0323 04       		.byte	4
 833 0324 DB       		.byte	-37
 834 0325 04       		.byte	4
 835 0326 DC       		.byte	-36
 836 0327 10       		.byte	16
 837 0328 DD       		.byte	-35
 838 0329 11       		.byte	17
 839 032a DF       		.byte	-33
 840 032b 01       		.byte	1
 841 032c E6       		.byte	-26
 842 032d 40       		.byte	64
 843 032e E7       		.byte	-25
 844 032f 02       		.byte	2
 845 0330 E9       		.byte	-23
 846 0331 10       		.byte	16
 847 0332 EA       		.byte	-22
 848 0333 30       		.byte	48
 849 0334 EB       		.byte	-21
 850 0335 10       		.byte	16
 851 0336 ED       		.byte	-19
 852 0337 10       		.byte	16
 853 0338 EE       		.byte	-18
 854 0339 10       		.byte	16
 855 033a EF       		.byte	-17
ARM GAS  C:\Users\cante\AppData\Local\Temp\ccHeWygj.s 			page 16


 856 033b 12       		.byte	18
 857 033c 00       		.byte	0
 858 033d 04       		.byte	4
 859 033e 03       		.byte	3
 860 033f 10       		.byte	16
 861 0340 04       		.byte	4
 862 0341 A0       		.byte	-96
 863 0342 06       		.byte	6
 864 0343 08       		.byte	8
 865 0344 0D       		.byte	13
 866 0345 01       		.byte	1
 867 0346 0E       		.byte	14
 868 0347 40       		.byte	64
 869 0348 0F       		.byte	15
 870 0349 58       		.byte	88
 871 034a 10       		.byte	16
 872 034b 02       		.byte	2
 873 034c 11       		.byte	17
 874 034d 08       		.byte	8
 875 034e 12       		.byte	18
 876 034f 08       		.byte	8
 877 0350 13       		.byte	19
 878 0351 04       		.byte	4
 879 0352 14       		.byte	20
 880 0353 08       		.byte	8
 881 0354 15       		.byte	21
 882 0355 20       		.byte	32
 883 0356 19       		.byte	25
 884 0357 08       		.byte	8
 885 0358 1B       		.byte	27
 886 0359 10       		.byte	16
 887 035a 1D       		.byte	29
 888 035b 40       		.byte	64
 889 035c 1E       		.byte	30
 890 035d 20       		.byte	32
 891 035e 20       		.byte	32
 892 035f 08       		.byte	8
 893 0360 21       		.byte	33
 894 0361 18       		.byte	24
 895 0362 23       		.byte	35
 896 0363 10       		.byte	16
 897 0364 25       		.byte	37
 898 0365 04       		.byte	4
 899 0366 26       		.byte	38
 900 0367 80       		.byte	-128
 901 0368 28       		.byte	40
 902 0369 80       		.byte	-128
 903 036a 29       		.byte	41
 904 036b 88       		.byte	-120
 905 036c 2A       		.byte	42
 906 036d 10       		.byte	16
 907 036e 2D       		.byte	45
 908 036f 01       		.byte	1
 909 0370 2E       		.byte	46
 910 0371 80       		.byte	-128
 911 0372 30       		.byte	48
 912 0373 81       		.byte	-127
ARM GAS  C:\Users\cante\AppData\Local\Temp\ccHeWygj.s 			page 17


 913 0374 32       		.byte	50
 914 0375 08       		.byte	8
 915 0376 33       		.byte	51
 916 0377 10       		.byte	16
 917 0378 34       		.byte	52
 918 0379 08       		.byte	8
 919 037a 36       		.byte	54
 920 037b 80       		.byte	-128
 921 037c 38       		.byte	56
 922 037d 80       		.byte	-128
 923 037e 39       		.byte	57
 924 037f 03       		.byte	3
 925 0380 3A       		.byte	58
 926 0381 A4       		.byte	-92
 927 0382 3F       		.byte	63
 928 0383 90       		.byte	-112
 929 0384 44       		.byte	68
 930 0385 11       		.byte	17
 931 0386 45       		.byte	69
 932 0387 48       		.byte	72
 933 0388 46       		.byte	70
 934 0389 18       		.byte	24
 935 038a 4F       		.byte	79
 936 038b 68       		.byte	104
 937 038c 57       		.byte	87
 938 038d 40       		.byte	64
 939 038e 5F       		.byte	95
 940 038f 02       		.byte	2
 941 0390 65       		.byte	101
 942 0391 40       		.byte	64
 943 0392 67       		.byte	103
 944 0393 04       		.byte	4
 945 0394 87       		.byte	-121
 946 0395 20       		.byte	32
 947 0396 88       		.byte	-120
 948 0397 86       		.byte	-122
 949 0398 89       		.byte	-119
 950 0399 80       		.byte	-128
 951 039a 8B       		.byte	-117
 952 039b 40       		.byte	64
 953 039c 90       		.byte	-112
 954 039d A4       		.byte	-92
 955 039e 92       		.byte	-110
 956 039f 40       		.byte	64
 957 03a0 95       		.byte	-107
 958 03a1 20       		.byte	32
 959 03a2 97       		.byte	-105
 960 03a3 90       		.byte	-112
 961 03a4 9A       		.byte	-102
 962 03a5 24       		.byte	36
 963 03a6 9B       		.byte	-101
 964 03a7 02       		.byte	2
 965 03a8 9C       		.byte	-100
 966 03a9 18       		.byte	24
 967 03aa 9E       		.byte	-98
 968 03ab 80       		.byte	-128
 969 03ac A0       		.byte	-96
ARM GAS  C:\Users\cante\AppData\Local\Temp\ccHeWygj.s 			page 18


 970 03ad 80       		.byte	-128
 971 03ae A1       		.byte	-95
 972 03af 40       		.byte	64
 973 03b0 A2       		.byte	-94
 974 03b1 08       		.byte	8
 975 03b2 A3       		.byte	-93
 976 03b3 20       		.byte	32
 977 03b4 A6       		.byte	-90
 978 03b5 10       		.byte	16
 979 03b6 C0       		.byte	-64
 980 03b7 C4       		.byte	-60
 981 03b8 C2       		.byte	-62
 982 03b9 70       		.byte	112
 983 03ba C4       		.byte	-60
 984 03bb 43       		.byte	67
 985 03bc CA       		.byte	-54
 986 03bd 9F       		.byte	-97
 987 03be CC       		.byte	-52
 988 03bf 5F       		.byte	95
 989 03c0 CE       		.byte	-50
 990 03c1 3F       		.byte	63
 991 03c2 D0       		.byte	-48
 992 03c3 70       		.byte	112
 993 03c4 D2       		.byte	-46
 994 03c5 30       		.byte	48
 995 03c6 D6       		.byte	-42
 996 03c7 80       		.byte	-128
 997 03c8 D8       		.byte	-40
 998 03c9 30       		.byte	48
 999 03ca E4       		.byte	-28
 1000 03cb 0C       		.byte	12
 1001 03cc EC       		.byte	-20
 1002 03cd 10       		.byte	16
 1003 03ce 32       		.byte	50
 1004 03cf 80       		.byte	-128
 1005 03d0 3F       		.byte	63
 1006 03d1 80       		.byte	-128
 1007 03d2 CC       		.byte	-52
 1008 03d3 10       		.byte	16
 1009 03d4 CE       		.byte	-50
 1010 03d5 20       		.byte	32
 1011 03d6 A6       		.byte	-90
 1012 03d7 80       		.byte	-128
 1013 03d8 A7       		.byte	-89
 1014 03d9 40       		.byte	64
 1015 03da 12       		.byte	18
 1016 03db 80       		.byte	-128
 1017 03dc 5B       		.byte	91
 1018 03dd 02       		.byte	2
 1019 03de 9B       		.byte	-101
 1020 03df 02       		.byte	2
 1021 03e0 A6       		.byte	-90
 1022 03e1 80       		.byte	-128
 1023 03e2 A7       		.byte	-89
 1024 03e3 40       		.byte	64
 1025 03e4 AF       		.byte	-81
 1026 03e5 02       		.byte	2
ARM GAS  C:\Users\cante\AppData\Local\Temp\ccHeWygj.s 			page 19


 1027 03e6 C4       		.byte	-60
 1028 03e7 10       		.byte	16
 1029 03e8 D6       		.byte	-42
 1030 03e9 40       		.byte	64
 1031 03ea EE       		.byte	-18
 1032 03eb 40       		.byte	64
 1033 03ec A7       		.byte	-89
 1034 03ed 40       		.byte	64
 1035 03ee 7D       		.byte	125
 1036 03ef 20       		.byte	32
 1037 03f0 DE       		.byte	-34
 1038 03f1 01       		.byte	1
 1039 03f2 A5       		.byte	-91
 1040 03f3 10       		.byte	16
 1041 03f4 32       		.byte	50
 1042 03f5 10       		.byte	16
 1043 03f6 45       		.byte	69
 1044 03f7 08       		.byte	8
 1045 03f8 B5       		.byte	-75
 1046 03f9 10       		.byte	16
 1047 03fa CC       		.byte	-52
 1048 03fb 08       		.byte	8
 1049 03fc D0       		.byte	-48
 1050 03fd 01       		.byte	1
 1051 03fe EC       		.byte	-20
 1052 03ff 08       		.byte	8
 1053 0400 96       		.byte	-106
 1054 0401 20       		.byte	32
 1055 0402 A5       		.byte	-91
 1056 0403 08       		.byte	8
 1057 0404 25       		.byte	37
 1058 0405 10       		.byte	16
 1059 0406 A7       		.byte	-89
 1060 0407 40       		.byte	64
 1061 0408 C8       		.byte	-56
 1062 0409 20       		.byte	32
 1063 040a 1B       		.byte	27
 1064 040b 60       		.byte	96
 1065 040c 83       		.byte	-125
 1066 040d 20       		.byte	32
 1067 040e A7       		.byte	-89
 1068 040f 40       		.byte	64
 1069 0410 B5       		.byte	-75
 1070 0411 10       		.byte	16
 1071 0412 C6       		.byte	-58
 1072 0413 40       		.byte	64
 1073 0414 E4       		.byte	-28
 1074 0415 20       		.byte	32
 1075 0416 96       		.byte	-106
 1076 0417 20       		.byte	32
 1077 0418 A5       		.byte	-91
 1078 0419 08       		.byte	8
 1079 041a 10       		.byte	16
 1080 041b 80       		.byte	-128
 1081 041c 74       		.byte	116
 1082 041d 01       		.byte	1
 1083 041e 82       		.byte	-126
ARM GAS  C:\Users\cante\AppData\Local\Temp\ccHeWygj.s 			page 20


 1084 041f 10       		.byte	16
 1085 0420 84       		.byte	-124
 1086 0421 01       		.byte	1
 1087 0422 88       		.byte	-120
 1088 0423 80       		.byte	-128
 1089 0424 96       		.byte	-106
 1090 0425 20       		.byte	32
 1091 0426 B5       		.byte	-75
 1092 0427 08       		.byte	8
 1093 0428 C4       		.byte	-60
 1094 0429 08       		.byte	8
 1095 042a DE       		.byte	-34
 1096 042b 04       		.byte	4
 1097 042c E6       		.byte	-26
 1098 042d 01       		.byte	1
 1099 042e EC       		.byte	-20
 1100 042f 08       		.byte	8
 1101 0430 00       		.byte	0
 1102 0431 02       		.byte	2
 1103 0432 0C       		.byte	12
 1104 0433 02       		.byte	2
 1105 0434 10       		.byte	16
 1106 0435 02       		.byte	2
 1107 0436 1C       		.byte	28
 1108 0437 02       		.byte	2
 1109 0438 00       		.byte	0
 1110 0439 02       		.byte	2
 1111 043a 10       		.byte	16
 1112 043b 02       		.byte	2
 1113 043c 80       		.byte	-128
 1114 043d 80       		.byte	-128
 1115 043e 00       		.byte	0
 1116 043f 00       		.byte	0
 1117 0440 40       		.byte	64
 1118 0441 00       		.byte	0
 1119 0442 00       		.byte	0
 1120 0443 00       		.byte	0
 1121 0444 80       		.byte	-128
 1122 0445 00       		.byte	0
 1123 0446 40       		.byte	64
 1124 0447 80       		.byte	-128
 1125 0448 80       		.byte	-128
 1126 0449 00       		.byte	0
 1127 044a 80       		.byte	-128
 1128 044b 00       		.byte	0
 1129 044c 00       		.byte	0
 1130 044d 00       		.byte	0
 1131 044e 00       		.byte	0
 1132 044f 00       		.byte	0
 1133 0450 00       		.byte	0
 1134 0451 0B       		.byte	11
 1135 0452 0B       		.byte	11
 1136 0453 00       		.byte	0
 1137 0454 00       		.byte	0
 1138 0455 00       		.byte	0
 1139 0456 00       		.byte	0
 1140 0457 00       		.byte	0
ARM GAS  C:\Users\cante\AppData\Local\Temp\ccHeWygj.s 			page 21


 1141 0458 07       		.byte	7
 1142 0459 00       		.byte	0
 1143 045a 18       		.byte	24
 1144 045b 01       		.byte	1
 1145              		.section	.cywolatch,"a",%progbits
 1146              		.align	2
 1147              		.type	cy_meta_wonvl, %object
 1148              		.size	cy_meta_wonvl, 4
 1149              	cy_meta_wonvl:
 1150 0000 BC       		.byte	-68
 1151 0001 90       		.byte	-112
 1152 0002 AC       		.byte	-84
 1153 0003 AF       		.byte	-81
 1154              		.section	.cycustnvl,"a",%progbits
 1155              		.align	2
 1156              		.type	cy_meta_custnvl, %object
 1157              		.size	cy_meta_custnvl, 4
 1158              	cy_meta_custnvl:
 1159 0000 00       		.byte	0
 1160 0001 00       		.byte	0
 1161 0002 40       		.byte	64
 1162 0003 05       		.byte	5
 1163              		.section	.cymeta,"a",%progbits
 1164              		.align	2
 1165              		.type	cy_metadata, %object
 1166              		.size	cy_metadata, 12
 1167              	cy_metadata:
 1168 0000 00       		.byte	0
 1169 0001 01       		.byte	1
 1170 0002 2E       		.byte	46
 1171 0003 16       		.byte	22
 1172 0004 10       		.byte	16
 1173 0005 69       		.byte	105
 1174 0006 00       		.byte	0
 1175 0007 01       		.byte	1
 1176 0008 00       		.byte	0
 1177 0009 00       		.byte	0
 1178 000a 00       		.byte	0
 1179 000b 00       		.byte	0
 1180              		.section	.cyflashprotect,"a",%progbits
 1181              		.align	2
 1182              		.type	cy_meta_flashprotect, %object
 1183              		.size	cy_meta_flashprotect, 256
 1184              	cy_meta_flashprotect:
 1185 0000 00000000 		.space	256
 1185      00000000 
 1185      00000000 
 1185      00000000 
 1185      00000000 
 1186              		.text
 1187              	.Letext0:
 1188              		.file 1 "c:\\program files (x86)\\cypress\\psoc creator\\4.4\\psoc creator\\import\\gnu\\arm\\5.4.
 1189              		.file 2 "c:\\program files (x86)\\cypress\\psoc creator\\4.4\\psoc creator\\import\\gnu\\arm\\5.4.
 1190              		.file 3 "Generated_Source\\PSoC5\\cymetadata.c"
 1191              		.section	.debug_info,"",%progbits
 1192              	.Ldebug_info0:
 1193 0000 32010000 		.4byte	0x132
ARM GAS  C:\Users\cante\AppData\Local\Temp\ccHeWygj.s 			page 22


 1194 0004 0400     		.2byte	0x4
 1195 0006 00000000 		.4byte	.Ldebug_abbrev0
 1196 000a 04       		.byte	0x4
 1197 000b 01       		.uleb128 0x1
 1198 000c 24000000 		.4byte	.LASF17
 1199 0010 0C       		.byte	0xc
 1200 0011 EE010000 		.4byte	.LASF18
 1201 0015 E7000000 		.4byte	.LASF19
 1202 0019 00000000 		.4byte	.Ldebug_line0
 1203 001d 02       		.uleb128 0x2
 1204 001e 01       		.byte	0x1
 1205 001f 06       		.byte	0x6
 1206 0020 E2010000 		.4byte	.LASF0
 1207 0024 03       		.uleb128 0x3
 1208 0025 00000000 		.4byte	.LASF9
 1209 0029 01       		.byte	0x1
 1210 002a 1D       		.byte	0x1d
 1211 002b 2F000000 		.4byte	0x2f
 1212 002f 02       		.uleb128 0x2
 1213 0030 01       		.byte	0x1
 1214 0031 08       		.byte	0x8
 1215 0032 16000000 		.4byte	.LASF1
 1216 0036 02       		.uleb128 0x2
 1217 0037 02       		.byte	0x2
 1218 0038 05       		.byte	0x5
 1219 0039 CF010000 		.4byte	.LASF2
 1220 003d 02       		.uleb128 0x2
 1221 003e 02       		.byte	0x2
 1222 003f 07       		.byte	0x7
 1223 0040 C4000000 		.4byte	.LASF3
 1224 0044 02       		.uleb128 0x2
 1225 0045 04       		.byte	0x4
 1226 0046 05       		.byte	0x5
 1227 0047 D9010000 		.4byte	.LASF4
 1228 004b 02       		.uleb128 0x2
 1229 004c 04       		.byte	0x4
 1230 004d 07       		.byte	0x7
 1231 004e B2000000 		.4byte	.LASF5
 1232 0052 02       		.uleb128 0x2
 1233 0053 08       		.byte	0x8
 1234 0054 05       		.byte	0x5
 1235 0055 C1010000 		.4byte	.LASF6
 1236 0059 02       		.uleb128 0x2
 1237 005a 08       		.byte	0x8
 1238 005b 07       		.byte	0x7
 1239 005c 76010000 		.4byte	.LASF7
 1240 0060 04       		.uleb128 0x4
 1241 0061 04       		.byte	0x4
 1242 0062 05       		.byte	0x5
 1243 0063 696E7400 		.ascii	"int\000"
 1244 0067 02       		.uleb128 0x2
 1245 0068 04       		.byte	0x4
 1246 0069 07       		.byte	0x7
 1247 006a 69010000 		.4byte	.LASF8
 1248 006e 03       		.uleb128 0x3
 1249 006f 8D010000 		.4byte	.LASF10
 1250 0073 02       		.byte	0x2
ARM GAS  C:\Users\cante\AppData\Local\Temp\ccHeWygj.s 			page 23


 1251 0074 18       		.byte	0x18
 1252 0075 24000000 		.4byte	0x24
 1253 0079 05       		.uleb128 0x5
 1254 007a 91000000 		.4byte	0x91
 1255 007e 8A000000 		.4byte	0x8a
 1256 0082 06       		.uleb128 0x6
 1257 0083 8A000000 		.4byte	0x8a
 1258 0087 5B04     		.2byte	0x45b
 1259 0089 00       		.byte	0
 1260 008a 02       		.uleb128 0x2
 1261 008b 04       		.byte	0x4
 1262 008c 07       		.byte	0x7
 1263 008d B8010000 		.4byte	.LASF11
 1264 0091 07       		.uleb128 0x7
 1265 0092 6E000000 		.4byte	0x6e
 1266 0096 08       		.uleb128 0x8
 1267 0097 57010000 		.4byte	.LASF12
 1268 009b 03       		.byte	0x3
 1269 009c 1F       		.byte	0x1f
 1270 009d A7000000 		.4byte	0xa7
 1271 00a1 05       		.uleb128 0x5
 1272 00a2 03       		.byte	0x3
 1273 00a3 00000000 		.4byte	cy_meta_configecc
 1274 00a7 07       		.uleb128 0x7
 1275 00a8 79000000 		.4byte	0x79
 1276 00ac 05       		.uleb128 0x5
 1277 00ad 91000000 		.4byte	0x91
 1278 00b1 BC000000 		.4byte	0xbc
 1279 00b5 09       		.uleb128 0x9
 1280 00b6 8A000000 		.4byte	0x8a
 1281 00ba 03       		.byte	0x3
 1282 00bb 00       		.byte	0
 1283 00bc 08       		.uleb128 0x8
 1284 00bd D7000000 		.4byte	.LASF13
 1285 00c1 03       		.byte	0x3
 1286 00c2 B8       		.byte	0xb8
 1287 00c3 CD000000 		.4byte	0xcd
 1288 00c7 05       		.uleb128 0x5
 1289 00c8 03       		.byte	0x3
 1290 00c9 00000000 		.4byte	cy_meta_custnvl
 1291 00cd 07       		.uleb128 0x7
 1292 00ce AC000000 		.4byte	0xac
 1293 00d2 08       		.uleb128 0x8
 1294 00d3 AA010000 		.4byte	.LASF14
 1295 00d7 03       		.byte	0x3
 1296 00d8 C6       		.byte	0xc6
 1297 00d9 E3000000 		.4byte	0xe3
 1298 00dd 05       		.uleb128 0x5
 1299 00de 03       		.byte	0x3
 1300 00df 00000000 		.4byte	cy_meta_wonvl
 1301 00e3 07       		.uleb128 0x7
 1302 00e4 AC000000 		.4byte	0xac
 1303 00e8 05       		.uleb128 0x5
 1304 00e9 91000000 		.4byte	0x91
 1305 00ed F8000000 		.4byte	0xf8
 1306 00f1 09       		.uleb128 0x9
 1307 00f2 8A000000 		.4byte	0x8a
ARM GAS  C:\Users\cante\AppData\Local\Temp\ccHeWygj.s 			page 24


 1308 00f6 FF       		.byte	0xff
 1309 00f7 00       		.byte	0
 1310 00f8 08       		.uleb128 0x8
 1311 00f9 95010000 		.4byte	.LASF15
 1312 00fd 03       		.byte	0x3
 1313 00fe D4       		.byte	0xd4
 1314 00ff 09010000 		.4byte	0x109
 1315 0103 05       		.uleb128 0x5
 1316 0104 03       		.byte	0x3
 1317 0105 00000000 		.4byte	cy_meta_flashprotect
 1318 0109 07       		.uleb128 0x7
 1319 010a E8000000 		.4byte	0xe8
 1320 010e 05       		.uleb128 0x5
 1321 010f 91000000 		.4byte	0x91
 1322 0113 1E010000 		.4byte	0x11e
 1323 0117 09       		.uleb128 0x9
 1324 0118 8A000000 		.4byte	0x8a
 1325 011c 0B       		.byte	0xb
 1326 011d 00       		.byte	0
 1327 011e 0A       		.uleb128 0xa
 1328 011f 0A000000 		.4byte	.LASF16
 1329 0123 03       		.byte	0x3
 1330 0124 0101     		.2byte	0x101
 1331 0126 30010000 		.4byte	0x130
 1332 012a 05       		.uleb128 0x5
 1333 012b 03       		.byte	0x3
 1334 012c 00000000 		.4byte	cy_metadata
 1335 0130 07       		.uleb128 0x7
 1336 0131 0E010000 		.4byte	0x10e
 1337 0135 00       		.byte	0
 1338              		.section	.debug_abbrev,"",%progbits
 1339              	.Ldebug_abbrev0:
 1340 0000 01       		.uleb128 0x1
 1341 0001 11       		.uleb128 0x11
 1342 0002 01       		.byte	0x1
 1343 0003 25       		.uleb128 0x25
 1344 0004 0E       		.uleb128 0xe
 1345 0005 13       		.uleb128 0x13
 1346 0006 0B       		.uleb128 0xb
 1347 0007 03       		.uleb128 0x3
 1348 0008 0E       		.uleb128 0xe
 1349 0009 1B       		.uleb128 0x1b
 1350 000a 0E       		.uleb128 0xe
 1351 000b 10       		.uleb128 0x10
 1352 000c 17       		.uleb128 0x17
 1353 000d 00       		.byte	0
 1354 000e 00       		.byte	0
 1355 000f 02       		.uleb128 0x2
 1356 0010 24       		.uleb128 0x24
 1357 0011 00       		.byte	0
 1358 0012 0B       		.uleb128 0xb
 1359 0013 0B       		.uleb128 0xb
 1360 0014 3E       		.uleb128 0x3e
 1361 0015 0B       		.uleb128 0xb
 1362 0016 03       		.uleb128 0x3
 1363 0017 0E       		.uleb128 0xe
 1364 0018 00       		.byte	0
ARM GAS  C:\Users\cante\AppData\Local\Temp\ccHeWygj.s 			page 25


 1365 0019 00       		.byte	0
 1366 001a 03       		.uleb128 0x3
 1367 001b 16       		.uleb128 0x16
 1368 001c 00       		.byte	0
 1369 001d 03       		.uleb128 0x3
 1370 001e 0E       		.uleb128 0xe
 1371 001f 3A       		.uleb128 0x3a
 1372 0020 0B       		.uleb128 0xb
 1373 0021 3B       		.uleb128 0x3b
 1374 0022 0B       		.uleb128 0xb
 1375 0023 49       		.uleb128 0x49
 1376 0024 13       		.uleb128 0x13
 1377 0025 00       		.byte	0
 1378 0026 00       		.byte	0
 1379 0027 04       		.uleb128 0x4
 1380 0028 24       		.uleb128 0x24
 1381 0029 00       		.byte	0
 1382 002a 0B       		.uleb128 0xb
 1383 002b 0B       		.uleb128 0xb
 1384 002c 3E       		.uleb128 0x3e
 1385 002d 0B       		.uleb128 0xb
 1386 002e 03       		.uleb128 0x3
 1387 002f 08       		.uleb128 0x8
 1388 0030 00       		.byte	0
 1389 0031 00       		.byte	0
 1390 0032 05       		.uleb128 0x5
 1391 0033 01       		.uleb128 0x1
 1392 0034 01       		.byte	0x1
 1393 0035 49       		.uleb128 0x49
 1394 0036 13       		.uleb128 0x13
 1395 0037 01       		.uleb128 0x1
 1396 0038 13       		.uleb128 0x13
 1397 0039 00       		.byte	0
 1398 003a 00       		.byte	0
 1399 003b 06       		.uleb128 0x6
 1400 003c 21       		.uleb128 0x21
 1401 003d 00       		.byte	0
 1402 003e 49       		.uleb128 0x49
 1403 003f 13       		.uleb128 0x13
 1404 0040 2F       		.uleb128 0x2f
 1405 0041 05       		.uleb128 0x5
 1406 0042 00       		.byte	0
 1407 0043 00       		.byte	0
 1408 0044 07       		.uleb128 0x7
 1409 0045 26       		.uleb128 0x26
 1410 0046 00       		.byte	0
 1411 0047 49       		.uleb128 0x49
 1412 0048 13       		.uleb128 0x13
 1413 0049 00       		.byte	0
 1414 004a 00       		.byte	0
 1415 004b 08       		.uleb128 0x8
 1416 004c 34       		.uleb128 0x34
 1417 004d 00       		.byte	0
 1418 004e 03       		.uleb128 0x3
 1419 004f 0E       		.uleb128 0xe
 1420 0050 3A       		.uleb128 0x3a
 1421 0051 0B       		.uleb128 0xb
ARM GAS  C:\Users\cante\AppData\Local\Temp\ccHeWygj.s 			page 26


 1422 0052 3B       		.uleb128 0x3b
 1423 0053 0B       		.uleb128 0xb
 1424 0054 49       		.uleb128 0x49
 1425 0055 13       		.uleb128 0x13
 1426 0056 3F       		.uleb128 0x3f
 1427 0057 19       		.uleb128 0x19
 1428 0058 02       		.uleb128 0x2
 1429 0059 18       		.uleb128 0x18
 1430 005a 00       		.byte	0
 1431 005b 00       		.byte	0
 1432 005c 09       		.uleb128 0x9
 1433 005d 21       		.uleb128 0x21
 1434 005e 00       		.byte	0
 1435 005f 49       		.uleb128 0x49
 1436 0060 13       		.uleb128 0x13
 1437 0061 2F       		.uleb128 0x2f
 1438 0062 0B       		.uleb128 0xb
 1439 0063 00       		.byte	0
 1440 0064 00       		.byte	0
 1441 0065 0A       		.uleb128 0xa
 1442 0066 34       		.uleb128 0x34
 1443 0067 00       		.byte	0
 1444 0068 03       		.uleb128 0x3
 1445 0069 0E       		.uleb128 0xe
 1446 006a 3A       		.uleb128 0x3a
 1447 006b 0B       		.uleb128 0xb
 1448 006c 3B       		.uleb128 0x3b
 1449 006d 05       		.uleb128 0x5
 1450 006e 49       		.uleb128 0x49
 1451 006f 13       		.uleb128 0x13
 1452 0070 3F       		.uleb128 0x3f
 1453 0071 19       		.uleb128 0x19
 1454 0072 02       		.uleb128 0x2
 1455 0073 18       		.uleb128 0x18
 1456 0074 00       		.byte	0
 1457 0075 00       		.byte	0
 1458 0076 00       		.byte	0
 1459              		.section	.debug_aranges,"",%progbits
 1460 0000 14000000 		.4byte	0x14
 1461 0004 0200     		.2byte	0x2
 1462 0006 00000000 		.4byte	.Ldebug_info0
 1463 000a 04       		.byte	0x4
 1464 000b 00       		.byte	0
 1465 000c 0000     		.2byte	0
 1466 000e 0000     		.2byte	0
 1467 0010 00000000 		.4byte	0
 1468 0014 00000000 		.4byte	0
 1469              		.section	.debug_line,"",%progbits
 1470              	.Ldebug_line0:
 1471 0000 3D010000 		.section	.debug_str,"MS",%progbits,1
 1471      02003701 
 1471      00000201 
 1471      FB0E0D00 
 1471      01010101 
 1472              	.LASF9:
 1473 0000 5F5F7569 		.ascii	"__uint8_t\000"
 1473      6E74385F 
ARM GAS  C:\Users\cante\AppData\Local\Temp\ccHeWygj.s 			page 27


 1473      7400
 1474              	.LASF16:
 1475 000a 63795F6D 		.ascii	"cy_metadata\000"
 1475      65746164 
 1475      61746100 
 1476              	.LASF1:
 1477 0016 756E7369 		.ascii	"unsigned char\000"
 1477      676E6564 
 1477      20636861 
 1477      7200
 1478              	.LASF17:
 1479 0024 474E5520 		.ascii	"GNU C11 5.4.1 20160609 (release) [ARM/embedded-5-br"
 1479      43313120 
 1479      352E342E 
 1479      31203230 
 1479      31363036 
 1480 0057 616E6368 		.ascii	"anch revision 237715] -mcpu=cortex-m3 -mthumb -g -O"
 1480      20726576 
 1480      6973696F 
 1480      6E203233 
 1480      37373135 
 1481 008a 67202D66 		.ascii	"g -ffunction-sections -ffat-lto-objects\000"
 1481      66756E63 
 1481      74696F6E 
 1481      2D736563 
 1481      74696F6E 
 1482              	.LASF5:
 1483 00b2 6C6F6E67 		.ascii	"long unsigned int\000"
 1483      20756E73 
 1483      69676E65 
 1483      6420696E 
 1483      7400
 1484              	.LASF3:
 1485 00c4 73686F72 		.ascii	"short unsigned int\000"
 1485      7420756E 
 1485      7369676E 
 1485      65642069 
 1485      6E7400
 1486              	.LASF13:
 1487 00d7 63795F6D 		.ascii	"cy_meta_custnvl\000"
 1487      6574615F 
 1487      63757374 
 1487      6E766C00 
 1488              	.LASF19:
 1489 00e7 433A5C55 		.ascii	"C:\\Users\\cante\\Desktop\\INGEGNERIA BIOMEDICA\\V "
 1489      73657273 
 1489      5C63616E 
 1489      74655C44 
 1489      65736B74 
 1490 0115 414E4E4F 		.ascii	"ANNO\\LAB ELETTRONICA\\PSoC\\Progetti DMA\\Workspac"
 1490      5C4C4142 
 1490      20454C45 
 1490      5454524F 
 1490      4E494341 
 1491 0144 6530315C 		.ascii	"e01\\Design01.cydsn\000"
 1491      44657369 
 1491      676E3031 
ARM GAS  C:\Users\cante\AppData\Local\Temp\ccHeWygj.s 			page 28


 1491      2E637964 
 1491      736E00
 1492              	.LASF12:
 1493 0157 63795F6D 		.ascii	"cy_meta_configecc\000"
 1493      6574615F 
 1493      636F6E66 
 1493      69676563 
 1493      6300
 1494              	.LASF8:
 1495 0169 756E7369 		.ascii	"unsigned int\000"
 1495      676E6564 
 1495      20696E74 
 1495      00
 1496              	.LASF7:
 1497 0176 6C6F6E67 		.ascii	"long long unsigned int\000"
 1497      206C6F6E 
 1497      6720756E 
 1497      7369676E 
 1497      65642069 
 1498              	.LASF10:
 1499 018d 75696E74 		.ascii	"uint8_t\000"
 1499      385F7400 
 1500              	.LASF15:
 1501 0195 63795F6D 		.ascii	"cy_meta_flashprotect\000"
 1501      6574615F 
 1501      666C6173 
 1501      6870726F 
 1501      74656374 
 1502              	.LASF14:
 1503 01aa 63795F6D 		.ascii	"cy_meta_wonvl\000"
 1503      6574615F 
 1503      776F6E76 
 1503      6C00
 1504              	.LASF11:
 1505 01b8 73697A65 		.ascii	"sizetype\000"
 1505      74797065 
 1505      00
 1506              	.LASF6:
 1507 01c1 6C6F6E67 		.ascii	"long long int\000"
 1507      206C6F6E 
 1507      6720696E 
 1507      7400
 1508              	.LASF2:
 1509 01cf 73686F72 		.ascii	"short int\000"
 1509      7420696E 
 1509      7400
 1510              	.LASF4:
 1511 01d9 6C6F6E67 		.ascii	"long int\000"
 1511      20696E74 
 1511      00
 1512              	.LASF0:
 1513 01e2 7369676E 		.ascii	"signed char\000"
 1513      65642063 
 1513      68617200 
 1514              	.LASF18:
 1515 01ee 47656E65 		.ascii	"Generated_Source\\PSoC5\\cymetadata.c\000"
 1515      72617465 
ARM GAS  C:\Users\cante\AppData\Local\Temp\ccHeWygj.s 			page 29


 1515      645F536F 
 1515      75726365 
 1515      5C50536F 
 1516              		.ident	"GCC: (GNU Tools for ARM Embedded Processors) 5.4.1 20160609 (release) [ARM/embedded-5-bran
