ARM GAS  C:\Users\cante\AppData\Local\Temp\ccm5KIxA.s 			page 1


   1              		.syntax unified
   2              		.cpu cortex-m3
   3              		.fpu softvfp
   4              		.eabi_attribute 20, 1
   5              		.eabi_attribute 21, 1
   6              		.eabi_attribute 23, 3
   7              		.eabi_attribute 24, 1
   8              		.eabi_attribute 25, 1
   9              		.eabi_attribute 26, 1
  10              		.eabi_attribute 30, 1
  11              		.eabi_attribute 34, 1
  12              		.eabi_attribute 18, 4
  13              		.thumb
  14              		.syntax unified
  15              		.file	"InterruptRoutines.c"
  16              		.text
  17              	.Ltext0:
  18              		.cfi_sections	.debug_frame
  19              		.section	.text.Custom_ISR_timer,"ax",%progbits
  20              		.align	2
  21              		.global	Custom_ISR_timer
  22              		.thumb
  23              		.thumb_func
  24              		.type	Custom_ISR_timer, %function
  25              	Custom_ISR_timer:
  26              	.LFB64:
  27              		.file 1 "InterruptRoutines.c"
   1:InterruptRoutines.c **** /* ========================================
   2:InterruptRoutines.c ****  *
   3:InterruptRoutines.c ****  * Copyright YOUR COMPANY, THE YEAR
   4:InterruptRoutines.c ****  * All Rights Reserved
   5:InterruptRoutines.c ****  * UNPUBLISHED, LICENSED SOFTWARE.
   6:InterruptRoutines.c ****  *
   7:InterruptRoutines.c ****  * CONFIDENTIAL AND PROPRIETARY INFORMATION
   8:InterruptRoutines.c ****  * WHICH IS THE PROPERTY OF your company.
   9:InterruptRoutines.c ****  *
  10:InterruptRoutines.c ****  * ========================================
  11:InterruptRoutines.c **** */
  12:InterruptRoutines.c **** 
  13:InterruptRoutines.c **** #include "InterruptRoutines.h"
  14:InterruptRoutines.c **** #include "project.h"
  15:InterruptRoutines.c **** 
  16:InterruptRoutines.c **** //variable to read digit data from 16-bit ADC
  17:InterruptRoutines.c **** 
  18:InterruptRoutines.c **** int32 value_digit;
  19:InterruptRoutines.c **** int32 value_mv;
  20:InterruptRoutines.c **** 
  21:InterruptRoutines.c **** CY_ISR_PROTO(Custom_ISR_timer){
  28              		.loc 1 21 0
  29              		.cfi_startproc
  30              		@ args = 0, pretend = 0, frame = 0
  31              		@ frame_needed = 0, uses_anonymous_args = 0
  32 0000 08B5     		push	{r3, lr}
  33              		.cfi_def_cfa_offset 8
  34              		.cfi_offset 3, -8
  35              		.cfi_offset 14, -4
  22:InterruptRoutines.c ****     
ARM GAS  C:\Users\cante\AppData\Local\Temp\ccm5KIxA.s 			page 2


  23:InterruptRoutines.c ****     Timer_ReadStatusRegister();
  36              		.loc 1 23 0
  37 0002 FFF7FEFF 		bl	Timer_ReadStatusRegister
  38              	.LVL0:
  24:InterruptRoutines.c ****     
  25:InterruptRoutines.c ****     ADC_DelSig_IsEndConversion(ADC_DelSig_WAIT_FOR_RESULT); //wait for conversion ending
  39              		.loc 1 25 0
  40 0006 0020     		movs	r0, #0
  41 0008 FFF7FEFF 		bl	ADC_DelSig_IsEndConversion
  42              	.LVL1:
  26:InterruptRoutines.c ****     ADC_DelSig_StopConvert(); //stop conversion
  43              		.loc 1 26 0
  44 000c FFF7FEFF 		bl	ADC_DelSig_StopConvert
  45              	.LVL2:
  27:InterruptRoutines.c ****     
  28:InterruptRoutines.c ****     value_digit = ADC_DelSig_GetResult32();
  46              		.loc 1 28 0
  47 0010 FFF7FEFF 		bl	ADC_DelSig_GetResult32
  48              	.LVL3:
  49 0014 0F4B     		ldr	r3, .L5
  50 0016 1860     		str	r0, [r3]
  29:InterruptRoutines.c ****     
  30:InterruptRoutines.c ****     if (value_digit < 0) value_digit = 0;
  51              		.loc 1 30 0
  52 0018 0028     		cmp	r0, #0
  53 001a 01DA     		bge	.L2
  54              		.loc 1 30 0 is_stmt 0 discriminator 1
  55 001c 0022     		movs	r2, #0
  56 001e 1A60     		str	r2, [r3]
  57              	.L2:
  31:InterruptRoutines.c ****     if (value_digit > 65535) value_digit = 65535;
  58              		.loc 1 31 0 is_stmt 1
  59 0020 0C4B     		ldr	r3, .L5
  60 0022 1B68     		ldr	r3, [r3]
  61 0024 B3F5803F 		cmp	r3, #65536
  62 0028 03DB     		blt	.L3
  63              		.loc 1 31 0 is_stmt 0 discriminator 1
  64 002a 4FF6FF72 		movw	r2, #65535
  65 002e 094B     		ldr	r3, .L5
  66 0030 1A60     		str	r2, [r3]
  67              	.L3:
  32:InterruptRoutines.c ****     
  33:InterruptRoutines.c ****     value_mv = ADC_DelSig_CountsTo_mVolts(value_digit);
  68              		.loc 1 33 0 is_stmt 1
  69 0032 084B     		ldr	r3, .L5
  70 0034 1868     		ldr	r0, [r3]
  71 0036 FFF7FEFF 		bl	ADC_DelSig_CountsTo_mVolts
  72              	.LVL4:
  73 003a 074B     		ldr	r3, .L5+4
  74 003c 1860     		str	r0, [r3]
  34:InterruptRoutines.c ****     
  35:InterruptRoutines.c ****     //dataBuffer[0] is iniziating the buffer
  36:InterruptRoutines.c ****     //dataBuffer[3] is terminating the buffer
  37:InterruptRoutines.c ****     
  38:InterruptRoutines.c ****     //dataBuffer[1] 
  39:InterruptRoutines.c ****     dataBuffer[1]= (value_mv >> 8) & 0xFF;
  75              		.loc 1 39 0
ARM GAS  C:\Users\cante\AppData\Local\Temp\ccm5KIxA.s 			page 3


  76 003e 0212     		asrs	r2, r0, #8
  77 0040 064B     		ldr	r3, .L5+8
  78 0042 5A70     		strb	r2, [r3, #1]
  40:InterruptRoutines.c ****     
  41:InterruptRoutines.c ****     //dataBuffer[2]
  42:InterruptRoutines.c ****     dataBuffer[2]= value_mv & 0xFF;
  79              		.loc 1 42 0
  80 0044 9870     		strb	r0, [r3, #2]
  43:InterruptRoutines.c ****     
  44:InterruptRoutines.c ****     Flag = 1;
  81              		.loc 1 44 0
  82 0046 0122     		movs	r2, #1
  83 0048 054B     		ldr	r3, .L5+12
  84 004a 1A70     		strb	r2, [r3]
  45:InterruptRoutines.c ****     
  46:InterruptRoutines.c ****     ADC_DelSig_StartConvert(); //restart conversion
  85              		.loc 1 46 0
  86 004c FFF7FEFF 		bl	ADC_DelSig_StartConvert
  87              	.LVL5:
  88 0050 08BD     		pop	{r3, pc}
  89              	.L6:
  90 0052 00BF     		.align	2
  91              	.L5:
  92 0054 00000000 		.word	value_digit
  93 0058 00000000 		.word	value_mv
  94 005c 00000000 		.word	dataBuffer
  95 0060 00000000 		.word	Flag
  96              		.cfi_endproc
  97              	.LFE64:
  98              		.size	Custom_ISR_timer, .-Custom_ISR_timer
  99              		.comm	value_mv,4,4
 100              		.comm	value_digit,4,4
 101              		.comm	Flag,1,1
 102              		.comm	dataBuffer,4,4
 103              		.text
 104              	.Letext0:
 105              		.file 2 "c:\\program files (x86)\\cypress\\psoc creator\\4.4\\psoc creator\\import\\gnu\\arm\\5.4.
 106              		.file 3 "c:\\program files (x86)\\cypress\\psoc creator\\4.4\\psoc creator\\import\\gnu\\arm\\5.4.
 107              		.file 4 "Generated_Source\\PSoC5/cytypes.h"
 108              		.file 5 "InterruptRoutines.h"
 109              		.file 6 "Generated_Source\\PSoC5/core_cm3.h"
 110              		.file 7 "Generated_Source\\PSoC5/Timer.h"
 111              		.file 8 "Generated_Source\\PSoC5/ADC_DelSig.h"
 112              		.section	.debug_info,"",%progbits
 113              	.Ldebug_info0:
 114 0000 B6010000 		.4byte	0x1b6
 115 0004 0400     		.2byte	0x4
 116 0006 00000000 		.4byte	.Ldebug_abbrev0
 117 000a 04       		.byte	0x4
 118 000b 01       		.uleb128 0x1
 119 000c 6A000000 		.4byte	.LASF29
 120 0010 0C       		.byte	0xc
 121 0011 9F020000 		.4byte	.LASF30
 122 0015 2F010000 		.4byte	.LASF31
 123 0019 00000000 		.4byte	.Ldebug_ranges0+0
 124 001d 00000000 		.4byte	0
 125 0021 00000000 		.4byte	.Ldebug_line0
ARM GAS  C:\Users\cante\AppData\Local\Temp\ccm5KIxA.s 			page 4


 126 0025 02       		.uleb128 0x2
 127 0026 01       		.byte	0x1
 128 0027 06       		.byte	0x6
 129 0028 93020000 		.4byte	.LASF0
 130 002c 02       		.uleb128 0x2
 131 002d 01       		.byte	0x1
 132 002e 08       		.byte	0x8
 133 002f 5C000000 		.4byte	.LASF1
 134 0033 02       		.uleb128 0x2
 135 0034 02       		.byte	0x2
 136 0035 05       		.byte	0x5
 137 0036 47020000 		.4byte	.LASF2
 138 003a 02       		.uleb128 0x2
 139 003b 02       		.byte	0x2
 140 003c 07       		.byte	0x7
 141 003d 23000000 		.4byte	.LASF3
 142 0041 03       		.uleb128 0x3
 143 0042 00000000 		.4byte	.LASF9
 144 0046 02       		.byte	0x2
 145 0047 3F       		.byte	0x3f
 146 0048 4C000000 		.4byte	0x4c
 147 004c 02       		.uleb128 0x2
 148 004d 04       		.byte	0x4
 149 004e 05       		.byte	0x5
 150 004f 72020000 		.4byte	.LASF4
 151 0053 02       		.uleb128 0x2
 152 0054 04       		.byte	0x4
 153 0055 07       		.byte	0x7
 154 0056 F8000000 		.4byte	.LASF5
 155 005a 02       		.uleb128 0x2
 156 005b 08       		.byte	0x8
 157 005c 05       		.byte	0x5
 158 005d 18020000 		.4byte	.LASF6
 159 0061 02       		.uleb128 0x2
 160 0062 08       		.byte	0x8
 161 0063 07       		.byte	0x7
 162 0064 BD010000 		.4byte	.LASF7
 163 0068 04       		.uleb128 0x4
 164 0069 04       		.byte	0x4
 165 006a 05       		.byte	0x5
 166 006b 696E7400 		.ascii	"int\000"
 167 006f 02       		.uleb128 0x2
 168 0070 04       		.byte	0x4
 169 0071 07       		.byte	0x7
 170 0072 B0010000 		.4byte	.LASF8
 171 0076 03       		.uleb128 0x3
 172 0077 07020000 		.4byte	.LASF10
 173 007b 03       		.byte	0x3
 174 007c 2C       		.byte	0x2c
 175 007d 41000000 		.4byte	0x41
 176 0081 05       		.uleb128 0x5
 177 0082 6C020000 		.4byte	.LASF11
 178 0086 04       		.byte	0x4
 179 0087 E901     		.2byte	0x1e9
 180 0089 2C000000 		.4byte	0x2c
 181 008d 05       		.uleb128 0x5
 182 008e 0A010000 		.4byte	.LASF12
ARM GAS  C:\Users\cante\AppData\Local\Temp\ccm5KIxA.s 			page 5


 183 0092 04       		.byte	0x4
 184 0093 EE01     		.2byte	0x1ee
 185 0095 4C000000 		.4byte	0x4c
 186 0099 02       		.uleb128 0x2
 187 009a 04       		.byte	0x4
 188 009b 04       		.byte	0x4
 189 009c 3F000000 		.4byte	.LASF13
 190 00a0 02       		.uleb128 0x2
 191 00a1 08       		.byte	0x8
 192 00a2 04       		.byte	0x4
 193 00a3 1D010000 		.4byte	.LASF14
 194 00a7 02       		.uleb128 0x2
 195 00a8 01       		.byte	0x1
 196 00a9 08       		.byte	0x8
 197 00aa 2B020000 		.4byte	.LASF15
 198 00ae 02       		.uleb128 0x2
 199 00af 08       		.byte	0x8
 200 00b0 04       		.byte	0x4
 201 00b1 87020000 		.4byte	.LASF16
 202 00b5 02       		.uleb128 0x2
 203 00b6 04       		.byte	0x4
 204 00b7 07       		.byte	0x7
 205 00b8 0F020000 		.4byte	.LASF17
 206 00bc 06       		.uleb128 0x6
 207 00bd 9F010000 		.4byte	.LASF32
 208 00c1 01       		.byte	0x1
 209 00c2 15       		.byte	0x15
 210 00c3 00000000 		.4byte	.LFB64
 211 00c7 64000000 		.4byte	.LFE64-.LFB64
 212 00cb 01       		.uleb128 0x1
 213 00cc 9C       		.byte	0x9c
 214 00cd 12010000 		.4byte	0x112
 215 00d1 07       		.uleb128 0x7
 216 00d2 06000000 		.4byte	.LVL0
 217 00d6 77010000 		.4byte	0x177
 218 00da 08       		.uleb128 0x8
 219 00db 0C000000 		.4byte	.LVL1
 220 00df 82010000 		.4byte	0x182
 221 00e3 ED000000 		.4byte	0xed
 222 00e7 09       		.uleb128 0x9
 223 00e8 01       		.uleb128 0x1
 224 00e9 50       		.byte	0x50
 225 00ea 01       		.uleb128 0x1
 226 00eb 30       		.byte	0x30
 227 00ec 00       		.byte	0
 228 00ed 07       		.uleb128 0x7
 229 00ee 10000000 		.4byte	.LVL2
 230 00f2 8D010000 		.4byte	0x18d
 231 00f6 07       		.uleb128 0x7
 232 00f7 14000000 		.4byte	.LVL3
 233 00fb 98010000 		.4byte	0x198
 234 00ff 07       		.uleb128 0x7
 235 0100 3A000000 		.4byte	.LVL4
 236 0104 A3010000 		.4byte	0x1a3
 237 0108 07       		.uleb128 0x7
 238 0109 50000000 		.4byte	.LVL5
 239 010d AE010000 		.4byte	0x1ae
ARM GAS  C:\Users\cante\AppData\Local\Temp\ccm5KIxA.s 			page 6


 240 0111 00       		.byte	0
 241 0112 0A       		.uleb128 0xa
 242 0113 81000000 		.4byte	0x81
 243 0117 22010000 		.4byte	0x122
 244 011b 0B       		.uleb128 0xb
 245 011c B5000000 		.4byte	0xb5
 246 0120 03       		.byte	0x3
 247 0121 00       		.byte	0
 248 0122 0C       		.uleb128 0xc
 249 0123 24010000 		.4byte	.LASF18
 250 0127 05       		.byte	0x5
 251 0128 17       		.byte	0x17
 252 0129 12010000 		.4byte	0x112
 253 012d 05       		.uleb128 0x5
 254 012e 03       		.byte	0x3
 255 012f 00000000 		.4byte	dataBuffer
 256 0133 0C       		.uleb128 0xc
 257 0134 26020000 		.4byte	.LASF19
 258 0138 05       		.byte	0x5
 259 0139 18       		.byte	0x18
 260 013a 81000000 		.4byte	0x81
 261 013e 05       		.uleb128 0x5
 262 013f 03       		.byte	0x3
 263 0140 00000000 		.4byte	Flag
 264 0144 0D       		.uleb128 0xd
 265 0145 10010000 		.4byte	.LASF20
 266 0149 06       		.byte	0x6
 267 014a 1207     		.2byte	0x712
 268 014c 50010000 		.4byte	0x150
 269 0150 0E       		.uleb128 0xe
 270 0151 76000000 		.4byte	0x76
 271 0155 0C       		.uleb128 0xc
 272 0156 7B020000 		.4byte	.LASF21
 273 015a 01       		.byte	0x1
 274 015b 12       		.byte	0x12
 275 015c 8D000000 		.4byte	0x8d
 276 0160 05       		.uleb128 0x5
 277 0161 03       		.byte	0x3
 278 0162 00000000 		.4byte	value_digit
 279 0166 0C       		.uleb128 0xc
 280 0167 36000000 		.4byte	.LASF22
 281 016b 01       		.byte	0x1
 282 016c 13       		.byte	0x13
 283 016d 8D000000 		.4byte	0x8d
 284 0171 05       		.uleb128 0x5
 285 0172 03       		.byte	0x3
 286 0173 00000000 		.4byte	value_mv
 287 0177 0F       		.uleb128 0xf
 288 0178 0A000000 		.4byte	.LASF23
 289 017c 0A000000 		.4byte	.LASF23
 290 0180 07       		.byte	0x7
 291 0181 5E       		.byte	0x5e
 292 0182 0F       		.uleb128 0xf
 293 0183 51020000 		.4byte	.LASF24
 294 0187 51020000 		.4byte	.LASF24
 295 018b 08       		.byte	0x8
 296 018c 3F       		.byte	0x3f
ARM GAS  C:\Users\cante\AppData\Local\Temp\ccm5KIxA.s 			page 7


 297 018d 0F       		.uleb128 0xf
 298 018e 30020000 		.4byte	.LASF25
 299 0192 30020000 		.4byte	.LASF25
 300 0196 08       		.byte	0x8
 301 0197 3E       		.byte	0x3e
 302 0198 0F       		.uleb128 0xf
 303 0199 45000000 		.4byte	.LASF26
 304 019d 45000000 		.4byte	.LASF26
 305 01a1 08       		.byte	0x8
 306 01a2 42       		.byte	0x42
 307 01a3 0F       		.uleb128 0xf
 308 01a4 D4010000 		.4byte	.LASF27
 309 01a8 D4010000 		.4byte	.LASF27
 310 01ac 08       		.byte	0x8
 311 01ad 47       		.byte	0x47
 312 01ae 0F       		.uleb128 0xf
 313 01af EF010000 		.4byte	.LASF28
 314 01b3 EF010000 		.4byte	.LASF28
 315 01b7 08       		.byte	0x8
 316 01b8 3D       		.byte	0x3d
 317 01b9 00       		.byte	0
 318              		.section	.debug_abbrev,"",%progbits
 319              	.Ldebug_abbrev0:
 320 0000 01       		.uleb128 0x1
 321 0001 11       		.uleb128 0x11
 322 0002 01       		.byte	0x1
 323 0003 25       		.uleb128 0x25
 324 0004 0E       		.uleb128 0xe
 325 0005 13       		.uleb128 0x13
 326 0006 0B       		.uleb128 0xb
 327 0007 03       		.uleb128 0x3
 328 0008 0E       		.uleb128 0xe
 329 0009 1B       		.uleb128 0x1b
 330 000a 0E       		.uleb128 0xe
 331 000b 55       		.uleb128 0x55
 332 000c 17       		.uleb128 0x17
 333 000d 11       		.uleb128 0x11
 334 000e 01       		.uleb128 0x1
 335 000f 10       		.uleb128 0x10
 336 0010 17       		.uleb128 0x17
 337 0011 00       		.byte	0
 338 0012 00       		.byte	0
 339 0013 02       		.uleb128 0x2
 340 0014 24       		.uleb128 0x24
 341 0015 00       		.byte	0
 342 0016 0B       		.uleb128 0xb
 343 0017 0B       		.uleb128 0xb
 344 0018 3E       		.uleb128 0x3e
 345 0019 0B       		.uleb128 0xb
 346 001a 03       		.uleb128 0x3
 347 001b 0E       		.uleb128 0xe
 348 001c 00       		.byte	0
 349 001d 00       		.byte	0
 350 001e 03       		.uleb128 0x3
 351 001f 16       		.uleb128 0x16
 352 0020 00       		.byte	0
 353 0021 03       		.uleb128 0x3
ARM GAS  C:\Users\cante\AppData\Local\Temp\ccm5KIxA.s 			page 8


 354 0022 0E       		.uleb128 0xe
 355 0023 3A       		.uleb128 0x3a
 356 0024 0B       		.uleb128 0xb
 357 0025 3B       		.uleb128 0x3b
 358 0026 0B       		.uleb128 0xb
 359 0027 49       		.uleb128 0x49
 360 0028 13       		.uleb128 0x13
 361 0029 00       		.byte	0
 362 002a 00       		.byte	0
 363 002b 04       		.uleb128 0x4
 364 002c 24       		.uleb128 0x24
 365 002d 00       		.byte	0
 366 002e 0B       		.uleb128 0xb
 367 002f 0B       		.uleb128 0xb
 368 0030 3E       		.uleb128 0x3e
 369 0031 0B       		.uleb128 0xb
 370 0032 03       		.uleb128 0x3
 371 0033 08       		.uleb128 0x8
 372 0034 00       		.byte	0
 373 0035 00       		.byte	0
 374 0036 05       		.uleb128 0x5
 375 0037 16       		.uleb128 0x16
 376 0038 00       		.byte	0
 377 0039 03       		.uleb128 0x3
 378 003a 0E       		.uleb128 0xe
 379 003b 3A       		.uleb128 0x3a
 380 003c 0B       		.uleb128 0xb
 381 003d 3B       		.uleb128 0x3b
 382 003e 05       		.uleb128 0x5
 383 003f 49       		.uleb128 0x49
 384 0040 13       		.uleb128 0x13
 385 0041 00       		.byte	0
 386 0042 00       		.byte	0
 387 0043 06       		.uleb128 0x6
 388 0044 2E       		.uleb128 0x2e
 389 0045 01       		.byte	0x1
 390 0046 3F       		.uleb128 0x3f
 391 0047 19       		.uleb128 0x19
 392 0048 03       		.uleb128 0x3
 393 0049 0E       		.uleb128 0xe
 394 004a 3A       		.uleb128 0x3a
 395 004b 0B       		.uleb128 0xb
 396 004c 3B       		.uleb128 0x3b
 397 004d 0B       		.uleb128 0xb
 398 004e 27       		.uleb128 0x27
 399 004f 19       		.uleb128 0x19
 400 0050 11       		.uleb128 0x11
 401 0051 01       		.uleb128 0x1
 402 0052 12       		.uleb128 0x12
 403 0053 06       		.uleb128 0x6
 404 0054 40       		.uleb128 0x40
 405 0055 18       		.uleb128 0x18
 406 0056 9742     		.uleb128 0x2117
 407 0058 19       		.uleb128 0x19
 408 0059 01       		.uleb128 0x1
 409 005a 13       		.uleb128 0x13
 410 005b 00       		.byte	0
ARM GAS  C:\Users\cante\AppData\Local\Temp\ccm5KIxA.s 			page 9


 411 005c 00       		.byte	0
 412 005d 07       		.uleb128 0x7
 413 005e 898201   		.uleb128 0x4109
 414 0061 00       		.byte	0
 415 0062 11       		.uleb128 0x11
 416 0063 01       		.uleb128 0x1
 417 0064 31       		.uleb128 0x31
 418 0065 13       		.uleb128 0x13
 419 0066 00       		.byte	0
 420 0067 00       		.byte	0
 421 0068 08       		.uleb128 0x8
 422 0069 898201   		.uleb128 0x4109
 423 006c 01       		.byte	0x1
 424 006d 11       		.uleb128 0x11
 425 006e 01       		.uleb128 0x1
 426 006f 31       		.uleb128 0x31
 427 0070 13       		.uleb128 0x13
 428 0071 01       		.uleb128 0x1
 429 0072 13       		.uleb128 0x13
 430 0073 00       		.byte	0
 431 0074 00       		.byte	0
 432 0075 09       		.uleb128 0x9
 433 0076 8A8201   		.uleb128 0x410a
 434 0079 00       		.byte	0
 435 007a 02       		.uleb128 0x2
 436 007b 18       		.uleb128 0x18
 437 007c 9142     		.uleb128 0x2111
 438 007e 18       		.uleb128 0x18
 439 007f 00       		.byte	0
 440 0080 00       		.byte	0
 441 0081 0A       		.uleb128 0xa
 442 0082 01       		.uleb128 0x1
 443 0083 01       		.byte	0x1
 444 0084 49       		.uleb128 0x49
 445 0085 13       		.uleb128 0x13
 446 0086 01       		.uleb128 0x1
 447 0087 13       		.uleb128 0x13
 448 0088 00       		.byte	0
 449 0089 00       		.byte	0
 450 008a 0B       		.uleb128 0xb
 451 008b 21       		.uleb128 0x21
 452 008c 00       		.byte	0
 453 008d 49       		.uleb128 0x49
 454 008e 13       		.uleb128 0x13
 455 008f 2F       		.uleb128 0x2f
 456 0090 0B       		.uleb128 0xb
 457 0091 00       		.byte	0
 458 0092 00       		.byte	0
 459 0093 0C       		.uleb128 0xc
 460 0094 34       		.uleb128 0x34
 461 0095 00       		.byte	0
 462 0096 03       		.uleb128 0x3
 463 0097 0E       		.uleb128 0xe
 464 0098 3A       		.uleb128 0x3a
 465 0099 0B       		.uleb128 0xb
 466 009a 3B       		.uleb128 0x3b
 467 009b 0B       		.uleb128 0xb
ARM GAS  C:\Users\cante\AppData\Local\Temp\ccm5KIxA.s 			page 10


 468 009c 49       		.uleb128 0x49
 469 009d 13       		.uleb128 0x13
 470 009e 3F       		.uleb128 0x3f
 471 009f 19       		.uleb128 0x19
 472 00a0 02       		.uleb128 0x2
 473 00a1 18       		.uleb128 0x18
 474 00a2 00       		.byte	0
 475 00a3 00       		.byte	0
 476 00a4 0D       		.uleb128 0xd
 477 00a5 34       		.uleb128 0x34
 478 00a6 00       		.byte	0
 479 00a7 03       		.uleb128 0x3
 480 00a8 0E       		.uleb128 0xe
 481 00a9 3A       		.uleb128 0x3a
 482 00aa 0B       		.uleb128 0xb
 483 00ab 3B       		.uleb128 0x3b
 484 00ac 05       		.uleb128 0x5
 485 00ad 49       		.uleb128 0x49
 486 00ae 13       		.uleb128 0x13
 487 00af 3F       		.uleb128 0x3f
 488 00b0 19       		.uleb128 0x19
 489 00b1 3C       		.uleb128 0x3c
 490 00b2 19       		.uleb128 0x19
 491 00b3 00       		.byte	0
 492 00b4 00       		.byte	0
 493 00b5 0E       		.uleb128 0xe
 494 00b6 35       		.uleb128 0x35
 495 00b7 00       		.byte	0
 496 00b8 49       		.uleb128 0x49
 497 00b9 13       		.uleb128 0x13
 498 00ba 00       		.byte	0
 499 00bb 00       		.byte	0
 500 00bc 0F       		.uleb128 0xf
 501 00bd 2E       		.uleb128 0x2e
 502 00be 00       		.byte	0
 503 00bf 3F       		.uleb128 0x3f
 504 00c0 19       		.uleb128 0x19
 505 00c1 3C       		.uleb128 0x3c
 506 00c2 19       		.uleb128 0x19
 507 00c3 6E       		.uleb128 0x6e
 508 00c4 0E       		.uleb128 0xe
 509 00c5 03       		.uleb128 0x3
 510 00c6 0E       		.uleb128 0xe
 511 00c7 3A       		.uleb128 0x3a
 512 00c8 0B       		.uleb128 0xb
 513 00c9 3B       		.uleb128 0x3b
 514 00ca 0B       		.uleb128 0xb
 515 00cb 00       		.byte	0
 516 00cc 00       		.byte	0
 517 00cd 00       		.byte	0
 518              		.section	.debug_aranges,"",%progbits
 519 0000 1C000000 		.4byte	0x1c
 520 0004 0200     		.2byte	0x2
 521 0006 00000000 		.4byte	.Ldebug_info0
 522 000a 04       		.byte	0x4
 523 000b 00       		.byte	0
 524 000c 0000     		.2byte	0
ARM GAS  C:\Users\cante\AppData\Local\Temp\ccm5KIxA.s 			page 11


 525 000e 0000     		.2byte	0
 526 0010 00000000 		.4byte	.LFB64
 527 0014 64000000 		.4byte	.LFE64-.LFB64
 528 0018 00000000 		.4byte	0
 529 001c 00000000 		.4byte	0
 530              		.section	.debug_ranges,"",%progbits
 531              	.Ldebug_ranges0:
 532 0000 00000000 		.4byte	.LFB64
 533 0004 64000000 		.4byte	.LFE64
 534 0008 00000000 		.4byte	0
 535 000c 00000000 		.4byte	0
 536              		.section	.debug_line,"",%progbits
 537              	.Ldebug_line0:
 538 0000 B9010000 		.section	.debug_str,"MS",%progbits,1
 538      02008B01 
 538      00000201 
 538      FB0E0D00 
 538      01010101 
 539              	.LASF9:
 540 0000 5F5F696E 		.ascii	"__int32_t\000"
 540      7433325F 
 540      7400
 541              	.LASF23:
 542 000a 54696D65 		.ascii	"Timer_ReadStatusRegister\000"
 542      725F5265 
 542      61645374 
 542      61747573 
 542      52656769 
 543              	.LASF3:
 544 0023 73686F72 		.ascii	"short unsigned int\000"
 544      7420756E 
 544      7369676E 
 544      65642069 
 544      6E7400
 545              	.LASF22:
 546 0036 76616C75 		.ascii	"value_mv\000"
 546      655F6D76 
 546      00
 547              	.LASF13:
 548 003f 666C6F61 		.ascii	"float\000"
 548      7400
 549              	.LASF26:
 550 0045 4144435F 		.ascii	"ADC_DelSig_GetResult32\000"
 550      44656C53 
 550      69675F47 
 550      65745265 
 550      73756C74 
 551              	.LASF1:
 552 005c 756E7369 		.ascii	"unsigned char\000"
 552      676E6564 
 552      20636861 
 552      7200
 553              	.LASF29:
 554 006a 474E5520 		.ascii	"GNU C11 5.4.1 20160609 (release) [ARM/embedded-5-br"
 554      43313120 
 554      352E342E 
 554      31203230 
ARM GAS  C:\Users\cante\AppData\Local\Temp\ccm5KIxA.s 			page 12


 554      31363036 
 555 009d 616E6368 		.ascii	"anch revision 237715] -mcpu=cortex-m3 -mthumb -g -O"
 555      20726576 
 555      6973696F 
 555      6E203233 
 555      37373135 
 556 00d0 67202D66 		.ascii	"g -ffunction-sections -ffat-lto-objects\000"
 556      66756E63 
 556      74696F6E 
 556      2D736563 
 556      74696F6E 
 557              	.LASF5:
 558 00f8 6C6F6E67 		.ascii	"long unsigned int\000"
 558      20756E73 
 558      69676E65 
 558      6420696E 
 558      7400
 559              	.LASF12:
 560 010a 696E7433 		.ascii	"int32\000"
 560      3200
 561              	.LASF20:
 562 0110 49544D5F 		.ascii	"ITM_RxBuffer\000"
 562      52784275 
 562      66666572 
 562      00
 563              	.LASF14:
 564 011d 646F7562 		.ascii	"double\000"
 564      6C6500
 565              	.LASF18:
 566 0124 64617461 		.ascii	"dataBuffer\000"
 566      42756666 
 566      657200
 567              	.LASF31:
 568 012f 433A5C55 		.ascii	"C:\\Users\\cante\\Desktop\\INGEGNERIA BIOMEDICA\\V "
 568      73657273 
 568      5C63616E 
 568      74655C44 
 568      65736B74 
 569 015d 414E4E4F 		.ascii	"ANNO\\LAB ELETTRONICA\\PSoC\\Progetti DMA\\Workspac"
 569      5C4C4142 
 569      20454C45 
 569      5454524F 
 569      4E494341 
 570 018c 6530315C 		.ascii	"e01\\Design01.cydsn\000"
 570      44657369 
 570      676E3031 
 570      2E637964 
 570      736E00
 571              	.LASF32:
 572 019f 43757374 		.ascii	"Custom_ISR_timer\000"
 572      6F6D5F49 
 572      53525F74 
 572      696D6572 
 572      00
 573              	.LASF8:
 574 01b0 756E7369 		.ascii	"unsigned int\000"
 574      676E6564 
ARM GAS  C:\Users\cante\AppData\Local\Temp\ccm5KIxA.s 			page 13


 574      20696E74 
 574      00
 575              	.LASF7:
 576 01bd 6C6F6E67 		.ascii	"long long unsigned int\000"
 576      206C6F6E 
 576      6720756E 
 576      7369676E 
 576      65642069 
 577              	.LASF27:
 578 01d4 4144435F 		.ascii	"ADC_DelSig_CountsTo_mVolts\000"
 578      44656C53 
 578      69675F43 
 578      6F756E74 
 578      73546F5F 
 579              	.LASF28:
 580 01ef 4144435F 		.ascii	"ADC_DelSig_StartConvert\000"
 580      44656C53 
 580      69675F53 
 580      74617274 
 580      436F6E76 
 581              	.LASF10:
 582 0207 696E7433 		.ascii	"int32_t\000"
 582      325F7400 
 583              	.LASF17:
 584 020f 73697A65 		.ascii	"sizetype\000"
 584      74797065 
 584      00
 585              	.LASF6:
 586 0218 6C6F6E67 		.ascii	"long long int\000"
 586      206C6F6E 
 586      6720696E 
 586      7400
 587              	.LASF19:
 588 0226 466C6167 		.ascii	"Flag\000"
 588      00
 589              	.LASF15:
 590 022b 63686172 		.ascii	"char\000"
 590      00
 591              	.LASF25:
 592 0230 4144435F 		.ascii	"ADC_DelSig_StopConvert\000"
 592      44656C53 
 592      69675F53 
 592      746F7043 
 592      6F6E7665 
 593              	.LASF2:
 594 0247 73686F72 		.ascii	"short int\000"
 594      7420696E 
 594      7400
 595              	.LASF24:
 596 0251 4144435F 		.ascii	"ADC_DelSig_IsEndConversion\000"
 596      44656C53 
 596      69675F49 
 596      73456E64 
 596      436F6E76 
 597              	.LASF11:
 598 026c 75696E74 		.ascii	"uint8\000"
 598      3800
ARM GAS  C:\Users\cante\AppData\Local\Temp\ccm5KIxA.s 			page 14


 599              	.LASF4:
 600 0272 6C6F6E67 		.ascii	"long int\000"
 600      20696E74 
 600      00
 601              	.LASF21:
 602 027b 76616C75 		.ascii	"value_digit\000"
 602      655F6469 
 602      67697400 
 603              	.LASF16:
 604 0287 6C6F6E67 		.ascii	"long double\000"
 604      20646F75 
 604      626C6500 
 605              	.LASF0:
 606 0293 7369676E 		.ascii	"signed char\000"
 606      65642063 
 606      68617200 
 607              	.LASF30:
 608 029f 496E7465 		.ascii	"InterruptRoutines.c\000"
 608      72727570 
 608      74526F75 
 608      74696E65 
 608      732E6300 
 609              		.ident	"GCC: (GNU Tools for ARM Embedded Processors) 5.4.1 20160609 (release) [ARM/embedded-5-bran
