ARM GAS  C:\Users\cante\AppData\Local\Temp\ccN4l0jU.s 			page 1


   1              		.syntax unified
   2              		.cpu cortex-m3
   3              		.fpu softvfp
   4              		.eabi_attribute 20, 1
   5              		.eabi_attribute 21, 1
   6              		.eabi_attribute 23, 3
   7              		.eabi_attribute 24, 1
   8              		.eabi_attribute 25, 1
   9              		.eabi_attribute 26, 1
  10              		.eabi_attribute 30, 1
  11              		.eabi_attribute 34, 1
  12              		.eabi_attribute 18, 4
  13              		.thumb
  14              		.syntax unified
  15              		.file	"main.c"
  16              		.text
  17              	.Ltext0:
  18              		.cfi_sections	.debug_frame
  19              		.section	.text.main,"ax",%progbits
  20              		.align	2
  21              		.global	main
  22              		.thumb
  23              		.thumb_func
  24              		.type	main, %function
  25              	main:
  26              	.LFB64:
  27              		.file 1 "main.c"
   1:main.c        **** /* ========================================
   2:main.c        ****  *
   3:main.c        ****  * Copyright YOUR COMPANY, THE YEAR
   4:main.c        ****  * All Rights Reserved
   5:main.c        ****  * UNPUBLISHED, LICENSED SOFTWARE.
   6:main.c        ****  *
   7:main.c        ****  * CONFIDENTIAL AND PROPRIETARY INFORMATION
   8:main.c        ****  * WHICH IS THE PROPERTY OF your company.
   9:main.c        ****  *
  10:main.c        ****  * ========================================
  11:main.c        **** */
  12:main.c        **** #include "project.h"
  13:main.c        **** #include "InterruptRoutines.h"
  14:main.c        **** 
  15:main.c        **** int main(void)
  16:main.c        **** {
  28              		.loc 1 16 0
  29              		.cfi_startproc
  30              		@ Volatile: function does not return.
  31              		@ args = 0, pretend = 0, frame = 0
  32              		@ frame_needed = 0, uses_anonymous_args = 0
  33 0000 08B5     		push	{r3, lr}
  34              		.cfi_def_cfa_offset 8
  35              		.cfi_offset 3, -8
  36              		.cfi_offset 14, -4
  17:main.c        ****     CyGlobalIntEnable; /* Enable global interrupts. */
  37              		.loc 1 17 0
  38              		.syntax unified
  39              	@ 17 "main.c" 1
  40 0002 62B6     		CPSIE   i
ARM GAS  C:\Users\cante\AppData\Local\Temp\ccN4l0jU.s 			page 2


  41              	@ 0 "" 2
  18:main.c        ****     
  19:main.c        ****     WaveDAC8_Start();
  42              		.loc 1 19 0
  43              		.thumb
  44              		.syntax unified
  45 0004 FFF7FEFF 		bl	WaveDAC8_Start
  46              	.LVL0:
  20:main.c        ****     ADC_DelSig_Start();
  47              		.loc 1 20 0
  48 0008 FFF7FEFF 		bl	ADC_DelSig_Start
  49              	.LVL1:
  21:main.c        ****     Timer_Start();
  50              		.loc 1 21 0
  51 000c FFF7FEFF 		bl	Timer_Start
  52              	.LVL2:
  22:main.c        ****     UART_Start();
  53              		.loc 1 22 0
  54 0010 FFF7FEFF 		bl	UART_Start
  55              	.LVL3:
  23:main.c        ****     ADC_DelSig_StartConvert();
  56              		.loc 1 23 0
  57 0014 FFF7FEFF 		bl	ADC_DelSig_StartConvert
  58              	.LVL4:
  24:main.c        ****     
  25:main.c        ****     dataBuffer[0] = 0xA0;
  59              		.loc 1 25 0
  60 0018 0B4B     		ldr	r3, .L5
  61 001a A022     		movs	r2, #160
  62 001c 1A70     		strb	r2, [r3]
  26:main.c        ****     dataBuffer[TRANSMIT_BUFFER_SIZE-1] = 0xC0;
  63              		.loc 1 26 0
  64 001e C022     		movs	r2, #192
  65 0020 DA70     		strb	r2, [r3, #3]
  27:main.c        ****     
  28:main.c        ****     Flag = 0;
  66              		.loc 1 28 0
  67 0022 0022     		movs	r2, #0
  68 0024 094B     		ldr	r3, .L5+4
  69 0026 1A70     		strb	r2, [r3]
  29:main.c        ****     
  30:main.c        ****     isr_TIMER_StartEx(Custom_ISR_timer);
  70              		.loc 1 30 0
  71 0028 0948     		ldr	r0, .L5+8
  72 002a FFF7FEFF 		bl	isr_TIMER_StartEx
  73              	.LVL5:
  74              	.L2:
  31:main.c        **** 
  32:main.c        **** 
  33:main.c        ****     for(;;)
  34:main.c        ****     {
  35:main.c        ****         if (Flag == 1){
  75              		.loc 1 35 0
  76 002e 074B     		ldr	r3, .L5+4
  77 0030 1B78     		ldrb	r3, [r3]	@ zero_extendqisi2
  78 0032 012B     		cmp	r3, #1
  79 0034 FBD1     		bne	.L2
ARM GAS  C:\Users\cante\AppData\Local\Temp\ccN4l0jU.s 			page 3


  36:main.c        ****         
  37:main.c        ****             UART_PutArray(dataBuffer, TRANSMIT_BUFFER_SIZE);
  80              		.loc 1 37 0
  81 0036 0421     		movs	r1, #4
  82 0038 0348     		ldr	r0, .L5
  83 003a FFF7FEFF 		bl	UART_PutArray
  84              	.LVL6:
  38:main.c        ****             Flag = 0;
  85              		.loc 1 38 0
  86 003e 0022     		movs	r2, #0
  87 0040 024B     		ldr	r3, .L5+4
  88 0042 1A70     		strb	r2, [r3]
  89 0044 F3E7     		b	.L2
  90              	.L6:
  91 0046 00BF     		.align	2
  92              	.L5:
  93 0048 00000000 		.word	dataBuffer
  94 004c 00000000 		.word	Flag
  95 0050 00000000 		.word	Custom_ISR_timer
  96              		.cfi_endproc
  97              	.LFE64:
  98              		.size	main, .-main
  99              		.comm	Flag,1,1
 100              		.comm	dataBuffer,4,4
 101              		.text
 102              	.Letext0:
 103              		.file 2 "c:\\program files (x86)\\cypress\\psoc creator\\4.4\\psoc creator\\import\\gnu\\arm\\5.4.
 104              		.file 3 "c:\\program files (x86)\\cypress\\psoc creator\\4.4\\psoc creator\\import\\gnu\\arm\\5.4.
 105              		.file 4 "Generated_Source\\PSoC5/cytypes.h"
 106              		.file 5 "Generated_Source\\PSoC5/core_cm3.h"
 107              		.file 6 "InterruptRoutines.h"
 108              		.file 7 "Generated_Source\\PSoC5/WaveDAC8.h"
 109              		.file 8 "Generated_Source\\PSoC5/ADC_DelSig.h"
 110              		.file 9 "Generated_Source\\PSoC5/Timer.h"
 111              		.file 10 "Generated_Source\\PSoC5/UART.h"
 112              		.file 11 "Generated_Source\\PSoC5/isr_TIMER.h"
 113              		.section	.debug_info,"",%progbits
 114              	.Ldebug_info0:
 115 0000 A5010000 		.4byte	0x1a5
 116 0004 0400     		.2byte	0x4
 117 0006 00000000 		.4byte	.Ldebug_abbrev0
 118 000a 04       		.byte	0x4
 119 000b 01       		.uleb128 0x1
 120 000c 3F000000 		.4byte	.LASF27
 121 0010 0C       		.byte	0xc
 122 0011 0B020000 		.4byte	.LASF28
 123 0015 27010000 		.4byte	.LASF29
 124 0019 00000000 		.4byte	.Ldebug_ranges0+0
 125 001d 00000000 		.4byte	0
 126 0021 00000000 		.4byte	.Ldebug_line0
 127 0025 02       		.uleb128 0x2
 128 0026 01       		.byte	0x1
 129 0027 06       		.byte	0x6
 130 0028 4D020000 		.4byte	.LASF0
 131 002c 02       		.uleb128 0x2
 132 002d 01       		.byte	0x1
 133 002e 08       		.byte	0x8
ARM GAS  C:\Users\cante\AppData\Local\Temp\ccN4l0jU.s 			page 4


 134 002f 31000000 		.4byte	.LASF1
 135 0033 02       		.uleb128 0x2
 136 0034 02       		.byte	0x2
 137 0035 05       		.byte	0x5
 138 0036 17020000 		.4byte	.LASF2
 139 003a 02       		.uleb128 0x2
 140 003b 02       		.byte	0x2
 141 003c 07       		.byte	0x7
 142 003d DF000000 		.4byte	.LASF3
 143 0041 03       		.uleb128 0x3
 144 0042 00000000 		.4byte	.LASF9
 145 0046 02       		.byte	0x2
 146 0047 3F       		.byte	0x3f
 147 0048 4C000000 		.4byte	0x4c
 148 004c 02       		.uleb128 0x2
 149 004d 04       		.byte	0x4
 150 004e 05       		.byte	0x5
 151 004f 38020000 		.4byte	.LASF4
 152 0053 02       		.uleb128 0x2
 153 0054 04       		.byte	0x4
 154 0055 07       		.byte	0x7
 155 0056 CD000000 		.4byte	.LASF5
 156 005a 02       		.uleb128 0x2
 157 005b 08       		.byte	0x8
 158 005c 05       		.byte	0x5
 159 005d FD010000 		.4byte	.LASF6
 160 0061 02       		.uleb128 0x2
 161 0062 08       		.byte	0x8
 162 0063 07       		.byte	0x7
 163 0064 BD010000 		.4byte	.LASF7
 164 0068 04       		.uleb128 0x4
 165 0069 04       		.byte	0x4
 166 006a 05       		.byte	0x5
 167 006b 696E7400 		.ascii	"int\000"
 168 006f 02       		.uleb128 0x2
 169 0070 04       		.byte	0x4
 170 0071 07       		.byte	0x7
 171 0072 B0010000 		.4byte	.LASF8
 172 0076 03       		.uleb128 0x3
 173 0077 EC010000 		.4byte	.LASF10
 174 007b 03       		.byte	0x3
 175 007c 2C       		.byte	0x2c
 176 007d 41000000 		.4byte	0x41
 177 0081 05       		.uleb128 0x5
 178 0082 21020000 		.4byte	.LASF11
 179 0086 04       		.byte	0x4
 180 0087 E901     		.2byte	0x1e9
 181 0089 2C000000 		.4byte	0x2c
 182 008d 02       		.uleb128 0x2
 183 008e 04       		.byte	0x4
 184 008f 04       		.byte	0x4
 185 0090 1C000000 		.4byte	.LASF12
 186 0094 02       		.uleb128 0x2
 187 0095 08       		.byte	0x8
 188 0096 04       		.byte	0x4
 189 0097 10010000 		.4byte	.LASF13
 190 009b 02       		.uleb128 0x2
ARM GAS  C:\Users\cante\AppData\Local\Temp\ccN4l0jU.s 			page 5


 191 009c 01       		.byte	0x1
 192 009d 08       		.byte	0x8
 193 009e 12020000 		.4byte	.LASF14
 194 00a2 02       		.uleb128 0x2
 195 00a3 08       		.byte	0x8
 196 00a4 04       		.byte	0x4
 197 00a5 41020000 		.4byte	.LASF15
 198 00a9 02       		.uleb128 0x2
 199 00aa 04       		.byte	0x4
 200 00ab 07       		.byte	0x7
 201 00ac F4010000 		.4byte	.LASF16
 202 00b0 06       		.uleb128 0x6
 203 00b1 22010000 		.4byte	.LASF30
 204 00b5 01       		.byte	0x1
 205 00b6 0F       		.byte	0xf
 206 00b7 68000000 		.4byte	0x68
 207 00bb 00000000 		.4byte	.LFB64
 208 00bf 54000000 		.4byte	.LFE64-.LFB64
 209 00c3 01       		.uleb128 0x1
 210 00c4 9C       		.byte	0x9c
 211 00c5 18010000 		.4byte	0x118
 212 00c9 07       		.uleb128 0x7
 213 00ca 08000000 		.4byte	.LVL0
 214 00ce 5B010000 		.4byte	0x15b
 215 00d2 07       		.uleb128 0x7
 216 00d3 0C000000 		.4byte	.LVL1
 217 00d7 66010000 		.4byte	0x166
 218 00db 07       		.uleb128 0x7
 219 00dc 10000000 		.4byte	.LVL2
 220 00e0 71010000 		.4byte	0x171
 221 00e4 07       		.uleb128 0x7
 222 00e5 14000000 		.4byte	.LVL3
 223 00e9 7C010000 		.4byte	0x17c
 224 00ed 07       		.uleb128 0x7
 225 00ee 18000000 		.4byte	.LVL4
 226 00f2 87010000 		.4byte	0x187
 227 00f6 07       		.uleb128 0x7
 228 00f7 2E000000 		.4byte	.LVL5
 229 00fb 92010000 		.4byte	0x192
 230 00ff 08       		.uleb128 0x8
 231 0100 3E000000 		.4byte	.LVL6
 232 0104 9D010000 		.4byte	0x19d
 233 0108 09       		.uleb128 0x9
 234 0109 01       		.uleb128 0x1
 235 010a 50       		.byte	0x50
 236 010b 05       		.uleb128 0x5
 237 010c 03       		.byte	0x3
 238 010d 00000000 		.4byte	dataBuffer
 239 0111 09       		.uleb128 0x9
 240 0112 01       		.uleb128 0x1
 241 0113 51       		.byte	0x51
 242 0114 01       		.uleb128 0x1
 243 0115 34       		.byte	0x34
 244 0116 00       		.byte	0
 245 0117 00       		.byte	0
 246 0118 0A       		.uleb128 0xa
 247 0119 97010000 		.4byte	.LASF17
ARM GAS  C:\Users\cante\AppData\Local\Temp\ccN4l0jU.s 			page 6


 248 011d 05       		.byte	0x5
 249 011e 1207     		.2byte	0x712
 250 0120 24010000 		.4byte	0x124
 251 0124 0B       		.uleb128 0xb
 252 0125 76000000 		.4byte	0x76
 253 0129 0C       		.uleb128 0xc
 254 012a 81000000 		.4byte	0x81
 255 012e 39010000 		.4byte	0x139
 256 0132 0D       		.uleb128 0xd
 257 0133 A9000000 		.4byte	0xa9
 258 0137 03       		.byte	0x3
 259 0138 00       		.byte	0
 260 0139 0E       		.uleb128 0xe
 261 013a 17010000 		.4byte	.LASF18
 262 013e 06       		.byte	0x6
 263 013f 17       		.byte	0x17
 264 0140 29010000 		.4byte	0x129
 265 0144 05       		.uleb128 0x5
 266 0145 03       		.byte	0x3
 267 0146 00000000 		.4byte	dataBuffer
 268 014a 0E       		.uleb128 0xe
 269 014b 0B010000 		.4byte	.LASF19
 270 014f 06       		.byte	0x6
 271 0150 18       		.byte	0x18
 272 0151 81000000 		.4byte	0x81
 273 0155 05       		.uleb128 0x5
 274 0156 03       		.byte	0x3
 275 0157 00000000 		.4byte	Flag
 276 015b 0F       		.uleb128 0xf
 277 015c 22000000 		.4byte	.LASF20
 278 0160 22000000 		.4byte	.LASF20
 279 0164 07       		.byte	0x7
 280 0165 67       		.byte	0x67
 281 0166 0F       		.uleb128 0xf
 282 0167 27020000 		.4byte	.LASF21
 283 016b 27020000 		.4byte	.LASF21
 284 016f 08       		.byte	0x8
 285 0170 3A       		.byte	0x3a
 286 0171 0F       		.uleb128 0xf
 287 0172 A4010000 		.4byte	.LASF22
 288 0176 A4010000 		.4byte	.LASF22
 289 017a 09       		.byte	0x9
 290 017b 5A       		.byte	0x5a
 291 017c 0F       		.uleb128 0xf
 292 017d F2000000 		.4byte	.LASF23
 293 0181 F2000000 		.4byte	.LASF23
 294 0185 0A       		.byte	0xa
 295 0186 54       		.byte	0x54
 296 0187 0F       		.uleb128 0xf
 297 0188 D4010000 		.4byte	.LASF24
 298 018c D4010000 		.4byte	.LASF24
 299 0190 08       		.byte	0x8
 300 0191 3D       		.byte	0x3d
 301 0192 0F       		.uleb128 0xf
 302 0193 0A000000 		.4byte	.LASF25
 303 0197 0A000000 		.4byte	.LASF25
 304 019b 0B       		.byte	0xb
ARM GAS  C:\Users\cante\AppData\Local\Temp\ccN4l0jU.s 			page 7


 305 019c 18       		.byte	0x18
 306 019d 0F       		.uleb128 0xf
 307 019e FD000000 		.4byte	.LASF26
 308 01a2 FD000000 		.4byte	.LASF26
 309 01a6 0A       		.byte	0xa
 310 01a7 8C       		.byte	0x8c
 311 01a8 00       		.byte	0
 312              		.section	.debug_abbrev,"",%progbits
 313              	.Ldebug_abbrev0:
 314 0000 01       		.uleb128 0x1
 315 0001 11       		.uleb128 0x11
 316 0002 01       		.byte	0x1
 317 0003 25       		.uleb128 0x25
 318 0004 0E       		.uleb128 0xe
 319 0005 13       		.uleb128 0x13
 320 0006 0B       		.uleb128 0xb
 321 0007 03       		.uleb128 0x3
 322 0008 0E       		.uleb128 0xe
 323 0009 1B       		.uleb128 0x1b
 324 000a 0E       		.uleb128 0xe
 325 000b 55       		.uleb128 0x55
 326 000c 17       		.uleb128 0x17
 327 000d 11       		.uleb128 0x11
 328 000e 01       		.uleb128 0x1
 329 000f 10       		.uleb128 0x10
 330 0010 17       		.uleb128 0x17
 331 0011 00       		.byte	0
 332 0012 00       		.byte	0
 333 0013 02       		.uleb128 0x2
 334 0014 24       		.uleb128 0x24
 335 0015 00       		.byte	0
 336 0016 0B       		.uleb128 0xb
 337 0017 0B       		.uleb128 0xb
 338 0018 3E       		.uleb128 0x3e
 339 0019 0B       		.uleb128 0xb
 340 001a 03       		.uleb128 0x3
 341 001b 0E       		.uleb128 0xe
 342 001c 00       		.byte	0
 343 001d 00       		.byte	0
 344 001e 03       		.uleb128 0x3
 345 001f 16       		.uleb128 0x16
 346 0020 00       		.byte	0
 347 0021 03       		.uleb128 0x3
 348 0022 0E       		.uleb128 0xe
 349 0023 3A       		.uleb128 0x3a
 350 0024 0B       		.uleb128 0xb
 351 0025 3B       		.uleb128 0x3b
 352 0026 0B       		.uleb128 0xb
 353 0027 49       		.uleb128 0x49
 354 0028 13       		.uleb128 0x13
 355 0029 00       		.byte	0
 356 002a 00       		.byte	0
 357 002b 04       		.uleb128 0x4
 358 002c 24       		.uleb128 0x24
 359 002d 00       		.byte	0
 360 002e 0B       		.uleb128 0xb
 361 002f 0B       		.uleb128 0xb
ARM GAS  C:\Users\cante\AppData\Local\Temp\ccN4l0jU.s 			page 8


 362 0030 3E       		.uleb128 0x3e
 363 0031 0B       		.uleb128 0xb
 364 0032 03       		.uleb128 0x3
 365 0033 08       		.uleb128 0x8
 366 0034 00       		.byte	0
 367 0035 00       		.byte	0
 368 0036 05       		.uleb128 0x5
 369 0037 16       		.uleb128 0x16
 370 0038 00       		.byte	0
 371 0039 03       		.uleb128 0x3
 372 003a 0E       		.uleb128 0xe
 373 003b 3A       		.uleb128 0x3a
 374 003c 0B       		.uleb128 0xb
 375 003d 3B       		.uleb128 0x3b
 376 003e 05       		.uleb128 0x5
 377 003f 49       		.uleb128 0x49
 378 0040 13       		.uleb128 0x13
 379 0041 00       		.byte	0
 380 0042 00       		.byte	0
 381 0043 06       		.uleb128 0x6
 382 0044 2E       		.uleb128 0x2e
 383 0045 01       		.byte	0x1
 384 0046 3F       		.uleb128 0x3f
 385 0047 19       		.uleb128 0x19
 386 0048 03       		.uleb128 0x3
 387 0049 0E       		.uleb128 0xe
 388 004a 3A       		.uleb128 0x3a
 389 004b 0B       		.uleb128 0xb
 390 004c 3B       		.uleb128 0x3b
 391 004d 0B       		.uleb128 0xb
 392 004e 27       		.uleb128 0x27
 393 004f 19       		.uleb128 0x19
 394 0050 49       		.uleb128 0x49
 395 0051 13       		.uleb128 0x13
 396 0052 8701     		.uleb128 0x87
 397 0054 19       		.uleb128 0x19
 398 0055 11       		.uleb128 0x11
 399 0056 01       		.uleb128 0x1
 400 0057 12       		.uleb128 0x12
 401 0058 06       		.uleb128 0x6
 402 0059 40       		.uleb128 0x40
 403 005a 18       		.uleb128 0x18
 404 005b 9742     		.uleb128 0x2117
 405 005d 19       		.uleb128 0x19
 406 005e 01       		.uleb128 0x1
 407 005f 13       		.uleb128 0x13
 408 0060 00       		.byte	0
 409 0061 00       		.byte	0
 410 0062 07       		.uleb128 0x7
 411 0063 898201   		.uleb128 0x4109
 412 0066 00       		.byte	0
 413 0067 11       		.uleb128 0x11
 414 0068 01       		.uleb128 0x1
 415 0069 31       		.uleb128 0x31
 416 006a 13       		.uleb128 0x13
 417 006b 00       		.byte	0
 418 006c 00       		.byte	0
ARM GAS  C:\Users\cante\AppData\Local\Temp\ccN4l0jU.s 			page 9


 419 006d 08       		.uleb128 0x8
 420 006e 898201   		.uleb128 0x4109
 421 0071 01       		.byte	0x1
 422 0072 11       		.uleb128 0x11
 423 0073 01       		.uleb128 0x1
 424 0074 31       		.uleb128 0x31
 425 0075 13       		.uleb128 0x13
 426 0076 00       		.byte	0
 427 0077 00       		.byte	0
 428 0078 09       		.uleb128 0x9
 429 0079 8A8201   		.uleb128 0x410a
 430 007c 00       		.byte	0
 431 007d 02       		.uleb128 0x2
 432 007e 18       		.uleb128 0x18
 433 007f 9142     		.uleb128 0x2111
 434 0081 18       		.uleb128 0x18
 435 0082 00       		.byte	0
 436 0083 00       		.byte	0
 437 0084 0A       		.uleb128 0xa
 438 0085 34       		.uleb128 0x34
 439 0086 00       		.byte	0
 440 0087 03       		.uleb128 0x3
 441 0088 0E       		.uleb128 0xe
 442 0089 3A       		.uleb128 0x3a
 443 008a 0B       		.uleb128 0xb
 444 008b 3B       		.uleb128 0x3b
 445 008c 05       		.uleb128 0x5
 446 008d 49       		.uleb128 0x49
 447 008e 13       		.uleb128 0x13
 448 008f 3F       		.uleb128 0x3f
 449 0090 19       		.uleb128 0x19
 450 0091 3C       		.uleb128 0x3c
 451 0092 19       		.uleb128 0x19
 452 0093 00       		.byte	0
 453 0094 00       		.byte	0
 454 0095 0B       		.uleb128 0xb
 455 0096 35       		.uleb128 0x35
 456 0097 00       		.byte	0
 457 0098 49       		.uleb128 0x49
 458 0099 13       		.uleb128 0x13
 459 009a 00       		.byte	0
 460 009b 00       		.byte	0
 461 009c 0C       		.uleb128 0xc
 462 009d 01       		.uleb128 0x1
 463 009e 01       		.byte	0x1
 464 009f 49       		.uleb128 0x49
 465 00a0 13       		.uleb128 0x13
 466 00a1 01       		.uleb128 0x1
 467 00a2 13       		.uleb128 0x13
 468 00a3 00       		.byte	0
 469 00a4 00       		.byte	0
 470 00a5 0D       		.uleb128 0xd
 471 00a6 21       		.uleb128 0x21
 472 00a7 00       		.byte	0
 473 00a8 49       		.uleb128 0x49
 474 00a9 13       		.uleb128 0x13
 475 00aa 2F       		.uleb128 0x2f
ARM GAS  C:\Users\cante\AppData\Local\Temp\ccN4l0jU.s 			page 10


 476 00ab 0B       		.uleb128 0xb
 477 00ac 00       		.byte	0
 478 00ad 00       		.byte	0
 479 00ae 0E       		.uleb128 0xe
 480 00af 34       		.uleb128 0x34
 481 00b0 00       		.byte	0
 482 00b1 03       		.uleb128 0x3
 483 00b2 0E       		.uleb128 0xe
 484 00b3 3A       		.uleb128 0x3a
 485 00b4 0B       		.uleb128 0xb
 486 00b5 3B       		.uleb128 0x3b
 487 00b6 0B       		.uleb128 0xb
 488 00b7 49       		.uleb128 0x49
 489 00b8 13       		.uleb128 0x13
 490 00b9 3F       		.uleb128 0x3f
 491 00ba 19       		.uleb128 0x19
 492 00bb 02       		.uleb128 0x2
 493 00bc 18       		.uleb128 0x18
 494 00bd 00       		.byte	0
 495 00be 00       		.byte	0
 496 00bf 0F       		.uleb128 0xf
 497 00c0 2E       		.uleb128 0x2e
 498 00c1 00       		.byte	0
 499 00c2 3F       		.uleb128 0x3f
 500 00c3 19       		.uleb128 0x19
 501 00c4 3C       		.uleb128 0x3c
 502 00c5 19       		.uleb128 0x19
 503 00c6 6E       		.uleb128 0x6e
 504 00c7 0E       		.uleb128 0xe
 505 00c8 03       		.uleb128 0x3
 506 00c9 0E       		.uleb128 0xe
 507 00ca 3A       		.uleb128 0x3a
 508 00cb 0B       		.uleb128 0xb
 509 00cc 3B       		.uleb128 0x3b
 510 00cd 0B       		.uleb128 0xb
 511 00ce 00       		.byte	0
 512 00cf 00       		.byte	0
 513 00d0 00       		.byte	0
 514              		.section	.debug_aranges,"",%progbits
 515 0000 1C000000 		.4byte	0x1c
 516 0004 0200     		.2byte	0x2
 517 0006 00000000 		.4byte	.Ldebug_info0
 518 000a 04       		.byte	0x4
 519 000b 00       		.byte	0
 520 000c 0000     		.2byte	0
 521 000e 0000     		.2byte	0
 522 0010 00000000 		.4byte	.LFB64
 523 0014 54000000 		.4byte	.LFE64-.LFB64
 524 0018 00000000 		.4byte	0
 525 001c 00000000 		.4byte	0
 526              		.section	.debug_ranges,"",%progbits
 527              	.Ldebug_ranges0:
 528 0000 00000000 		.4byte	.LFB64
 529 0004 54000000 		.4byte	.LFE64
 530 0008 00000000 		.4byte	0
 531 000c 00000000 		.4byte	0
 532              		.section	.debug_line,"",%progbits
ARM GAS  C:\Users\cante\AppData\Local\Temp\ccN4l0jU.s 			page 11


 533              	.Ldebug_line0:
 534 0000 C7010000 		.section	.debug_str,"MS",%progbits,1
 534      0200A501 
 534      00000201 
 534      FB0E0D00 
 534      01010101 
 535              	.LASF9:
 536 0000 5F5F696E 		.ascii	"__int32_t\000"
 536      7433325F 
 536      7400
 537              	.LASF25:
 538 000a 6973725F 		.ascii	"isr_TIMER_StartEx\000"
 538      54494D45 
 538      525F5374 
 538      61727445 
 538      7800
 539              	.LASF12:
 540 001c 666C6F61 		.ascii	"float\000"
 540      7400
 541              	.LASF20:
 542 0022 57617665 		.ascii	"WaveDAC8_Start\000"
 542      44414338 
 542      5F537461 
 542      727400
 543              	.LASF1:
 544 0031 756E7369 		.ascii	"unsigned char\000"
 544      676E6564 
 544      20636861 
 544      7200
 545              	.LASF27:
 546 003f 474E5520 		.ascii	"GNU C11 5.4.1 20160609 (release) [ARM/embedded-5-br"
 546      43313120 
 546      352E342E 
 546      31203230 
 546      31363036 
 547 0072 616E6368 		.ascii	"anch revision 237715] -mcpu=cortex-m3 -mthumb -g -O"
 547      20726576 
 547      6973696F 
 547      6E203233 
 547      37373135 
 548 00a5 67202D66 		.ascii	"g -ffunction-sections -ffat-lto-objects\000"
 548      66756E63 
 548      74696F6E 
 548      2D736563 
 548      74696F6E 
 549              	.LASF5:
 550 00cd 6C6F6E67 		.ascii	"long unsigned int\000"
 550      20756E73 
 550      69676E65 
 550      6420696E 
 550      7400
 551              	.LASF3:
 552 00df 73686F72 		.ascii	"short unsigned int\000"
 552      7420756E 
 552      7369676E 
 552      65642069 
 552      6E7400
ARM GAS  C:\Users\cante\AppData\Local\Temp\ccN4l0jU.s 			page 12


 553              	.LASF23:
 554 00f2 55415254 		.ascii	"UART_Start\000"
 554      5F537461 
 554      727400
 555              	.LASF26:
 556 00fd 55415254 		.ascii	"UART_PutArray\000"
 556      5F507574 
 556      41727261 
 556      7900
 557              	.LASF19:
 558 010b 466C6167 		.ascii	"Flag\000"
 558      00
 559              	.LASF13:
 560 0110 646F7562 		.ascii	"double\000"
 560      6C6500
 561              	.LASF18:
 562 0117 64617461 		.ascii	"dataBuffer\000"
 562      42756666 
 562      657200
 563              	.LASF30:
 564 0122 6D61696E 		.ascii	"main\000"
 564      00
 565              	.LASF29:
 566 0127 433A5C55 		.ascii	"C:\\Users\\cante\\Desktop\\INGEGNERIA BIOMEDICA\\V "
 566      73657273 
 566      5C63616E 
 566      74655C44 
 566      65736B74 
 567 0155 414E4E4F 		.ascii	"ANNO\\LAB ELETTRONICA\\PSoC\\Progetti DMA\\Workspac"
 567      5C4C4142 
 567      20454C45 
 567      5454524F 
 567      4E494341 
 568 0184 6530315C 		.ascii	"e01\\Design01.cydsn\000"
 568      44657369 
 568      676E3031 
 568      2E637964 
 568      736E00
 569              	.LASF17:
 570 0197 49544D5F 		.ascii	"ITM_RxBuffer\000"
 570      52784275 
 570      66666572 
 570      00
 571              	.LASF22:
 572 01a4 54696D65 		.ascii	"Timer_Start\000"
 572      725F5374 
 572      61727400 
 573              	.LASF8:
 574 01b0 756E7369 		.ascii	"unsigned int\000"
 574      676E6564 
 574      20696E74 
 574      00
 575              	.LASF7:
 576 01bd 6C6F6E67 		.ascii	"long long unsigned int\000"
 576      206C6F6E 
 576      6720756E 
 576      7369676E 
ARM GAS  C:\Users\cante\AppData\Local\Temp\ccN4l0jU.s 			page 13


 576      65642069 
 577              	.LASF24:
 578 01d4 4144435F 		.ascii	"ADC_DelSig_StartConvert\000"
 578      44656C53 
 578      69675F53 
 578      74617274 
 578      436F6E76 
 579              	.LASF10:
 580 01ec 696E7433 		.ascii	"int32_t\000"
 580      325F7400 
 581              	.LASF16:
 582 01f4 73697A65 		.ascii	"sizetype\000"
 582      74797065 
 582      00
 583              	.LASF6:
 584 01fd 6C6F6E67 		.ascii	"long long int\000"
 584      206C6F6E 
 584      6720696E 
 584      7400
 585              	.LASF28:
 586 020b 6D61696E 		.ascii	"main.c\000"
 586      2E6300
 587              	.LASF14:
 588 0212 63686172 		.ascii	"char\000"
 588      00
 589              	.LASF2:
 590 0217 73686F72 		.ascii	"short int\000"
 590      7420696E 
 590      7400
 591              	.LASF11:
 592 0221 75696E74 		.ascii	"uint8\000"
 592      3800
 593              	.LASF21:
 594 0227 4144435F 		.ascii	"ADC_DelSig_Start\000"
 594      44656C53 
 594      69675F53 
 594      74617274 
 594      00
 595              	.LASF4:
 596 0238 6C6F6E67 		.ascii	"long int\000"
 596      20696E74 
 596      00
 597              	.LASF15:
 598 0241 6C6F6E67 		.ascii	"long double\000"
 598      20646F75 
 598      626C6500 
 599              	.LASF0:
 600 024d 7369676E 		.ascii	"signed char\000"
 600      65642063 
 600      68617200 
 601              		.ident	"GCC: (GNU Tools for ARM Embedded Processors) 5.4.1 20160609 (release) [ARM/embedded-5-bran
