ARM GAS  C:\Users\cante\AppData\Local\Temp\cciEz6jd.s 			page 1


   1              		.syntax unified
   2              		.cpu cortex-m3
   3              		.fpu softvfp
   4              		.eabi_attribute 20, 1
   5              		.eabi_attribute 21, 1
   6              		.eabi_attribute 23, 3
   7              		.eabi_attribute 24, 1
   8              		.eabi_attribute 25, 1
   9              		.eabi_attribute 26, 1
  10              		.eabi_attribute 30, 1
  11              		.eabi_attribute 34, 1
  12              		.eabi_attribute 18, 4
  13              		.thumb
  14              		.syntax unified
  15              		.file	"cymetadata.c"
  16              		.text
  17              	.Ltext0:
  18              		.cfi_sections	.debug_frame
  19              		.global	cy_metadata
  20              		.global	cy_meta_flashprotect
  21              		.global	cy_meta_wonvl
  22              		.global	cy_meta_custnvl
  23              		.global	cy_meta_configecc
  24              		.section	.cyconfigecc,"a",%progbits
  25              		.align	2
  26              		.type	cy_meta_configecc, %object
  27              		.size	cy_meta_configecc, 1140
  28              	cy_meta_configecc:
  29 0000 02       		.byte	2
  30 0001 4F       		.byte	79
  31 0002 00       		.byte	0
  32 0003 40       		.byte	64
  33 0004 01       		.byte	1
  34 0005 5A       		.byte	90
  35 0006 00       		.byte	0
  36 0007 40       		.byte	64
  37 0008 01       		.byte	1
  38 0009 64       		.byte	100
  39 000a 00       		.byte	0
  40 000b 40       		.byte	64
  41 000c 02       		.byte	2
  42 000d 65       		.byte	101
  43 000e 00       		.byte	0
  44 000f 40       		.byte	64
  45 0010 04       		.byte	4
  46 0011 00       		.byte	0
  47 0012 01       		.byte	1
  48 0013 40       		.byte	64
  49 0014 02       		.byte	2
  50 0015 01       		.byte	1
  51 0016 01       		.byte	1
  52 0017 40       		.byte	64
  53 0018 02       		.byte	2
  54 0019 03       		.byte	3
  55 001a 01       		.byte	1
  56 001b 40       		.byte	64
  57 001c 53       		.byte	83
ARM GAS  C:\Users\cante\AppData\Local\Temp\cciEz6jd.s 			page 2


  58 001d 08       		.byte	8
  59 001e 01       		.byte	1
  60 001f 40       		.byte	64
  61 0020 34       		.byte	52
  62 0021 09       		.byte	9
  63 0022 01       		.byte	1
  64 0023 40       		.byte	64
  65 0024 01       		.byte	1
  66 0025 0D       		.byte	13
  67 0026 01       		.byte	1
  68 0027 40       		.byte	64
  69 0028 02       		.byte	2
  70 0029 15       		.byte	21
  71 002a 01       		.byte	1
  72 002b 40       		.byte	64
  73 002c 4F       		.byte	79
  74 002d 18       		.byte	24
  75 002e 01       		.byte	1
  76 002f 40       		.byte	64
  77 0030 3A       		.byte	58
  78 0031 19       		.byte	25
  79 0032 01       		.byte	1
  80 0033 40       		.byte	64
  81 0034 15       		.byte	21
  82 0035 1A       		.byte	26
  83 0036 01       		.byte	1
  84 0037 40       		.byte	64
  85 0038 41       		.byte	65
  86 0039 1B       		.byte	27
  87 003a 01       		.byte	1
  88 003b 40       		.byte	64
  89 003c 04       		.byte	4
  90 003d 40       		.byte	64
  91 003e 01       		.byte	1
  92 003f 40       		.byte	64
  93 0040 05       		.byte	5
  94 0041 41       		.byte	65
  95 0042 01       		.byte	1
  96 0043 40       		.byte	64
  97 0044 07       		.byte	7
  98 0045 42       		.byte	66
  99 0046 01       		.byte	1
 100 0047 40       		.byte	64
 101 0048 01       		.byte	1
 102 0049 43       		.byte	67
 103 004a 01       		.byte	1
 104 004b 40       		.byte	64
 105 004c 02       		.byte	2
 106 004d 44       		.byte	68
 107 004e 01       		.byte	1
 108 004f 40       		.byte	64
 109 0050 02       		.byte	2
 110 0051 45       		.byte	69
 111 0052 01       		.byte	1
 112 0053 40       		.byte	64
 113 0054 04       		.byte	4
 114 0055 46       		.byte	70
ARM GAS  C:\Users\cante\AppData\Local\Temp\cciEz6jd.s 			page 3


 115 0056 01       		.byte	1
 116 0057 40       		.byte	64
 117 0058 03       		.byte	3
 118 0059 47       		.byte	71
 119 005a 01       		.byte	1
 120 005b 40       		.byte	64
 121 005c 03       		.byte	3
 122 005d 48       		.byte	72
 123 005e 01       		.byte	1
 124 005f 40       		.byte	64
 125 0060 06       		.byte	6
 126 0061 49       		.byte	73
 127 0062 01       		.byte	1
 128 0063 40       		.byte	64
 129 0064 03       		.byte	3
 130 0065 4C       		.byte	76
 131 0066 01       		.byte	1
 132 0067 40       		.byte	64
 133 0068 0B       		.byte	11
 134 0069 4D       		.byte	77
 135 006a 01       		.byte	1
 136 006b 40       		.byte	64
 137 006c 04       		.byte	4
 138 006d 50       		.byte	80
 139 006e 01       		.byte	1
 140 006f 40       		.byte	64
 141 0070 02       		.byte	2
 142 0071 51       		.byte	81
 143 0072 01       		.byte	1
 144 0073 40       		.byte	64
 145 0074 01       		.byte	1
 146 0075 20       		.byte	32
 147 0076 0A       		.byte	10
 148 0077 4B       		.byte	75
 149 0078 97       		.byte	-105
 150 0079 01       		.byte	1
 151 007a 89       		.byte	-119
 152 007b 0F       		.byte	15
 153 007c 88       		.byte	-120
 154 007d 72       		.byte	114
 155 007e 8B       		.byte	-117
 156 007f 38       		.byte	56
 157 0080 39       		.byte	57
 158 0081 82       		.byte	-126
 159 0082 3F       		.byte	63
 160 0083 41       		.byte	65
 161 0084 59       		.byte	89
 162 0085 04       		.byte	4
 163 0086 5F       		.byte	95
 164 0087 01       		.byte	1
 165 0088 20       		.byte	32
 166 0089 01       		.byte	1
 167 008a 21       		.byte	33
 168 008b 02       		.byte	2
 169 008c A9       		.byte	-87
 170 008d 02       		.byte	2
 171 008e B4       		.byte	-76
ARM GAS  C:\Users\cante\AppData\Local\Temp\cciEz6jd.s 			page 4


 172 008f 01       		.byte	1
 173 0090 04       		.byte	4
 174 0091 03       		.byte	3
 175 0092 05       		.byte	5
 176 0093 01       		.byte	1
 177 0094 06       		.byte	6
 178 0095 04       		.byte	4
 179 0096 07       		.byte	7
 180 0097 0E       		.byte	14
 181 0098 0E       		.byte	14
 182 0099 08       		.byte	8
 183 009a 10       		.byte	16
 184 009b 0A       		.byte	10
 185 009c 12       		.byte	18
 186 009d 04       		.byte	4
 187 009e 13       		.byte	19
 188 009f 0C       		.byte	12
 189 00a0 14       		.byte	20
 190 00a1 03       		.byte	3
 191 00a2 16       		.byte	22
 192 00a3 0C       		.byte	12
 193 00a4 17       		.byte	23
 194 00a5 08       		.byte	8
 195 00a6 18       		.byte	24
 196 00a7 03       		.byte	3
 197 00a8 1A       		.byte	26
 198 00a9 04       		.byte	4
 199 00aa 1D       		.byte	29
 200 00ab 0C       		.byte	12
 201 00ac 1E       		.byte	30
 202 00ad 05       		.byte	5
 203 00ae 1F       		.byte	31
 204 00af 03       		.byte	3
 205 00b0 23       		.byte	35
 206 00b1 03       		.byte	3
 207 00b2 29       		.byte	41
 208 00b3 01       		.byte	1
 209 00b4 2B       		.byte	43
 210 00b5 06       		.byte	6
 211 00b6 32       		.byte	50
 212 00b7 0F       		.byte	15
 213 00b8 37       		.byte	55
 214 00b9 0F       		.byte	15
 215 00ba 3A       		.byte	58
 216 00bb 08       		.byte	8
 217 00bc 3B       		.byte	59
 218 00bd 80       		.byte	-128
 219 00be 58       		.byte	88
 220 00bf 04       		.byte	4
 221 00c0 59       		.byte	89
 222 00c1 04       		.byte	4
 223 00c2 5C       		.byte	92
 224 00c3 11       		.byte	17
 225 00c4 5F       		.byte	95
 226 00c5 01       		.byte	1
 227 00c6 81       		.byte	-127
 228 00c7 09       		.byte	9
ARM GAS  C:\Users\cante\AppData\Local\Temp\cciEz6jd.s 			page 5


 229 00c8 83       		.byte	-125
 230 00c9 10       		.byte	16
 231 00ca 84       		.byte	-124
 232 00cb 02       		.byte	2
 233 00cc 85       		.byte	-123
 234 00cd 2C       		.byte	44
 235 00ce 86       		.byte	-122
 236 00cf 18       		.byte	24
 237 00d0 87       		.byte	-121
 238 00d1 11       		.byte	17
 239 00d2 88       		.byte	-120
 240 00d3 04       		.byte	4
 241 00d4 89       		.byte	-119
 242 00d5 14       		.byte	20
 243 00d6 8D       		.byte	-115
 244 00d7 40       		.byte	64
 245 00d8 92       		.byte	-110
 246 00d9 0A       		.byte	10
 247 00da 94       		.byte	-108
 248 00db 02       		.byte	2
 249 00dc 95       		.byte	-107
 250 00dd 30       		.byte	48
 251 00de 96       		.byte	-106
 252 00df 28       		.byte	40
 253 00e0 97       		.byte	-105
 254 00e1 0C       		.byte	12
 255 00e2 98       		.byte	-104
 256 00e3 01       		.byte	1
 257 00e4 9B       		.byte	-101
 258 00e5 03       		.byte	3
 259 00e6 9C       		.byte	-100
 260 00e7 30       		.byte	48
 261 00e8 9D       		.byte	-99
 262 00e9 1C       		.byte	28
 263 00ea 9E       		.byte	-98
 264 00eb 0A       		.byte	10
 265 00ec 9F       		.byte	-97
 266 00ed 22       		.byte	34
 267 00ee A2       		.byte	-94
 268 00ef 30       		.byte	48
 269 00f0 A6       		.byte	-90
 270 00f1 02       		.byte	2
 271 00f2 A9       		.byte	-87
 272 00f3 10       		.byte	16
 273 00f4 AA       		.byte	-86
 274 00f5 10       		.byte	16
 275 00f6 B0       		.byte	-80
 276 00f7 02       		.byte	2
 277 00f8 B2       		.byte	-78
 278 00f9 04       		.byte	4
 279 00fa B4       		.byte	-76
 280 00fb 38       		.byte	56
 281 00fc B5       		.byte	-75
 282 00fd 1F       		.byte	31
 283 00fe B6       		.byte	-74
 284 00ff 01       		.byte	1
 285 0100 B7       		.byte	-73
ARM GAS  C:\Users\cante\AppData\Local\Temp\cciEz6jd.s 			page 6


 286 0101 60       		.byte	96
 287 0102 B9       		.byte	-71
 288 0103 80       		.byte	-128
 289 0104 BA       		.byte	-70
 290 0105 20       		.byte	32
 291 0106 BE       		.byte	-66
 292 0107 45       		.byte	69
 293 0108 C0       		.byte	-64
 294 0109 35       		.byte	53
 295 010a C1       		.byte	-63
 296 010b 02       		.byte	2
 297 010c C5       		.byte	-59
 298 010d EC       		.byte	-20
 299 010e C6       		.byte	-58
 300 010f B0       		.byte	-80
 301 0110 C7       		.byte	-57
 302 0111 0E       		.byte	14
 303 0112 C8       		.byte	-56
 304 0113 1B       		.byte	27
 305 0114 C9       		.byte	-55
 306 0115 FF       		.byte	-1
 307 0116 CA       		.byte	-54
 308 0117 FF       		.byte	-1
 309 0118 CB       		.byte	-53
 310 0119 FF       		.byte	-1
 311 011a CE       		.byte	-50
 312 011b F0       		.byte	-16
 313 011c CF       		.byte	-49
 314 011d 44       		.byte	68
 315 011e D0       		.byte	-48
 316 011f 0C       		.byte	12
 317 0120 D4       		.byte	-44
 318 0121 01       		.byte	1
 319 0122 D8       		.byte	-40
 320 0123 04       		.byte	4
 321 0124 D9       		.byte	-39
 322 0125 04       		.byte	4
 323 0126 DA       		.byte	-38
 324 0127 04       		.byte	4
 325 0128 DB       		.byte	-37
 326 0129 04       		.byte	4
 327 012a DC       		.byte	-36
 328 012b 11       		.byte	17
 329 012c DD       		.byte	-35
 330 012d 11       		.byte	17
 331 012e DF       		.byte	-33
 332 012f 01       		.byte	1
 333 0130 E6       		.byte	-26
 334 0131 C0       		.byte	-64
 335 0132 EA       		.byte	-22
 336 0133 40       		.byte	64
 337 0134 EB       		.byte	-21
 338 0135 02       		.byte	2
 339 0136 00       		.byte	0
 340 0137 04       		.byte	4
 341 0138 02       		.byte	2
 342 0139 04       		.byte	4
ARM GAS  C:\Users\cante\AppData\Local\Temp\cciEz6jd.s 			page 7


 343 013a 04       		.byte	4
 344 013b 04       		.byte	4
 345 013c 07       		.byte	7
 346 013d 02       		.byte	2
 347 013e 09       		.byte	9
 348 013f 48       		.byte	72
 349 0140 0B       		.byte	11
 350 0141 84       		.byte	-124
 351 0142 0C       		.byte	12
 352 0143 A0       		.byte	-96
 353 0144 0D       		.byte	13
 354 0145 08       		.byte	8
 355 0146 0E       		.byte	14
 356 0147 80       		.byte	-128
 357 0148 10       		.byte	16
 358 0149 30       		.byte	48
 359 014a 12       		.byte	18
 360 014b 08       		.byte	8
 361 014c 13       		.byte	19
 362 014d 02       		.byte	2
 363 014e 18       		.byte	24
 364 014f 04       		.byte	4
 365 0150 19       		.byte	25
 366 0151 04       		.byte	4
 367 0152 1A       		.byte	26
 368 0153 4A       		.byte	74
 369 0154 1D       		.byte	29
 370 0155 08       		.byte	8
 371 0156 1F       		.byte	31
 372 0157 08       		.byte	8
 373 0158 22       		.byte	34
 374 0159 10       		.byte	16
 375 015a 23       		.byte	35
 376 015b 07       		.byte	7
 377 015c 25       		.byte	37
 378 015d 40       		.byte	64
 379 015e 26       		.byte	38
 380 015f C0       		.byte	-64
 381 0160 28       		.byte	40
 382 0161 08       		.byte	8
 383 0162 2F       		.byte	47
 384 0163 48       		.byte	72
 385 0164 31       		.byte	49
 386 0165 08       		.byte	8
 387 0166 32       		.byte	50
 388 0167 90       		.byte	-112
 389 0168 34       		.byte	52
 390 0169 08       		.byte	8
 391 016a 36       		.byte	54
 392 016b 48       		.byte	72
 393 016c 37       		.byte	55
 394 016d 02       		.byte	2
 395 016e 38       		.byte	56
 396 016f 24       		.byte	36
 397 0170 3B       		.byte	59
 398 0171 81       		.byte	-127
 399 0172 3C       		.byte	60
ARM GAS  C:\Users\cante\AppData\Local\Temp\cciEz6jd.s 			page 8


 400 0173 04       		.byte	4
 401 0174 40       		.byte	64
 402 0175 04       		.byte	4
 403 0176 41       		.byte	65
 404 0177 08       		.byte	8
 405 0178 48       		.byte	72
 406 0179 20       		.byte	32
 407 017a 49       		.byte	73
 408 017b 01       		.byte	1
 409 017c 4B       		.byte	75
 410 017d 80       		.byte	-128
 411 017e 50       		.byte	80
 412 017f 10       		.byte	16
 413 0180 52       		.byte	82
 414 0181 04       		.byte	4
 415 0182 58       		.byte	88
 416 0183 10       		.byte	16
 417 0184 59       		.byte	89
 418 0185 05       		.byte	5
 419 0186 5A       		.byte	90
 420 0187 40       		.byte	64
 421 0188 86       		.byte	-122
 422 0189 01       		.byte	1
 423 018a C0       		.byte	-64
 424 018b A6       		.byte	-90
 425 018c C2       		.byte	-62
 426 018d FF       		.byte	-1
 427 018e C4       		.byte	-60
 428 018f 0E       		.byte	14
 429 0190 CA       		.byte	-54
 430 0191 A4       		.byte	-92
 431 0192 CC       		.byte	-52
 432 0193 DE       		.byte	-34
 433 0194 CE       		.byte	-50
 434 0195 4F       		.byte	79
 435 0196 D0       		.byte	-48
 436 0197 06       		.byte	6
 437 0198 D2       		.byte	-46
 438 0199 08       		.byte	8
 439 019a D6       		.byte	-42
 440 019b 0F       		.byte	15
 441 019c E4       		.byte	-28
 442 019d 02       		.byte	2
 443 019e EC       		.byte	-20
 444 019f 10       		.byte	16
 445 01a0 E4       		.byte	-28
 446 01a1 04       		.byte	4
 447 01a2 EC       		.byte	-20
 448 01a3 10       		.byte	16
 449 01a4 02       		.byte	2
 450 01a5 63       		.byte	99
 451 01a6 04       		.byte	4
 452 01a7 1C       		.byte	28
 453 01a8 05       		.byte	5
 454 01a9 02       		.byte	2
 455 01aa 06       		.byte	6
 456 01ab 62       		.byte	98
ARM GAS  C:\Users\cante\AppData\Local\Temp\cciEz6jd.s 			page 9


 457 01ac 08       		.byte	8
 458 01ad 7F       		.byte	127
 459 01ae 09       		.byte	9
 460 01af 02       		.byte	2
 461 01b0 0C       		.byte	12
 462 01b1 40       		.byte	64
 463 01b2 10       		.byte	16
 464 01b3 7C       		.byte	124
 465 01b4 11       		.byte	17
 466 01b5 02       		.byte	2
 467 01b6 12       		.byte	18
 468 01b7 01       		.byte	1
 469 01b8 14       		.byte	20
 470 01b9 24       		.byte	36
 471 01ba 15       		.byte	21
 472 01bb 01       		.byte	1
 473 01bc 16       		.byte	22
 474 01bd 80       		.byte	-128
 475 01be 18       		.byte	24
 476 01bf 67       		.byte	103
 477 01c0 19       		.byte	25
 478 01c1 01       		.byte	1
 479 01c2 1A       		.byte	26
 480 01c3 18       		.byte	24
 481 01c4 1E       		.byte	30
 482 01c5 04       		.byte	4
 483 01c6 20       		.byte	32
 484 01c7 60       		.byte	96
 485 01c8 24       		.byte	36
 486 01c9 08       		.byte	8
 487 01ca 25       		.byte	37
 488 01cb 01       		.byte	1
 489 01cc 28       		.byte	40
 490 01cd 18       		.byte	24
 491 01ce 29       		.byte	41
 492 01cf 01       		.byte	1
 493 01d0 2C       		.byte	44
 494 01d1 10       		.byte	16
 495 01d2 32       		.byte	50
 496 01d3 1F       		.byte	31
 497 01d4 33       		.byte	51
 498 01d5 01       		.byte	1
 499 01d6 34       		.byte	52
 500 01d7 78       		.byte	120
 501 01d8 36       		.byte	54
 502 01d9 80       		.byte	-128
 503 01da 37       		.byte	55
 504 01db 02       		.byte	2
 505 01dc 3A       		.byte	58
 506 01dd 28       		.byte	40
 507 01de 3F       		.byte	63
 508 01df 04       		.byte	4
 509 01e0 56       		.byte	86
 510 01e1 02       		.byte	2
 511 01e2 57       		.byte	87
 512 01e3 11       		.byte	17
 513 01e4 58       		.byte	88
ARM GAS  C:\Users\cante\AppData\Local\Temp\cciEz6jd.s 			page 10


 514 01e5 04       		.byte	4
 515 01e6 59       		.byte	89
 516 01e7 04       		.byte	4
 517 01e8 5B       		.byte	91
 518 01e9 04       		.byte	4
 519 01ea 5C       		.byte	92
 520 01eb 11       		.byte	17
 521 01ec 5D       		.byte	93
 522 01ed 10       		.byte	16
 523 01ee 5F       		.byte	95
 524 01ef 01       		.byte	1
 525 01f0 81       		.byte	-127
 526 01f1 04       		.byte	4
 527 01f2 85       		.byte	-123
 528 01f3 02       		.byte	2
 529 01f4 89       		.byte	-119
 530 01f5 06       		.byte	6
 531 01f6 94       		.byte	-108
 532 01f7 03       		.byte	3
 533 01f8 95       		.byte	-107
 534 01f9 06       		.byte	6
 535 01fa 97       		.byte	-105
 536 01fb 01       		.byte	1
 537 01fc 98       		.byte	-104
 538 01fd 03       		.byte	3
 539 01fe 99       		.byte	-103
 540 01ff 06       		.byte	6
 541 0200 9B       		.byte	-101
 542 0201 01       		.byte	1
 543 0202 9C       		.byte	-100
 544 0203 02       		.byte	2
 545 0204 9F       		.byte	-97
 546 0205 01       		.byte	1
 547 0206 A2       		.byte	-94
 548 0207 01       		.byte	1
 549 0208 A5       		.byte	-91
 550 0209 01       		.byte	1
 551 020a A7       		.byte	-89
 552 020b 06       		.byte	6
 553 020c A9       		.byte	-87
 554 020d 07       		.byte	7
 555 020e B0       		.byte	-80
 556 020f 03       		.byte	3
 557 0210 B5       		.byte	-75
 558 0211 07       		.byte	7
 559 0212 B8       		.byte	-72
 560 0213 02       		.byte	2
 561 0214 BA       		.byte	-70
 562 0215 20       		.byte	32
 563 0216 BB       		.byte	-69
 564 0217 20       		.byte	32
 565 0218 BE       		.byte	-66
 566 0219 01       		.byte	1
 567 021a C0       		.byte	-64
 568 021b 04       		.byte	4
 569 021c C7       		.byte	-57
 570 021d 04       		.byte	4
ARM GAS  C:\Users\cante\AppData\Local\Temp\cciEz6jd.s 			page 11


 571 021e C9       		.byte	-55
 572 021f FF       		.byte	-1
 573 0220 CA       		.byte	-54
 574 0221 07       		.byte	7
 575 0222 CB       		.byte	-53
 576 0223 FF       		.byte	-1
 577 0224 CC       		.byte	-52
 578 0225 40       		.byte	64
 579 0226 CD       		.byte	-51
 580 0227 20       		.byte	32
 581 0228 CE       		.byte	-50
 582 0229 F0       		.byte	-16
 583 022a CF       		.byte	-49
 584 022b 05       		.byte	5
 585 022c D0       		.byte	-48
 586 022d 08       		.byte	8
 587 022e D8       		.byte	-40
 588 022f 04       		.byte	4
 589 0230 D9       		.byte	-39
 590 0231 04       		.byte	4
 591 0232 DA       		.byte	-38
 592 0233 04       		.byte	4
 593 0234 DC       		.byte	-36
 594 0235 11       		.byte	17
 595 0236 DD       		.byte	-35
 596 0237 01       		.byte	1
 597 0238 DF       		.byte	-33
 598 0239 01       		.byte	1
 599 023a E0       		.byte	-32
 600 023b 40       		.byte	64
 601 023c E1       		.byte	-31
 602 023d A8       		.byte	-88
 603 023e E2       		.byte	-30
 604 023f 40       		.byte	64
 605 0240 E3       		.byte	-29
 606 0241 20       		.byte	32
 607 0242 04       		.byte	4
 608 0243 42       		.byte	66
 609 0244 05       		.byte	5
 610 0245 24       		.byte	36
 611 0246 09       		.byte	9
 612 0247 48       		.byte	72
 613 0248 0A       		.byte	10
 614 0249 08       		.byte	8
 615 024a 0C       		.byte	12
 616 024b 10       		.byte	16
 617 024c 0D       		.byte	13
 618 024d 04       		.byte	4
 619 024e 0E       		.byte	14
 620 024f 01       		.byte	1
 621 0250 0F       		.byte	15
 622 0251 40       		.byte	64
 623 0252 10       		.byte	16
 624 0253 80       		.byte	-128
 625 0254 16       		.byte	22
 626 0255 01       		.byte	1
 627 0256 17       		.byte	23
ARM GAS  C:\Users\cante\AppData\Local\Temp\cciEz6jd.s 			page 12


 628 0257 26       		.byte	38
 629 0258 19       		.byte	25
 630 0259 20       		.byte	32
 631 025a 1A       		.byte	26
 632 025b 40       		.byte	64
 633 025c 1D       		.byte	29
 634 025d 04       		.byte	4
 635 025e 1E       		.byte	30
 636 025f 01       		.byte	1
 637 0260 1F       		.byte	31
 638 0261 10       		.byte	16
 639 0262 22       		.byte	34
 640 0263 20       		.byte	32
 641 0264 24       		.byte	36
 642 0265 12       		.byte	18
 643 0266 26       		.byte	38
 644 0267 80       		.byte	-128
 645 0268 28       		.byte	40
 646 0269 10       		.byte	16
 647 026a 29       		.byte	41
 648 026b 20       		.byte	32
 649 026c 2C       		.byte	44
 650 026d 14       		.byte	20
 651 026e 2D       		.byte	45
 652 026f 20       		.byte	32
 653 0270 2F       		.byte	47
 654 0271 10       		.byte	16
 655 0272 31       		.byte	49
 656 0273 04       		.byte	4
 657 0274 32       		.byte	50
 658 0275 A0       		.byte	-96
 659 0276 35       		.byte	53
 660 0277 0C       		.byte	12
 661 0278 36       		.byte	54
 662 0279 20       		.byte	32
 663 027a 37       		.byte	55
 664 027b 01       		.byte	1
 665 027c 3A       		.byte	58
 666 027d 15       		.byte	21
 667 027e 3E       		.byte	62
 668 027f 14       		.byte	20
 669 0280 42       		.byte	66
 670 0281 40       		.byte	64
 671 0282 50       		.byte	80
 672 0283 80       		.byte	-128
 673 0284 52       		.byte	82
 674 0285 08       		.byte	8
 675 0286 53       		.byte	83
 676 0287 40       		.byte	64
 677 0288 5C       		.byte	92
 678 0289 10       		.byte	16
 679 028a 6D       		.byte	109
 680 028b 10       		.byte	16
 681 028c 6E       		.byte	110
 682 028d 14       		.byte	20
 683 028e 6F       		.byte	111
 684 028f 01       		.byte	1
ARM GAS  C:\Users\cante\AppData\Local\Temp\cciEz6jd.s 			page 13


 685 0290 74       		.byte	116
 686 0291 28       		.byte	40
 687 0292 76       		.byte	118
 688 0293 15       		.byte	21
 689 0294 77       		.byte	119
 690 0295 24       		.byte	36
 691 0296 88       		.byte	-120
 692 0297 02       		.byte	2
 693 0298 8A       		.byte	-118
 694 0299 20       		.byte	32
 695 029a 8B       		.byte	-117
 696 029b 40       		.byte	64
 697 029c 92       		.byte	-110
 698 029d 08       		.byte	8
 699 029e 97       		.byte	-105
 700 029f 80       		.byte	-128
 701 02a0 A1       		.byte	-95
 702 02a1 48       		.byte	72
 703 02a2 A4       		.byte	-92
 704 02a3 80       		.byte	-128
 705 02a4 A6       		.byte	-90
 706 02a5 08       		.byte	8
 707 02a6 C0       		.byte	-64
 708 02a7 F0       		.byte	-16
 709 02a8 C2       		.byte	-62
 710 02a9 F7       		.byte	-9
 711 02aa C4       		.byte	-60
 712 02ab F8       		.byte	-8
 713 02ac CA       		.byte	-54
 714 02ad 66       		.byte	102
 715 02ae CC       		.byte	-52
 716 02af EE       		.byte	-18
 717 02b0 CE       		.byte	-50
 718 02b1 67       		.byte	103
 719 02b2 D0       		.byte	-48
 720 02b3 01       		.byte	1
 721 02b4 D6       		.byte	-42
 722 02b5 20       		.byte	32
 723 02b6 04       		.byte	4
 724 02b7 07       		.byte	7
 725 02b8 0E       		.byte	14
 726 02b9 01       		.byte	1
 727 02ba 10       		.byte	16
 728 02bb 06       		.byte	6
 729 02bc 12       		.byte	18
 730 02bd 01       		.byte	1
 731 02be 14       		.byte	20
 732 02bf 07       		.byte	7
 733 02c0 18       		.byte	24
 734 02c1 01       		.byte	1
 735 02c2 19       		.byte	25
 736 02c3 01       		.byte	1
 737 02c4 1A       		.byte	26
 738 02c5 06       		.byte	6
 739 02c6 24       		.byte	36
 740 02c7 02       		.byte	2
 741 02c8 27       		.byte	39
ARM GAS  C:\Users\cante\AppData\Local\Temp\cciEz6jd.s 			page 14


 742 02c9 01       		.byte	1
 743 02ca 28       		.byte	40
 744 02cb 06       		.byte	6
 745 02cc 29       		.byte	41
 746 02cd 01       		.byte	1
 747 02ce 2C       		.byte	44
 748 02cf 04       		.byte	4
 749 02d0 2F       		.byte	47
 750 02d1 01       		.byte	1
 751 02d2 34       		.byte	52
 752 02d3 07       		.byte	7
 753 02d4 35       		.byte	53
 754 02d5 01       		.byte	1
 755 02d6 39       		.byte	57
 756 02d7 20       		.byte	32
 757 02d8 58       		.byte	88
 758 02d9 04       		.byte	4
 759 02da 59       		.byte	89
 760 02db 04       		.byte	4
 761 02dc 5C       		.byte	92
 762 02dd 11       		.byte	17
 763 02de 5F       		.byte	95
 764 02df 01       		.byte	1
 765 02e0 01       		.byte	1
 766 02e1 48       		.byte	72
 767 02e2 04       		.byte	4
 768 02e3 82       		.byte	-126
 769 02e4 05       		.byte	5
 770 02e5 08       		.byte	8
 771 02e6 07       		.byte	7
 772 02e7 06       		.byte	6
 773 02e8 08       		.byte	8
 774 02e9 16       		.byte	22
 775 02ea 0C       		.byte	12
 776 02eb 04       		.byte	4
 777 02ec 0E       		.byte	14
 778 02ed 44       		.byte	68
 779 02ee 10       		.byte	16
 780 02ef 28       		.byte	40
 781 02f0 12       		.byte	18
 782 02f1 01       		.byte	1
 783 02f2 14       		.byte	20
 784 02f3 02       		.byte	2
 785 02f4 15       		.byte	21
 786 02f5 18       		.byte	24
 787 02f6 19       		.byte	25
 788 02f7 20       		.byte	32
 789 02f8 1C       		.byte	28
 790 02f9 40       		.byte	64
 791 02fa 1D       		.byte	29
 792 02fb 80       		.byte	-128
 793 02fc 1E       		.byte	30
 794 02fd C0       		.byte	-64
 795 02fe 1F       		.byte	31
 796 02ff 08       		.byte	8
 797 0300 22       		.byte	34
 798 0301 20       		.byte	32
ARM GAS  C:\Users\cante\AppData\Local\Temp\cciEz6jd.s 			page 15


 799 0302 24       		.byte	36
 800 0303 90       		.byte	-112
 801 0304 25       		.byte	37
 802 0305 10       		.byte	16
 803 0306 28       		.byte	40
 804 0307 06       		.byte	6
 805 0308 29       		.byte	41
 806 0309 08       		.byte	8
 807 030a 2D       		.byte	45
 808 030b 20       		.byte	32
 809 030c 2F       		.byte	47
 810 030d 22       		.byte	34
 811 030e 30       		.byte	48
 812 030f 10       		.byte	16
 813 0310 36       		.byte	54
 814 0311 60       		.byte	96
 815 0312 37       		.byte	55
 816 0313 02       		.byte	2
 817 0314 3E       		.byte	62
 818 0315 15       		.byte	21
 819 0316 40       		.byte	64
 820 0317 10       		.byte	16
 821 0318 42       		.byte	66
 822 0319 20       		.byte	32
 823 031a 44       		.byte	68
 824 031b 14       		.byte	20
 825 031c 45       		.byte	69
 826 031d 80       		.byte	-128
 827 031e 47       		.byte	71
 828 031f 04       		.byte	4
 829 0320 4C       		.byte	76
 830 0321 01       		.byte	1
 831 0322 4D       		.byte	77
 832 0323 60       		.byte	96
 833 0324 57       		.byte	87
 834 0325 22       		.byte	34
 835 0326 5E       		.byte	94
 836 0327 02       		.byte	2
 837 0328 66       		.byte	102
 838 0329 A0       		.byte	-96
 839 032a 82       		.byte	-126
 840 032b 01       		.byte	1
 841 032c 83       		.byte	-125
 842 032d 08       		.byte	8
 843 032e 89       		.byte	-119
 844 032f 04       		.byte	4
 845 0330 8A       		.byte	-118
 846 0331 01       		.byte	1
 847 0332 8D       		.byte	-115
 848 0333 10       		.byte	16
 849 0334 8E       		.byte	-114
 850 0335 80       		.byte	-128
 851 0336 90       		.byte	-112
 852 0337 02       		.byte	2
 853 0338 91       		.byte	-111
 854 0339 10       		.byte	16
 855 033a 92       		.byte	-110
ARM GAS  C:\Users\cante\AppData\Local\Temp\cciEz6jd.s 			page 16


 856 033b 14       		.byte	20
 857 033c 94       		.byte	-108
 858 033d 40       		.byte	64
 859 033e 95       		.byte	-107
 860 033f 08       		.byte	8
 861 0340 98       		.byte	-104
 862 0341 16       		.byte	22
 863 0342 99       		.byte	-103
 864 0343 08       		.byte	8
 865 0344 9A       		.byte	-102
 866 0345 01       		.byte	1
 867 0346 9F       		.byte	-97
 868 0347 02       		.byte	2
 869 0348 A0       		.byte	-96
 870 0349 28       		.byte	40
 871 034a C0       		.byte	-64
 872 034b F5       		.byte	-11
 873 034c C2       		.byte	-62
 874 034d 7E       		.byte	126
 875 034e C4       		.byte	-60
 876 034f E7       		.byte	-25
 877 0350 CA       		.byte	-54
 878 0351 7E       		.byte	126
 879 0352 CC       		.byte	-52
 880 0353 B4       		.byte	-76
 881 0354 CE       		.byte	-50
 882 0355 E0       		.byte	-32
 883 0356 D0       		.byte	-48
 884 0357 70       		.byte	112
 885 0358 D2       		.byte	-46
 886 0359 30       		.byte	48
 887 035a D6       		.byte	-42
 888 035b 80       		.byte	-128
 889 035c D8       		.byte	-40
 890 035d 30       		.byte	48
 891 035e E4       		.byte	-28
 892 035f 04       		.byte	4
 893 0360 EC       		.byte	-20
 894 0361 10       		.byte	16
 895 0362 32       		.byte	50
 896 0363 80       		.byte	-128
 897 0364 3F       		.byte	63
 898 0365 80       		.byte	-128
 899 0366 CC       		.byte	-52
 900 0367 10       		.byte	16
 901 0368 CE       		.byte	-50
 902 0369 20       		.byte	32
 903 036a 9B       		.byte	-101
 904 036b 04       		.byte	4
 905 036c A6       		.byte	-90
 906 036d 80       		.byte	-128
 907 036e A7       		.byte	-89
 908 036f 40       		.byte	64
 909 0370 AB       		.byte	-85
 910 0371 04       		.byte	4
 911 0372 EA       		.byte	-22
 912 0373 80       		.byte	-128
ARM GAS  C:\Users\cante\AppData\Local\Temp\cciEz6jd.s 			page 17


 913 0374 12       		.byte	18
 914 0375 80       		.byte	-128
 915 0376 5B       		.byte	91
 916 0377 04       		.byte	4
 917 0378 9B       		.byte	-101
 918 0379 04       		.byte	4
 919 037a A6       		.byte	-90
 920 037b 80       		.byte	-128
 921 037c A7       		.byte	-89
 922 037d 40       		.byte	64
 923 037e C4       		.byte	-60
 924 037f 10       		.byte	16
 925 0380 D6       		.byte	-42
 926 0381 40       		.byte	64
 927 0382 A7       		.byte	-89
 928 0383 40       		.byte	64
 929 0384 7C       		.byte	124
 930 0385 01       		.byte	1
 931 0386 DE       		.byte	-34
 932 0387 01       		.byte	1
 933 0388 B4       		.byte	-76
 934 0389 01       		.byte	1
 935 038a EC       		.byte	-20
 936 038b 08       		.byte	8
 937 038c 32       		.byte	50
 938 038d 10       		.byte	16
 939 038e 45       		.byte	69
 940 038f 08       		.byte	8
 941 0390 CC       		.byte	-52
 942 0391 08       		.byte	8
 943 0392 D0       		.byte	-48
 944 0393 01       		.byte	1
 945 0394 84       		.byte	-124
 946 0395 04       		.byte	4
 947 0396 96       		.byte	-106
 948 0397 20       		.byte	32
 949 0398 A5       		.byte	-91
 950 0399 08       		.byte	8
 951 039a 25       		.byte	37
 952 039b 10       		.byte	16
 953 039c A7       		.byte	-89
 954 039d 40       		.byte	64
 955 039e C8       		.byte	-56
 956 039f 20       		.byte	32
 957 03a0 1B       		.byte	27
 958 03a1 60       		.byte	96
 959 03a2 83       		.byte	-125
 960 03a3 20       		.byte	32
 961 03a4 A7       		.byte	-89
 962 03a5 40       		.byte	64
 963 03a6 B5       		.byte	-75
 964 03a7 10       		.byte	16
 965 03a8 C6       		.byte	-58
 966 03a9 40       		.byte	64
 967 03aa E4       		.byte	-28
 968 03ab 20       		.byte	32
 969 03ac 96       		.byte	-106
ARM GAS  C:\Users\cante\AppData\Local\Temp\cciEz6jd.s 			page 18


 970 03ad 20       		.byte	32
 971 03ae A0       		.byte	-96
 972 03af 04       		.byte	4
 973 03b0 A5       		.byte	-91
 974 03b1 08       		.byte	8
 975 03b2 10       		.byte	16
 976 03b3 80       		.byte	-128
 977 03b4 74       		.byte	116
 978 03b5 04       		.byte	4
 979 03b6 82       		.byte	-126
 980 03b7 10       		.byte	16
 981 03b8 88       		.byte	-120
 982 03b9 80       		.byte	-128
 983 03ba 96       		.byte	-106
 984 03bb 20       		.byte	32
 985 03bc A0       		.byte	-96
 986 03bd 04       		.byte	4
 987 03be B5       		.byte	-75
 988 03bf 08       		.byte	8
 989 03c0 C4       		.byte	-60
 990 03c1 08       		.byte	8
 991 03c2 DE       		.byte	-34
 992 03c3 04       		.byte	4
 993 03c4 E6       		.byte	-26
 994 03c5 01       		.byte	1
 995 03c6 EC       		.byte	-20
 996 03c7 08       		.byte	8
 997 03c8 00       		.byte	0
 998 03c9 02       		.byte	2
 999 03ca 0C       		.byte	12
 1000 03cb 02       		.byte	2
 1001 03cc 10       		.byte	16
 1002 03cd 02       		.byte	2
 1003 03ce 1C       		.byte	28
 1004 03cf 02       		.byte	2
 1005 03d0 00       		.byte	0
 1006 03d1 02       		.byte	2
 1007 03d2 10       		.byte	16
 1008 03d3 02       		.byte	2
 1009 03d4 80       		.byte	-128
 1010 03d5 80       		.byte	-128
 1011 03d6 00       		.byte	0
 1012 03d7 00       		.byte	0
 1013 03d8 40       		.byte	64
 1014 03d9 00       		.byte	0
 1015 03da 00       		.byte	0
 1016 03db 00       		.byte	0
 1017 03dc 00       		.byte	0
 1018 03dd 04       		.byte	4
 1019 03de 0C       		.byte	12
 1020 03df 02       		.byte	2
 1021 03e0 00       		.byte	0
 1022 03e1 0E       		.byte	14
 1023 03e2 0C       		.byte	12
 1024 03e3 00       		.byte	0
 1025 03e4 0C       		.byte	12
 1026 03e5 0E       		.byte	14
ARM GAS  C:\Users\cante\AppData\Local\Temp\cciEz6jd.s 			page 19


 1027 03e6 00       		.byte	0
 1028 03e7 00       		.byte	0
 1029 03e8 0C       		.byte	12
 1030 03e9 00       		.byte	0
 1031 03ea 10       		.byte	16
 1032 03eb 00       		.byte	0
 1033 03ec 0A       		.byte	10
 1034 03ed 02       		.byte	2
 1035 03ee 21       		.byte	33
 1036 03ef 0C       		.byte	12
 1037 03f0 0C       		.byte	12
 1038 03f1 00       		.byte	0
 1039 03f2 00       		.byte	0
 1040 03f3 00       		.byte	0
 1041 03f4 03       		.byte	3
 1042 03f5 00       		.byte	0
 1043 03f6 00       		.byte	0
 1044 03f7 01       		.byte	1
 1045 03f8 00       		.byte	0
 1046 03f9 08       		.byte	8
 1047 03fa 00       		.byte	0
 1048 03fb 02       		.byte	2
 1049 03fc 00       		.byte	0
 1050 03fd 00       		.byte	0
 1051 03fe 00       		.byte	0
 1052 03ff 00       		.byte	0
 1053 0400 05       		.byte	5
 1054 0401 00       		.byte	0
 1055 0402 22       		.byte	34
 1056 0403 10       		.byte	16
 1057 0404 03       		.byte	3
 1058 0405 00       		.byte	0
 1059 0406 00       		.byte	0
 1060 0407 10       		.byte	16
 1061 0408 00       		.byte	0
 1062 0409 00       		.byte	0
 1063 040a 0C       		.byte	12
 1064 040b 01       		.byte	1
 1065 040c 03       		.byte	3
 1066 040d 0E       		.byte	14
 1067 040e 0C       		.byte	12
 1068 040f 01       		.byte	1
 1069 0410 00       		.byte	0
 1070 0411 10       		.byte	16
 1071 0412 30       		.byte	48
 1072 0413 00       		.byte	0
 1073 0414 00       		.byte	0
 1074 0415 00       		.byte	0
 1075 0416 00       		.byte	0
 1076 0417 00       		.byte	0
 1077 0418 00       		.byte	0
 1078 0419 00       		.byte	0
 1079 041a 40       		.byte	64
 1080 041b 14       		.byte	20
 1081 041c 35       		.byte	53
 1082 041d 02       		.byte	2
 1083 041e 06       		.byte	6
ARM GAS  C:\Users\cante\AppData\Local\Temp\cciEz6jd.s 			page 20


 1084 041f 00       		.byte	0
 1085 0420 01       		.byte	1
 1086 0421 00       		.byte	0
 1087 0422 C0       		.byte	-64
 1088 0423 E0       		.byte	-32
 1089 0424 28       		.byte	40
 1090 0425 FF       		.byte	-1
 1091 0426 FF       		.byte	-1
 1092 0427 FF       		.byte	-1
 1093 0428 62       		.byte	98
 1094 0429 A0       		.byte	-96
 1095 042a F0       		.byte	-16
 1096 042b 41       		.byte	65
 1097 042c 0C       		.byte	12
 1098 042d 00       		.byte	0
 1099 042e 00       		.byte	0
 1100 042f 00       		.byte	0
 1101 0430 18       		.byte	24
 1102 0431 00       		.byte	0
 1103 0432 00       		.byte	0
 1104 0433 00       		.byte	0
 1105 0434 04       		.byte	4
 1106 0435 04       		.byte	4
 1107 0436 04       		.byte	4
 1108 0437 04       		.byte	4
 1109 0438 11       		.byte	17
 1110 0439 11       		.byte	17
 1111 043a 00       		.byte	0
 1112 043b 01       		.byte	1
 1113 043c 00       		.byte	0
 1114 043d 00       		.byte	0
 1115 043e 00       		.byte	0
 1116 043f 00       		.byte	0
 1117 0440 00       		.byte	0
 1118 0441 00       		.byte	0
 1119 0442 40       		.byte	64
 1120 0443 02       		.byte	2
 1121 0444 00       		.byte	0
 1122 0445 10       		.byte	16
 1123 0446 30       		.byte	48
 1124 0447 10       		.byte	16
 1125 0448 00       		.byte	0
 1126 0449 10       		.byte	16
 1127 044a 10       		.byte	16
 1128 044b 12       		.byte	18
 1129 044c 00       		.byte	0
 1130 044d 00       		.byte	0
 1131 044e 00       		.byte	0
 1132 044f 00       		.byte	0
 1133 0450 00       		.byte	0
 1134 0451 00       		.byte	0
 1135 0452 00       		.byte	0
 1136 0453 00       		.byte	0
 1137 0454 00       		.byte	0
 1138 0455 00       		.byte	0
 1139 0456 00       		.byte	0
 1140 0457 00       		.byte	0
ARM GAS  C:\Users\cante\AppData\Local\Temp\cciEz6jd.s 			page 21


 1141 0458 00       		.byte	0
 1142 0459 00       		.byte	0
 1143 045a 00       		.byte	0
 1144 045b 00       		.byte	0
 1145 045c 80       		.byte	-128
 1146 045d 00       		.byte	0
 1147 045e 40       		.byte	64
 1148 045f 80       		.byte	-128
 1149 0460 80       		.byte	-128
 1150 0461 00       		.byte	0
 1151 0462 80       		.byte	-128
 1152 0463 00       		.byte	0
 1153 0464 00       		.byte	0
 1154 0465 00       		.byte	0
 1155 0466 00       		.byte	0
 1156 0467 00       		.byte	0
 1157 0468 00       		.byte	0
 1158 0469 0B       		.byte	11
 1159 046a 0B       		.byte	11
 1160 046b 00       		.byte	0
 1161 046c 00       		.byte	0
 1162 046d 00       		.byte	0
 1163 046e 00       		.byte	0
 1164 046f 00       		.byte	0
 1165 0470 07       		.byte	7
 1166 0471 00       		.byte	0
 1167 0472 18       		.byte	24
 1168 0473 01       		.byte	1
 1169              		.section	.cywolatch,"a",%progbits
 1170              		.align	2
 1171              		.type	cy_meta_wonvl, %object
 1172              		.size	cy_meta_wonvl, 4
 1173              	cy_meta_wonvl:
 1174 0000 BC       		.byte	-68
 1175 0001 90       		.byte	-112
 1176 0002 AC       		.byte	-84
 1177 0003 AF       		.byte	-81
 1178              		.section	.cycustnvl,"a",%progbits
 1179              		.align	2
 1180              		.type	cy_meta_custnvl, %object
 1181              		.size	cy_meta_custnvl, 4
 1182              	cy_meta_custnvl:
 1183 0000 00       		.byte	0
 1184 0001 00       		.byte	0
 1185 0002 40       		.byte	64
 1186 0003 05       		.byte	5
 1187              		.section	.cymeta,"a",%progbits
 1188              		.align	2
 1189              		.type	cy_metadata, %object
 1190              		.size	cy_metadata, 12
 1191              	cy_metadata:
 1192 0000 00       		.byte	0
 1193 0001 01       		.byte	1
 1194 0002 2E       		.byte	46
 1195 0003 16       		.byte	22
 1196 0004 10       		.byte	16
 1197 0005 69       		.byte	105
ARM GAS  C:\Users\cante\AppData\Local\Temp\cciEz6jd.s 			page 22


 1198 0006 00       		.byte	0
 1199 0007 01       		.byte	1
 1200 0008 00       		.byte	0
 1201 0009 00       		.byte	0
 1202 000a 00       		.byte	0
 1203 000b 00       		.byte	0
 1204              		.section	.cyflashprotect,"a",%progbits
 1205              		.align	2
 1206              		.type	cy_meta_flashprotect, %object
 1207              		.size	cy_meta_flashprotect, 256
 1208              	cy_meta_flashprotect:
 1209 0000 00000000 		.space	256
 1209      00000000 
 1209      00000000 
 1209      00000000 
 1209      00000000 
 1210              		.text
 1211              	.Letext0:
 1212              		.file 1 "c:\\program files (x86)\\cypress\\psoc creator\\4.4\\psoc creator\\import\\gnu\\arm\\5.4.
 1213              		.file 2 "c:\\program files (x86)\\cypress\\psoc creator\\4.4\\psoc creator\\import\\gnu\\arm\\5.4.
 1214              		.file 3 "Generated_Source\\PSoC5\\cymetadata.c"
 1215              		.section	.debug_info,"",%progbits
 1216              	.Ldebug_info0:
 1217 0000 32010000 		.4byte	0x132
 1218 0004 0400     		.2byte	0x4
 1219 0006 00000000 		.4byte	.Ldebug_abbrev0
 1220 000a 04       		.byte	0x4
 1221 000b 01       		.uleb128 0x1
 1222 000c 24000000 		.4byte	.LASF17
 1223 0010 0C       		.byte	0xc
 1224 0011 EE010000 		.4byte	.LASF18
 1225 0015 06010000 		.4byte	.LASF19
 1226 0019 00000000 		.4byte	.Ldebug_line0
 1227 001d 02       		.uleb128 0x2
 1228 001e 01       		.byte	0x1
 1229 001f 06       		.byte	0x6
 1230 0020 E2010000 		.4byte	.LASF0
 1231 0024 03       		.uleb128 0x3
 1232 0025 00000000 		.4byte	.LASF9
 1233 0029 01       		.byte	0x1
 1234 002a 1D       		.byte	0x1d
 1235 002b 2F000000 		.4byte	0x2f
 1236 002f 02       		.uleb128 0x2
 1237 0030 01       		.byte	0x1
 1238 0031 08       		.byte	0x8
 1239 0032 16000000 		.4byte	.LASF1
 1240 0036 02       		.uleb128 0x2
 1241 0037 02       		.byte	0x2
 1242 0038 05       		.byte	0x5
 1243 0039 CF010000 		.4byte	.LASF2
 1244 003d 02       		.uleb128 0x2
 1245 003e 02       		.byte	0x2
 1246 003f 07       		.byte	0x7
 1247 0040 C4000000 		.4byte	.LASF3
 1248 0044 02       		.uleb128 0x2
 1249 0045 04       		.byte	0x4
 1250 0046 05       		.byte	0x5
ARM GAS  C:\Users\cante\AppData\Local\Temp\cciEz6jd.s 			page 23


 1251 0047 D9010000 		.4byte	.LASF4
 1252 004b 02       		.uleb128 0x2
 1253 004c 04       		.byte	0x4
 1254 004d 07       		.byte	0x7
 1255 004e B2000000 		.4byte	.LASF5
 1256 0052 02       		.uleb128 0x2
 1257 0053 08       		.byte	0x8
 1258 0054 05       		.byte	0x5
 1259 0055 C1010000 		.4byte	.LASF6
 1260 0059 02       		.uleb128 0x2
 1261 005a 08       		.byte	0x8
 1262 005b 07       		.byte	0x7
 1263 005c 76010000 		.4byte	.LASF7
 1264 0060 04       		.uleb128 0x4
 1265 0061 04       		.byte	0x4
 1266 0062 05       		.byte	0x5
 1267 0063 696E7400 		.ascii	"int\000"
 1268 0067 02       		.uleb128 0x2
 1269 0068 04       		.byte	0x4
 1270 0069 07       		.byte	0x7
 1271 006a F9000000 		.4byte	.LASF8
 1272 006e 03       		.uleb128 0x3
 1273 006f 8D010000 		.4byte	.LASF10
 1274 0073 02       		.byte	0x2
 1275 0074 18       		.byte	0x18
 1276 0075 24000000 		.4byte	0x24
 1277 0079 05       		.uleb128 0x5
 1278 007a 91000000 		.4byte	0x91
 1279 007e 8A000000 		.4byte	0x8a
 1280 0082 06       		.uleb128 0x6
 1281 0083 8A000000 		.4byte	0x8a
 1282 0087 7304     		.2byte	0x473
 1283 0089 00       		.byte	0
 1284 008a 02       		.uleb128 0x2
 1285 008b 04       		.byte	0x4
 1286 008c 07       		.byte	0x7
 1287 008d B8010000 		.4byte	.LASF11
 1288 0091 07       		.uleb128 0x7
 1289 0092 6E000000 		.4byte	0x6e
 1290 0096 08       		.uleb128 0x8
 1291 0097 E7000000 		.4byte	.LASF12
 1292 009b 03       		.byte	0x3
 1293 009c 1F       		.byte	0x1f
 1294 009d A7000000 		.4byte	0xa7
 1295 00a1 05       		.uleb128 0x5
 1296 00a2 03       		.byte	0x3
 1297 00a3 00000000 		.4byte	cy_meta_configecc
 1298 00a7 07       		.uleb128 0x7
 1299 00a8 79000000 		.4byte	0x79
 1300 00ac 05       		.uleb128 0x5
 1301 00ad 91000000 		.4byte	0x91
 1302 00b1 BC000000 		.4byte	0xbc
 1303 00b5 09       		.uleb128 0x9
 1304 00b6 8A000000 		.4byte	0x8a
 1305 00ba 03       		.byte	0x3
 1306 00bb 00       		.byte	0
 1307 00bc 08       		.uleb128 0x8
ARM GAS  C:\Users\cante\AppData\Local\Temp\cciEz6jd.s 			page 24


 1308 00bd D7000000 		.4byte	.LASF13
 1309 00c1 03       		.byte	0x3
 1310 00c2 BB       		.byte	0xbb
 1311 00c3 CD000000 		.4byte	0xcd
 1312 00c7 05       		.uleb128 0x5
 1313 00c8 03       		.byte	0x3
 1314 00c9 00000000 		.4byte	cy_meta_custnvl
 1315 00cd 07       		.uleb128 0x7
 1316 00ce AC000000 		.4byte	0xac
 1317 00d2 08       		.uleb128 0x8
 1318 00d3 AA010000 		.4byte	.LASF14
 1319 00d7 03       		.byte	0x3
 1320 00d8 C9       		.byte	0xc9
 1321 00d9 E3000000 		.4byte	0xe3
 1322 00dd 05       		.uleb128 0x5
 1323 00de 03       		.byte	0x3
 1324 00df 00000000 		.4byte	cy_meta_wonvl
 1325 00e3 07       		.uleb128 0x7
 1326 00e4 AC000000 		.4byte	0xac
 1327 00e8 05       		.uleb128 0x5
 1328 00e9 91000000 		.4byte	0x91
 1329 00ed F8000000 		.4byte	0xf8
 1330 00f1 09       		.uleb128 0x9
 1331 00f2 8A000000 		.4byte	0x8a
 1332 00f6 FF       		.byte	0xff
 1333 00f7 00       		.byte	0
 1334 00f8 08       		.uleb128 0x8
 1335 00f9 95010000 		.4byte	.LASF15
 1336 00fd 03       		.byte	0x3
 1337 00fe D7       		.byte	0xd7
 1338 00ff 09010000 		.4byte	0x109
 1339 0103 05       		.uleb128 0x5
 1340 0104 03       		.byte	0x3
 1341 0105 00000000 		.4byte	cy_meta_flashprotect
 1342 0109 07       		.uleb128 0x7
 1343 010a E8000000 		.4byte	0xe8
 1344 010e 05       		.uleb128 0x5
 1345 010f 91000000 		.4byte	0x91
 1346 0113 1E010000 		.4byte	0x11e
 1347 0117 09       		.uleb128 0x9
 1348 0118 8A000000 		.4byte	0x8a
 1349 011c 0B       		.byte	0xb
 1350 011d 00       		.byte	0
 1351 011e 0A       		.uleb128 0xa
 1352 011f 0A000000 		.4byte	.LASF16
 1353 0123 03       		.byte	0x3
 1354 0124 0401     		.2byte	0x104
 1355 0126 30010000 		.4byte	0x130
 1356 012a 05       		.uleb128 0x5
 1357 012b 03       		.byte	0x3
 1358 012c 00000000 		.4byte	cy_metadata
 1359 0130 07       		.uleb128 0x7
 1360 0131 0E010000 		.4byte	0x10e
 1361 0135 00       		.byte	0
 1362              		.section	.debug_abbrev,"",%progbits
 1363              	.Ldebug_abbrev0:
 1364 0000 01       		.uleb128 0x1
ARM GAS  C:\Users\cante\AppData\Local\Temp\cciEz6jd.s 			page 25


 1365 0001 11       		.uleb128 0x11
 1366 0002 01       		.byte	0x1
 1367 0003 25       		.uleb128 0x25
 1368 0004 0E       		.uleb128 0xe
 1369 0005 13       		.uleb128 0x13
 1370 0006 0B       		.uleb128 0xb
 1371 0007 03       		.uleb128 0x3
 1372 0008 0E       		.uleb128 0xe
 1373 0009 1B       		.uleb128 0x1b
 1374 000a 0E       		.uleb128 0xe
 1375 000b 10       		.uleb128 0x10
 1376 000c 17       		.uleb128 0x17
 1377 000d 00       		.byte	0
 1378 000e 00       		.byte	0
 1379 000f 02       		.uleb128 0x2
 1380 0010 24       		.uleb128 0x24
 1381 0011 00       		.byte	0
 1382 0012 0B       		.uleb128 0xb
 1383 0013 0B       		.uleb128 0xb
 1384 0014 3E       		.uleb128 0x3e
 1385 0015 0B       		.uleb128 0xb
 1386 0016 03       		.uleb128 0x3
 1387 0017 0E       		.uleb128 0xe
 1388 0018 00       		.byte	0
 1389 0019 00       		.byte	0
 1390 001a 03       		.uleb128 0x3
 1391 001b 16       		.uleb128 0x16
 1392 001c 00       		.byte	0
 1393 001d 03       		.uleb128 0x3
 1394 001e 0E       		.uleb128 0xe
 1395 001f 3A       		.uleb128 0x3a
 1396 0020 0B       		.uleb128 0xb
 1397 0021 3B       		.uleb128 0x3b
 1398 0022 0B       		.uleb128 0xb
 1399 0023 49       		.uleb128 0x49
 1400 0024 13       		.uleb128 0x13
 1401 0025 00       		.byte	0
 1402 0026 00       		.byte	0
 1403 0027 04       		.uleb128 0x4
 1404 0028 24       		.uleb128 0x24
 1405 0029 00       		.byte	0
 1406 002a 0B       		.uleb128 0xb
 1407 002b 0B       		.uleb128 0xb
 1408 002c 3E       		.uleb128 0x3e
 1409 002d 0B       		.uleb128 0xb
 1410 002e 03       		.uleb128 0x3
 1411 002f 08       		.uleb128 0x8
 1412 0030 00       		.byte	0
 1413 0031 00       		.byte	0
 1414 0032 05       		.uleb128 0x5
 1415 0033 01       		.uleb128 0x1
 1416 0034 01       		.byte	0x1
 1417 0035 49       		.uleb128 0x49
 1418 0036 13       		.uleb128 0x13
 1419 0037 01       		.uleb128 0x1
 1420 0038 13       		.uleb128 0x13
 1421 0039 00       		.byte	0
ARM GAS  C:\Users\cante\AppData\Local\Temp\cciEz6jd.s 			page 26


 1422 003a 00       		.byte	0
 1423 003b 06       		.uleb128 0x6
 1424 003c 21       		.uleb128 0x21
 1425 003d 00       		.byte	0
 1426 003e 49       		.uleb128 0x49
 1427 003f 13       		.uleb128 0x13
 1428 0040 2F       		.uleb128 0x2f
 1429 0041 05       		.uleb128 0x5
 1430 0042 00       		.byte	0
 1431 0043 00       		.byte	0
 1432 0044 07       		.uleb128 0x7
 1433 0045 26       		.uleb128 0x26
 1434 0046 00       		.byte	0
 1435 0047 49       		.uleb128 0x49
 1436 0048 13       		.uleb128 0x13
 1437 0049 00       		.byte	0
 1438 004a 00       		.byte	0
 1439 004b 08       		.uleb128 0x8
 1440 004c 34       		.uleb128 0x34
 1441 004d 00       		.byte	0
 1442 004e 03       		.uleb128 0x3
 1443 004f 0E       		.uleb128 0xe
 1444 0050 3A       		.uleb128 0x3a
 1445 0051 0B       		.uleb128 0xb
 1446 0052 3B       		.uleb128 0x3b
 1447 0053 0B       		.uleb128 0xb
 1448 0054 49       		.uleb128 0x49
 1449 0055 13       		.uleb128 0x13
 1450 0056 3F       		.uleb128 0x3f
 1451 0057 19       		.uleb128 0x19
 1452 0058 02       		.uleb128 0x2
 1453 0059 18       		.uleb128 0x18
 1454 005a 00       		.byte	0
 1455 005b 00       		.byte	0
 1456 005c 09       		.uleb128 0x9
 1457 005d 21       		.uleb128 0x21
 1458 005e 00       		.byte	0
 1459 005f 49       		.uleb128 0x49
 1460 0060 13       		.uleb128 0x13
 1461 0061 2F       		.uleb128 0x2f
 1462 0062 0B       		.uleb128 0xb
 1463 0063 00       		.byte	0
 1464 0064 00       		.byte	0
 1465 0065 0A       		.uleb128 0xa
 1466 0066 34       		.uleb128 0x34
 1467 0067 00       		.byte	0
 1468 0068 03       		.uleb128 0x3
 1469 0069 0E       		.uleb128 0xe
 1470 006a 3A       		.uleb128 0x3a
 1471 006b 0B       		.uleb128 0xb
 1472 006c 3B       		.uleb128 0x3b
 1473 006d 05       		.uleb128 0x5
 1474 006e 49       		.uleb128 0x49
 1475 006f 13       		.uleb128 0x13
 1476 0070 3F       		.uleb128 0x3f
 1477 0071 19       		.uleb128 0x19
 1478 0072 02       		.uleb128 0x2
ARM GAS  C:\Users\cante\AppData\Local\Temp\cciEz6jd.s 			page 27


 1479 0073 18       		.uleb128 0x18
 1480 0074 00       		.byte	0
 1481 0075 00       		.byte	0
 1482 0076 00       		.byte	0
 1483              		.section	.debug_aranges,"",%progbits
 1484 0000 14000000 		.4byte	0x14
 1485 0004 0200     		.2byte	0x2
 1486 0006 00000000 		.4byte	.Ldebug_info0
 1487 000a 04       		.byte	0x4
 1488 000b 00       		.byte	0
 1489 000c 0000     		.2byte	0
 1490 000e 0000     		.2byte	0
 1491 0010 00000000 		.4byte	0
 1492 0014 00000000 		.4byte	0
 1493              		.section	.debug_line,"",%progbits
 1494              	.Ldebug_line0:
 1495 0000 3D010000 		.section	.debug_str,"MS",%progbits,1
 1495      02003701 
 1495      00000201 
 1495      FB0E0D00 
 1495      01010101 
 1496              	.LASF9:
 1497 0000 5F5F7569 		.ascii	"__uint8_t\000"
 1497      6E74385F 
 1497      7400
 1498              	.LASF16:
 1499 000a 63795F6D 		.ascii	"cy_metadata\000"
 1499      65746164 
 1499      61746100 
 1500              	.LASF1:
 1501 0016 756E7369 		.ascii	"unsigned char\000"
 1501      676E6564 
 1501      20636861 
 1501      7200
 1502              	.LASF17:
 1503 0024 474E5520 		.ascii	"GNU C11 5.4.1 20160609 (release) [ARM/embedded-5-br"
 1503      43313120 
 1503      352E342E 
 1503      31203230 
 1503      31363036 
 1504 0057 616E6368 		.ascii	"anch revision 237715] -mcpu=cortex-m3 -mthumb -g -O"
 1504      20726576 
 1504      6973696F 
 1504      6E203233 
 1504      37373135 
 1505 008a 67202D66 		.ascii	"g -ffunction-sections -ffat-lto-objects\000"
 1505      66756E63 
 1505      74696F6E 
 1505      2D736563 
 1505      74696F6E 
 1506              	.LASF5:
 1507 00b2 6C6F6E67 		.ascii	"long unsigned int\000"
 1507      20756E73 
 1507      69676E65 
 1507      6420696E 
 1507      7400
 1508              	.LASF3:
ARM GAS  C:\Users\cante\AppData\Local\Temp\cciEz6jd.s 			page 28


 1509 00c4 73686F72 		.ascii	"short unsigned int\000"
 1509      7420756E 
 1509      7369676E 
 1509      65642069 
 1509      6E7400
 1510              	.LASF13:
 1511 00d7 63795F6D 		.ascii	"cy_meta_custnvl\000"
 1511      6574615F 
 1511      63757374 
 1511      6E766C00 
 1512              	.LASF12:
 1513 00e7 63795F6D 		.ascii	"cy_meta_configecc\000"
 1513      6574615F 
 1513      636F6E66 
 1513      69676563 
 1513      6300
 1514              	.LASF8:
 1515 00f9 756E7369 		.ascii	"unsigned int\000"
 1515      676E6564 
 1515      20696E74 
 1515      00
 1516              	.LASF19:
 1517 0106 433A5C55 		.ascii	"C:\\Users\\cante\\Desktop\\INGEGNERIA BIOMEDICA\\V "
 1517      73657273 
 1517      5C63616E 
 1517      74655C44 
 1517      65736B74 
 1518 0134 414E4E4F 		.ascii	"ANNO\\LAB ELETTRONICA\\PSoC\\Progetti DMA\\Workspac"
 1518      5C4C4142 
 1518      20454C45 
 1518      5454524F 
 1518      4E494341 
 1519 0163 6530315C 		.ascii	"e01\\Design02.cydsn\000"
 1519      44657369 
 1519      676E3032 
 1519      2E637964 
 1519      736E00
 1520              	.LASF7:
 1521 0176 6C6F6E67 		.ascii	"long long unsigned int\000"
 1521      206C6F6E 
 1521      6720756E 
 1521      7369676E 
 1521      65642069 
 1522              	.LASF10:
 1523 018d 75696E74 		.ascii	"uint8_t\000"
 1523      385F7400 
 1524              	.LASF15:
 1525 0195 63795F6D 		.ascii	"cy_meta_flashprotect\000"
 1525      6574615F 
 1525      666C6173 
 1525      6870726F 
 1525      74656374 
 1526              	.LASF14:
 1527 01aa 63795F6D 		.ascii	"cy_meta_wonvl\000"
 1527      6574615F 
 1527      776F6E76 
 1527      6C00
ARM GAS  C:\Users\cante\AppData\Local\Temp\cciEz6jd.s 			page 29


 1528              	.LASF11:
 1529 01b8 73697A65 		.ascii	"sizetype\000"
 1529      74797065 
 1529      00
 1530              	.LASF6:
 1531 01c1 6C6F6E67 		.ascii	"long long int\000"
 1531      206C6F6E 
 1531      6720696E 
 1531      7400
 1532              	.LASF2:
 1533 01cf 73686F72 		.ascii	"short int\000"
 1533      7420696E 
 1533      7400
 1534              	.LASF4:
 1535 01d9 6C6F6E67 		.ascii	"long int\000"
 1535      20696E74 
 1535      00
 1536              	.LASF0:
 1537 01e2 7369676E 		.ascii	"signed char\000"
 1537      65642063 
 1537      68617200 
 1538              	.LASF18:
 1539 01ee 47656E65 		.ascii	"Generated_Source\\PSoC5\\cymetadata.c\000"
 1539      72617465 
 1539      645F536F 
 1539      75726365 
 1539      5C50536F 
 1540              		.ident	"GCC: (GNU Tools for ARM Embedded Processors) 5.4.1 20160609 (release) [ARM/embedded-5-bran
