ARM GAS  C:\Users\cante\AppData\Local\Temp\ccZ4sF1O.s 			page 1


   1              		.syntax unified
   2              		.cpu cortex-m3
   3              		.fpu softvfp
   4              		.eabi_attribute 20, 1
   5              		.eabi_attribute 21, 1
   6              		.eabi_attribute 23, 3
   7              		.eabi_attribute 24, 1
   8              		.eabi_attribute 25, 1
   9              		.eabi_attribute 26, 1
  10              		.eabi_attribute 30, 1
  11              		.eabi_attribute 34, 1
  12              		.eabi_attribute 18, 4
  13              		.thumb
  14              		.syntax unified
  15              		.file	"InterruptRoutines.c"
  16              		.text
  17              	.Ltext0:
  18              		.cfi_sections	.debug_frame
  19              		.section	.text.Custom_ISR_timer,"ax",%progbits
  20              		.align	2
  21              		.global	Custom_ISR_timer
  22              		.thumb
  23              		.thumb_func
  24              		.type	Custom_ISR_timer, %function
  25              	Custom_ISR_timer:
  26              	.LFB64:
  27              		.file 1 "InterruptRoutines.c"
   1:InterruptRoutines.c **** /* ========================================
   2:InterruptRoutines.c ****  *
   3:InterruptRoutines.c ****  * Copyright YOUR COMPANY, THE YEAR
   4:InterruptRoutines.c ****  * All Rights Reserved
   5:InterruptRoutines.c ****  * UNPUBLISHED, LICENSED SOFTWARE.
   6:InterruptRoutines.c ****  *
   7:InterruptRoutines.c ****  * CONFIDENTIAL AND PROPRIETARY INFORMATION
   8:InterruptRoutines.c ****  * WHICH IS THE PROPERTY OF your company.
   9:InterruptRoutines.c ****  *
  10:InterruptRoutines.c ****  * ========================================
  11:InterruptRoutines.c **** */
  12:InterruptRoutines.c **** 
  13:InterruptRoutines.c **** #include "InterruptRoutines.h"
  14:InterruptRoutines.c **** #include "project.h"
  15:InterruptRoutines.c **** #include "DMA_Routines.h"
  16:InterruptRoutines.c **** 
  17:InterruptRoutines.c **** //variable to read digit data from 16-bit ADC
  18:InterruptRoutines.c **** 
  19:InterruptRoutines.c **** int32 value_digit;
  20:InterruptRoutines.c **** int32 value_mv;
  21:InterruptRoutines.c **** 
  22:InterruptRoutines.c **** CY_ISR_PROTO(Custom_ISR_timer){
  28              		.loc 1 22 0
  29              		.cfi_startproc
  30              		@ args = 0, pretend = 0, frame = 0
  31              		@ frame_needed = 0, uses_anonymous_args = 0
  32 0000 08B5     		push	{r3, lr}
  33              		.cfi_def_cfa_offset 8
  34              		.cfi_offset 3, -8
  35              		.cfi_offset 14, -4
ARM GAS  C:\Users\cante\AppData\Local\Temp\ccZ4sF1O.s 			page 2


  23:InterruptRoutines.c ****     
  24:InterruptRoutines.c ****     Timer_ReadStatusRegister();
  36              		.loc 1 24 0
  37 0002 FFF7FEFF 		bl	Timer_ReadStatusRegister
  38              	.LVL0:
  25:InterruptRoutines.c ****     
  26:InterruptRoutines.c ****     /*
  27:InterruptRoutines.c ****     
  28:InterruptRoutines.c ****     ADC_DelSig_IsEndConversion(ADC_DelSig_WAIT_FOR_RESULT); //wait for conversion ending
  29:InterruptRoutines.c ****     ADC_DelSig_StopConvert(); //stop conversion
  30:InterruptRoutines.c ****     
  31:InterruptRoutines.c ****     
  32:InterruptRoutines.c ****     
  33:InterruptRoutines.c ****     value_digit = ADC_DelSig_GetResult32();
  34:InterruptRoutines.c ****     */
  35:InterruptRoutines.c ****     
  36:InterruptRoutines.c ****     *((char*)&value_digit) =  AdcBuffer[0]; //copy the first byte on the LSB of adc buffer
  39              		.loc 1 36 0
  40 0006 114A     		ldr	r2, .L5
  41 0008 1178     		ldrb	r1, [r2]	@ zero_extendqisi2
  42 000a 114B     		ldr	r3, .L5+4
  43 000c 1970     		strb	r1, [r3]
  37:InterruptRoutines.c ****     *((char*)&value_digit+1) =  AdcBuffer[1];
  44              		.loc 1 37 0
  45 000e 5278     		ldrb	r2, [r2, #1]	@ zero_extendqisi2
  46 0010 5A70     		strb	r2, [r3, #1]
  38:InterruptRoutines.c ****     
  39:InterruptRoutines.c ****     
  40:InterruptRoutines.c ****     
  41:InterruptRoutines.c ****     if (value_digit < 0) value_digit = 0;
  47              		.loc 1 41 0
  48 0012 1B68     		ldr	r3, [r3]
  49 0014 002B     		cmp	r3, #0
  50 0016 02DA     		bge	.L2
  51              		.loc 1 41 0 is_stmt 0 discriminator 1
  52 0018 0022     		movs	r2, #0
  53 001a 0D4B     		ldr	r3, .L5+4
  54 001c 1A60     		str	r2, [r3]
  55              	.L2:
  42:InterruptRoutines.c ****     if (value_digit > 65535) value_digit = 65535;
  56              		.loc 1 42 0 is_stmt 1
  57 001e 0C4B     		ldr	r3, .L5+4
  58 0020 1B68     		ldr	r3, [r3]
  59 0022 B3F5803F 		cmp	r3, #65536
  60 0026 03DB     		blt	.L3
  61              		.loc 1 42 0 is_stmt 0 discriminator 1
  62 0028 4FF6FF72 		movw	r2, #65535
  63 002c 084B     		ldr	r3, .L5+4
  64 002e 1A60     		str	r2, [r3]
  65              	.L3:
  43:InterruptRoutines.c ****     
  44:InterruptRoutines.c ****     value_mv = ADC_DelSig_CountsTo_mVolts(value_digit);
  66              		.loc 1 44 0 is_stmt 1
  67 0030 074B     		ldr	r3, .L5+4
  68 0032 1868     		ldr	r0, [r3]
  69 0034 FFF7FEFF 		bl	ADC_DelSig_CountsTo_mVolts
  70              	.LVL1:
ARM GAS  C:\Users\cante\AppData\Local\Temp\ccZ4sF1O.s 			page 3


  71 0038 064B     		ldr	r3, .L5+8
  72 003a 1860     		str	r0, [r3]
  45:InterruptRoutines.c ****     
  46:InterruptRoutines.c ****     //dataBuffer[0] is iniziating the buffer
  47:InterruptRoutines.c ****     //dataBuffer[3] is terminating the buffer
  48:InterruptRoutines.c ****     
  49:InterruptRoutines.c **** 
  50:InterruptRoutines.c ****     
  51:InterruptRoutines.c ****     //dataBuffer[1] 
  52:InterruptRoutines.c ****     dataBuffer[1]= (value_mv >> 8) & 0xFF;
  73              		.loc 1 52 0
  74 003c 0212     		asrs	r2, r0, #8
  75 003e 064B     		ldr	r3, .L5+12
  76 0040 5A70     		strb	r2, [r3, #1]
  53:InterruptRoutines.c ****     
  54:InterruptRoutines.c ****     //dataBuffer[2]
  55:InterruptRoutines.c ****     dataBuffer[2]= value_mv & 0xFF;
  77              		.loc 1 55 0
  78 0042 9870     		strb	r0, [r3, #2]
  56:InterruptRoutines.c ****     
  57:InterruptRoutines.c ****     Flag = 1;
  79              		.loc 1 57 0
  80 0044 0122     		movs	r2, #1
  81 0046 054B     		ldr	r3, .L5+16
  82 0048 1A70     		strb	r2, [r3]
  83 004a 08BD     		pop	{r3, pc}
  84              	.L6:
  85              		.align	2
  86              	.L5:
  87 004c 00000000 		.word	AdcBuffer
  88 0050 00000000 		.word	value_digit
  89 0054 00000000 		.word	value_mv
  90 0058 00000000 		.word	dataBuffer
  91 005c 00000000 		.word	Flag
  92              		.cfi_endproc
  93              	.LFE64:
  94              		.size	Custom_ISR_timer, .-Custom_ISR_timer
  95              		.comm	value_mv,4,4
  96              		.comm	value_digit,4,4
  97              		.comm	AdcBuffer,2,4
  98              		.comm	Flag,1,1
  99              		.comm	dataBuffer,4,4
 100              		.text
 101              	.Letext0:
 102              		.file 2 "c:\\program files (x86)\\cypress\\psoc creator\\4.4\\psoc creator\\import\\gnu\\arm\\5.4.
 103              		.file 3 "c:\\program files (x86)\\cypress\\psoc creator\\4.4\\psoc creator\\import\\gnu\\arm\\5.4.
 104              		.file 4 "Generated_Source\\PSoC5/cytypes.h"
 105              		.file 5 "InterruptRoutines.h"
 106              		.file 6 "Generated_Source\\PSoC5/core_cm3.h"
 107              		.file 7 "DMA_Routines.h"
 108              		.file 8 "Generated_Source\\PSoC5/Timer.h"
 109              		.file 9 "Generated_Source\\PSoC5/ADC_DelSig.h"
 110              		.section	.debug_info,"",%progbits
 111              	.Ldebug_info0:
 112 0000 7D010000 		.4byte	0x17d
 113 0004 0400     		.2byte	0x4
 114 0006 00000000 		.4byte	.Ldebug_abbrev0
ARM GAS  C:\Users\cante\AppData\Local\Temp\ccZ4sF1O.s 			page 4


 115 000a 04       		.byte	0x4
 116 000b 01       		.uleb128 0x1
 117 000c 53000000 		.4byte	.LASF26
 118 0010 0C       		.byte	0xc
 119 0011 48020000 		.4byte	.LASF27
 120 0015 40010000 		.4byte	.LASF28
 121 0019 00000000 		.4byte	.Ldebug_ranges0+0
 122 001d 00000000 		.4byte	0
 123 0021 00000000 		.4byte	.Ldebug_line0
 124 0025 02       		.uleb128 0x2
 125 0026 01       		.byte	0x1
 126 0027 06       		.byte	0x6
 127 0028 3C020000 		.4byte	.LASF0
 128 002c 02       		.uleb128 0x2
 129 002d 01       		.byte	0x1
 130 002e 08       		.byte	0x8
 131 002f 45000000 		.4byte	.LASF1
 132 0033 02       		.uleb128 0x2
 133 0034 02       		.byte	0x2
 134 0035 05       		.byte	0x5
 135 0036 0B020000 		.4byte	.LASF2
 136 003a 02       		.uleb128 0x2
 137 003b 02       		.byte	0x2
 138 003c 07       		.byte	0x7
 139 003d 23000000 		.4byte	.LASF3
 140 0041 03       		.uleb128 0x3
 141 0042 00000000 		.4byte	.LASF9
 142 0046 02       		.byte	0x2
 143 0047 3F       		.byte	0x3f
 144 0048 4C000000 		.4byte	0x4c
 145 004c 02       		.uleb128 0x2
 146 004d 04       		.byte	0x4
 147 004e 05       		.byte	0x5
 148 004f 1B020000 		.4byte	.LASF4
 149 0053 02       		.uleb128 0x2
 150 0054 04       		.byte	0x4
 151 0055 07       		.byte	0x7
 152 0056 E1000000 		.4byte	.LASF5
 153 005a 02       		.uleb128 0x2
 154 005b 08       		.byte	0x8
 155 005c 05       		.byte	0x5
 156 005d F3010000 		.4byte	.LASF6
 157 0061 02       		.uleb128 0x2
 158 0062 08       		.byte	0x8
 159 0063 07       		.byte	0x7
 160 0064 B0010000 		.4byte	.LASF7
 161 0068 04       		.uleb128 0x4
 162 0069 04       		.byte	0x4
 163 006a 05       		.byte	0x5
 164 006b 696E7400 		.ascii	"int\000"
 165 006f 02       		.uleb128 0x2
 166 0070 04       		.byte	0x4
 167 0071 07       		.byte	0x7
 168 0072 33010000 		.4byte	.LASF8
 169 0076 03       		.uleb128 0x3
 170 0077 E2010000 		.4byte	.LASF10
 171 007b 03       		.byte	0x3
ARM GAS  C:\Users\cante\AppData\Local\Temp\ccZ4sF1O.s 			page 5


 172 007c 2C       		.byte	0x2c
 173 007d 41000000 		.4byte	0x41
 174 0081 05       		.uleb128 0x5
 175 0082 15020000 		.4byte	.LASF11
 176 0086 04       		.byte	0x4
 177 0087 E901     		.2byte	0x1e9
 178 0089 2C000000 		.4byte	0x2c
 179 008d 05       		.uleb128 0x5
 180 008e F3000000 		.4byte	.LASF12
 181 0092 04       		.byte	0x4
 182 0093 EE01     		.2byte	0x1ee
 183 0095 4C000000 		.4byte	0x4c
 184 0099 02       		.uleb128 0x2
 185 009a 04       		.byte	0x4
 186 009b 04       		.byte	0x4
 187 009c 3F000000 		.4byte	.LASF13
 188 00a0 02       		.uleb128 0x2
 189 00a1 08       		.byte	0x8
 190 00a2 04       		.byte	0x4
 191 00a3 06010000 		.4byte	.LASF14
 192 00a7 02       		.uleb128 0x2
 193 00a8 01       		.byte	0x1
 194 00a9 08       		.byte	0x8
 195 00aa 06020000 		.4byte	.LASF15
 196 00ae 02       		.uleb128 0x2
 197 00af 08       		.byte	0x8
 198 00b0 04       		.byte	0x4
 199 00b1 30020000 		.4byte	.LASF16
 200 00b5 02       		.uleb128 0x2
 201 00b6 04       		.byte	0x4
 202 00b7 07       		.byte	0x7
 203 00b8 EA010000 		.4byte	.LASF17
 204 00bc 06       		.uleb128 0x6
 205 00bd 18010000 		.4byte	.LASF29
 206 00c1 01       		.byte	0x1
 207 00c2 16       		.byte	0x16
 208 00c3 00000000 		.4byte	.LFB64
 209 00c7 60000000 		.4byte	.LFE64-.LFB64
 210 00cb 01       		.uleb128 0x1
 211 00cc 9C       		.byte	0x9c
 212 00cd E4000000 		.4byte	0xe4
 213 00d1 07       		.uleb128 0x7
 214 00d2 06000000 		.4byte	.LVL0
 215 00d6 6A010000 		.4byte	0x16a
 216 00da 07       		.uleb128 0x7
 217 00db 38000000 		.4byte	.LVL1
 218 00df 75010000 		.4byte	0x175
 219 00e3 00       		.byte	0
 220 00e4 08       		.uleb128 0x8
 221 00e5 81000000 		.4byte	0x81
 222 00e9 F4000000 		.4byte	0xf4
 223 00ed 09       		.uleb128 0x9
 224 00ee B5000000 		.4byte	0xb5
 225 00f2 03       		.byte	0x3
 226 00f3 00       		.byte	0
 227 00f4 0A       		.uleb128 0xa
 228 00f5 0D010000 		.4byte	.LASF18
ARM GAS  C:\Users\cante\AppData\Local\Temp\ccZ4sF1O.s 			page 6


 229 00f9 05       		.byte	0x5
 230 00fa 17       		.byte	0x17
 231 00fb E4000000 		.4byte	0xe4
 232 00ff 05       		.uleb128 0x5
 233 0100 03       		.byte	0x3
 234 0101 00000000 		.4byte	dataBuffer
 235 0105 0A       		.uleb128 0xa
 236 0106 01020000 		.4byte	.LASF19
 237 010a 05       		.byte	0x5
 238 010b 18       		.byte	0x18
 239 010c 81000000 		.4byte	0x81
 240 0110 05       		.uleb128 0x5
 241 0111 03       		.byte	0x3
 242 0112 00000000 		.4byte	Flag
 243 0116 0B       		.uleb128 0xb
 244 0117 F9000000 		.4byte	.LASF20
 245 011b 06       		.byte	0x6
 246 011c 1207     		.2byte	0x712
 247 011e 22010000 		.4byte	0x122
 248 0122 0C       		.uleb128 0xc
 249 0123 76000000 		.4byte	0x76
 250 0127 08       		.uleb128 0x8
 251 0128 A7000000 		.4byte	0xa7
 252 012c 37010000 		.4byte	0x137
 253 0130 09       		.uleb128 0x9
 254 0131 B5000000 		.4byte	0xb5
 255 0135 01       		.byte	0x1
 256 0136 00       		.byte	0
 257 0137 0A       		.uleb128 0xa
 258 0138 29010000 		.4byte	.LASF21
 259 013c 07       		.byte	0x7
 260 013d 1B       		.byte	0x1b
 261 013e 27010000 		.4byte	0x127
 262 0142 05       		.uleb128 0x5
 263 0143 03       		.byte	0x3
 264 0144 00000000 		.4byte	AdcBuffer
 265 0148 0A       		.uleb128 0xa
 266 0149 24020000 		.4byte	.LASF22
 267 014d 01       		.byte	0x1
 268 014e 13       		.byte	0x13
 269 014f 8D000000 		.4byte	0x8d
 270 0153 05       		.uleb128 0x5
 271 0154 03       		.byte	0x3
 272 0155 00000000 		.4byte	value_digit
 273 0159 0A       		.uleb128 0xa
 274 015a 36000000 		.4byte	.LASF23
 275 015e 01       		.byte	0x1
 276 015f 14       		.byte	0x14
 277 0160 8D000000 		.4byte	0x8d
 278 0164 05       		.uleb128 0x5
 279 0165 03       		.byte	0x3
 280 0166 00000000 		.4byte	value_mv
 281 016a 0D       		.uleb128 0xd
 282 016b 0A000000 		.4byte	.LASF24
 283 016f 0A000000 		.4byte	.LASF24
 284 0173 08       		.byte	0x8
 285 0174 5E       		.byte	0x5e
ARM GAS  C:\Users\cante\AppData\Local\Temp\ccZ4sF1O.s 			page 7


 286 0175 0D       		.uleb128 0xd
 287 0176 C7010000 		.4byte	.LASF25
 288 017a C7010000 		.4byte	.LASF25
 289 017e 09       		.byte	0x9
 290 017f 47       		.byte	0x47
 291 0180 00       		.byte	0
 292              		.section	.debug_abbrev,"",%progbits
 293              	.Ldebug_abbrev0:
 294 0000 01       		.uleb128 0x1
 295 0001 11       		.uleb128 0x11
 296 0002 01       		.byte	0x1
 297 0003 25       		.uleb128 0x25
 298 0004 0E       		.uleb128 0xe
 299 0005 13       		.uleb128 0x13
 300 0006 0B       		.uleb128 0xb
 301 0007 03       		.uleb128 0x3
 302 0008 0E       		.uleb128 0xe
 303 0009 1B       		.uleb128 0x1b
 304 000a 0E       		.uleb128 0xe
 305 000b 55       		.uleb128 0x55
 306 000c 17       		.uleb128 0x17
 307 000d 11       		.uleb128 0x11
 308 000e 01       		.uleb128 0x1
 309 000f 10       		.uleb128 0x10
 310 0010 17       		.uleb128 0x17
 311 0011 00       		.byte	0
 312 0012 00       		.byte	0
 313 0013 02       		.uleb128 0x2
 314 0014 24       		.uleb128 0x24
 315 0015 00       		.byte	0
 316 0016 0B       		.uleb128 0xb
 317 0017 0B       		.uleb128 0xb
 318 0018 3E       		.uleb128 0x3e
 319 0019 0B       		.uleb128 0xb
 320 001a 03       		.uleb128 0x3
 321 001b 0E       		.uleb128 0xe
 322 001c 00       		.byte	0
 323 001d 00       		.byte	0
 324 001e 03       		.uleb128 0x3
 325 001f 16       		.uleb128 0x16
 326 0020 00       		.byte	0
 327 0021 03       		.uleb128 0x3
 328 0022 0E       		.uleb128 0xe
 329 0023 3A       		.uleb128 0x3a
 330 0024 0B       		.uleb128 0xb
 331 0025 3B       		.uleb128 0x3b
 332 0026 0B       		.uleb128 0xb
 333 0027 49       		.uleb128 0x49
 334 0028 13       		.uleb128 0x13
 335 0029 00       		.byte	0
 336 002a 00       		.byte	0
 337 002b 04       		.uleb128 0x4
 338 002c 24       		.uleb128 0x24
 339 002d 00       		.byte	0
 340 002e 0B       		.uleb128 0xb
 341 002f 0B       		.uleb128 0xb
 342 0030 3E       		.uleb128 0x3e
ARM GAS  C:\Users\cante\AppData\Local\Temp\ccZ4sF1O.s 			page 8


 343 0031 0B       		.uleb128 0xb
 344 0032 03       		.uleb128 0x3
 345 0033 08       		.uleb128 0x8
 346 0034 00       		.byte	0
 347 0035 00       		.byte	0
 348 0036 05       		.uleb128 0x5
 349 0037 16       		.uleb128 0x16
 350 0038 00       		.byte	0
 351 0039 03       		.uleb128 0x3
 352 003a 0E       		.uleb128 0xe
 353 003b 3A       		.uleb128 0x3a
 354 003c 0B       		.uleb128 0xb
 355 003d 3B       		.uleb128 0x3b
 356 003e 05       		.uleb128 0x5
 357 003f 49       		.uleb128 0x49
 358 0040 13       		.uleb128 0x13
 359 0041 00       		.byte	0
 360 0042 00       		.byte	0
 361 0043 06       		.uleb128 0x6
 362 0044 2E       		.uleb128 0x2e
 363 0045 01       		.byte	0x1
 364 0046 3F       		.uleb128 0x3f
 365 0047 19       		.uleb128 0x19
 366 0048 03       		.uleb128 0x3
 367 0049 0E       		.uleb128 0xe
 368 004a 3A       		.uleb128 0x3a
 369 004b 0B       		.uleb128 0xb
 370 004c 3B       		.uleb128 0x3b
 371 004d 0B       		.uleb128 0xb
 372 004e 27       		.uleb128 0x27
 373 004f 19       		.uleb128 0x19
 374 0050 11       		.uleb128 0x11
 375 0051 01       		.uleb128 0x1
 376 0052 12       		.uleb128 0x12
 377 0053 06       		.uleb128 0x6
 378 0054 40       		.uleb128 0x40
 379 0055 18       		.uleb128 0x18
 380 0056 9742     		.uleb128 0x2117
 381 0058 19       		.uleb128 0x19
 382 0059 01       		.uleb128 0x1
 383 005a 13       		.uleb128 0x13
 384 005b 00       		.byte	0
 385 005c 00       		.byte	0
 386 005d 07       		.uleb128 0x7
 387 005e 898201   		.uleb128 0x4109
 388 0061 00       		.byte	0
 389 0062 11       		.uleb128 0x11
 390 0063 01       		.uleb128 0x1
 391 0064 31       		.uleb128 0x31
 392 0065 13       		.uleb128 0x13
 393 0066 00       		.byte	0
 394 0067 00       		.byte	0
 395 0068 08       		.uleb128 0x8
 396 0069 01       		.uleb128 0x1
 397 006a 01       		.byte	0x1
 398 006b 49       		.uleb128 0x49
 399 006c 13       		.uleb128 0x13
ARM GAS  C:\Users\cante\AppData\Local\Temp\ccZ4sF1O.s 			page 9


 400 006d 01       		.uleb128 0x1
 401 006e 13       		.uleb128 0x13
 402 006f 00       		.byte	0
 403 0070 00       		.byte	0
 404 0071 09       		.uleb128 0x9
 405 0072 21       		.uleb128 0x21
 406 0073 00       		.byte	0
 407 0074 49       		.uleb128 0x49
 408 0075 13       		.uleb128 0x13
 409 0076 2F       		.uleb128 0x2f
 410 0077 0B       		.uleb128 0xb
 411 0078 00       		.byte	0
 412 0079 00       		.byte	0
 413 007a 0A       		.uleb128 0xa
 414 007b 34       		.uleb128 0x34
 415 007c 00       		.byte	0
 416 007d 03       		.uleb128 0x3
 417 007e 0E       		.uleb128 0xe
 418 007f 3A       		.uleb128 0x3a
 419 0080 0B       		.uleb128 0xb
 420 0081 3B       		.uleb128 0x3b
 421 0082 0B       		.uleb128 0xb
 422 0083 49       		.uleb128 0x49
 423 0084 13       		.uleb128 0x13
 424 0085 3F       		.uleb128 0x3f
 425 0086 19       		.uleb128 0x19
 426 0087 02       		.uleb128 0x2
 427 0088 18       		.uleb128 0x18
 428 0089 00       		.byte	0
 429 008a 00       		.byte	0
 430 008b 0B       		.uleb128 0xb
 431 008c 34       		.uleb128 0x34
 432 008d 00       		.byte	0
 433 008e 03       		.uleb128 0x3
 434 008f 0E       		.uleb128 0xe
 435 0090 3A       		.uleb128 0x3a
 436 0091 0B       		.uleb128 0xb
 437 0092 3B       		.uleb128 0x3b
 438 0093 05       		.uleb128 0x5
 439 0094 49       		.uleb128 0x49
 440 0095 13       		.uleb128 0x13
 441 0096 3F       		.uleb128 0x3f
 442 0097 19       		.uleb128 0x19
 443 0098 3C       		.uleb128 0x3c
 444 0099 19       		.uleb128 0x19
 445 009a 00       		.byte	0
 446 009b 00       		.byte	0
 447 009c 0C       		.uleb128 0xc
 448 009d 35       		.uleb128 0x35
 449 009e 00       		.byte	0
 450 009f 49       		.uleb128 0x49
 451 00a0 13       		.uleb128 0x13
 452 00a1 00       		.byte	0
 453 00a2 00       		.byte	0
 454 00a3 0D       		.uleb128 0xd
 455 00a4 2E       		.uleb128 0x2e
 456 00a5 00       		.byte	0
ARM GAS  C:\Users\cante\AppData\Local\Temp\ccZ4sF1O.s 			page 10


 457 00a6 3F       		.uleb128 0x3f
 458 00a7 19       		.uleb128 0x19
 459 00a8 3C       		.uleb128 0x3c
 460 00a9 19       		.uleb128 0x19
 461 00aa 6E       		.uleb128 0x6e
 462 00ab 0E       		.uleb128 0xe
 463 00ac 03       		.uleb128 0x3
 464 00ad 0E       		.uleb128 0xe
 465 00ae 3A       		.uleb128 0x3a
 466 00af 0B       		.uleb128 0xb
 467 00b0 3B       		.uleb128 0x3b
 468 00b1 0B       		.uleb128 0xb
 469 00b2 00       		.byte	0
 470 00b3 00       		.byte	0
 471 00b4 00       		.byte	0
 472              		.section	.debug_aranges,"",%progbits
 473 0000 1C000000 		.4byte	0x1c
 474 0004 0200     		.2byte	0x2
 475 0006 00000000 		.4byte	.Ldebug_info0
 476 000a 04       		.byte	0x4
 477 000b 00       		.byte	0
 478 000c 0000     		.2byte	0
 479 000e 0000     		.2byte	0
 480 0010 00000000 		.4byte	.LFB64
 481 0014 60000000 		.4byte	.LFE64-.LFB64
 482 0018 00000000 		.4byte	0
 483 001c 00000000 		.4byte	0
 484              		.section	.debug_ranges,"",%progbits
 485              	.Ldebug_ranges0:
 486 0000 00000000 		.4byte	.LFB64
 487 0004 60000000 		.4byte	.LFE64
 488 0008 00000000 		.4byte	0
 489 000c 00000000 		.4byte	0
 490              		.section	.debug_line,"",%progbits
 491              	.Ldebug_line0:
 492 0000 CB010000 		.section	.debug_str,"MS",%progbits,1
 492      02009D01 
 492      00000201 
 492      FB0E0D00 
 492      01010101 
 493              	.LASF9:
 494 0000 5F5F696E 		.ascii	"__int32_t\000"
 494      7433325F 
 494      7400
 495              	.LASF24:
 496 000a 54696D65 		.ascii	"Timer_ReadStatusRegister\000"
 496      725F5265 
 496      61645374 
 496      61747573 
 496      52656769 
 497              	.LASF3:
 498 0023 73686F72 		.ascii	"short unsigned int\000"
 498      7420756E 
 498      7369676E 
 498      65642069 
 498      6E7400
 499              	.LASF23:
ARM GAS  C:\Users\cante\AppData\Local\Temp\ccZ4sF1O.s 			page 11


 500 0036 76616C75 		.ascii	"value_mv\000"
 500      655F6D76 
 500      00
 501              	.LASF13:
 502 003f 666C6F61 		.ascii	"float\000"
 502      7400
 503              	.LASF1:
 504 0045 756E7369 		.ascii	"unsigned char\000"
 504      676E6564 
 504      20636861 
 504      7200
 505              	.LASF26:
 506 0053 474E5520 		.ascii	"GNU C11 5.4.1 20160609 (release) [ARM/embedded-5-br"
 506      43313120 
 506      352E342E 
 506      31203230 
 506      31363036 
 507 0086 616E6368 		.ascii	"anch revision 237715] -mcpu=cortex-m3 -mthumb -g -O"
 507      20726576 
 507      6973696F 
 507      6E203233 
 507      37373135 
 508 00b9 67202D66 		.ascii	"g -ffunction-sections -ffat-lto-objects\000"
 508      66756E63 
 508      74696F6E 
 508      2D736563 
 508      74696F6E 
 509              	.LASF5:
 510 00e1 6C6F6E67 		.ascii	"long unsigned int\000"
 510      20756E73 
 510      69676E65 
 510      6420696E 
 510      7400
 511              	.LASF12:
 512 00f3 696E7433 		.ascii	"int32\000"
 512      3200
 513              	.LASF20:
 514 00f9 49544D5F 		.ascii	"ITM_RxBuffer\000"
 514      52784275 
 514      66666572 
 514      00
 515              	.LASF14:
 516 0106 646F7562 		.ascii	"double\000"
 516      6C6500
 517              	.LASF18:
 518 010d 64617461 		.ascii	"dataBuffer\000"
 518      42756666 
 518      657200
 519              	.LASF29:
 520 0118 43757374 		.ascii	"Custom_ISR_timer\000"
 520      6F6D5F49 
 520      53525F74 
 520      696D6572 
 520      00
 521              	.LASF21:
 522 0129 41646342 		.ascii	"AdcBuffer\000"
 522      75666665 
ARM GAS  C:\Users\cante\AppData\Local\Temp\ccZ4sF1O.s 			page 12


 522      7200
 523              	.LASF8:
 524 0133 756E7369 		.ascii	"unsigned int\000"
 524      676E6564 
 524      20696E74 
 524      00
 525              	.LASF28:
 526 0140 433A5C55 		.ascii	"C:\\Users\\cante\\Desktop\\INGEGNERIA BIOMEDICA\\V "
 526      73657273 
 526      5C63616E 
 526      74655C44 
 526      65736B74 
 527 016e 414E4E4F 		.ascii	"ANNO\\LAB ELETTRONICA\\PSoC\\Progetti DMA\\Workspac"
 527      5C4C4142 
 527      20454C45 
 527      5454524F 
 527      4E494341 
 528 019d 6530315C 		.ascii	"e01\\Design02.cydsn\000"
 528      44657369 
 528      676E3032 
 528      2E637964 
 528      736E00
 529              	.LASF7:
 530 01b0 6C6F6E67 		.ascii	"long long unsigned int\000"
 530      206C6F6E 
 530      6720756E 
 530      7369676E 
 530      65642069 
 531              	.LASF25:
 532 01c7 4144435F 		.ascii	"ADC_DelSig_CountsTo_mVolts\000"
 532      44656C53 
 532      69675F43 
 532      6F756E74 
 532      73546F5F 
 533              	.LASF10:
 534 01e2 696E7433 		.ascii	"int32_t\000"
 534      325F7400 
 535              	.LASF17:
 536 01ea 73697A65 		.ascii	"sizetype\000"
 536      74797065 
 536      00
 537              	.LASF6:
 538 01f3 6C6F6E67 		.ascii	"long long int\000"
 538      206C6F6E 
 538      6720696E 
 538      7400
 539              	.LASF19:
 540 0201 466C6167 		.ascii	"Flag\000"
 540      00
 541              	.LASF15:
 542 0206 63686172 		.ascii	"char\000"
 542      00
 543              	.LASF2:
 544 020b 73686F72 		.ascii	"short int\000"
 544      7420696E 
 544      7400
 545              	.LASF11:
ARM GAS  C:\Users\cante\AppData\Local\Temp\ccZ4sF1O.s 			page 13


 546 0215 75696E74 		.ascii	"uint8\000"
 546      3800
 547              	.LASF4:
 548 021b 6C6F6E67 		.ascii	"long int\000"
 548      20696E74 
 548      00
 549              	.LASF22:
 550 0224 76616C75 		.ascii	"value_digit\000"
 550      655F6469 
 550      67697400 
 551              	.LASF16:
 552 0230 6C6F6E67 		.ascii	"long double\000"
 552      20646F75 
 552      626C6500 
 553              	.LASF0:
 554 023c 7369676E 		.ascii	"signed char\000"
 554      65642063 
 554      68617200 
 555              	.LASF27:
 556 0248 496E7465 		.ascii	"InterruptRoutines.c\000"
 556      72727570 
 556      74526F75 
 556      74696E65 
 556      732E6300 
 557              		.ident	"GCC: (GNU Tools for ARM Embedded Processors) 5.4.1 20160609 (release) [ARM/embedded-5-bran
