ARM GAS  C:\Users\cante\AppData\Local\Temp\ccHni4Dh.s 			page 1


   1              		.syntax unified
   2              		.cpu cortex-m3
   3              		.fpu softvfp
   4              		.eabi_attribute 20, 1
   5              		.eabi_attribute 21, 1
   6              		.eabi_attribute 23, 3
   7              		.eabi_attribute 24, 1
   8              		.eabi_attribute 25, 1
   9              		.eabi_attribute 26, 1
  10              		.eabi_attribute 30, 1
  11              		.eabi_attribute 34, 1
  12              		.eabi_attribute 18, 4
  13              		.thumb
  14              		.syntax unified
  15              		.file	"main.c"
  16              		.text
  17              	.Ltext0:
  18              		.cfi_sections	.debug_frame
  19              		.section	.text.main,"ax",%progbits
  20              		.align	2
  21              		.global	main
  22              		.thumb
  23              		.thumb_func
  24              		.type	main, %function
  25              	main:
  26              	.LFB63:
  27              		.file 1 "main.c"
   1:main.c        **** /* ========================================
   2:main.c        ****  *
   3:main.c        ****  * Copyright YOUR COMPANY, THE YEAR
   4:main.c        ****  * All Rights Reserved
   5:main.c        ****  * UNPUBLISHED, LICENSED SOFTWARE.
   6:main.c        ****  *
   7:main.c        ****  * CONFIDENTIAL AND PROPRIETARY INFORMATION
   8:main.c        ****  * WHICH IS THE PROPERTY OF your company.
   9:main.c        ****  *
  10:main.c        ****  * ========================================
  11:main.c        **** */
  12:main.c        **** 
  13:main.c        **** 
  14:main.c        **** /*
  15:main.c        **** when the button is pressed, the LED is on
  16:main.c        **** */ 
  17:main.c        **** 
  18:main.c        **** 
  19:main.c        **** 
  20:main.c        **** #include "project.h"
  21:main.c        **** #include "RGBLedDriver.h"
  22:main.c        **** #include "colors.h"
  23:main.c        **** 
  24:main.c        **** #define LED_ON 1 //high digital state
  25:main.c        **** #define LED_OFF 0 // low digital state
  26:main.c        **** #define PUSHBUTTON_PRESSED 0 //perchè ho la resistenza di pullup
  27:main.c        **** 
  28:main.c        **** 
  29:main.c        **** int main(void)
  30:main.c        **** {
ARM GAS  C:\Users\cante\AppData\Local\Temp\ccHni4Dh.s 			page 2


  28              		.loc 1 30 0
  29              		.cfi_startproc
  30              		@ Volatile: function does not return.
  31              		@ args = 0, pretend = 0, frame = 0
  32              		@ frame_needed = 0, uses_anonymous_args = 0
  33 0000 08B5     		push	{r3, lr}
  34              		.cfi_def_cfa_offset 8
  35              		.cfi_offset 3, -8
  36              		.cfi_offset 14, -4
  31:main.c        ****        
  32:main.c        ****     // the clock is started by default 
  33:main.c        ****     CyGlobalIntEnable; /* Enable global interrupts. */
  37              		.loc 1 33 0
  38              		.syntax unified
  39              	@ 33 "main.c" 1
  40 0002 62B6     		CPSIE   i
  41              	@ 0 "" 2
  34:main.c        ****     
  35:main.c        ****     UART_Start();
  42              		.loc 1 35 0
  43              		.thumb
  44              		.syntax unified
  45 0004 FFF7FEFF 		bl	UART_Start
  46              	.LVL0:
  47              	.L2:
  36:main.c        ****     /* Place your initialization/startup code here (e.g. MyInst_Start()) */
  37:main.c        **** 
  38:main.c        ****    
  39:main.c        ****     for(;;)
  40:main.c        ****     {
  41:main.c        ****       UART_PutString("Hello World\r\n");
  48              		.loc 1 41 0 discriminator 1
  49 0008 0348     		ldr	r0, .L4
  50 000a FFF7FEFF 		bl	UART_PutString
  51              	.LVL1:
  42:main.c        ****       CyDelay(1000);
  52              		.loc 1 42 0 discriminator 1
  53 000e 4FF47A70 		mov	r0, #1000
  54 0012 FFF7FEFF 		bl	CyDelay
  55              	.LVL2:
  56 0016 F7E7     		b	.L2
  57              	.L5:
  58              		.align	2
  59              	.L4:
  60 0018 00000000 		.word	.LC0
  61              		.cfi_endproc
  62              	.LFE63:
  63              		.size	main, .-main
  64              		.global	TEAL
  65              		.global	YELLOW
  66              		.global	MAGENTA
  67              		.global	LIME
  68              		.global	RED
  69              		.section	.rodata
  70              		.align	2
  71              		.type	TEAL, %object
  72              		.size	TEAL, 3
ARM GAS  C:\Users\cante\AppData\Local\Temp\ccHni4Dh.s 			page 3


  73              	TEAL:
  74 0000 80       		.byte	-128
  75 0001 00       		.byte	0
  76 0002 80       		.byte	-128
  77 0003 00       		.space	1
  78              		.type	YELLOW, %object
  79              		.size	YELLOW, 3
  80              	YELLOW:
  81 0004 FF       		.byte	-1
  82 0005 FF       		.byte	-1
  83 0006 00       		.byte	0
  84 0007 00       		.space	1
  85              		.type	MAGENTA, %object
  86              		.size	MAGENTA, 3
  87              	MAGENTA:
  88 0008 FF       		.byte	-1
  89 0009 00       		.byte	0
  90 000a FF       		.byte	-1
  91 000b 00       		.space	1
  92              		.type	LIME, %object
  93              		.size	LIME, 3
  94              	LIME:
  95 000c 00       		.byte	0
  96 000d FF       		.byte	-1
  97 000e 00       		.byte	0
  98 000f 00       		.space	1
  99              		.type	RED, %object
 100              		.size	RED, 3
 101              	RED:
 102 0010 FF       		.byte	-1
 103 0011 00       		.byte	0
 104 0012 00       		.byte	0
 105              		.section	.rodata.str1.4,"aMS",%progbits,1
 106              		.align	2
 107              	.LC0:
 108 0000 48656C6C 		.ascii	"Hello World\015\012\000"
 108      6F20576F 
 108      726C640D 
 108      0A00
 109              		.text
 110              	.Letext0:
 111              		.file 2 "c:\\program files (x86)\\cypress\\psoc creator\\4.4\\psoc creator\\import\\gnu\\arm\\5.4.
 112              		.file 3 "c:\\program files (x86)\\cypress\\psoc creator\\4.4\\psoc creator\\import\\gnu\\arm\\5.4.
 113              		.file 4 "RGBLedDriver.h"
 114              		.file 5 "Generated_Source\\PSoC5/core_cm3.h"
 115              		.file 6 "colors.h"
 116              		.file 7 "Generated_Source\\PSoC5/UART.h"
 117              		.file 8 "Generated_Source\\PSoC5/CyLib.h"
 118              		.section	.debug_info,"",%progbits
 119              	.Ldebug_info0:
 120 0000 C6010000 		.4byte	0x1c6
 121 0004 0400     		.2byte	0x4
 122 0006 00000000 		.4byte	.Ldebug_abbrev0
 123 000a 04       		.byte	0x4
 124 000b 01       		.uleb128 0x1
 125 000c 3E000000 		.4byte	.LASF28
 126 0010 0C       		.byte	0xc
ARM GAS  C:\Users\cante\AppData\Local\Temp\ccHni4Dh.s 			page 4


 127 0011 74010000 		.4byte	.LASF29
 128 0015 8A010000 		.4byte	.LASF30
 129 0019 00000000 		.4byte	.Ldebug_ranges0+0
 130 001d 00000000 		.4byte	0
 131 0021 00000000 		.4byte	.Ldebug_line0
 132 0025 02       		.uleb128 0x2
 133 0026 01       		.byte	0x1
 134 0027 06       		.byte	0x6
 135 0028 24000000 		.4byte	.LASF0
 136 002c 03       		.uleb128 0x3
 137 002d 00000000 		.4byte	.LASF4
 138 0031 02       		.byte	0x2
 139 0032 1D       		.byte	0x1d
 140 0033 37000000 		.4byte	0x37
 141 0037 02       		.uleb128 0x2
 142 0038 01       		.byte	0x1
 143 0039 08       		.byte	0x8
 144 003a 30000000 		.4byte	.LASF1
 145 003e 02       		.uleb128 0x2
 146 003f 02       		.byte	0x2
 147 0040 05       		.byte	0x5
 148 0041 80010000 		.4byte	.LASF2
 149 0045 02       		.uleb128 0x2
 150 0046 02       		.byte	0x2
 151 0047 07       		.byte	0x7
 152 0048 DE000000 		.4byte	.LASF3
 153 004c 03       		.uleb128 0x3
 154 004d 14000000 		.4byte	.LASF5
 155 0051 02       		.byte	0x2
 156 0052 3F       		.byte	0x3f
 157 0053 57000000 		.4byte	0x57
 158 0057 02       		.uleb128 0x2
 159 0058 04       		.byte	0x4
 160 0059 05       		.byte	0x5
 161 005a F6010000 		.4byte	.LASF6
 162 005e 02       		.uleb128 0x2
 163 005f 04       		.byte	0x4
 164 0060 07       		.byte	0x7
 165 0061 CC000000 		.4byte	.LASF7
 166 0065 02       		.uleb128 0x2
 167 0066 08       		.byte	0x8
 168 0067 05       		.byte	0x5
 169 0068 66010000 		.4byte	.LASF8
 170 006c 02       		.uleb128 0x2
 171 006d 08       		.byte	0x8
 172 006e 07       		.byte	0x7
 173 006f 30010000 		.4byte	.LASF9
 174 0073 04       		.uleb128 0x4
 175 0074 04       		.byte	0x4
 176 0075 05       		.byte	0x5
 177 0076 696E7400 		.ascii	"int\000"
 178 007a 02       		.uleb128 0x2
 179 007b 04       		.byte	0x4
 180 007c 07       		.byte	0x7
 181 007d 23010000 		.4byte	.LASF10
 182 0081 03       		.uleb128 0x3
 183 0082 47010000 		.4byte	.LASF11
ARM GAS  C:\Users\cante\AppData\Local\Temp\ccHni4Dh.s 			page 5


 184 0086 03       		.byte	0x3
 185 0087 18       		.byte	0x18
 186 0088 2C000000 		.4byte	0x2c
 187 008c 03       		.uleb128 0x3
 188 008d 4F010000 		.4byte	.LASF12
 189 0091 03       		.byte	0x3
 190 0092 2C       		.byte	0x2c
 191 0093 4C000000 		.4byte	0x4c
 192 0097 02       		.uleb128 0x2
 193 0098 04       		.byte	0x4
 194 0099 04       		.byte	0x4
 195 009a 1E000000 		.4byte	.LASF13
 196 009e 02       		.uleb128 0x2
 197 009f 08       		.byte	0x8
 198 00a0 04       		.byte	0x4
 199 00a1 17010000 		.4byte	.LASF14
 200 00a5 02       		.uleb128 0x2
 201 00a6 01       		.byte	0x1
 202 00a7 08       		.byte	0x8
 203 00a8 7B010000 		.4byte	.LASF15
 204 00ac 02       		.uleb128 0x2
 205 00ad 08       		.byte	0x8
 206 00ae 04       		.byte	0x4
 207 00af FF010000 		.4byte	.LASF16
 208 00b3 02       		.uleb128 0x2
 209 00b4 04       		.byte	0x4
 210 00b5 07       		.byte	0x7
 211 00b6 57010000 		.4byte	.LASF17
 212 00ba 05       		.uleb128 0x5
 213 00bb 03       		.byte	0x3
 214 00bc 04       		.byte	0x4
 215 00bd 12       		.byte	0x12
 216 00be E7000000 		.4byte	0xe7
 217 00c2 06       		.uleb128 0x6
 218 00c3 FC000000 		.4byte	.LASF18
 219 00c7 04       		.byte	0x4
 220 00c8 17       		.byte	0x17
 221 00c9 81000000 		.4byte	0x81
 222 00cd 00       		.byte	0
 223 00ce 07       		.uleb128 0x7
 224 00cf 72656400 		.ascii	"red\000"
 225 00d3 04       		.byte	0x4
 226 00d4 18       		.byte	0x18
 227 00d5 81000000 		.4byte	0x81
 228 00d9 01       		.byte	0x1
 229 00da 07       		.uleb128 0x7
 230 00db 626C7500 		.ascii	"blu\000"
 231 00df 04       		.byte	0x4
 232 00e0 19       		.byte	0x19
 233 00e1 81000000 		.4byte	0x81
 234 00e5 02       		.byte	0x2
 235 00e6 00       		.byte	0
 236 00e7 03       		.uleb128 0x3
 237 00e8 60010000 		.4byte	.LASF19
 238 00ec 04       		.byte	0x4
 239 00ed 1A       		.byte	0x1a
 240 00ee BA000000 		.4byte	0xba
ARM GAS  C:\Users\cante\AppData\Local\Temp\ccHni4Dh.s 			page 6


 241 00f2 08       		.uleb128 0x8
 242 00f3 1E010000 		.4byte	.LASF31
 243 00f7 01       		.byte	0x1
 244 00f8 1D       		.byte	0x1d
 245 00f9 73000000 		.4byte	0x73
 246 00fd 00000000 		.4byte	.LFB63
 247 0101 1C000000 		.4byte	.LFE63-.LFB63
 248 0105 01       		.uleb128 0x1
 249 0106 9C       		.byte	0x9c
 250 0107 3D010000 		.4byte	0x13d
 251 010b 09       		.uleb128 0x9
 252 010c 08000000 		.4byte	.LVL0
 253 0110 A8010000 		.4byte	0x1a8
 254 0114 0A       		.uleb128 0xa
 255 0115 0E000000 		.4byte	.LVL1
 256 0119 B3010000 		.4byte	0x1b3
 257 011d 2B010000 		.4byte	0x12b
 258 0121 0B       		.uleb128 0xb
 259 0122 01       		.uleb128 0x1
 260 0123 50       		.byte	0x50
 261 0124 05       		.uleb128 0x5
 262 0125 03       		.byte	0x3
 263 0126 00000000 		.4byte	.LC0
 264 012a 00       		.byte	0
 265 012b 0C       		.uleb128 0xc
 266 012c 16000000 		.4byte	.LVL2
 267 0130 BE010000 		.4byte	0x1be
 268 0134 0B       		.uleb128 0xb
 269 0135 01       		.uleb128 0x1
 270 0136 50       		.byte	0x50
 271 0137 03       		.uleb128 0x3
 272 0138 0A       		.byte	0xa
 273 0139 E803     		.2byte	0x3e8
 274 013b 00       		.byte	0
 275 013c 00       		.byte	0
 276 013d 0D       		.uleb128 0xd
 277 013e 02010000 		.4byte	.LASF20
 278 0142 05       		.byte	0x5
 279 0143 1207     		.2byte	0x712
 280 0145 49010000 		.4byte	0x149
 281 0149 0E       		.uleb128 0xe
 282 014a 8C000000 		.4byte	0x8c
 283 014e 0F       		.uleb128 0xf
 284 014f 52454400 		.ascii	"RED\000"
 285 0153 06       		.byte	0x6
 286 0154 0A       		.byte	0xa
 287 0155 5F010000 		.4byte	0x15f
 288 0159 05       		.uleb128 0x5
 289 015a 03       		.byte	0x3
 290 015b 00000000 		.4byte	RED
 291 015f 10       		.uleb128 0x10
 292 0160 E7000000 		.4byte	0xe7
 293 0164 11       		.uleb128 0x11
 294 0165 0A000000 		.4byte	.LASF21
 295 0169 06       		.byte	0x6
 296 016a 0B       		.byte	0xb
 297 016b 5F010000 		.4byte	0x15f
ARM GAS  C:\Users\cante\AppData\Local\Temp\ccHni4Dh.s 			page 7


 298 016f 05       		.uleb128 0x5
 299 0170 03       		.byte	0x3
 300 0171 00000000 		.4byte	LIME
 301 0175 11       		.uleb128 0x11
 302 0176 0F010000 		.4byte	.LASF22
 303 017a 06       		.byte	0x6
 304 017b 0C       		.byte	0xc
 305 017c 5F010000 		.4byte	0x15f
 306 0180 05       		.uleb128 0x5
 307 0181 03       		.byte	0x3
 308 0182 00000000 		.4byte	MAGENTA
 309 0186 11       		.uleb128 0x11
 310 0187 1A020000 		.4byte	.LASF23
 311 018b 06       		.byte	0x6
 312 018c 0D       		.byte	0xd
 313 018d 5F010000 		.4byte	0x15f
 314 0191 05       		.uleb128 0x5
 315 0192 03       		.byte	0x3
 316 0193 00000000 		.4byte	YELLOW
 317 0197 11       		.uleb128 0x11
 318 0198 0F000000 		.4byte	.LASF24
 319 019c 06       		.byte	0x6
 320 019d 0E       		.byte	0xe
 321 019e 5F010000 		.4byte	0x15f
 322 01a2 05       		.uleb128 0x5
 323 01a3 03       		.byte	0x3
 324 01a4 00000000 		.4byte	TEAL
 325 01a8 12       		.uleb128 0x12
 326 01a9 F1000000 		.4byte	.LASF25
 327 01ad F1000000 		.4byte	.LASF25
 328 01b1 07       		.byte	0x7
 329 01b2 54       		.byte	0x54
 330 01b3 12       		.uleb128 0x12
 331 01b4 0B020000 		.4byte	.LASF26
 332 01b8 0B020000 		.4byte	.LASF26
 333 01bc 07       		.byte	0x7
 334 01bd 8B       		.byte	0x8b
 335 01be 12       		.uleb128 0x12
 336 01bf 21020000 		.4byte	.LASF27
 337 01c3 21020000 		.4byte	.LASF27
 338 01c7 08       		.byte	0x8
 339 01c8 76       		.byte	0x76
 340 01c9 00       		.byte	0
 341              		.section	.debug_abbrev,"",%progbits
 342              	.Ldebug_abbrev0:
 343 0000 01       		.uleb128 0x1
 344 0001 11       		.uleb128 0x11
 345 0002 01       		.byte	0x1
 346 0003 25       		.uleb128 0x25
 347 0004 0E       		.uleb128 0xe
 348 0005 13       		.uleb128 0x13
 349 0006 0B       		.uleb128 0xb
 350 0007 03       		.uleb128 0x3
 351 0008 0E       		.uleb128 0xe
 352 0009 1B       		.uleb128 0x1b
 353 000a 0E       		.uleb128 0xe
 354 000b 55       		.uleb128 0x55
ARM GAS  C:\Users\cante\AppData\Local\Temp\ccHni4Dh.s 			page 8


 355 000c 17       		.uleb128 0x17
 356 000d 11       		.uleb128 0x11
 357 000e 01       		.uleb128 0x1
 358 000f 10       		.uleb128 0x10
 359 0010 17       		.uleb128 0x17
 360 0011 00       		.byte	0
 361 0012 00       		.byte	0
 362 0013 02       		.uleb128 0x2
 363 0014 24       		.uleb128 0x24
 364 0015 00       		.byte	0
 365 0016 0B       		.uleb128 0xb
 366 0017 0B       		.uleb128 0xb
 367 0018 3E       		.uleb128 0x3e
 368 0019 0B       		.uleb128 0xb
 369 001a 03       		.uleb128 0x3
 370 001b 0E       		.uleb128 0xe
 371 001c 00       		.byte	0
 372 001d 00       		.byte	0
 373 001e 03       		.uleb128 0x3
 374 001f 16       		.uleb128 0x16
 375 0020 00       		.byte	0
 376 0021 03       		.uleb128 0x3
 377 0022 0E       		.uleb128 0xe
 378 0023 3A       		.uleb128 0x3a
 379 0024 0B       		.uleb128 0xb
 380 0025 3B       		.uleb128 0x3b
 381 0026 0B       		.uleb128 0xb
 382 0027 49       		.uleb128 0x49
 383 0028 13       		.uleb128 0x13
 384 0029 00       		.byte	0
 385 002a 00       		.byte	0
 386 002b 04       		.uleb128 0x4
 387 002c 24       		.uleb128 0x24
 388 002d 00       		.byte	0
 389 002e 0B       		.uleb128 0xb
 390 002f 0B       		.uleb128 0xb
 391 0030 3E       		.uleb128 0x3e
 392 0031 0B       		.uleb128 0xb
 393 0032 03       		.uleb128 0x3
 394 0033 08       		.uleb128 0x8
 395 0034 00       		.byte	0
 396 0035 00       		.byte	0
 397 0036 05       		.uleb128 0x5
 398 0037 13       		.uleb128 0x13
 399 0038 01       		.byte	0x1
 400 0039 0B       		.uleb128 0xb
 401 003a 0B       		.uleb128 0xb
 402 003b 3A       		.uleb128 0x3a
 403 003c 0B       		.uleb128 0xb
 404 003d 3B       		.uleb128 0x3b
 405 003e 0B       		.uleb128 0xb
 406 003f 01       		.uleb128 0x1
 407 0040 13       		.uleb128 0x13
 408 0041 00       		.byte	0
 409 0042 00       		.byte	0
 410 0043 06       		.uleb128 0x6
 411 0044 0D       		.uleb128 0xd
ARM GAS  C:\Users\cante\AppData\Local\Temp\ccHni4Dh.s 			page 9


 412 0045 00       		.byte	0
 413 0046 03       		.uleb128 0x3
 414 0047 0E       		.uleb128 0xe
 415 0048 3A       		.uleb128 0x3a
 416 0049 0B       		.uleb128 0xb
 417 004a 3B       		.uleb128 0x3b
 418 004b 0B       		.uleb128 0xb
 419 004c 49       		.uleb128 0x49
 420 004d 13       		.uleb128 0x13
 421 004e 38       		.uleb128 0x38
 422 004f 0B       		.uleb128 0xb
 423 0050 00       		.byte	0
 424 0051 00       		.byte	0
 425 0052 07       		.uleb128 0x7
 426 0053 0D       		.uleb128 0xd
 427 0054 00       		.byte	0
 428 0055 03       		.uleb128 0x3
 429 0056 08       		.uleb128 0x8
 430 0057 3A       		.uleb128 0x3a
 431 0058 0B       		.uleb128 0xb
 432 0059 3B       		.uleb128 0x3b
 433 005a 0B       		.uleb128 0xb
 434 005b 49       		.uleb128 0x49
 435 005c 13       		.uleb128 0x13
 436 005d 38       		.uleb128 0x38
 437 005e 0B       		.uleb128 0xb
 438 005f 00       		.byte	0
 439 0060 00       		.byte	0
 440 0061 08       		.uleb128 0x8
 441 0062 2E       		.uleb128 0x2e
 442 0063 01       		.byte	0x1
 443 0064 3F       		.uleb128 0x3f
 444 0065 19       		.uleb128 0x19
 445 0066 03       		.uleb128 0x3
 446 0067 0E       		.uleb128 0xe
 447 0068 3A       		.uleb128 0x3a
 448 0069 0B       		.uleb128 0xb
 449 006a 3B       		.uleb128 0x3b
 450 006b 0B       		.uleb128 0xb
 451 006c 27       		.uleb128 0x27
 452 006d 19       		.uleb128 0x19
 453 006e 49       		.uleb128 0x49
 454 006f 13       		.uleb128 0x13
 455 0070 8701     		.uleb128 0x87
 456 0072 19       		.uleb128 0x19
 457 0073 11       		.uleb128 0x11
 458 0074 01       		.uleb128 0x1
 459 0075 12       		.uleb128 0x12
 460 0076 06       		.uleb128 0x6
 461 0077 40       		.uleb128 0x40
 462 0078 18       		.uleb128 0x18
 463 0079 9742     		.uleb128 0x2117
 464 007b 19       		.uleb128 0x19
 465 007c 01       		.uleb128 0x1
 466 007d 13       		.uleb128 0x13
 467 007e 00       		.byte	0
 468 007f 00       		.byte	0
ARM GAS  C:\Users\cante\AppData\Local\Temp\ccHni4Dh.s 			page 10


 469 0080 09       		.uleb128 0x9
 470 0081 898201   		.uleb128 0x4109
 471 0084 00       		.byte	0
 472 0085 11       		.uleb128 0x11
 473 0086 01       		.uleb128 0x1
 474 0087 31       		.uleb128 0x31
 475 0088 13       		.uleb128 0x13
 476 0089 00       		.byte	0
 477 008a 00       		.byte	0
 478 008b 0A       		.uleb128 0xa
 479 008c 898201   		.uleb128 0x4109
 480 008f 01       		.byte	0x1
 481 0090 11       		.uleb128 0x11
 482 0091 01       		.uleb128 0x1
 483 0092 31       		.uleb128 0x31
 484 0093 13       		.uleb128 0x13
 485 0094 01       		.uleb128 0x1
 486 0095 13       		.uleb128 0x13
 487 0096 00       		.byte	0
 488 0097 00       		.byte	0
 489 0098 0B       		.uleb128 0xb
 490 0099 8A8201   		.uleb128 0x410a
 491 009c 00       		.byte	0
 492 009d 02       		.uleb128 0x2
 493 009e 18       		.uleb128 0x18
 494 009f 9142     		.uleb128 0x2111
 495 00a1 18       		.uleb128 0x18
 496 00a2 00       		.byte	0
 497 00a3 00       		.byte	0
 498 00a4 0C       		.uleb128 0xc
 499 00a5 898201   		.uleb128 0x4109
 500 00a8 01       		.byte	0x1
 501 00a9 11       		.uleb128 0x11
 502 00aa 01       		.uleb128 0x1
 503 00ab 31       		.uleb128 0x31
 504 00ac 13       		.uleb128 0x13
 505 00ad 00       		.byte	0
 506 00ae 00       		.byte	0
 507 00af 0D       		.uleb128 0xd
 508 00b0 34       		.uleb128 0x34
 509 00b1 00       		.byte	0
 510 00b2 03       		.uleb128 0x3
 511 00b3 0E       		.uleb128 0xe
 512 00b4 3A       		.uleb128 0x3a
 513 00b5 0B       		.uleb128 0xb
 514 00b6 3B       		.uleb128 0x3b
 515 00b7 05       		.uleb128 0x5
 516 00b8 49       		.uleb128 0x49
 517 00b9 13       		.uleb128 0x13
 518 00ba 3F       		.uleb128 0x3f
 519 00bb 19       		.uleb128 0x19
 520 00bc 3C       		.uleb128 0x3c
 521 00bd 19       		.uleb128 0x19
 522 00be 00       		.byte	0
 523 00bf 00       		.byte	0
 524 00c0 0E       		.uleb128 0xe
 525 00c1 35       		.uleb128 0x35
ARM GAS  C:\Users\cante\AppData\Local\Temp\ccHni4Dh.s 			page 11


 526 00c2 00       		.byte	0
 527 00c3 49       		.uleb128 0x49
 528 00c4 13       		.uleb128 0x13
 529 00c5 00       		.byte	0
 530 00c6 00       		.byte	0
 531 00c7 0F       		.uleb128 0xf
 532 00c8 34       		.uleb128 0x34
 533 00c9 00       		.byte	0
 534 00ca 03       		.uleb128 0x3
 535 00cb 08       		.uleb128 0x8
 536 00cc 3A       		.uleb128 0x3a
 537 00cd 0B       		.uleb128 0xb
 538 00ce 3B       		.uleb128 0x3b
 539 00cf 0B       		.uleb128 0xb
 540 00d0 49       		.uleb128 0x49
 541 00d1 13       		.uleb128 0x13
 542 00d2 3F       		.uleb128 0x3f
 543 00d3 19       		.uleb128 0x19
 544 00d4 02       		.uleb128 0x2
 545 00d5 18       		.uleb128 0x18
 546 00d6 00       		.byte	0
 547 00d7 00       		.byte	0
 548 00d8 10       		.uleb128 0x10
 549 00d9 26       		.uleb128 0x26
 550 00da 00       		.byte	0
 551 00db 49       		.uleb128 0x49
 552 00dc 13       		.uleb128 0x13
 553 00dd 00       		.byte	0
 554 00de 00       		.byte	0
 555 00df 11       		.uleb128 0x11
 556 00e0 34       		.uleb128 0x34
 557 00e1 00       		.byte	0
 558 00e2 03       		.uleb128 0x3
 559 00e3 0E       		.uleb128 0xe
 560 00e4 3A       		.uleb128 0x3a
 561 00e5 0B       		.uleb128 0xb
 562 00e6 3B       		.uleb128 0x3b
 563 00e7 0B       		.uleb128 0xb
 564 00e8 49       		.uleb128 0x49
 565 00e9 13       		.uleb128 0x13
 566 00ea 3F       		.uleb128 0x3f
 567 00eb 19       		.uleb128 0x19
 568 00ec 02       		.uleb128 0x2
 569 00ed 18       		.uleb128 0x18
 570 00ee 00       		.byte	0
 571 00ef 00       		.byte	0
 572 00f0 12       		.uleb128 0x12
 573 00f1 2E       		.uleb128 0x2e
 574 00f2 00       		.byte	0
 575 00f3 3F       		.uleb128 0x3f
 576 00f4 19       		.uleb128 0x19
 577 00f5 3C       		.uleb128 0x3c
 578 00f6 19       		.uleb128 0x19
 579 00f7 6E       		.uleb128 0x6e
 580 00f8 0E       		.uleb128 0xe
 581 00f9 03       		.uleb128 0x3
 582 00fa 0E       		.uleb128 0xe
ARM GAS  C:\Users\cante\AppData\Local\Temp\ccHni4Dh.s 			page 12


 583 00fb 3A       		.uleb128 0x3a
 584 00fc 0B       		.uleb128 0xb
 585 00fd 3B       		.uleb128 0x3b
 586 00fe 0B       		.uleb128 0xb
 587 00ff 00       		.byte	0
 588 0100 00       		.byte	0
 589 0101 00       		.byte	0
 590              		.section	.debug_aranges,"",%progbits
 591 0000 1C000000 		.4byte	0x1c
 592 0004 0200     		.2byte	0x2
 593 0006 00000000 		.4byte	.Ldebug_info0
 594 000a 04       		.byte	0x4
 595 000b 00       		.byte	0
 596 000c 0000     		.2byte	0
 597 000e 0000     		.2byte	0
 598 0010 00000000 		.4byte	.LFB63
 599 0014 1C000000 		.4byte	.LFE63-.LFB63
 600 0018 00000000 		.4byte	0
 601 001c 00000000 		.4byte	0
 602              		.section	.debug_ranges,"",%progbits
 603              	.Ldebug_ranges0:
 604 0000 00000000 		.4byte	.LFB63
 605 0004 1C000000 		.4byte	.LFE63
 606 0008 00000000 		.4byte	0
 607 000c 00000000 		.4byte	0
 608              		.section	.debug_line,"",%progbits
 609              	.Ldebug_line0:
 610 0000 93010000 		.section	.debug_str,"MS",%progbits,1
 610      02007201 
 610      00000201 
 610      FB0E0D00 
 610      01010101 
 611              	.LASF4:
 612 0000 5F5F7569 		.ascii	"__uint8_t\000"
 612      6E74385F 
 612      7400
 613              	.LASF21:
 614 000a 4C494D45 		.ascii	"LIME\000"
 614      00
 615              	.LASF24:
 616 000f 5445414C 		.ascii	"TEAL\000"
 616      00
 617              	.LASF5:
 618 0014 5F5F696E 		.ascii	"__int32_t\000"
 618      7433325F 
 618      7400
 619              	.LASF13:
 620 001e 666C6F61 		.ascii	"float\000"
 620      7400
 621              	.LASF0:
 622 0024 7369676E 		.ascii	"signed char\000"
 622      65642063 
 622      68617200 
 623              	.LASF1:
 624 0030 756E7369 		.ascii	"unsigned char\000"
 624      676E6564 
 624      20636861 
ARM GAS  C:\Users\cante\AppData\Local\Temp\ccHni4Dh.s 			page 13


 624      7200
 625              	.LASF28:
 626 003e 474E5520 		.ascii	"GNU C11 5.4.1 20160609 (release) [ARM/embedded-5-br"
 626      43313120 
 626      352E342E 
 626      31203230 
 626      31363036 
 627 0071 616E6368 		.ascii	"anch revision 237715] -mcpu=cortex-m3 -mthumb -g -O"
 627      20726576 
 627      6973696F 
 627      6E203233 
 627      37373135 
 628 00a4 67202D66 		.ascii	"g -ffunction-sections -ffat-lto-objects\000"
 628      66756E63 
 628      74696F6E 
 628      2D736563 
 628      74696F6E 
 629              	.LASF7:
 630 00cc 6C6F6E67 		.ascii	"long unsigned int\000"
 630      20756E73 
 630      69676E65 
 630      6420696E 
 630      7400
 631              	.LASF3:
 632 00de 73686F72 		.ascii	"short unsigned int\000"
 632      7420756E 
 632      7369676E 
 632      65642069 
 632      6E7400
 633              	.LASF25:
 634 00f1 55415254 		.ascii	"UART_Start\000"
 634      5F537461 
 634      727400
 635              	.LASF18:
 636 00fc 67726565 		.ascii	"green\000"
 636      6E00
 637              	.LASF20:
 638 0102 49544D5F 		.ascii	"ITM_RxBuffer\000"
 638      52784275 
 638      66666572 
 638      00
 639              	.LASF22:
 640 010f 4D414745 		.ascii	"MAGENTA\000"
 640      4E544100 
 641              	.LASF14:
 642 0117 646F7562 		.ascii	"double\000"
 642      6C6500
 643              	.LASF31:
 644 011e 6D61696E 		.ascii	"main\000"
 644      00
 645              	.LASF10:
 646 0123 756E7369 		.ascii	"unsigned int\000"
 646      676E6564 
 646      20696E74 
 646      00
 647              	.LASF9:
 648 0130 6C6F6E67 		.ascii	"long long unsigned int\000"
ARM GAS  C:\Users\cante\AppData\Local\Temp\ccHni4Dh.s 			page 14


 648      206C6F6E 
 648      6720756E 
 648      7369676E 
 648      65642069 
 649              	.LASF11:
 650 0147 75696E74 		.ascii	"uint8_t\000"
 650      385F7400 
 651              	.LASF12:
 652 014f 696E7433 		.ascii	"int32_t\000"
 652      325F7400 
 653              	.LASF17:
 654 0157 73697A65 		.ascii	"sizetype\000"
 654      74797065 
 654      00
 655              	.LASF19:
 656 0160 436F6C6F 		.ascii	"Color\000"
 656      7200
 657              	.LASF8:
 658 0166 6C6F6E67 		.ascii	"long long int\000"
 658      206C6F6E 
 658      6720696E 
 658      7400
 659              	.LASF29:
 660 0174 6D61696E 		.ascii	"main.c\000"
 660      2E6300
 661              	.LASF15:
 662 017b 63686172 		.ascii	"char\000"
 662      00
 663              	.LASF2:
 664 0180 73686F72 		.ascii	"short int\000"
 664      7420696E 
 664      7400
 665              	.LASF30:
 666 018a 433A5C55 		.ascii	"C:\\Users\\cante\\Desktop\\INGEGNERIA BIOMEDICA\\V "
 666      73657273 
 666      5C63616E 
 666      74655C44 
 666      65736B74 
 667 01b8 414E4E4F 		.ascii	"ANNO\\LAB ELETTRONICA\\PSoC\\AY2021_II_PSoC_Basics\\"
 667      5C4C4142 
 667      20454C45 
 667      5454524F 
 667      4E494341 
 668 01e8 30362D55 		.ascii	"06-UART.cydsn\000"
 668      4152542E 
 668      63796473 
 668      6E00
 669              	.LASF6:
 670 01f6 6C6F6E67 		.ascii	"long int\000"
 670      20696E74 
 670      00
 671              	.LASF16:
 672 01ff 6C6F6E67 		.ascii	"long double\000"
 672      20646F75 
 672      626C6500 
 673              	.LASF26:
 674 020b 55415254 		.ascii	"UART_PutString\000"
ARM GAS  C:\Users\cante\AppData\Local\Temp\ccHni4Dh.s 			page 15


 674      5F507574 
 674      53747269 
 674      6E6700
 675              	.LASF23:
 676 021a 59454C4C 		.ascii	"YELLOW\000"
 676      4F5700
 677              	.LASF27:
 678 0221 43794465 		.ascii	"CyDelay\000"
 678      6C617900 
 679              		.ident	"GCC: (GNU Tools for ARM Embedded Processors) 5.4.1 20160609 (release) [ARM/embedded-5-bran
