--------------- Build Started: 04/02/2021 11:09:13 Project: 05-RGBLedDriver, Configuration: ARM GCC 5.4-2016-q2-update Debug ---------------
cydsfit.exe -.appdatapath "C:\Users\cante\AppData\Local\Cypress Semiconductor\PSoC Creator\4.4" -.fdsnotice -.fdswarpdepfile=warp_dependencies.txt -.fdselabdepfile=elab_dependencies.txt -.fdsbldfile=generated_files.txt -.fdsreffile=referenced_files.txt -p "C:\Users\cante\Desktop\INGEGNERIA BIOMEDICA\V ANNO\LAB ELETTRONICA\PSoC\AY2021_II_PSoC_Basics\05-RGBLedDriver.cydsn\05-RGBLedDriver.cyprj" -d CY8C5888LTI-LP097 -s "C:\Users\cante\Desktop\INGEGNERIA BIOMEDICA\V ANNO\LAB ELETTRONICA\PSoC\AY2021_II_PSoC_Basics\05-RGBLedDriver.cydsn\Generated_Source\PSoC5" -- -yv2 -q10 -ygs -o2 -v3 -.fftcfgtype=LE
Elaborating Design...
HDL Generation...
Synthesis...
Tech Mapping...
Analog Placement...
Analog Routing...
Analog Code Generation...
Digital Placement...
Digital Routing...
Bitstream Generation...
Bitstream Verification...
Static timing analysis...
API Generation...
Dependency Generation...
Cleanup...
The compile step is up to date, no work needs to be done.
The link step is up to date, no work needs to be done.
--------------- Build Succeeded: 04/02/2021 11:09:28 ---------------
