ARM GAS  C:\Users\cante\AppData\Local\Temp\ccfHkIvt.s 			page 1


   1              		.syntax unified
   2              		.cpu cortex-m3
   3              		.fpu softvfp
   4              		.eabi_attribute 20, 1
   5              		.eabi_attribute 21, 1
   6              		.eabi_attribute 23, 3
   7              		.eabi_attribute 24, 1
   8              		.eabi_attribute 25, 1
   9              		.eabi_attribute 26, 1
  10              		.eabi_attribute 30, 1
  11              		.eabi_attribute 34, 1
  12              		.eabi_attribute 18, 4
  13              		.thumb
  14              		.syntax unified
  15              		.file	"cymetadata.c"
  16              		.text
  17              	.Ltext0:
  18              		.cfi_sections	.debug_frame
  19              		.global	cy_metadata
  20              		.global	cy_meta_flashprotect
  21              		.global	cy_meta_wonvl
  22              		.global	cy_meta_custnvl
  23              		.global	cy_meta_configecc
  24              		.section	.cyconfigecc,"a",%progbits
  25              		.align	2
  26              		.type	cy_meta_configecc, %object
  27              		.size	cy_meta_configecc, 828
  28              	cy_meta_configecc:
  29 0000 02       		.byte	2
  30 0001 4F       		.byte	79
  31 0002 00       		.byte	0
  32 0003 40       		.byte	64
  33 0004 02       		.byte	2
  34 0005 52       		.byte	82
  35 0006 00       		.byte	0
  36 0007 40       		.byte	64
  37 0008 03       		.byte	3
  38 0009 65       		.byte	101
  39 000a 00       		.byte	0
  40 000b 40       		.byte	64
  41 000c 01       		.byte	1
  42 000d 05       		.byte	5
  43 000e 01       		.byte	1
  44 000f 40       		.byte	64
  45 0010 01       		.byte	1
  46 0011 09       		.byte	9
  47 0012 01       		.byte	1
  48 0013 40       		.byte	64
  49 0014 02       		.byte	2
  50 0015 0B       		.byte	11
  51 0016 01       		.byte	1
  52 0017 40       		.byte	64
  53 0018 02       		.byte	2
  54 0019 0D       		.byte	13
  55 001a 01       		.byte	1
  56 001b 40       		.byte	64
  57 001c 01       		.byte	1
ARM GAS  C:\Users\cante\AppData\Local\Temp\ccfHkIvt.s 			page 2


  58 001d 15       		.byte	21
  59 001e 01       		.byte	1
  60 001f 40       		.byte	64
  61 0020 6C       		.byte	108
  62 0021 18       		.byte	24
  63 0022 01       		.byte	1
  64 0023 40       		.byte	64
  65 0024 38       		.byte	56
  66 0025 19       		.byte	25
  67 0026 01       		.byte	1
  68 0027 40       		.byte	64
  69 0028 11       		.byte	17
  70 0029 1A       		.byte	26
  71 002a 01       		.byte	1
  72 002b 40       		.byte	64
  73 002c 43       		.byte	67
  74 002d 1B       		.byte	27
  75 002e 01       		.byte	1
  76 002f 40       		.byte	64
  77 0030 02       		.byte	2
  78 0031 42       		.byte	66
  79 0032 01       		.byte	1
  80 0033 40       		.byte	64
  81 0034 01       		.byte	1
  82 0035 43       		.byte	67
  83 0036 01       		.byte	1
  84 0037 40       		.byte	64
  85 0038 02       		.byte	2
  86 0039 44       		.byte	68
  87 003a 01       		.byte	1
  88 003b 40       		.byte	64
  89 003c 02       		.byte	2
  90 003d 45       		.byte	69
  91 003e 01       		.byte	1
  92 003f 40       		.byte	64
  93 0040 03       		.byte	3
  94 0041 46       		.byte	70
  95 0042 01       		.byte	1
  96 0043 40       		.byte	64
  97 0044 05       		.byte	5
  98 0045 48       		.byte	72
  99 0046 01       		.byte	1
 100 0047 40       		.byte	64
 101 0048 02       		.byte	2
 102 0049 49       		.byte	73
 103 004a 01       		.byte	1
 104 004b 40       		.byte	64
 105 004c 07       		.byte	7
 106 004d 4D       		.byte	77
 107 004e 01       		.byte	1
 108 004f 40       		.byte	64
 109 0050 02       		.byte	2
 110 0051 50       		.byte	80
 111 0052 01       		.byte	1
 112 0053 40       		.byte	64
 113 0054 01       		.byte	1
 114 0055 20       		.byte	32
ARM GAS  C:\Users\cante\AppData\Local\Temp\ccfHkIvt.s 			page 3


 115 0056 0A       		.byte	10
 116 0057 36       		.byte	54
 117 0058 61       		.byte	97
 118 0059 80       		.byte	-128
 119 005a 64       		.byte	100
 120 005b 40       		.byte	64
 121 005c 88       		.byte	-120
 122 005d 0F       		.byte	15
 123 005e 8A       		.byte	-118
 124 005f 72       		.byte	114
 125 0060 8B       		.byte	-117
 126 0061 38       		.byte	56
 127 0062 E0       		.byte	-32
 128 0063 02       		.byte	2
 129 0064 A5       		.byte	-91
 130 0065 80       		.byte	-128
 131 0066 A5       		.byte	-91
 132 0067 80       		.byte	-128
 133 0068 E0       		.byte	-32
 134 0069 02       		.byte	2
 135 006a 85       		.byte	-123
 136 006b 80       		.byte	-128
 137 006c E4       		.byte	-28
 138 006d 02       		.byte	2
 139 006e EE       		.byte	-18
 140 006f 02       		.byte	2
 141 0070 00       		.byte	0
 142 0071 DC       		.byte	-36
 143 0072 02       		.byte	2
 144 0073 22       		.byte	34
 145 0074 03       		.byte	3
 146 0075 08       		.byte	8
 147 0076 04       		.byte	4
 148 0077 10       		.byte	16
 149 0078 05       		.byte	5
 150 0079 53       		.byte	83
 151 007a 06       		.byte	6
 152 007b AC       		.byte	-84
 153 007c 07       		.byte	7
 154 007d 0C       		.byte	12
 155 007e 09       		.byte	9
 156 007f 03       		.byte	3
 157 0080 0A       		.byte	10
 158 0081 03       		.byte	3
 159 0082 0B       		.byte	11
 160 0083 44       		.byte	68
 161 0084 0C       		.byte	12
 162 0085 09       		.byte	9
 163 0086 0E       		.byte	14
 164 0087 D0       		.byte	-48
 165 0088 11       		.byte	17
 166 0089 0A       		.byte	10
 167 008a 13       		.byte	19
 168 008b 54       		.byte	84
 169 008c 14       		.byte	20
 170 008d 0C       		.byte	12
 171 008e 16       		.byte	22
ARM GAS  C:\Users\cante\AppData\Local\Temp\ccfHkIvt.s 			page 4


 172 008f 71       		.byte	113
 173 0090 18       		.byte	24
 174 0091 14       		.byte	20
 175 0092 1E       		.byte	30
 176 0093 20       		.byte	32
 177 0094 21       		.byte	33
 178 0095 20       		.byte	32
 179 0096 23       		.byte	35
 180 0097 45       		.byte	69
 181 0098 25       		.byte	37
 182 0099 80       		.byte	-128
 183 009a 28       		.byte	40
 184 009b 10       		.byte	16
 185 009c 29       		.byte	41
 186 009d 53       		.byte	83
 187 009e 2A       		.byte	42
 188 009f 40       		.byte	64
 189 00a0 2B       		.byte	43
 190 00a1 04       		.byte	4
 191 00a2 31       		.byte	49
 192 00a3 40       		.byte	64
 193 00a4 32       		.byte	50
 194 00a5 E0       		.byte	-32
 195 00a6 33       		.byte	51
 196 00a7 0F       		.byte	15
 197 00a8 34       		.byte	52
 198 00a9 1F       		.byte	31
 199 00aa 35       		.byte	53
 200 00ab 80       		.byte	-128
 201 00ac 37       		.byte	55
 202 00ad 30       		.byte	48
 203 00ae 38       		.byte	56
 204 00af 80       		.byte	-128
 205 00b0 39       		.byte	57
 206 00b1 80       		.byte	-128
 207 00b2 3A       		.byte	58
 208 00b3 08       		.byte	8
 209 00b4 3B       		.byte	59
 210 00b5 08       		.byte	8
 211 00b6 3E       		.byte	62
 212 00b7 40       		.byte	64
 213 00b8 3F       		.byte	63
 214 00b9 11       		.byte	17
 215 00ba 40       		.byte	64
 216 00bb 24       		.byte	36
 217 00bc 41       		.byte	65
 218 00bd 03       		.byte	3
 219 00be 45       		.byte	69
 220 00bf 0B       		.byte	11
 221 00c0 46       		.byte	70
 222 00c1 C0       		.byte	-64
 223 00c2 47       		.byte	71
 224 00c3 0E       		.byte	14
 225 00c4 48       		.byte	72
 226 00c5 19       		.byte	25
 227 00c6 49       		.byte	73
 228 00c7 FF       		.byte	-1
ARM GAS  C:\Users\cante\AppData\Local\Temp\ccfHkIvt.s 			page 5


 229 00c8 4A       		.byte	74
 230 00c9 FF       		.byte	-1
 231 00ca 4B       		.byte	75
 232 00cb FF       		.byte	-1
 233 00cc 4E       		.byte	78
 234 00cd F0       		.byte	-16
 235 00ce 4F       		.byte	79
 236 00cf 44       		.byte	68
 237 00d0 50       		.byte	80
 238 00d1 0C       		.byte	12
 239 00d2 54       		.byte	84
 240 00d3 01       		.byte	1
 241 00d4 58       		.byte	88
 242 00d5 04       		.byte	4
 243 00d6 59       		.byte	89
 244 00d7 04       		.byte	4
 245 00d8 5A       		.byte	90
 246 00d9 04       		.byte	4
 247 00da 5B       		.byte	91
 248 00db 04       		.byte	4
 249 00dc 5C       		.byte	92
 250 00dd 11       		.byte	17
 251 00de 5D       		.byte	93
 252 00df 11       		.byte	17
 253 00e0 5F       		.byte	95
 254 00e1 01       		.byte	1
 255 00e2 66       		.byte	102
 256 00e3 C0       		.byte	-64
 257 00e4 6A       		.byte	106
 258 00e5 40       		.byte	64
 259 00e6 6B       		.byte	107
 260 00e7 02       		.byte	2
 261 00e8 80       		.byte	-128
 262 00e9 2C       		.byte	44
 263 00ea 82       		.byte	-126
 264 00eb 03       		.byte	3
 265 00ec 85       		.byte	-123
 266 00ed 44       		.byte	68
 267 00ee 87       		.byte	-121
 268 00ef 31       		.byte	49
 269 00f0 8D       		.byte	-115
 270 00f1 01       		.byte	1
 271 00f2 8E       		.byte	-114
 272 00f3 0C       		.byte	12
 273 00f4 8F       		.byte	-113
 274 00f5 0E       		.byte	14
 275 00f6 94       		.byte	-108
 276 00f7 31       		.byte	49
 277 00f8 95       		.byte	-107
 278 00f9 E7       		.byte	-25
 279 00fa 96       		.byte	-106
 280 00fb 0E       		.byte	14
 281 00fc 99       		.byte	-103
 282 00fd E7       		.byte	-25
 283 00fe 9D       		.byte	-99
 284 00ff 80       		.byte	-128
 285 0100 A2       		.byte	-94
ARM GAS  C:\Users\cante\AppData\Local\Temp\ccfHkIvt.s 			page 6


 286 0101 13       		.byte	19
 287 0102 A4       		.byte	-92
 288 0103 31       		.byte	49
 289 0104 A5       		.byte	-91
 290 0105 22       		.byte	34
 291 0106 A6       		.byte	-90
 292 0107 06       		.byte	6
 293 0108 A7       		.byte	-89
 294 0109 51       		.byte	81
 295 010a AA       		.byte	-86
 296 010b 08       		.byte	8
 297 010c B0       		.byte	-80
 298 010d 0F       		.byte	15
 299 010e B1       		.byte	-79
 300 010f 07       		.byte	7
 301 0110 B3       		.byte	-77
 302 0111 60       		.byte	96
 303 0112 B4       		.byte	-76
 304 0113 30       		.byte	48
 305 0114 B5       		.byte	-75
 306 0115 80       		.byte	-128
 307 0116 B7       		.byte	-73
 308 0117 18       		.byte	24
 309 0118 B8       		.byte	-72
 310 0119 20       		.byte	32
 311 011a BA       		.byte	-70
 312 011b 82       		.byte	-126
 313 011c BE       		.byte	-66
 314 011d 10       		.byte	16
 315 011e BF       		.byte	-65
 316 011f 40       		.byte	64
 317 0120 C0       		.byte	-64
 318 0121 02       		.byte	2
 319 0122 C7       		.byte	-57
 320 0123 04       		.byte	4
 321 0124 C9       		.byte	-55
 322 0125 FF       		.byte	-1
 323 0126 CA       		.byte	-54
 324 0127 07       		.byte	7
 325 0128 CB       		.byte	-53
 326 0129 FF       		.byte	-1
 327 012a CC       		.byte	-52
 328 012b 40       		.byte	64
 329 012c CD       		.byte	-51
 330 012d 20       		.byte	32
 331 012e CE       		.byte	-50
 332 012f F0       		.byte	-16
 333 0130 CF       		.byte	-49
 334 0131 05       		.byte	5
 335 0132 D0       		.byte	-48
 336 0133 08       		.byte	8
 337 0134 D8       		.byte	-40
 338 0135 04       		.byte	4
 339 0136 D9       		.byte	-39
 340 0137 04       		.byte	4
 341 0138 DA       		.byte	-38
 342 0139 04       		.byte	4
ARM GAS  C:\Users\cante\AppData\Local\Temp\ccfHkIvt.s 			page 7


 343 013a DC       		.byte	-36
 344 013b 11       		.byte	17
 345 013c DD       		.byte	-35
 346 013d 01       		.byte	1
 347 013e DF       		.byte	-33
 348 013f 01       		.byte	1
 349 0140 E0       		.byte	-32
 350 0141 40       		.byte	64
 351 0142 E1       		.byte	-31
 352 0143 A8       		.byte	-88
 353 0144 E2       		.byte	-30
 354 0145 40       		.byte	64
 355 0146 E3       		.byte	-29
 356 0147 20       		.byte	32
 357 0148 01       		.byte	1
 358 0149 02       		.byte	2
 359 014a 03       		.byte	3
 360 014b 01       		.byte	1
 361 014c 05       		.byte	5
 362 014d 12       		.byte	18
 363 014e 06       		.byte	6
 364 014f 02       		.byte	2
 365 0150 07       		.byte	7
 366 0151 21       		.byte	33
 367 0152 09       		.byte	9
 368 0153 08       		.byte	8
 369 0154 0C       		.byte	12
 370 0155 80       		.byte	-128
 371 0156 0D       		.byte	13
 372 0157 08       		.byte	8
 373 0158 0F       		.byte	15
 374 0159 08       		.byte	8
 375 015a 10       		.byte	16
 376 015b 80       		.byte	-128
 377 015c 11       		.byte	17
 378 015d 08       		.byte	8
 379 015e 12       		.byte	18
 380 015f 04       		.byte	4
 381 0160 16       		.byte	22
 382 0161 04       		.byte	4
 383 0162 18       		.byte	24
 384 0163 04       		.byte	4
 385 0164 19       		.byte	25
 386 0165 02       		.byte	2
 387 0166 1B       		.byte	27
 388 0167 80       		.byte	-128
 389 0168 1D       		.byte	29
 390 0169 98       		.byte	-104
 391 016a 1F       		.byte	31
 392 016b 08       		.byte	8
 393 016c 20       		.byte	32
 394 016d 4A       		.byte	74
 395 016e 21       		.byte	33
 396 016f 04       		.byte	4
 397 0170 22       		.byte	34
 398 0171 18       		.byte	24
 399 0172 23       		.byte	35
ARM GAS  C:\Users\cante\AppData\Local\Temp\ccfHkIvt.s 			page 8


 400 0173 40       		.byte	64
 401 0174 25       		.byte	37
 402 0175 04       		.byte	4
 403 0176 27       		.byte	39
 404 0177 A9       		.byte	-87
 405 0178 28       		.byte	40
 406 0179 20       		.byte	32
 407 017a 2C       		.byte	44
 408 017b C0       		.byte	-64
 409 017c 2E       		.byte	46
 410 017d 08       		.byte	8
 411 017e 2F       		.byte	47
 412 017f 08       		.byte	8
 413 0180 32       		.byte	50
 414 0181 40       		.byte	64
 415 0182 33       		.byte	51
 416 0183 14       		.byte	20
 417 0184 35       		.byte	53
 418 0185 02       		.byte	2
 419 0186 38       		.byte	56
 420 0187 40       		.byte	64
 421 0188 39       		.byte	57
 422 0189 08       		.byte	8
 423 018a 3D       		.byte	61
 424 018b 08       		.byte	8
 425 018c 3E       		.byte	62
 426 018d 12       		.byte	18
 427 018e 3F       		.byte	63
 428 018f 20       		.byte	32
 429 0190 40       		.byte	64
 430 0191 04       		.byte	4
 431 0192 44       		.byte	68
 432 0193 40       		.byte	64
 433 0194 45       		.byte	69
 434 0195 08       		.byte	8
 435 0196 47       		.byte	71
 436 0197 20       		.byte	32
 437 0198 48       		.byte	72
 438 0199 80       		.byte	-128
 439 019a 4F       		.byte	79
 440 019b 08       		.byte	8
 441 019c 52       		.byte	82
 442 019d 04       		.byte	4
 443 019e 56       		.byte	86
 444 019f 08       		.byte	8
 445 01a0 57       		.byte	87
 446 01a1 10       		.byte	16
 447 01a2 5E       		.byte	94
 448 01a3 10       		.byte	16
 449 01a4 5F       		.byte	95
 450 01a5 8A       		.byte	-118
 451 01a6 A5       		.byte	-91
 452 01a7 80       		.byte	-128
 453 01a8 C0       		.byte	-64
 454 01a9 F9       		.byte	-7
 455 01aa C2       		.byte	-62
 456 01ab E4       		.byte	-28
ARM GAS  C:\Users\cante\AppData\Local\Temp\ccfHkIvt.s 			page 9


 457 01ac C4       		.byte	-60
 458 01ad 4E       		.byte	78
 459 01ae CA       		.byte	-54
 460 01af E2       		.byte	-30
 461 01b0 CC       		.byte	-52
 462 01b1 8E       		.byte	-114
 463 01b2 CE       		.byte	-50
 464 01b3 EA       		.byte	-22
 465 01b4 D0       		.byte	-48
 466 01b5 E4       		.byte	-28
 467 01b6 D6       		.byte	-42
 468 01b7 F0       		.byte	-16
 469 01b8 86       		.byte	-122
 470 01b9 01       		.byte	1
 471 01ba 88       		.byte	-120
 472 01bb 04       		.byte	4
 473 01bc 92       		.byte	-110
 474 01bd 08       		.byte	8
 475 01be 9A       		.byte	-102
 476 01bf 01       		.byte	1
 477 01c0 9E       		.byte	-98
 478 01c1 08       		.byte	8
 479 01c2 AE       		.byte	-82
 480 01c3 02       		.byte	2
 481 01c4 B0       		.byte	-80
 482 01c5 01       		.byte	1
 483 01c6 B2       		.byte	-78
 484 01c7 08       		.byte	8
 485 01c8 B4       		.byte	-76
 486 01c9 04       		.byte	4
 487 01ca B6       		.byte	-74
 488 01cb 02       		.byte	2
 489 01cc BE       		.byte	-66
 490 01cd 15       		.byte	21
 491 01ce D4       		.byte	-44
 492 01cf 18       		.byte	24
 493 01d0 D8       		.byte	-40
 494 01d1 04       		.byte	4
 495 01d2 DB       		.byte	-37
 496 01d3 04       		.byte	4
 497 01d4 DC       		.byte	-36
 498 01d5 01       		.byte	1
 499 01d6 DD       		.byte	-35
 500 01d7 10       		.byte	16
 501 01d8 DF       		.byte	-33
 502 01d9 01       		.byte	1
 503 01da 00       		.byte	0
 504 01db 48       		.byte	72
 505 01dc 03       		.byte	3
 506 01dd 88       		.byte	-120
 507 01de 05       		.byte	5
 508 01df 10       		.byte	16
 509 01e0 07       		.byte	7
 510 01e1 20       		.byte	32
 511 01e2 0A       		.byte	10
 512 01e3 08       		.byte	8
 513 01e4 0B       		.byte	11
ARM GAS  C:\Users\cante\AppData\Local\Temp\ccfHkIvt.s 			page 10


 514 01e5 51       		.byte	81
 515 01e6 0D       		.byte	13
 516 01e7 12       		.byte	18
 517 01e8 0E       		.byte	14
 518 01e9 01       		.byte	1
 519 01ea 11       		.byte	17
 520 01eb 40       		.byte	64
 521 01ec 12       		.byte	18
 522 01ed 0C       		.byte	12
 523 01ee 13       		.byte	19
 524 01ef 08       		.byte	8
 525 01f0 15       		.byte	21
 526 01f1 40       		.byte	64
 527 01f2 19       		.byte	25
 528 01f3 21       		.byte	33
 529 01f4 1A       		.byte	26
 530 01f5 0D       		.byte	13
 531 01f6 1B       		.byte	27
 532 01f7 08       		.byte	8
 533 01f8 1D       		.byte	29
 534 01f9 40       		.byte	64
 535 01fa 1F       		.byte	31
 536 01fb 25       		.byte	37
 537 01fc 20       		.byte	32
 538 01fd 40       		.byte	64
 539 01fe 21       		.byte	33
 540 01ff 08       		.byte	8
 541 0200 22       		.byte	34
 542 0201 01       		.byte	1
 543 0202 23       		.byte	35
 544 0203 22       		.byte	34
 545 0204 29       		.byte	41
 546 0205 60       		.byte	96
 547 0206 2A       		.byte	42
 548 0207 04       		.byte	4
 549 0208 2B       		.byte	43
 550 0209 80       		.byte	-128
 551 020a 30       		.byte	48
 552 020b 80       		.byte	-128
 553 020c 32       		.byte	50
 554 020d 11       		.byte	17
 555 020e 33       		.byte	51
 556 020f 08       		.byte	8
 557 0210 38       		.byte	56
 558 0211 2A       		.byte	42
 559 0212 3B       		.byte	59
 560 0213 40       		.byte	64
 561 0214 41       		.byte	65
 562 0215 08       		.byte	8
 563 0216 42       		.byte	66
 564 0217 04       		.byte	4
 565 0218 43       		.byte	67
 566 0219 80       		.byte	-128
 567 021a 48       		.byte	72
 568 021b 05       		.byte	5
 569 021c 51       		.byte	81
 570 021d 12       		.byte	18
ARM GAS  C:\Users\cante\AppData\Local\Temp\ccfHkIvt.s 			page 11


 571 021e 59       		.byte	89
 572 021f 01       		.byte	1
 573 0220 5F       		.byte	95
 574 0221 02       		.byte	2
 575 0222 67       		.byte	103
 576 0223 0A       		.byte	10
 577 0224 6A       		.byte	106
 578 0225 80       		.byte	-128
 579 0226 6B       		.byte	107
 580 0227 14       		.byte	20
 581 0228 70       		.byte	112
 582 0229 94       		.byte	-108
 583 022a 73       		.byte	115
 584 022b 19       		.byte	25
 585 022c 83       		.byte	-125
 586 022d 20       		.byte	32
 587 022e 8C       		.byte	-116
 588 022f 21       		.byte	33
 589 0230 8D       		.byte	-115
 590 0231 40       		.byte	64
 591 0232 92       		.byte	-110
 592 0233 20       		.byte	32
 593 0234 93       		.byte	-109
 594 0235 40       		.byte	64
 595 0236 96       		.byte	-106
 596 0237 80       		.byte	-128
 597 0238 99       		.byte	-103
 598 0239 10       		.byte	16
 599 023a 9C       		.byte	-100
 600 023b 20       		.byte	32
 601 023c 9F       		.byte	-97
 602 023d 14       		.byte	20
 603 023e A0       		.byte	-96
 604 023f 05       		.byte	5
 605 0240 A2       		.byte	-94
 606 0241 08       		.byte	8
 607 0242 A3       		.byte	-93
 608 0243 80       		.byte	-128
 609 0244 AD       		.byte	-83
 610 0245 80       		.byte	-128
 611 0246 B2       		.byte	-78
 612 0247 08       		.byte	8
 613 0248 B3       		.byte	-77
 614 0249 02       		.byte	2
 615 024a C0       		.byte	-64
 616 024b 6F       		.byte	111
 617 024c C2       		.byte	-62
 618 024d DF       		.byte	-33
 619 024e C4       		.byte	-60
 620 024f 87       		.byte	-121
 621 0250 CA       		.byte	-54
 622 0251 0F       		.byte	15
 623 0252 CC       		.byte	-52
 624 0253 0F       		.byte	15
 625 0254 CE       		.byte	-50
 626 0255 0F       		.byte	15
 627 0256 D0       		.byte	-48
ARM GAS  C:\Users\cante\AppData\Local\Temp\ccfHkIvt.s 			page 12


 628 0257 0E       		.byte	14
 629 0258 D2       		.byte	-46
 630 0259 0C       		.byte	12
 631 025a D6       		.byte	-42
 632 025b 81       		.byte	-127
 633 025c D8       		.byte	-40
 634 025d 30       		.byte	48
 635 025e E4       		.byte	-28
 636 025f 04       		.byte	4
 637 0260 87       		.byte	-121
 638 0261 01       		.byte	1
 639 0262 E0       		.byte	-32
 640 0263 40       		.byte	64
 641 0264 9F       		.byte	-97
 642 0265 01       		.byte	1
 643 0266 7F       		.byte	127
 644 0267 10       		.byte	16
 645 0268 DE       		.byte	-34
 646 0269 01       		.byte	1
 647 026a 87       		.byte	-121
 648 026b 10       		.byte	16
 649 026c 97       		.byte	-105
 650 026d 20       		.byte	32
 651 026e 45       		.byte	69
 652 026f 08       		.byte	8
 653 0270 85       		.byte	-123
 654 0271 08       		.byte	8
 655 0272 D0       		.byte	-48
 656 0273 01       		.byte	1
 657 0274 27       		.byte	39
 658 0275 01       		.byte	1
 659 0276 64       		.byte	100
 660 0277 10       		.byte	16
 661 0278 9F       		.byte	-97
 662 0279 01       		.byte	1
 663 027a C8       		.byte	-56
 664 027b 20       		.byte	32
 665 027c D8       		.byte	-40
 666 027d 80       		.byte	-128
 667 027e AC       		.byte	-84
 668 027f 10       		.byte	16
 669 0280 EE       		.byte	-18
 670 0281 40       		.byte	64
 671 0282 12       		.byte	18
 672 0283 80       		.byte	-128
 673 0284 70       		.byte	112
 674 0285 01       		.byte	1
 675 0286 80       		.byte	-128
 676 0287 01       		.byte	1
 677 0288 8E       		.byte	-114
 678 0289 80       		.byte	-128
 679 028a C4       		.byte	-60
 680 028b 08       		.byte	8
 681 028c DC       		.byte	-36
 682 028d 01       		.byte	1
 683 028e E2       		.byte	-30
 684 028f 02       		.byte	2
ARM GAS  C:\Users\cante\AppData\Local\Temp\ccfHkIvt.s 			page 13


 685 0290 10       		.byte	16
 686 0291 02       		.byte	2
 687 0292 1C       		.byte	28
 688 0293 02       		.byte	2
 689 0294 7F       		.byte	127
 690 0295 44       		.byte	68
 691 0296 00       		.byte	0
 692 0297 00       		.byte	0
 693 0298 00       		.byte	0
 694 0299 18       		.byte	24
 695 029a 23       		.byte	35
 696 029b 00       		.byte	0
 697 029c 1F       		.byte	31
 698 029d 08       		.byte	8
 699 029e 60       		.byte	96
 700 029f 00       		.byte	0
 701 02a0 1C       		.byte	28
 702 02a1 C0       		.byte	-64
 703 02a2 63       		.byte	99
 704 02a3 00       		.byte	0
 705 02a4 03       		.byte	3
 706 02a5 3C       		.byte	60
 707 02a6 00       		.byte	0
 708 02a7 C2       		.byte	-62
 709 02a8 0C       		.byte	12
 710 02a9 1C       		.byte	28
 711 02aa 00       		.byte	0
 712 02ab E1       		.byte	-31
 713 02ac 73       		.byte	115
 714 02ad 00       		.byte	0
 715 02ae 0C       		.byte	12
 716 02af E3       		.byte	-29
 717 02b0 08       		.byte	8
 718 02b1 10       		.byte	16
 719 02b2 00       		.byte	0
 720 02b3 00       		.byte	0
 721 02b4 00       		.byte	0
 722 02b5 FF       		.byte	-1
 723 02b6 00       		.byte	0
 724 02b7 00       		.byte	0
 725 02b8 04       		.byte	4
 726 02b9 80       		.byte	-128
 727 02ba 00       		.byte	0
 728 02bb 00       		.byte	0
 729 02bc 02       		.byte	2
 730 02bd E7       		.byte	-25
 731 02be 00       		.byte	0
 732 02bf 18       		.byte	24
 733 02c0 01       		.byte	1
 734 02c1 00       		.byte	0
 735 02c2 00       		.byte	0
 736 02c3 04       		.byte	4
 737 02c4 10       		.byte	16
 738 02c5 1F       		.byte	31
 739 02c6 2C       		.byte	44
 740 02c7 38       		.byte	56
 741 02c8 0F       		.byte	15
ARM GAS  C:\Users\cante\AppData\Local\Temp\ccfHkIvt.s 			page 14


 742 02c9 00       		.byte	0
 743 02ca 40       		.byte	64
 744 02cb C0       		.byte	-64
 745 02cc 80       		.byte	-128
 746 02cd 00       		.byte	0
 747 02ce 28       		.byte	40
 748 02cf 02       		.byte	2
 749 02d0 00       		.byte	0
 750 02d1 00       		.byte	0
 751 02d2 01       		.byte	1
 752 02d3 00       		.byte	0
 753 02d4 26       		.byte	38
 754 02d5 01       		.byte	1
 755 02d6 03       		.byte	3
 756 02d7 00       		.byte	0
 757 02d8 05       		.byte	5
 758 02d9 00       		.byte	0
 759 02da C0       		.byte	-64
 760 02db E0       		.byte	-32
 761 02dc 28       		.byte	40
 762 02dd FF       		.byte	-1
 763 02de FF       		.byte	-1
 764 02df FF       		.byte	-1
 765 02e0 62       		.byte	98
 766 02e1 A0       		.byte	-96
 767 02e2 F0       		.byte	-16
 768 02e3 41       		.byte	65
 769 02e4 0C       		.byte	12
 770 02e5 00       		.byte	0
 771 02e6 00       		.byte	0
 772 02e7 00       		.byte	0
 773 02e8 00       		.byte	0
 774 02e9 00       		.byte	0
 775 02ea 02       		.byte	2
 776 02eb 13       		.byte	19
 777 02ec 04       		.byte	4
 778 02ed 04       		.byte	4
 779 02ee 04       		.byte	4
 780 02ef 04       		.byte	4
 781 02f0 11       		.byte	17
 782 02f1 11       		.byte	17
 783 02f2 00       		.byte	0
 784 02f3 01       		.byte	1
 785 02f4 00       		.byte	0
 786 02f5 00       		.byte	0
 787 02f6 00       		.byte	0
 788 02f7 00       		.byte	0
 789 02f8 00       		.byte	0
 790 02f9 00       		.byte	0
 791 02fa 40       		.byte	64
 792 02fb 02       		.byte	2
 793 02fc 00       		.byte	0
 794 02fd 10       		.byte	16
 795 02fe 30       		.byte	48
 796 02ff 10       		.byte	16
 797 0300 00       		.byte	0
 798 0301 10       		.byte	16
ARM GAS  C:\Users\cante\AppData\Local\Temp\ccfHkIvt.s 			page 15


 799 0302 10       		.byte	16
 800 0303 12       		.byte	18
 801 0304 00       		.byte	0
 802 0305 00       		.byte	0
 803 0306 00       		.byte	0
 804 0307 00       		.byte	0
 805 0308 00       		.byte	0
 806 0309 00       		.byte	0
 807 030a 00       		.byte	0
 808 030b 00       		.byte	0
 809 030c 00       		.byte	0
 810 030d 00       		.byte	0
 811 030e 00       		.byte	0
 812 030f 00       		.byte	0
 813 0310 00       		.byte	0
 814 0311 00       		.byte	0
 815 0312 00       		.byte	0
 816 0313 00       		.byte	0
 817 0314 80       		.byte	-128
 818 0315 00       		.byte	0
 819 0316 40       		.byte	64
 820 0317 80       		.byte	-128
 821 0318 80       		.byte	-128
 822 0319 00       		.byte	0
 823 031a 80       		.byte	-128
 824 031b 00       		.byte	0
 825 031c 00       		.byte	0
 826 031d 00       		.byte	0
 827 031e 00       		.byte	0
 828 031f 00       		.byte	0
 829 0320 00       		.byte	0
 830 0321 0B       		.byte	11
 831 0322 0B       		.byte	11
 832 0323 00       		.byte	0
 833 0324 00       		.byte	0
 834 0325 00       		.byte	0
 835 0326 00       		.byte	0
 836 0327 00       		.byte	0
 837 0328 00       		.byte	0
 838 0329 00       		.byte	0
 839 032a 00       		.byte	0
 840 032b 00       		.byte	0
 841 032c 00       		.byte	0
 842 032d 00       		.byte	0
 843 032e 20       		.byte	32
 844 032f 00       		.byte	0
 845 0330 00       		.byte	0
 846 0331 00       		.byte	0
 847 0332 00       		.byte	0
 848 0333 00       		.byte	0
 849 0334 00       		.byte	0
 850 0335 00       		.byte	0
 851 0336 04       		.byte	4
 852 0337 00       		.byte	0
 853 0338 25       		.byte	37
 854 0339 00       		.byte	0
 855 033a 18       		.byte	24
ARM GAS  C:\Users\cante\AppData\Local\Temp\ccfHkIvt.s 			page 16


 856 033b 01       		.byte	1
 857              		.section	.cywolatch,"a",%progbits
 858              		.align	2
 859              		.type	cy_meta_wonvl, %object
 860              		.size	cy_meta_wonvl, 4
 861              	cy_meta_wonvl:
 862 0000 BC       		.byte	-68
 863 0001 90       		.byte	-112
 864 0002 AC       		.byte	-84
 865 0003 AF       		.byte	-81
 866              		.section	.cycustnvl,"a",%progbits
 867              		.align	2
 868              		.type	cy_meta_custnvl, %object
 869              		.size	cy_meta_custnvl, 4
 870              	cy_meta_custnvl:
 871 0000 00       		.byte	0
 872 0001 00       		.byte	0
 873 0002 40       		.byte	64
 874 0003 05       		.byte	5
 875              		.section	.cymeta,"a",%progbits
 876              		.align	2
 877              		.type	cy_metadata, %object
 878              		.size	cy_metadata, 12
 879              	cy_metadata:
 880 0000 00       		.byte	0
 881 0001 01       		.byte	1
 882 0002 2E       		.byte	46
 883 0003 16       		.byte	22
 884 0004 10       		.byte	16
 885 0005 69       		.byte	105
 886 0006 00       		.byte	0
 887 0007 01       		.byte	1
 888 0008 00       		.byte	0
 889 0009 00       		.byte	0
 890 000a 00       		.byte	0
 891 000b 00       		.byte	0
 892              		.section	.cyflashprotect,"a",%progbits
 893              		.align	2
 894              		.type	cy_meta_flashprotect, %object
 895              		.size	cy_meta_flashprotect, 256
 896              	cy_meta_flashprotect:
 897 0000 00000000 		.space	256
 897      00000000 
 897      00000000 
 897      00000000 
 897      00000000 
 898              		.text
 899              	.Letext0:
 900              		.file 1 "c:\\program files (x86)\\cypress\\psoc creator\\4.4\\psoc creator\\import\\gnu\\arm\\5.4.
 901              		.file 2 "c:\\program files (x86)\\cypress\\psoc creator\\4.4\\psoc creator\\import\\gnu\\arm\\5.4.
 902              		.file 3 "Generated_Source\\PSoC5\\cymetadata.c"
 903              		.section	.debug_info,"",%progbits
 904              	.Ldebug_info0:
 905 0000 31010000 		.4byte	0x131
 906 0004 0400     		.2byte	0x4
 907 0006 00000000 		.4byte	.Ldebug_abbrev0
 908 000a 04       		.byte	0x4
ARM GAS  C:\Users\cante\AppData\Local\Temp\ccfHkIvt.s 			page 17


 909 000b 01       		.uleb128 0x1
 910 000c 24000000 		.4byte	.LASF17
 911 0010 0C       		.byte	0xc
 912 0011 F3010000 		.4byte	.LASF18
 913 0015 3A010000 		.4byte	.LASF19
 914 0019 00000000 		.4byte	.Ldebug_line0
 915 001d 02       		.uleb128 0x2
 916 001e 01       		.byte	0x1
 917 001f 06       		.byte	0x6
 918 0020 E7010000 		.4byte	.LASF0
 919 0024 03       		.uleb128 0x3
 920 0025 00000000 		.4byte	.LASF9
 921 0029 01       		.byte	0x1
 922 002a 1D       		.byte	0x1d
 923 002b 2F000000 		.4byte	0x2f
 924 002f 02       		.uleb128 0x2
 925 0030 01       		.byte	0x1
 926 0031 08       		.byte	0x8
 927 0032 16000000 		.4byte	.LASF1
 928 0036 02       		.uleb128 0x2
 929 0037 02       		.byte	0x2
 930 0038 05       		.byte	0x5
 931 0039 D4010000 		.4byte	.LASF2
 932 003d 02       		.uleb128 0x2
 933 003e 02       		.byte	0x2
 934 003f 07       		.byte	0x7
 935 0040 C4000000 		.4byte	.LASF3
 936 0044 02       		.uleb128 0x2
 937 0045 04       		.byte	0x4
 938 0046 05       		.byte	0x5
 939 0047 DE010000 		.4byte	.LASF4
 940 004b 02       		.uleb128 0x2
 941 004c 04       		.byte	0x4
 942 004d 07       		.byte	0x7
 943 004e B2000000 		.4byte	.LASF5
 944 0052 02       		.uleb128 0x2
 945 0053 08       		.byte	0x8
 946 0054 05       		.byte	0x5
 947 0055 C6010000 		.4byte	.LASF6
 948 0059 02       		.uleb128 0x2
 949 005a 08       		.byte	0x8
 950 005b 07       		.byte	0x7
 951 005c 06010000 		.4byte	.LASF7
 952 0060 04       		.uleb128 0x4
 953 0061 04       		.byte	0x4
 954 0062 05       		.byte	0x5
 955 0063 696E7400 		.ascii	"int\000"
 956 0067 02       		.uleb128 0x2
 957 0068 04       		.byte	0x4
 958 0069 07       		.byte	0x7
 959 006a F9000000 		.4byte	.LASF8
 960 006e 03       		.uleb128 0x3
 961 006f 1D010000 		.4byte	.LASF10
 962 0073 02       		.byte	0x2
 963 0074 18       		.byte	0x18
 964 0075 24000000 		.4byte	0x24
 965 0079 05       		.uleb128 0x5
ARM GAS  C:\Users\cante\AppData\Local\Temp\ccfHkIvt.s 			page 18


 966 007a 91000000 		.4byte	0x91
 967 007e 8A000000 		.4byte	0x8a
 968 0082 06       		.uleb128 0x6
 969 0083 8A000000 		.4byte	0x8a
 970 0087 3B03     		.2byte	0x33b
 971 0089 00       		.byte	0
 972 008a 02       		.uleb128 0x2
 973 008b 04       		.byte	0x4
 974 008c 07       		.byte	0x7
 975 008d BD010000 		.4byte	.LASF11
 976 0091 07       		.uleb128 0x7
 977 0092 6E000000 		.4byte	0x6e
 978 0096 08       		.uleb128 0x8
 979 0097 E7000000 		.4byte	.LASF12
 980 009b 03       		.byte	0x3
 981 009c 1F       		.byte	0x1f
 982 009d A7000000 		.4byte	0xa7
 983 00a1 05       		.uleb128 0x5
 984 00a2 03       		.byte	0x3
 985 00a3 00000000 		.4byte	cy_meta_configecc
 986 00a7 07       		.uleb128 0x7
 987 00a8 79000000 		.4byte	0x79
 988 00ac 05       		.uleb128 0x5
 989 00ad 91000000 		.4byte	0x91
 990 00b1 BC000000 		.4byte	0xbc
 991 00b5 09       		.uleb128 0x9
 992 00b6 8A000000 		.4byte	0x8a
 993 00ba 03       		.byte	0x3
 994 00bb 00       		.byte	0
 995 00bc 08       		.uleb128 0x8
 996 00bd D7000000 		.4byte	.LASF13
 997 00c1 03       		.byte	0x3
 998 00c2 94       		.byte	0x94
 999 00c3 CD000000 		.4byte	0xcd
 1000 00c7 05       		.uleb128 0x5
 1001 00c8 03       		.byte	0x3
 1002 00c9 00000000 		.4byte	cy_meta_custnvl
 1003 00cd 07       		.uleb128 0x7
 1004 00ce AC000000 		.4byte	0xac
 1005 00d2 08       		.uleb128 0x8
 1006 00d3 AF010000 		.4byte	.LASF14
 1007 00d7 03       		.byte	0x3
 1008 00d8 A2       		.byte	0xa2
 1009 00d9 E3000000 		.4byte	0xe3
 1010 00dd 05       		.uleb128 0x5
 1011 00de 03       		.byte	0x3
 1012 00df 00000000 		.4byte	cy_meta_wonvl
 1013 00e3 07       		.uleb128 0x7
 1014 00e4 AC000000 		.4byte	0xac
 1015 00e8 05       		.uleb128 0x5
 1016 00e9 91000000 		.4byte	0x91
 1017 00ed F8000000 		.4byte	0xf8
 1018 00f1 09       		.uleb128 0x9
 1019 00f2 8A000000 		.4byte	0x8a
 1020 00f6 FF       		.byte	0xff
 1021 00f7 00       		.byte	0
 1022 00f8 08       		.uleb128 0x8
ARM GAS  C:\Users\cante\AppData\Local\Temp\ccfHkIvt.s 			page 19


 1023 00f9 25010000 		.4byte	.LASF15
 1024 00fd 03       		.byte	0x3
 1025 00fe B0       		.byte	0xb0
 1026 00ff 09010000 		.4byte	0x109
 1027 0103 05       		.uleb128 0x5
 1028 0104 03       		.byte	0x3
 1029 0105 00000000 		.4byte	cy_meta_flashprotect
 1030 0109 07       		.uleb128 0x7
 1031 010a E8000000 		.4byte	0xe8
 1032 010e 05       		.uleb128 0x5
 1033 010f 91000000 		.4byte	0x91
 1034 0113 1E010000 		.4byte	0x11e
 1035 0117 09       		.uleb128 0x9
 1036 0118 8A000000 		.4byte	0x8a
 1037 011c 0B       		.byte	0xb
 1038 011d 00       		.byte	0
 1039 011e 08       		.uleb128 0x8
 1040 011f 0A000000 		.4byte	.LASF16
 1041 0123 03       		.byte	0x3
 1042 0124 DD       		.byte	0xdd
 1043 0125 2F010000 		.4byte	0x12f
 1044 0129 05       		.uleb128 0x5
 1045 012a 03       		.byte	0x3
 1046 012b 00000000 		.4byte	cy_metadata
 1047 012f 07       		.uleb128 0x7
 1048 0130 0E010000 		.4byte	0x10e
 1049 0134 00       		.byte	0
 1050              		.section	.debug_abbrev,"",%progbits
 1051              	.Ldebug_abbrev0:
 1052 0000 01       		.uleb128 0x1
 1053 0001 11       		.uleb128 0x11
 1054 0002 01       		.byte	0x1
 1055 0003 25       		.uleb128 0x25
 1056 0004 0E       		.uleb128 0xe
 1057 0005 13       		.uleb128 0x13
 1058 0006 0B       		.uleb128 0xb
 1059 0007 03       		.uleb128 0x3
 1060 0008 0E       		.uleb128 0xe
 1061 0009 1B       		.uleb128 0x1b
 1062 000a 0E       		.uleb128 0xe
 1063 000b 10       		.uleb128 0x10
 1064 000c 17       		.uleb128 0x17
 1065 000d 00       		.byte	0
 1066 000e 00       		.byte	0
 1067 000f 02       		.uleb128 0x2
 1068 0010 24       		.uleb128 0x24
 1069 0011 00       		.byte	0
 1070 0012 0B       		.uleb128 0xb
 1071 0013 0B       		.uleb128 0xb
 1072 0014 3E       		.uleb128 0x3e
 1073 0015 0B       		.uleb128 0xb
 1074 0016 03       		.uleb128 0x3
 1075 0017 0E       		.uleb128 0xe
 1076 0018 00       		.byte	0
 1077 0019 00       		.byte	0
 1078 001a 03       		.uleb128 0x3
 1079 001b 16       		.uleb128 0x16
ARM GAS  C:\Users\cante\AppData\Local\Temp\ccfHkIvt.s 			page 20


 1080 001c 00       		.byte	0
 1081 001d 03       		.uleb128 0x3
 1082 001e 0E       		.uleb128 0xe
 1083 001f 3A       		.uleb128 0x3a
 1084 0020 0B       		.uleb128 0xb
 1085 0021 3B       		.uleb128 0x3b
 1086 0022 0B       		.uleb128 0xb
 1087 0023 49       		.uleb128 0x49
 1088 0024 13       		.uleb128 0x13
 1089 0025 00       		.byte	0
 1090 0026 00       		.byte	0
 1091 0027 04       		.uleb128 0x4
 1092 0028 24       		.uleb128 0x24
 1093 0029 00       		.byte	0
 1094 002a 0B       		.uleb128 0xb
 1095 002b 0B       		.uleb128 0xb
 1096 002c 3E       		.uleb128 0x3e
 1097 002d 0B       		.uleb128 0xb
 1098 002e 03       		.uleb128 0x3
 1099 002f 08       		.uleb128 0x8
 1100 0030 00       		.byte	0
 1101 0031 00       		.byte	0
 1102 0032 05       		.uleb128 0x5
 1103 0033 01       		.uleb128 0x1
 1104 0034 01       		.byte	0x1
 1105 0035 49       		.uleb128 0x49
 1106 0036 13       		.uleb128 0x13
 1107 0037 01       		.uleb128 0x1
 1108 0038 13       		.uleb128 0x13
 1109 0039 00       		.byte	0
 1110 003a 00       		.byte	0
 1111 003b 06       		.uleb128 0x6
 1112 003c 21       		.uleb128 0x21
 1113 003d 00       		.byte	0
 1114 003e 49       		.uleb128 0x49
 1115 003f 13       		.uleb128 0x13
 1116 0040 2F       		.uleb128 0x2f
 1117 0041 05       		.uleb128 0x5
 1118 0042 00       		.byte	0
 1119 0043 00       		.byte	0
 1120 0044 07       		.uleb128 0x7
 1121 0045 26       		.uleb128 0x26
 1122 0046 00       		.byte	0
 1123 0047 49       		.uleb128 0x49
 1124 0048 13       		.uleb128 0x13
 1125 0049 00       		.byte	0
 1126 004a 00       		.byte	0
 1127 004b 08       		.uleb128 0x8
 1128 004c 34       		.uleb128 0x34
 1129 004d 00       		.byte	0
 1130 004e 03       		.uleb128 0x3
 1131 004f 0E       		.uleb128 0xe
 1132 0050 3A       		.uleb128 0x3a
 1133 0051 0B       		.uleb128 0xb
 1134 0052 3B       		.uleb128 0x3b
 1135 0053 0B       		.uleb128 0xb
 1136 0054 49       		.uleb128 0x49
ARM GAS  C:\Users\cante\AppData\Local\Temp\ccfHkIvt.s 			page 21


 1137 0055 13       		.uleb128 0x13
 1138 0056 3F       		.uleb128 0x3f
 1139 0057 19       		.uleb128 0x19
 1140 0058 02       		.uleb128 0x2
 1141 0059 18       		.uleb128 0x18
 1142 005a 00       		.byte	0
 1143 005b 00       		.byte	0
 1144 005c 09       		.uleb128 0x9
 1145 005d 21       		.uleb128 0x21
 1146 005e 00       		.byte	0
 1147 005f 49       		.uleb128 0x49
 1148 0060 13       		.uleb128 0x13
 1149 0061 2F       		.uleb128 0x2f
 1150 0062 0B       		.uleb128 0xb
 1151 0063 00       		.byte	0
 1152 0064 00       		.byte	0
 1153 0065 00       		.byte	0
 1154              		.section	.debug_aranges,"",%progbits
 1155 0000 14000000 		.4byte	0x14
 1156 0004 0200     		.2byte	0x2
 1157 0006 00000000 		.4byte	.Ldebug_info0
 1158 000a 04       		.byte	0x4
 1159 000b 00       		.byte	0
 1160 000c 0000     		.2byte	0
 1161 000e 0000     		.2byte	0
 1162 0010 00000000 		.4byte	0
 1163 0014 00000000 		.4byte	0
 1164              		.section	.debug_line,"",%progbits
 1165              	.Ldebug_line0:
 1166 0000 3D010000 		.section	.debug_str,"MS",%progbits,1
 1166      02003701 
 1166      00000201 
 1166      FB0E0D00 
 1166      01010101 
 1167              	.LASF9:
 1168 0000 5F5F7569 		.ascii	"__uint8_t\000"
 1168      6E74385F 
 1168      7400
 1169              	.LASF16:
 1170 000a 63795F6D 		.ascii	"cy_metadata\000"
 1170      65746164 
 1170      61746100 
 1171              	.LASF1:
 1172 0016 756E7369 		.ascii	"unsigned char\000"
 1172      676E6564 
 1172      20636861 
 1172      7200
 1173              	.LASF17:
 1174 0024 474E5520 		.ascii	"GNU C11 5.4.1 20160609 (release) [ARM/embedded-5-br"
 1174      43313120 
 1174      352E342E 
 1174      31203230 
 1174      31363036 
 1175 0057 616E6368 		.ascii	"anch revision 237715] -mcpu=cortex-m3 -mthumb -g -O"
 1175      20726576 
 1175      6973696F 
 1175      6E203233 
ARM GAS  C:\Users\cante\AppData\Local\Temp\ccfHkIvt.s 			page 22


 1175      37373135 
 1176 008a 67202D66 		.ascii	"g -ffunction-sections -ffat-lto-objects\000"
 1176      66756E63 
 1176      74696F6E 
 1176      2D736563 
 1176      74696F6E 
 1177              	.LASF5:
 1178 00b2 6C6F6E67 		.ascii	"long unsigned int\000"
 1178      20756E73 
 1178      69676E65 
 1178      6420696E 
 1178      7400
 1179              	.LASF3:
 1180 00c4 73686F72 		.ascii	"short unsigned int\000"
 1180      7420756E 
 1180      7369676E 
 1180      65642069 
 1180      6E7400
 1181              	.LASF13:
 1182 00d7 63795F6D 		.ascii	"cy_meta_custnvl\000"
 1182      6574615F 
 1182      63757374 
 1182      6E766C00 
 1183              	.LASF12:
 1184 00e7 63795F6D 		.ascii	"cy_meta_configecc\000"
 1184      6574615F 
 1184      636F6E66 
 1184      69676563 
 1184      6300
 1185              	.LASF8:
 1186 00f9 756E7369 		.ascii	"unsigned int\000"
 1186      676E6564 
 1186      20696E74 
 1186      00
 1187              	.LASF7:
 1188 0106 6C6F6E67 		.ascii	"long long unsigned int\000"
 1188      206C6F6E 
 1188      6720756E 
 1188      7369676E 
 1188      65642069 
 1189              	.LASF10:
 1190 011d 75696E74 		.ascii	"uint8_t\000"
 1190      385F7400 
 1191              	.LASF15:
 1192 0125 63795F6D 		.ascii	"cy_meta_flashprotect\000"
 1192      6574615F 
 1192      666C6173 
 1192      6870726F 
 1192      74656374 
 1193              	.LASF19:
 1194 013a 433A5C55 		.ascii	"C:\\Users\\cante\\Desktop\\INGEGNERIA BIOMEDICA\\V "
 1194      73657273 
 1194      5C63616E 
 1194      74655C44 
 1194      65736B74 
 1195 0168 414E4E4F 		.ascii	"ANNO\\LAB ELETTRONICA\\PSoC\\Progetti 7 aprile\\Wor"
 1195      5C4C4142 
ARM GAS  C:\Users\cante\AppData\Local\Temp\ccfHkIvt.s 			page 23


 1195      20454C45 
 1195      5454524F 
 1195      4E494341 
 1196 0197 6B737061 		.ascii	"kspace01\\Project2.cydsn\000"
 1196      63653031 
 1196      5C50726F 
 1196      6A656374 
 1196      322E6379 
 1197              	.LASF14:
 1198 01af 63795F6D 		.ascii	"cy_meta_wonvl\000"
 1198      6574615F 
 1198      776F6E76 
 1198      6C00
 1199              	.LASF11:
 1200 01bd 73697A65 		.ascii	"sizetype\000"
 1200      74797065 
 1200      00
 1201              	.LASF6:
 1202 01c6 6C6F6E67 		.ascii	"long long int\000"
 1202      206C6F6E 
 1202      6720696E 
 1202      7400
 1203              	.LASF2:
 1204 01d4 73686F72 		.ascii	"short int\000"
 1204      7420696E 
 1204      7400
 1205              	.LASF4:
 1206 01de 6C6F6E67 		.ascii	"long int\000"
 1206      20696E74 
 1206      00
 1207              	.LASF0:
 1208 01e7 7369676E 		.ascii	"signed char\000"
 1208      65642063 
 1208      68617200 
 1209              	.LASF18:
 1210 01f3 47656E65 		.ascii	"Generated_Source\\PSoC5\\cymetadata.c\000"
 1210      72617465 
 1210      645F536F 
 1210      75726365 
 1210      5C50536F 
 1211              		.ident	"GCC: (GNU Tools for ARM Embedded Processors) 5.4.1 20160609 (release) [ARM/embedded-5-bran
