ARM GAS  C:\Users\cante\AppData\Local\Temp\ccPLKjLV.s 			page 1


   1              		.syntax unified
   2              		.cpu cortex-m3
   3              		.fpu softvfp
   4              		.eabi_attribute 20, 1
   5              		.eabi_attribute 21, 1
   6              		.eabi_attribute 23, 3
   7              		.eabi_attribute 24, 1
   8              		.eabi_attribute 25, 1
   9              		.eabi_attribute 26, 1
  10              		.eabi_attribute 30, 1
  11              		.eabi_attribute 34, 1
  12              		.eabi_attribute 18, 4
  13              		.thumb
  14              		.syntax unified
  15              		.file	"InterruptRoutines.c"
  16              		.text
  17              	.Ltext0:
  18              		.cfi_sections	.debug_frame
  19              		.section	.text.Custom_ISR_ADC,"ax",%progbits
  20              		.align	2
  21              		.global	Custom_ISR_ADC
  22              		.thumb
  23              		.thumb_func
  24              		.type	Custom_ISR_ADC, %function
  25              	Custom_ISR_ADC:
  26              	.LFB64:
  27              		.file 1 "InterruptRoutines.c"
   1:InterruptRoutines.c **** /* ========================================
   2:InterruptRoutines.c ****  *
   3:InterruptRoutines.c ****  * Copyright YOUR COMPANY, THE YEAR
   4:InterruptRoutines.c ****  * All Rights Reserved
   5:InterruptRoutines.c ****  * UNPUBLISHED, LICENSED SOFTWARE.
   6:InterruptRoutines.c ****  *
   7:InterruptRoutines.c ****  * CONFIDENTIAL AND PROPRIETARY INFORMATION
   8:InterruptRoutines.c ****  * WHICH IS THE PROPERTY OF your company.
   9:InterruptRoutines.c ****  *
  10:InterruptRoutines.c ****  * ========================================
  11:InterruptRoutines.c **** */
  12:InterruptRoutines.c **** 
  13:InterruptRoutines.c **** #include "InterruptRoutines.h"
  14:InterruptRoutines.c **** #include "project.h"
  15:InterruptRoutines.c **** 
  16:InterruptRoutines.c **** int32 value_digit;
  17:InterruptRoutines.c **** int32 value_mv; 
  18:InterruptRoutines.c **** extern volatile uint8 PacketReadyFlag;
  19:InterruptRoutines.c **** 
  20:InterruptRoutines.c **** CY_ISR(Custom_ISR_ADC)
  21:InterruptRoutines.c **** {
  28              		.loc 1 21 0
  29              		.cfi_startproc
  30              		@ args = 0, pretend = 0, frame = 0
  31              		@ frame_needed = 0, uses_anonymous_args = 0
  32 0000 08B5     		push	{r3, lr}
  33              		.cfi_def_cfa_offset 8
  34              		.cfi_offset 3, -8
  35              		.cfi_offset 14, -4
  22:InterruptRoutines.c ****     Timer_ReadStatusRegister(); //se non la metto il codice esegue una sola interrupt e si ferma  
ARM GAS  C:\Users\cante\AppData\Local\Temp\ccPLKjLV.s 			page 2


  36              		.loc 1 22 0
  37 0002 FFF7FEFF 		bl	Timer_ReadStatusRegister
  38              	.LVL0:
  23:InterruptRoutines.c ****   
  24:InterruptRoutines.c ****     value_digit= ADC_DelSig_Read32(); //perchè usiamo qui 32 se abbiamo settato l'adc a 16 bit? le
  39              		.loc 1 24 0
  40 0006 FFF7FEFF 		bl	ADC_DelSig_Read32
  41              	.LVL1:
  42 000a 0F4B     		ldr	r3, .L5
  43 000c 1860     		str	r0, [r3]
  25:InterruptRoutines.c ****     
  26:InterruptRoutines.c ****     if (value_digit < 0)     value_digit = 0;
  44              		.loc 1 26 0
  45 000e 0028     		cmp	r0, #0
  46 0010 01DA     		bge	.L2
  47              		.loc 1 26 0 is_stmt 0 discriminator 1
  48 0012 0022     		movs	r2, #0
  49 0014 1A60     		str	r2, [r3]
  50              	.L2:
  27:InterruptRoutines.c ****     if (value_digit > 65535) value_digit = 65535; //setto valori minimo e massimo che noi leggiamo 
  51              		.loc 1 27 0 is_stmt 1
  52 0016 0C4B     		ldr	r3, .L5
  53 0018 1B68     		ldr	r3, [r3]
  54 001a B3F5803F 		cmp	r3, #65536
  55 001e 03DB     		blt	.L3
  56              		.loc 1 27 0 is_stmt 0 discriminator 1
  57 0020 4FF6FF72 		movw	r2, #65535
  58 0024 084B     		ldr	r3, .L5
  59 0026 1A60     		str	r2, [r3]
  60              	.L3:
  28:InterruptRoutines.c ****     
  29:InterruptRoutines.c ****     value_mv = ADC_DelSig_CountsTo_mVolts(value_digit); // trasformo i dati da digit a millivolts m
  61              		.loc 1 29 0 is_stmt 1
  62 0028 074B     		ldr	r3, .L5
  63 002a 1868     		ldr	r0, [r3]
  64 002c FFF7FEFF 		bl	ADC_DelSig_CountsTo_mVolts
  65              	.LVL2:
  66 0030 0246     		mov	r2, r0
  67 0032 064B     		ldr	r3, .L5+4
  68 0034 1860     		str	r0, [r3]
  30:InterruptRoutines.c ****     
  31:InterruptRoutines.c ****     sprintf(DataBuffer, "Sample: %ld mV\r\n", value_mv); 
  69              		.loc 1 31 0
  70 0036 0649     		ldr	r1, .L5+8
  71 0038 0648     		ldr	r0, .L5+12
  72 003a FFF7FEFF 		bl	sprintf
  73              	.LVL3:
  32:InterruptRoutines.c ****     
  33:InterruptRoutines.c ****     PacketReadyFlag = 1;
  74              		.loc 1 33 0
  75 003e 0122     		movs	r2, #1
  76 0040 054B     		ldr	r3, .L5+16
  77 0042 1A70     		strb	r2, [r3]
  78 0044 08BD     		pop	{r3, pc}
  79              	.L6:
  80 0046 00BF     		.align	2
  81              	.L5:
ARM GAS  C:\Users\cante\AppData\Local\Temp\ccPLKjLV.s 			page 3


  82 0048 00000000 		.word	value_digit
  83 004c 00000000 		.word	value_mv
  84 0050 00000000 		.word	.LC0
  85 0054 00000000 		.word	DataBuffer
  86 0058 00000000 		.word	PacketReadyFlag
  87              		.cfi_endproc
  88              	.LFE64:
  89              		.size	Custom_ISR_ADC, .-Custom_ISR_ADC
  90              		.comm	value_mv,4,4
  91              		.comm	value_digit,4,4
  92              		.comm	DataBuffer,64,4
  93              		.section	.rodata.str1.4,"aMS",%progbits,1
  94              		.align	2
  95              	.LC0:
  96 0000 53616D70 		.ascii	"Sample: %ld mV\015\012\000"
  96      6C653A20 
  96      256C6420 
  96      6D560D0A 
  96      00
  97              		.text
  98              	.Letext0:
  99              		.file 2 "c:\\program files (x86)\\cypress\\psoc creator\\4.4\\psoc creator\\import\\gnu\\arm\\5.4.
 100              		.file 3 "c:\\program files (x86)\\cypress\\psoc creator\\4.4\\psoc creator\\import\\gnu\\arm\\5.4.
 101              		.file 4 "Generated_Source\\PSoC5/cytypes.h"
 102              		.file 5 "InterruptRoutines.h"
 103              		.file 6 "Generated_Source\\PSoC5/core_cm3.h"
 104              		.file 7 "Generated_Source\\PSoC5/Timer.h"
 105              		.file 8 "Generated_Source\\PSoC5/ADC_DelSig.h"
 106              		.file 9 "c:\\program files (x86)\\cypress\\psoc creator\\4.4\\psoc creator\\import\\gnu\\arm\\5.4.
 107              		.section	.debug_info,"",%progbits
 108              	.Ldebug_info0:
 109 0000 96010000 		.4byte	0x196
 110 0004 0400     		.2byte	0x4
 111 0006 00000000 		.4byte	.Ldebug_abbrev0
 112 000a 04       		.byte	0x4
 113 000b 01       		.uleb128 0x1
 114 000c 62000000 		.4byte	.LASF27
 115 0010 0C       		.byte	0xc
 116 0011 66020000 		.4byte	.LASF28
 117 0015 5B010000 		.4byte	.LASF29
 118 0019 00000000 		.4byte	.Ldebug_ranges0+0
 119 001d 00000000 		.4byte	0
 120 0021 00000000 		.4byte	.Ldebug_line0
 121 0025 02       		.uleb128 0x2
 122 0026 01       		.byte	0x1
 123 0027 06       		.byte	0x6
 124 0028 52020000 		.4byte	.LASF0
 125 002c 02       		.uleb128 0x2
 126 002d 01       		.byte	0x1
 127 002e 08       		.byte	0x8
 128 002f 54000000 		.4byte	.LASF1
 129 0033 02       		.uleb128 0x2
 130 0034 02       		.byte	0x2
 131 0035 05       		.byte	0x5
 132 0036 11020000 		.4byte	.LASF2
 133 003a 02       		.uleb128 0x2
 134 003b 02       		.byte	0x2
ARM GAS  C:\Users\cante\AppData\Local\Temp\ccPLKjLV.s 			page 4


 135 003c 07       		.byte	0x7
 136 003d 32000000 		.4byte	.LASF3
 137 0041 03       		.uleb128 0x3
 138 0042 0F000000 		.4byte	.LASF9
 139 0046 02       		.byte	0x2
 140 0047 3F       		.byte	0x3f
 141 0048 4C000000 		.4byte	0x4c
 142 004c 02       		.uleb128 0x2
 143 004d 04       		.byte	0x4
 144 004e 05       		.byte	0x5
 145 004f 31020000 		.4byte	.LASF4
 146 0053 02       		.uleb128 0x2
 147 0054 04       		.byte	0x4
 148 0055 07       		.byte	0x7
 149 0056 F0000000 		.4byte	.LASF5
 150 005a 02       		.uleb128 0x2
 151 005b 08       		.byte	0x8
 152 005c 05       		.byte	0x5
 153 005d F3010000 		.4byte	.LASF6
 154 0061 02       		.uleb128 0x2
 155 0062 08       		.byte	0x8
 156 0063 07       		.byte	0x7
 157 0064 29010000 		.4byte	.LASF7
 158 0068 04       		.uleb128 0x4
 159 0069 04       		.byte	0x4
 160 006a 05       		.byte	0x5
 161 006b 696E7400 		.ascii	"int\000"
 162 006f 02       		.uleb128 0x2
 163 0070 04       		.byte	0x4
 164 0071 07       		.byte	0x7
 165 0072 1C010000 		.4byte	.LASF8
 166 0076 03       		.uleb128 0x3
 167 0077 D0010000 		.4byte	.LASF10
 168 007b 03       		.byte	0x3
 169 007c 2C       		.byte	0x2c
 170 007d 41000000 		.4byte	0x41
 171 0081 05       		.uleb128 0x5
 172 0082 2B020000 		.4byte	.LASF11
 173 0086 04       		.byte	0x4
 174 0087 E901     		.2byte	0x1e9
 175 0089 2C000000 		.4byte	0x2c
 176 008d 05       		.uleb128 0x5
 177 008e 02010000 		.4byte	.LASF12
 178 0092 04       		.byte	0x4
 179 0093 EE01     		.2byte	0x1ee
 180 0095 4C000000 		.4byte	0x4c
 181 0099 02       		.uleb128 0x2
 182 009a 04       		.byte	0x4
 183 009b 04       		.byte	0x4
 184 009c 4E000000 		.4byte	.LASF13
 185 00a0 02       		.uleb128 0x2
 186 00a1 08       		.byte	0x8
 187 00a2 04       		.byte	0x4
 188 00a3 15010000 		.4byte	.LASF14
 189 00a7 02       		.uleb128 0x2
 190 00a8 01       		.byte	0x1
 191 00a9 08       		.byte	0x8
ARM GAS  C:\Users\cante\AppData\Local\Temp\ccPLKjLV.s 			page 5


 192 00aa 01020000 		.4byte	.LASF15
 193 00ae 06       		.uleb128 0x6
 194 00af 81000000 		.4byte	0x81
 195 00b3 02       		.uleb128 0x2
 196 00b4 08       		.byte	0x8
 197 00b5 04       		.byte	0x4
 198 00b6 46020000 		.4byte	.LASF16
 199 00ba 02       		.uleb128 0x2
 200 00bb 04       		.byte	0x4
 201 00bc 07       		.byte	0x7
 202 00bd D8010000 		.4byte	.LASF17
 203 00c1 07       		.uleb128 0x7
 204 00c2 00000000 		.4byte	.LASF30
 205 00c6 01       		.byte	0x1
 206 00c7 14       		.byte	0x14
 207 00c8 00000000 		.4byte	.LFB64
 208 00cc 5C000000 		.4byte	.LFE64-.LFB64
 209 00d0 01       		.uleb128 0x1
 210 00d1 9C       		.byte	0x9c
 211 00d2 0E010000 		.4byte	0x10e
 212 00d6 08       		.uleb128 0x8
 213 00d7 06000000 		.4byte	.LVL0
 214 00db 6D010000 		.4byte	0x16d
 215 00df 08       		.uleb128 0x8
 216 00e0 0A000000 		.4byte	.LVL1
 217 00e4 78010000 		.4byte	0x178
 218 00e8 08       		.uleb128 0x8
 219 00e9 30000000 		.4byte	.LVL2
 220 00ed 83010000 		.4byte	0x183
 221 00f1 09       		.uleb128 0x9
 222 00f2 3E000000 		.4byte	.LVL3
 223 00f6 8E010000 		.4byte	0x18e
 224 00fa 0A       		.uleb128 0xa
 225 00fb 01       		.uleb128 0x1
 226 00fc 50       		.byte	0x50
 227 00fd 05       		.uleb128 0x5
 228 00fe 03       		.byte	0x3
 229 00ff 00000000 		.4byte	DataBuffer
 230 0103 0A       		.uleb128 0xa
 231 0104 01       		.uleb128 0x1
 232 0105 51       		.byte	0x51
 233 0106 05       		.uleb128 0x5
 234 0107 03       		.byte	0x3
 235 0108 00000000 		.4byte	.LC0
 236 010c 00       		.byte	0
 237 010d 00       		.byte	0
 238 010e 0B       		.uleb128 0xb
 239 010f A7000000 		.4byte	0xa7
 240 0113 1E010000 		.4byte	0x11e
 241 0117 0C       		.uleb128 0xc
 242 0118 BA000000 		.4byte	0xba
 243 011c 3F       		.byte	0x3f
 244 011d 00       		.byte	0
 245 011e 0D       		.uleb128 0xd
 246 011f 06020000 		.4byte	.LASF18
 247 0123 05       		.byte	0x5
 248 0124 17       		.byte	0x17
ARM GAS  C:\Users\cante\AppData\Local\Temp\ccPLKjLV.s 			page 6


 249 0125 0E010000 		.4byte	0x10e
 250 0129 05       		.uleb128 0x5
 251 012a 03       		.byte	0x3
 252 012b 00000000 		.4byte	DataBuffer
 253 012f 0E       		.uleb128 0xe
 254 0130 08010000 		.4byte	.LASF19
 255 0134 06       		.byte	0x6
 256 0135 1207     		.2byte	0x712
 257 0137 3B010000 		.4byte	0x13b
 258 013b 06       		.uleb128 0x6
 259 013c 76000000 		.4byte	0x76
 260 0140 0D       		.uleb128 0xd
 261 0141 3A020000 		.4byte	.LASF20
 262 0145 01       		.byte	0x1
 263 0146 10       		.byte	0x10
 264 0147 8D000000 		.4byte	0x8d
 265 014b 05       		.uleb128 0x5
 266 014c 03       		.byte	0x3
 267 014d 00000000 		.4byte	value_digit
 268 0151 0D       		.uleb128 0xd
 269 0152 45000000 		.4byte	.LASF21
 270 0156 01       		.byte	0x1
 271 0157 11       		.byte	0x11
 272 0158 8D000000 		.4byte	0x8d
 273 015c 05       		.uleb128 0x5
 274 015d 03       		.byte	0x3
 275 015e 00000000 		.4byte	value_mv
 276 0162 0F       		.uleb128 0xf
 277 0163 1B020000 		.4byte	.LASF22
 278 0167 01       		.byte	0x1
 279 0168 12       		.byte	0x12
 280 0169 AE000000 		.4byte	0xae
 281 016d 10       		.uleb128 0x10
 282 016e 19000000 		.4byte	.LASF23
 283 0172 19000000 		.4byte	.LASF23
 284 0176 07       		.byte	0x7
 285 0177 5E       		.byte	0x5e
 286 0178 10       		.uleb128 0x10
 287 0179 E1010000 		.4byte	.LASF24
 288 017d E1010000 		.4byte	.LASF24
 289 0181 08       		.byte	0x8
 290 0182 56       		.byte	0x56
 291 0183 10       		.uleb128 0x10
 292 0184 40010000 		.4byte	.LASF25
 293 0188 40010000 		.4byte	.LASF25
 294 018c 08       		.byte	0x8
 295 018d 47       		.byte	0x47
 296 018e 10       		.uleb128 0x10
 297 018f 5E020000 		.4byte	.LASF26
 298 0193 5E020000 		.4byte	.LASF26
 299 0197 09       		.byte	0x9
 300 0198 E7       		.byte	0xe7
 301 0199 00       		.byte	0
 302              		.section	.debug_abbrev,"",%progbits
 303              	.Ldebug_abbrev0:
 304 0000 01       		.uleb128 0x1
 305 0001 11       		.uleb128 0x11
ARM GAS  C:\Users\cante\AppData\Local\Temp\ccPLKjLV.s 			page 7


 306 0002 01       		.byte	0x1
 307 0003 25       		.uleb128 0x25
 308 0004 0E       		.uleb128 0xe
 309 0005 13       		.uleb128 0x13
 310 0006 0B       		.uleb128 0xb
 311 0007 03       		.uleb128 0x3
 312 0008 0E       		.uleb128 0xe
 313 0009 1B       		.uleb128 0x1b
 314 000a 0E       		.uleb128 0xe
 315 000b 55       		.uleb128 0x55
 316 000c 17       		.uleb128 0x17
 317 000d 11       		.uleb128 0x11
 318 000e 01       		.uleb128 0x1
 319 000f 10       		.uleb128 0x10
 320 0010 17       		.uleb128 0x17
 321 0011 00       		.byte	0
 322 0012 00       		.byte	0
 323 0013 02       		.uleb128 0x2
 324 0014 24       		.uleb128 0x24
 325 0015 00       		.byte	0
 326 0016 0B       		.uleb128 0xb
 327 0017 0B       		.uleb128 0xb
 328 0018 3E       		.uleb128 0x3e
 329 0019 0B       		.uleb128 0xb
 330 001a 03       		.uleb128 0x3
 331 001b 0E       		.uleb128 0xe
 332 001c 00       		.byte	0
 333 001d 00       		.byte	0
 334 001e 03       		.uleb128 0x3
 335 001f 16       		.uleb128 0x16
 336 0020 00       		.byte	0
 337 0021 03       		.uleb128 0x3
 338 0022 0E       		.uleb128 0xe
 339 0023 3A       		.uleb128 0x3a
 340 0024 0B       		.uleb128 0xb
 341 0025 3B       		.uleb128 0x3b
 342 0026 0B       		.uleb128 0xb
 343 0027 49       		.uleb128 0x49
 344 0028 13       		.uleb128 0x13
 345 0029 00       		.byte	0
 346 002a 00       		.byte	0
 347 002b 04       		.uleb128 0x4
 348 002c 24       		.uleb128 0x24
 349 002d 00       		.byte	0
 350 002e 0B       		.uleb128 0xb
 351 002f 0B       		.uleb128 0xb
 352 0030 3E       		.uleb128 0x3e
 353 0031 0B       		.uleb128 0xb
 354 0032 03       		.uleb128 0x3
 355 0033 08       		.uleb128 0x8
 356 0034 00       		.byte	0
 357 0035 00       		.byte	0
 358 0036 05       		.uleb128 0x5
 359 0037 16       		.uleb128 0x16
 360 0038 00       		.byte	0
 361 0039 03       		.uleb128 0x3
 362 003a 0E       		.uleb128 0xe
ARM GAS  C:\Users\cante\AppData\Local\Temp\ccPLKjLV.s 			page 8


 363 003b 3A       		.uleb128 0x3a
 364 003c 0B       		.uleb128 0xb
 365 003d 3B       		.uleb128 0x3b
 366 003e 05       		.uleb128 0x5
 367 003f 49       		.uleb128 0x49
 368 0040 13       		.uleb128 0x13
 369 0041 00       		.byte	0
 370 0042 00       		.byte	0
 371 0043 06       		.uleb128 0x6
 372 0044 35       		.uleb128 0x35
 373 0045 00       		.byte	0
 374 0046 49       		.uleb128 0x49
 375 0047 13       		.uleb128 0x13
 376 0048 00       		.byte	0
 377 0049 00       		.byte	0
 378 004a 07       		.uleb128 0x7
 379 004b 2E       		.uleb128 0x2e
 380 004c 01       		.byte	0x1
 381 004d 3F       		.uleb128 0x3f
 382 004e 19       		.uleb128 0x19
 383 004f 03       		.uleb128 0x3
 384 0050 0E       		.uleb128 0xe
 385 0051 3A       		.uleb128 0x3a
 386 0052 0B       		.uleb128 0xb
 387 0053 3B       		.uleb128 0x3b
 388 0054 0B       		.uleb128 0xb
 389 0055 27       		.uleb128 0x27
 390 0056 19       		.uleb128 0x19
 391 0057 11       		.uleb128 0x11
 392 0058 01       		.uleb128 0x1
 393 0059 12       		.uleb128 0x12
 394 005a 06       		.uleb128 0x6
 395 005b 40       		.uleb128 0x40
 396 005c 18       		.uleb128 0x18
 397 005d 9742     		.uleb128 0x2117
 398 005f 19       		.uleb128 0x19
 399 0060 01       		.uleb128 0x1
 400 0061 13       		.uleb128 0x13
 401 0062 00       		.byte	0
 402 0063 00       		.byte	0
 403 0064 08       		.uleb128 0x8
 404 0065 898201   		.uleb128 0x4109
 405 0068 00       		.byte	0
 406 0069 11       		.uleb128 0x11
 407 006a 01       		.uleb128 0x1
 408 006b 31       		.uleb128 0x31
 409 006c 13       		.uleb128 0x13
 410 006d 00       		.byte	0
 411 006e 00       		.byte	0
 412 006f 09       		.uleb128 0x9
 413 0070 898201   		.uleb128 0x4109
 414 0073 01       		.byte	0x1
 415 0074 11       		.uleb128 0x11
 416 0075 01       		.uleb128 0x1
 417 0076 31       		.uleb128 0x31
 418 0077 13       		.uleb128 0x13
 419 0078 00       		.byte	0
ARM GAS  C:\Users\cante\AppData\Local\Temp\ccPLKjLV.s 			page 9


 420 0079 00       		.byte	0
 421 007a 0A       		.uleb128 0xa
 422 007b 8A8201   		.uleb128 0x410a
 423 007e 00       		.byte	0
 424 007f 02       		.uleb128 0x2
 425 0080 18       		.uleb128 0x18
 426 0081 9142     		.uleb128 0x2111
 427 0083 18       		.uleb128 0x18
 428 0084 00       		.byte	0
 429 0085 00       		.byte	0
 430 0086 0B       		.uleb128 0xb
 431 0087 01       		.uleb128 0x1
 432 0088 01       		.byte	0x1
 433 0089 49       		.uleb128 0x49
 434 008a 13       		.uleb128 0x13
 435 008b 01       		.uleb128 0x1
 436 008c 13       		.uleb128 0x13
 437 008d 00       		.byte	0
 438 008e 00       		.byte	0
 439 008f 0C       		.uleb128 0xc
 440 0090 21       		.uleb128 0x21
 441 0091 00       		.byte	0
 442 0092 49       		.uleb128 0x49
 443 0093 13       		.uleb128 0x13
 444 0094 2F       		.uleb128 0x2f
 445 0095 0B       		.uleb128 0xb
 446 0096 00       		.byte	0
 447 0097 00       		.byte	0
 448 0098 0D       		.uleb128 0xd
 449 0099 34       		.uleb128 0x34
 450 009a 00       		.byte	0
 451 009b 03       		.uleb128 0x3
 452 009c 0E       		.uleb128 0xe
 453 009d 3A       		.uleb128 0x3a
 454 009e 0B       		.uleb128 0xb
 455 009f 3B       		.uleb128 0x3b
 456 00a0 0B       		.uleb128 0xb
 457 00a1 49       		.uleb128 0x49
 458 00a2 13       		.uleb128 0x13
 459 00a3 3F       		.uleb128 0x3f
 460 00a4 19       		.uleb128 0x19
 461 00a5 02       		.uleb128 0x2
 462 00a6 18       		.uleb128 0x18
 463 00a7 00       		.byte	0
 464 00a8 00       		.byte	0
 465 00a9 0E       		.uleb128 0xe
 466 00aa 34       		.uleb128 0x34
 467 00ab 00       		.byte	0
 468 00ac 03       		.uleb128 0x3
 469 00ad 0E       		.uleb128 0xe
 470 00ae 3A       		.uleb128 0x3a
 471 00af 0B       		.uleb128 0xb
 472 00b0 3B       		.uleb128 0x3b
 473 00b1 05       		.uleb128 0x5
 474 00b2 49       		.uleb128 0x49
 475 00b3 13       		.uleb128 0x13
 476 00b4 3F       		.uleb128 0x3f
ARM GAS  C:\Users\cante\AppData\Local\Temp\ccPLKjLV.s 			page 10


 477 00b5 19       		.uleb128 0x19
 478 00b6 3C       		.uleb128 0x3c
 479 00b7 19       		.uleb128 0x19
 480 00b8 00       		.byte	0
 481 00b9 00       		.byte	0
 482 00ba 0F       		.uleb128 0xf
 483 00bb 34       		.uleb128 0x34
 484 00bc 00       		.byte	0
 485 00bd 03       		.uleb128 0x3
 486 00be 0E       		.uleb128 0xe
 487 00bf 3A       		.uleb128 0x3a
 488 00c0 0B       		.uleb128 0xb
 489 00c1 3B       		.uleb128 0x3b
 490 00c2 0B       		.uleb128 0xb
 491 00c3 49       		.uleb128 0x49
 492 00c4 13       		.uleb128 0x13
 493 00c5 3F       		.uleb128 0x3f
 494 00c6 19       		.uleb128 0x19
 495 00c7 3C       		.uleb128 0x3c
 496 00c8 19       		.uleb128 0x19
 497 00c9 00       		.byte	0
 498 00ca 00       		.byte	0
 499 00cb 10       		.uleb128 0x10
 500 00cc 2E       		.uleb128 0x2e
 501 00cd 00       		.byte	0
 502 00ce 3F       		.uleb128 0x3f
 503 00cf 19       		.uleb128 0x19
 504 00d0 3C       		.uleb128 0x3c
 505 00d1 19       		.uleb128 0x19
 506 00d2 6E       		.uleb128 0x6e
 507 00d3 0E       		.uleb128 0xe
 508 00d4 03       		.uleb128 0x3
 509 00d5 0E       		.uleb128 0xe
 510 00d6 3A       		.uleb128 0x3a
 511 00d7 0B       		.uleb128 0xb
 512 00d8 3B       		.uleb128 0x3b
 513 00d9 0B       		.uleb128 0xb
 514 00da 00       		.byte	0
 515 00db 00       		.byte	0
 516 00dc 00       		.byte	0
 517              		.section	.debug_aranges,"",%progbits
 518 0000 1C000000 		.4byte	0x1c
 519 0004 0200     		.2byte	0x2
 520 0006 00000000 		.4byte	.Ldebug_info0
 521 000a 04       		.byte	0x4
 522 000b 00       		.byte	0
 523 000c 0000     		.2byte	0
 524 000e 0000     		.2byte	0
 525 0010 00000000 		.4byte	.LFB64
 526 0014 5C000000 		.4byte	.LFE64-.LFB64
 527 0018 00000000 		.4byte	0
 528 001c 00000000 		.4byte	0
 529              		.section	.debug_ranges,"",%progbits
 530              	.Ldebug_ranges0:
 531 0000 00000000 		.4byte	.LFB64
 532 0004 5C000000 		.4byte	.LFE64
 533 0008 00000000 		.4byte	0
ARM GAS  C:\Users\cante\AppData\Local\Temp\ccPLKjLV.s 			page 11


 534 000c 00000000 		.4byte	0
 535              		.section	.debug_line,"",%progbits
 536              	.Ldebug_line0:
 537 0000 28020000 		.section	.debug_str,"MS",%progbits,1
 537      0200FE01 
 537      00000201 
 537      FB0E0D00 
 537      01010101 
 538              	.LASF30:
 539 0000 43757374 		.ascii	"Custom_ISR_ADC\000"
 539      6F6D5F49 
 539      53525F41 
 539      444300
 540              	.LASF9:
 541 000f 5F5F696E 		.ascii	"__int32_t\000"
 541      7433325F 
 541      7400
 542              	.LASF23:
 543 0019 54696D65 		.ascii	"Timer_ReadStatusRegister\000"
 543      725F5265 
 543      61645374 
 543      61747573 
 543      52656769 
 544              	.LASF3:
 545 0032 73686F72 		.ascii	"short unsigned int\000"
 545      7420756E 
 545      7369676E 
 545      65642069 
 545      6E7400
 546              	.LASF21:
 547 0045 76616C75 		.ascii	"value_mv\000"
 547      655F6D76 
 547      00
 548              	.LASF13:
 549 004e 666C6F61 		.ascii	"float\000"
 549      7400
 550              	.LASF1:
 551 0054 756E7369 		.ascii	"unsigned char\000"
 551      676E6564 
 551      20636861 
 551      7200
 552              	.LASF27:
 553 0062 474E5520 		.ascii	"GNU C11 5.4.1 20160609 (release) [ARM/embedded-5-br"
 553      43313120 
 553      352E342E 
 553      31203230 
 553      31363036 
 554 0095 616E6368 		.ascii	"anch revision 237715] -mcpu=cortex-m3 -mthumb -g -O"
 554      20726576 
 554      6973696F 
 554      6E203233 
 554      37373135 
 555 00c8 67202D66 		.ascii	"g -ffunction-sections -ffat-lto-objects\000"
 555      66756E63 
 555      74696F6E 
 555      2D736563 
 555      74696F6E 
ARM GAS  C:\Users\cante\AppData\Local\Temp\ccPLKjLV.s 			page 12


 556              	.LASF5:
 557 00f0 6C6F6E67 		.ascii	"long unsigned int\000"
 557      20756E73 
 557      69676E65 
 557      6420696E 
 557      7400
 558              	.LASF12:
 559 0102 696E7433 		.ascii	"int32\000"
 559      3200
 560              	.LASF19:
 561 0108 49544D5F 		.ascii	"ITM_RxBuffer\000"
 561      52784275 
 561      66666572 
 561      00
 562              	.LASF14:
 563 0115 646F7562 		.ascii	"double\000"
 563      6C6500
 564              	.LASF8:
 565 011c 756E7369 		.ascii	"unsigned int\000"
 565      676E6564 
 565      20696E74 
 565      00
 566              	.LASF7:
 567 0129 6C6F6E67 		.ascii	"long long unsigned int\000"
 567      206C6F6E 
 567      6720756E 
 567      7369676E 
 567      65642069 
 568              	.LASF25:
 569 0140 4144435F 		.ascii	"ADC_DelSig_CountsTo_mVolts\000"
 569      44656C53 
 569      69675F43 
 569      6F756E74 
 569      73546F5F 
 570              	.LASF29:
 571 015b 433A5C55 		.ascii	"C:\\Users\\cante\\Desktop\\INGEGNERIA BIOMEDICA\\V "
 571      73657273 
 571      5C63616E 
 571      74655C44 
 571      65736B74 
 572 0189 414E4E4F 		.ascii	"ANNO\\LAB ELETTRONICA\\PSoC\\Progetti 7 aprile\\Wor"
 572      5C4C4142 
 572      20454C45 
 572      5454524F 
 572      4E494341 
 573 01b8 6B737061 		.ascii	"kspace01\\Project2.cydsn\000"
 573      63653031 
 573      5C50726F 
 573      6A656374 
 573      322E6379 
 574              	.LASF10:
 575 01d0 696E7433 		.ascii	"int32_t\000"
 575      325F7400 
 576              	.LASF17:
 577 01d8 73697A65 		.ascii	"sizetype\000"
 577      74797065 
 577      00
ARM GAS  C:\Users\cante\AppData\Local\Temp\ccPLKjLV.s 			page 13


 578              	.LASF24:
 579 01e1 4144435F 		.ascii	"ADC_DelSig_Read32\000"
 579      44656C53 
 579      69675F52 
 579      65616433 
 579      3200
 580              	.LASF6:
 581 01f3 6C6F6E67 		.ascii	"long long int\000"
 581      206C6F6E 
 581      6720696E 
 581      7400
 582              	.LASF15:
 583 0201 63686172 		.ascii	"char\000"
 583      00
 584              	.LASF18:
 585 0206 44617461 		.ascii	"DataBuffer\000"
 585      42756666 
 585      657200
 586              	.LASF2:
 587 0211 73686F72 		.ascii	"short int\000"
 587      7420696E 
 587      7400
 588              	.LASF22:
 589 021b 5061636B 		.ascii	"PacketReadyFlag\000"
 589      65745265 
 589      61647946 
 589      6C616700 
 590              	.LASF11:
 591 022b 75696E74 		.ascii	"uint8\000"
 591      3800
 592              	.LASF4:
 593 0231 6C6F6E67 		.ascii	"long int\000"
 593      20696E74 
 593      00
 594              	.LASF20:
 595 023a 76616C75 		.ascii	"value_digit\000"
 595      655F6469 
 595      67697400 
 596              	.LASF16:
 597 0246 6C6F6E67 		.ascii	"long double\000"
 597      20646F75 
 597      626C6500 
 598              	.LASF0:
 599 0252 7369676E 		.ascii	"signed char\000"
 599      65642063 
 599      68617200 
 600              	.LASF26:
 601 025e 73707269 		.ascii	"sprintf\000"
 601      6E746600 
 602              	.LASF28:
 603 0266 496E7465 		.ascii	"InterruptRoutines.c\000"
 603      72727570 
 603      74526F75 
 603      74696E65 
 603      732E6300 
 604              		.ident	"GCC: (GNU Tools for ARM Embedded Processors) 5.4.1 20160609 (release) [ARM/embedded-5-bran
