ARM GAS  C:\Users\cante\AppData\Local\Temp\ccLhdvKH.s 			page 1


   1              		.syntax unified
   2              		.cpu cortex-m3
   3              		.fpu softvfp
   4              		.eabi_attribute 20, 1
   5              		.eabi_attribute 21, 1
   6              		.eabi_attribute 23, 3
   7              		.eabi_attribute 24, 1
   8              		.eabi_attribute 25, 1
   9              		.eabi_attribute 26, 1
  10              		.eabi_attribute 30, 1
  11              		.eabi_attribute 34, 1
  12              		.eabi_attribute 18, 4
  13              		.thumb
  14              		.syntax unified
  15              		.file	"main.c"
  16              		.text
  17              	.Ltext0:
  18              		.cfi_sections	.debug_frame
  19              		.section	.text.main,"ax",%progbits
  20              		.align	2
  21              		.global	main
  22              		.thumb
  23              		.thumb_func
  24              		.type	main, %function
  25              	main:
  26              	.LFB64:
  27              		.file 1 "main.c"
   1:main.c        **** /* ========================================
   2:main.c        ****  *
   3:main.c        ****  * Copyright YOUR COMPANY, THE YEAR
   4:main.c        ****  * All Rights Reserved
   5:main.c        ****  * UNPUBLISHED, LICENSED SOFTWARE.
   6:main.c        ****  *
   7:main.c        ****  * CONFIDENTIAL AND PROPRIETARY INFORMATION
   8:main.c        ****  * WHICH IS THE PROPERTY OF your company.
   9:main.c        ****  *
  10:main.c        ****  * ========================================
  11:main.c        **** */
  12:main.c        **** #include "project.h"
  13:main.c        **** #include "InterruptRoutines.h"
  14:main.c        **** 
  15:main.c        **** volatile uint8 PacketReadyFlag;
  16:main.c        **** 
  17:main.c        **** int main(void)
  18:main.c        **** {
  28              		.loc 1 18 0
  29              		.cfi_startproc
  30              		@ Volatile: function does not return.
  31              		@ args = 0, pretend = 0, frame = 0
  32              		@ frame_needed = 0, uses_anonymous_args = 0
  33 0000 08B5     		push	{r3, lr}
  34              		.cfi_def_cfa_offset 8
  35              		.cfi_offset 3, -8
  36              		.cfi_offset 14, -4
  19:main.c        ****     CyGlobalIntEnable; /* Enable global interrupts. */
  37              		.loc 1 19 0
  38              		.syntax unified
ARM GAS  C:\Users\cante\AppData\Local\Temp\ccLhdvKH.s 			page 2


  39              	@ 19 "main.c" 1
  40 0002 62B6     		CPSIE   i
  41              	@ 0 "" 2
  20:main.c        **** 
  21:main.c        ****     /* Place your initialization/startup code here (e.g. MyInst_Start()) */
  22:main.c        ****     UART_Start();
  42              		.loc 1 22 0
  43              		.thumb
  44              		.syntax unified
  45 0004 FFF7FEFF 		bl	UART_Start
  46              	.LVL0:
  23:main.c        ****     Timer_Start();
  47              		.loc 1 23 0
  48 0008 FFF7FEFF 		bl	Timer_Start
  49              	.LVL1:
  24:main.c        ****     ADC_DelSig_Start();
  50              		.loc 1 24 0
  51 000c FFF7FEFF 		bl	ADC_DelSig_Start
  52              	.LVL2:
  25:main.c        ****     isr_ADC_StartEx(Custom_ISR_ADC);
  53              		.loc 1 25 0
  54 0010 0948     		ldr	r0, .L5
  55 0012 FFF7FEFF 		bl	isr_ADC_StartEx
  56              	.LVL3:
  26:main.c        ****     
  27:main.c        ****     PacketReadyFlag = 0; //all'inizio non abbiamo nulla
  57              		.loc 1 27 0
  58 0016 0022     		movs	r2, #0
  59 0018 084B     		ldr	r3, .L5+4
  60 001a 1A70     		strb	r2, [r3]
  28:main.c        ****     
  29:main.c        ****     //UART_PutString("\f");
  30:main.c        ****     ADC_DelSig_StartConvert(); // start to sample con conversione rate 3000 (settata sul top design
  61              		.loc 1 30 0
  62 001c FFF7FEFF 		bl	ADC_DelSig_StartConvert
  63              	.LVL4:
  64              	.L2:
  31:main.c        ****     
  32:main.c        ****     for(;;)
  33:main.c        ****     {
  34:main.c        ****         if (PacketReadyFlag == 1) {
  65              		.loc 1 34 0
  66 0020 064B     		ldr	r3, .L5+4
  67 0022 1B78     		ldrb	r3, [r3]	@ zero_extendqisi2
  68 0024 DBB2     		uxtb	r3, r3
  69 0026 012B     		cmp	r3, #1
  70 0028 FAD1     		bne	.L2
  35:main.c        ****             UART_PutString(DataBuffer);
  71              		.loc 1 35 0
  72 002a 0548     		ldr	r0, .L5+8
  73 002c FFF7FEFF 		bl	UART_PutString
  74              	.LVL5:
  36:main.c        ****             PacketReadyFlag = 0;
  75              		.loc 1 36 0
  76 0030 0022     		movs	r2, #0
  77 0032 024B     		ldr	r3, .L5+4
  78 0034 1A70     		strb	r2, [r3]
ARM GAS  C:\Users\cante\AppData\Local\Temp\ccLhdvKH.s 			page 3


  79 0036 F3E7     		b	.L2
  80              	.L6:
  81              		.align	2
  82              	.L5:
  83 0038 00000000 		.word	Custom_ISR_ADC
  84 003c 00000000 		.word	PacketReadyFlag
  85 0040 00000000 		.word	DataBuffer
  86              		.cfi_endproc
  87              	.LFE64:
  88              		.size	main, .-main
  89              		.comm	PacketReadyFlag,1,1
  90              		.comm	DataBuffer,64,4
  91              		.text
  92              	.Letext0:
  93              		.file 2 "c:\\program files (x86)\\cypress\\psoc creator\\4.4\\psoc creator\\import\\gnu\\arm\\5.4.
  94              		.file 3 "c:\\program files (x86)\\cypress\\psoc creator\\4.4\\psoc creator\\import\\gnu\\arm\\5.4.
  95              		.file 4 "Generated_Source\\PSoC5/cytypes.h"
  96              		.file 5 "Generated_Source\\PSoC5/core_cm3.h"
  97              		.file 6 "InterruptRoutines.h"
  98              		.file 7 "Generated_Source\\PSoC5/UART.h"
  99              		.file 8 "Generated_Source\\PSoC5/Timer.h"
 100              		.file 9 "Generated_Source\\PSoC5/ADC_DelSig.h"
 101              		.file 10 "Generated_Source\\PSoC5/isr_ADC.h"
 102              		.section	.debug_info,"",%progbits
 103              	.Ldebug_info0:
 104 0000 91010000 		.4byte	0x191
 105 0004 0400     		.2byte	0x4
 106 0006 00000000 		.4byte	.Ldebug_abbrev0
 107 000a 04       		.byte	0x4
 108 000b 01       		.uleb128 0x1
 109 000c 1E000000 		.4byte	.LASF26
 110 0010 0C       		.byte	0xc
 111 0011 D1010000 		.4byte	.LASF27
 112 0015 25010000 		.4byte	.LASF28
 113 0019 00000000 		.4byte	.Ldebug_ranges0+0
 114 001d 00000000 		.4byte	0
 115 0021 00000000 		.4byte	.Ldebug_line0
 116 0025 02       		.uleb128 0x2
 117 0026 01       		.byte	0x1
 118 0027 06       		.byte	0x6
 119 0028 2E020000 		.4byte	.LASF0
 120 002c 02       		.uleb128 0x2
 121 002d 01       		.byte	0x1
 122 002e 08       		.byte	0x8
 123 002f 10000000 		.4byte	.LASF1
 124 0033 02       		.uleb128 0x2
 125 0034 02       		.byte	0x2
 126 0035 05       		.byte	0x5
 127 0036 DD010000 		.4byte	.LASF2
 128 003a 02       		.uleb128 0x2
 129 003b 02       		.byte	0x2
 130 003c 07       		.byte	0x7
 131 003d BE000000 		.4byte	.LASF3
 132 0041 03       		.uleb128 0x3
 133 0042 00000000 		.4byte	.LASF9
 134 0046 02       		.byte	0x2
 135 0047 3F       		.byte	0x3f
ARM GAS  C:\Users\cante\AppData\Local\Temp\ccLhdvKH.s 			page 4


 136 0048 4C000000 		.4byte	0x4c
 137 004c 02       		.uleb128 0x2
 138 004d 04       		.byte	0x4
 139 004e 05       		.byte	0x5
 140 004f 0E020000 		.4byte	.LASF4
 141 0053 02       		.uleb128 0x2
 142 0054 04       		.byte	0x4
 143 0055 07       		.byte	0x7
 144 0056 AC000000 		.4byte	.LASF5
 145 005a 02       		.uleb128 0x2
 146 005b 08       		.byte	0x8
 147 005c 05       		.byte	0x5
 148 005d C3010000 		.4byte	.LASF6
 149 0061 02       		.uleb128 0x2
 150 0062 08       		.byte	0x8
 151 0063 07       		.byte	0x7
 152 0064 0E010000 		.4byte	.LASF7
 153 0068 04       		.uleb128 0x4
 154 0069 04       		.byte	0x4
 155 006a 05       		.byte	0x5
 156 006b 696E7400 		.ascii	"int\000"
 157 006f 02       		.uleb128 0x2
 158 0070 04       		.byte	0x4
 159 0071 07       		.byte	0x7
 160 0072 01010000 		.4byte	.LASF8
 161 0076 03       		.uleb128 0x3
 162 0077 B2010000 		.4byte	.LASF10
 163 007b 03       		.byte	0x3
 164 007c 2C       		.byte	0x2c
 165 007d 41000000 		.4byte	0x41
 166 0081 05       		.uleb128 0x5
 167 0082 F7010000 		.4byte	.LASF11
 168 0086 04       		.byte	0x4
 169 0087 E901     		.2byte	0x1e9
 170 0089 2C000000 		.4byte	0x2c
 171 008d 02       		.uleb128 0x2
 172 008e 04       		.byte	0x4
 173 008f 04       		.byte	0x4
 174 0090 0A000000 		.4byte	.LASF12
 175 0094 02       		.uleb128 0x2
 176 0095 08       		.byte	0x8
 177 0096 04       		.byte	0x4
 178 0097 E9000000 		.4byte	.LASF13
 179 009b 02       		.uleb128 0x2
 180 009c 01       		.byte	0x1
 181 009d 08       		.byte	0x8
 182 009e D8010000 		.4byte	.LASF14
 183 00a2 06       		.uleb128 0x6
 184 00a3 81000000 		.4byte	0x81
 185 00a7 02       		.uleb128 0x2
 186 00a8 08       		.byte	0x8
 187 00a9 04       		.byte	0x4
 188 00aa 22020000 		.4byte	.LASF15
 189 00ae 02       		.uleb128 0x2
 190 00af 04       		.byte	0x4
 191 00b0 07       		.byte	0x7
 192 00b1 BA010000 		.4byte	.LASF16
ARM GAS  C:\Users\cante\AppData\Local\Temp\ccLhdvKH.s 			page 5


 193 00b5 07       		.uleb128 0x7
 194 00b6 F0000000 		.4byte	.LASF29
 195 00ba 01       		.byte	0x1
 196 00bb 11       		.byte	0x11
 197 00bc 68000000 		.4byte	0x68
 198 00c0 00000000 		.4byte	.LFB64
 199 00c4 44000000 		.4byte	.LFE64-.LFB64
 200 00c8 01       		.uleb128 0x1
 201 00c9 9C       		.byte	0x9c
 202 00ca 0F010000 		.4byte	0x10f
 203 00ce 08       		.uleb128 0x8
 204 00cf 08000000 		.4byte	.LVL0
 205 00d3 52010000 		.4byte	0x152
 206 00d7 08       		.uleb128 0x8
 207 00d8 0C000000 		.4byte	.LVL1
 208 00dc 5D010000 		.4byte	0x15d
 209 00e0 08       		.uleb128 0x8
 210 00e1 10000000 		.4byte	.LVL2
 211 00e5 68010000 		.4byte	0x168
 212 00e9 08       		.uleb128 0x8
 213 00ea 16000000 		.4byte	.LVL3
 214 00ee 73010000 		.4byte	0x173
 215 00f2 08       		.uleb128 0x8
 216 00f3 20000000 		.4byte	.LVL4
 217 00f7 7E010000 		.4byte	0x17e
 218 00fb 09       		.uleb128 0x9
 219 00fc 30000000 		.4byte	.LVL5
 220 0100 89010000 		.4byte	0x189
 221 0104 0A       		.uleb128 0xa
 222 0105 01       		.uleb128 0x1
 223 0106 50       		.byte	0x50
 224 0107 05       		.uleb128 0x5
 225 0108 03       		.byte	0x3
 226 0109 00000000 		.4byte	DataBuffer
 227 010d 00       		.byte	0
 228 010e 00       		.byte	0
 229 010f 0B       		.uleb128 0xb
 230 0110 DC000000 		.4byte	.LASF17
 231 0114 05       		.byte	0x5
 232 0115 1207     		.2byte	0x712
 233 0117 1B010000 		.4byte	0x11b
 234 011b 06       		.uleb128 0x6
 235 011c 76000000 		.4byte	0x76
 236 0120 0C       		.uleb128 0xc
 237 0121 9B000000 		.4byte	0x9b
 238 0125 30010000 		.4byte	0x130
 239 0129 0D       		.uleb128 0xd
 240 012a AE000000 		.4byte	0xae
 241 012e 3F       		.byte	0x3f
 242 012f 00       		.byte	0
 243 0130 0E       		.uleb128 0xe
 244 0131 17020000 		.4byte	.LASF18
 245 0135 06       		.byte	0x6
 246 0136 17       		.byte	0x17
 247 0137 20010000 		.4byte	0x120
 248 013b 05       		.uleb128 0x5
 249 013c 03       		.byte	0x3
ARM GAS  C:\Users\cante\AppData\Local\Temp\ccLhdvKH.s 			page 6


 250 013d 00000000 		.4byte	DataBuffer
 251 0141 0E       		.uleb128 0xe
 252 0142 E7010000 		.4byte	.LASF19
 253 0146 01       		.byte	0x1
 254 0147 0F       		.byte	0xf
 255 0148 A2000000 		.4byte	0xa2
 256 014c 05       		.uleb128 0x5
 257 014d 03       		.byte	0x3
 258 014e 00000000 		.4byte	PacketReadyFlag
 259 0152 0F       		.uleb128 0xf
 260 0153 D1000000 		.4byte	.LASF20
 261 0157 D1000000 		.4byte	.LASF20
 262 015b 07       		.byte	0x7
 263 015c 54       		.byte	0x54
 264 015d 0F       		.uleb128 0xf
 265 015e F5000000 		.4byte	.LASF21
 266 0162 F5000000 		.4byte	.LASF21
 267 0166 08       		.byte	0x8
 268 0167 5A       		.byte	0x5a
 269 0168 0F       		.uleb128 0xf
 270 0169 FD010000 		.4byte	.LASF22
 271 016d FD010000 		.4byte	.LASF22
 272 0171 09       		.byte	0x9
 273 0172 3A       		.byte	0x3a
 274 0173 0F       		.uleb128 0xf
 275 0174 3A020000 		.4byte	.LASF23
 276 0178 3A020000 		.4byte	.LASF23
 277 017c 0A       		.byte	0xa
 278 017d 18       		.byte	0x18
 279 017e 0F       		.uleb128 0xf
 280 017f 9A010000 		.4byte	.LASF24
 281 0183 9A010000 		.4byte	.LASF24
 282 0187 09       		.byte	0x9
 283 0188 3D       		.byte	0x3d
 284 0189 0F       		.uleb128 0xf
 285 018a 4A020000 		.4byte	.LASF25
 286 018e 4A020000 		.4byte	.LASF25
 287 0192 07       		.byte	0x7
 288 0193 8B       		.byte	0x8b
 289 0194 00       		.byte	0
 290              		.section	.debug_abbrev,"",%progbits
 291              	.Ldebug_abbrev0:
 292 0000 01       		.uleb128 0x1
 293 0001 11       		.uleb128 0x11
 294 0002 01       		.byte	0x1
 295 0003 25       		.uleb128 0x25
 296 0004 0E       		.uleb128 0xe
 297 0005 13       		.uleb128 0x13
 298 0006 0B       		.uleb128 0xb
 299 0007 03       		.uleb128 0x3
 300 0008 0E       		.uleb128 0xe
 301 0009 1B       		.uleb128 0x1b
 302 000a 0E       		.uleb128 0xe
 303 000b 55       		.uleb128 0x55
 304 000c 17       		.uleb128 0x17
 305 000d 11       		.uleb128 0x11
 306 000e 01       		.uleb128 0x1
ARM GAS  C:\Users\cante\AppData\Local\Temp\ccLhdvKH.s 			page 7


 307 000f 10       		.uleb128 0x10
 308 0010 17       		.uleb128 0x17
 309 0011 00       		.byte	0
 310 0012 00       		.byte	0
 311 0013 02       		.uleb128 0x2
 312 0014 24       		.uleb128 0x24
 313 0015 00       		.byte	0
 314 0016 0B       		.uleb128 0xb
 315 0017 0B       		.uleb128 0xb
 316 0018 3E       		.uleb128 0x3e
 317 0019 0B       		.uleb128 0xb
 318 001a 03       		.uleb128 0x3
 319 001b 0E       		.uleb128 0xe
 320 001c 00       		.byte	0
 321 001d 00       		.byte	0
 322 001e 03       		.uleb128 0x3
 323 001f 16       		.uleb128 0x16
 324 0020 00       		.byte	0
 325 0021 03       		.uleb128 0x3
 326 0022 0E       		.uleb128 0xe
 327 0023 3A       		.uleb128 0x3a
 328 0024 0B       		.uleb128 0xb
 329 0025 3B       		.uleb128 0x3b
 330 0026 0B       		.uleb128 0xb
 331 0027 49       		.uleb128 0x49
 332 0028 13       		.uleb128 0x13
 333 0029 00       		.byte	0
 334 002a 00       		.byte	0
 335 002b 04       		.uleb128 0x4
 336 002c 24       		.uleb128 0x24
 337 002d 00       		.byte	0
 338 002e 0B       		.uleb128 0xb
 339 002f 0B       		.uleb128 0xb
 340 0030 3E       		.uleb128 0x3e
 341 0031 0B       		.uleb128 0xb
 342 0032 03       		.uleb128 0x3
 343 0033 08       		.uleb128 0x8
 344 0034 00       		.byte	0
 345 0035 00       		.byte	0
 346 0036 05       		.uleb128 0x5
 347 0037 16       		.uleb128 0x16
 348 0038 00       		.byte	0
 349 0039 03       		.uleb128 0x3
 350 003a 0E       		.uleb128 0xe
 351 003b 3A       		.uleb128 0x3a
 352 003c 0B       		.uleb128 0xb
 353 003d 3B       		.uleb128 0x3b
 354 003e 05       		.uleb128 0x5
 355 003f 49       		.uleb128 0x49
 356 0040 13       		.uleb128 0x13
 357 0041 00       		.byte	0
 358 0042 00       		.byte	0
 359 0043 06       		.uleb128 0x6
 360 0044 35       		.uleb128 0x35
 361 0045 00       		.byte	0
 362 0046 49       		.uleb128 0x49
 363 0047 13       		.uleb128 0x13
ARM GAS  C:\Users\cante\AppData\Local\Temp\ccLhdvKH.s 			page 8


 364 0048 00       		.byte	0
 365 0049 00       		.byte	0
 366 004a 07       		.uleb128 0x7
 367 004b 2E       		.uleb128 0x2e
 368 004c 01       		.byte	0x1
 369 004d 3F       		.uleb128 0x3f
 370 004e 19       		.uleb128 0x19
 371 004f 03       		.uleb128 0x3
 372 0050 0E       		.uleb128 0xe
 373 0051 3A       		.uleb128 0x3a
 374 0052 0B       		.uleb128 0xb
 375 0053 3B       		.uleb128 0x3b
 376 0054 0B       		.uleb128 0xb
 377 0055 27       		.uleb128 0x27
 378 0056 19       		.uleb128 0x19
 379 0057 49       		.uleb128 0x49
 380 0058 13       		.uleb128 0x13
 381 0059 8701     		.uleb128 0x87
 382 005b 19       		.uleb128 0x19
 383 005c 11       		.uleb128 0x11
 384 005d 01       		.uleb128 0x1
 385 005e 12       		.uleb128 0x12
 386 005f 06       		.uleb128 0x6
 387 0060 40       		.uleb128 0x40
 388 0061 18       		.uleb128 0x18
 389 0062 9742     		.uleb128 0x2117
 390 0064 19       		.uleb128 0x19
 391 0065 01       		.uleb128 0x1
 392 0066 13       		.uleb128 0x13
 393 0067 00       		.byte	0
 394 0068 00       		.byte	0
 395 0069 08       		.uleb128 0x8
 396 006a 898201   		.uleb128 0x4109
 397 006d 00       		.byte	0
 398 006e 11       		.uleb128 0x11
 399 006f 01       		.uleb128 0x1
 400 0070 31       		.uleb128 0x31
 401 0071 13       		.uleb128 0x13
 402 0072 00       		.byte	0
 403 0073 00       		.byte	0
 404 0074 09       		.uleb128 0x9
 405 0075 898201   		.uleb128 0x4109
 406 0078 01       		.byte	0x1
 407 0079 11       		.uleb128 0x11
 408 007a 01       		.uleb128 0x1
 409 007b 31       		.uleb128 0x31
 410 007c 13       		.uleb128 0x13
 411 007d 00       		.byte	0
 412 007e 00       		.byte	0
 413 007f 0A       		.uleb128 0xa
 414 0080 8A8201   		.uleb128 0x410a
 415 0083 00       		.byte	0
 416 0084 02       		.uleb128 0x2
 417 0085 18       		.uleb128 0x18
 418 0086 9142     		.uleb128 0x2111
 419 0088 18       		.uleb128 0x18
 420 0089 00       		.byte	0
ARM GAS  C:\Users\cante\AppData\Local\Temp\ccLhdvKH.s 			page 9


 421 008a 00       		.byte	0
 422 008b 0B       		.uleb128 0xb
 423 008c 34       		.uleb128 0x34
 424 008d 00       		.byte	0
 425 008e 03       		.uleb128 0x3
 426 008f 0E       		.uleb128 0xe
 427 0090 3A       		.uleb128 0x3a
 428 0091 0B       		.uleb128 0xb
 429 0092 3B       		.uleb128 0x3b
 430 0093 05       		.uleb128 0x5
 431 0094 49       		.uleb128 0x49
 432 0095 13       		.uleb128 0x13
 433 0096 3F       		.uleb128 0x3f
 434 0097 19       		.uleb128 0x19
 435 0098 3C       		.uleb128 0x3c
 436 0099 19       		.uleb128 0x19
 437 009a 00       		.byte	0
 438 009b 00       		.byte	0
 439 009c 0C       		.uleb128 0xc
 440 009d 01       		.uleb128 0x1
 441 009e 01       		.byte	0x1
 442 009f 49       		.uleb128 0x49
 443 00a0 13       		.uleb128 0x13
 444 00a1 01       		.uleb128 0x1
 445 00a2 13       		.uleb128 0x13
 446 00a3 00       		.byte	0
 447 00a4 00       		.byte	0
 448 00a5 0D       		.uleb128 0xd
 449 00a6 21       		.uleb128 0x21
 450 00a7 00       		.byte	0
 451 00a8 49       		.uleb128 0x49
 452 00a9 13       		.uleb128 0x13
 453 00aa 2F       		.uleb128 0x2f
 454 00ab 0B       		.uleb128 0xb
 455 00ac 00       		.byte	0
 456 00ad 00       		.byte	0
 457 00ae 0E       		.uleb128 0xe
 458 00af 34       		.uleb128 0x34
 459 00b0 00       		.byte	0
 460 00b1 03       		.uleb128 0x3
 461 00b2 0E       		.uleb128 0xe
 462 00b3 3A       		.uleb128 0x3a
 463 00b4 0B       		.uleb128 0xb
 464 00b5 3B       		.uleb128 0x3b
 465 00b6 0B       		.uleb128 0xb
 466 00b7 49       		.uleb128 0x49
 467 00b8 13       		.uleb128 0x13
 468 00b9 3F       		.uleb128 0x3f
 469 00ba 19       		.uleb128 0x19
 470 00bb 02       		.uleb128 0x2
 471 00bc 18       		.uleb128 0x18
 472 00bd 00       		.byte	0
 473 00be 00       		.byte	0
 474 00bf 0F       		.uleb128 0xf
 475 00c0 2E       		.uleb128 0x2e
 476 00c1 00       		.byte	0
 477 00c2 3F       		.uleb128 0x3f
ARM GAS  C:\Users\cante\AppData\Local\Temp\ccLhdvKH.s 			page 10


 478 00c3 19       		.uleb128 0x19
 479 00c4 3C       		.uleb128 0x3c
 480 00c5 19       		.uleb128 0x19
 481 00c6 6E       		.uleb128 0x6e
 482 00c7 0E       		.uleb128 0xe
 483 00c8 03       		.uleb128 0x3
 484 00c9 0E       		.uleb128 0xe
 485 00ca 3A       		.uleb128 0x3a
 486 00cb 0B       		.uleb128 0xb
 487 00cc 3B       		.uleb128 0x3b
 488 00cd 0B       		.uleb128 0xb
 489 00ce 00       		.byte	0
 490 00cf 00       		.byte	0
 491 00d0 00       		.byte	0
 492              		.section	.debug_aranges,"",%progbits
 493 0000 1C000000 		.4byte	0x1c
 494 0004 0200     		.2byte	0x2
 495 0006 00000000 		.4byte	.Ldebug_info0
 496 000a 04       		.byte	0x4
 497 000b 00       		.byte	0
 498 000c 0000     		.2byte	0
 499 000e 0000     		.2byte	0
 500 0010 00000000 		.4byte	.LFB64
 501 0014 44000000 		.4byte	.LFE64-.LFB64
 502 0018 00000000 		.4byte	0
 503 001c 00000000 		.4byte	0
 504              		.section	.debug_ranges,"",%progbits
 505              	.Ldebug_ranges0:
 506 0000 00000000 		.4byte	.LFB64
 507 0004 44000000 		.4byte	.LFE64
 508 0008 00000000 		.4byte	0
 509 000c 00000000 		.4byte	0
 510              		.section	.debug_line,"",%progbits
 511              	.Ldebug_line0:
 512 0000 B4010000 		.section	.debug_str,"MS",%progbits,1
 512      02009501 
 512      00000201 
 512      FB0E0D00 
 512      01010101 
 513              	.LASF9:
 514 0000 5F5F696E 		.ascii	"__int32_t\000"
 514      7433325F 
 514      7400
 515              	.LASF12:
 516 000a 666C6F61 		.ascii	"float\000"
 516      7400
 517              	.LASF1:
 518 0010 756E7369 		.ascii	"unsigned char\000"
 518      676E6564 
 518      20636861 
 518      7200
 519              	.LASF26:
 520 001e 474E5520 		.ascii	"GNU C11 5.4.1 20160609 (release) [ARM/embedded-5-br"
 520      43313120 
 520      352E342E 
 520      31203230 
 520      31363036 
ARM GAS  C:\Users\cante\AppData\Local\Temp\ccLhdvKH.s 			page 11


 521 0051 616E6368 		.ascii	"anch revision 237715] -mcpu=cortex-m3 -mthumb -g -O"
 521      20726576 
 521      6973696F 
 521      6E203233 
 521      37373135 
 522 0084 67202D66 		.ascii	"g -ffunction-sections -ffat-lto-objects\000"
 522      66756E63 
 522      74696F6E 
 522      2D736563 
 522      74696F6E 
 523              	.LASF5:
 524 00ac 6C6F6E67 		.ascii	"long unsigned int\000"
 524      20756E73 
 524      69676E65 
 524      6420696E 
 524      7400
 525              	.LASF3:
 526 00be 73686F72 		.ascii	"short unsigned int\000"
 526      7420756E 
 526      7369676E 
 526      65642069 
 526      6E7400
 527              	.LASF20:
 528 00d1 55415254 		.ascii	"UART_Start\000"
 528      5F537461 
 528      727400
 529              	.LASF17:
 530 00dc 49544D5F 		.ascii	"ITM_RxBuffer\000"
 530      52784275 
 530      66666572 
 530      00
 531              	.LASF13:
 532 00e9 646F7562 		.ascii	"double\000"
 532      6C6500
 533              	.LASF29:
 534 00f0 6D61696E 		.ascii	"main\000"
 534      00
 535              	.LASF21:
 536 00f5 54696D65 		.ascii	"Timer_Start\000"
 536      725F5374 
 536      61727400 
 537              	.LASF8:
 538 0101 756E7369 		.ascii	"unsigned int\000"
 538      676E6564 
 538      20696E74 
 538      00
 539              	.LASF7:
 540 010e 6C6F6E67 		.ascii	"long long unsigned int\000"
 540      206C6F6E 
 540      6720756E 
 540      7369676E 
 540      65642069 
 541              	.LASF28:
 542 0125 433A5C55 		.ascii	"C:\\Users\\cante\\Desktop\\INGEGNERIA BIOMEDICA\\V "
 542      73657273 
 542      5C63616E 
 542      74655C44 
ARM GAS  C:\Users\cante\AppData\Local\Temp\ccLhdvKH.s 			page 12


 542      65736B74 
 543 0153 414E4E4F 		.ascii	"ANNO\\LAB ELETTRONICA\\PSoC\\Progetti 7 aprile\\Wor"
 543      5C4C4142 
 543      20454C45 
 543      5454524F 
 543      4E494341 
 544 0182 6B737061 		.ascii	"kspace01\\Project2.cydsn\000"
 544      63653031 
 544      5C50726F 
 544      6A656374 
 544      322E6379 
 545              	.LASF24:
 546 019a 4144435F 		.ascii	"ADC_DelSig_StartConvert\000"
 546      44656C53 
 546      69675F53 
 546      74617274 
 546      436F6E76 
 547              	.LASF10:
 548 01b2 696E7433 		.ascii	"int32_t\000"
 548      325F7400 
 549              	.LASF16:
 550 01ba 73697A65 		.ascii	"sizetype\000"
 550      74797065 
 550      00
 551              	.LASF6:
 552 01c3 6C6F6E67 		.ascii	"long long int\000"
 552      206C6F6E 
 552      6720696E 
 552      7400
 553              	.LASF27:
 554 01d1 6D61696E 		.ascii	"main.c\000"
 554      2E6300
 555              	.LASF14:
 556 01d8 63686172 		.ascii	"char\000"
 556      00
 557              	.LASF2:
 558 01dd 73686F72 		.ascii	"short int\000"
 558      7420696E 
 558      7400
 559              	.LASF19:
 560 01e7 5061636B 		.ascii	"PacketReadyFlag\000"
 560      65745265 
 560      61647946 
 560      6C616700 
 561              	.LASF11:
 562 01f7 75696E74 		.ascii	"uint8\000"
 562      3800
 563              	.LASF22:
 564 01fd 4144435F 		.ascii	"ADC_DelSig_Start\000"
 564      44656C53 
 564      69675F53 
 564      74617274 
 564      00
 565              	.LASF4:
 566 020e 6C6F6E67 		.ascii	"long int\000"
 566      20696E74 
 566      00
ARM GAS  C:\Users\cante\AppData\Local\Temp\ccLhdvKH.s 			page 13


 567              	.LASF18:
 568 0217 44617461 		.ascii	"DataBuffer\000"
 568      42756666 
 568      657200
 569              	.LASF15:
 570 0222 6C6F6E67 		.ascii	"long double\000"
 570      20646F75 
 570      626C6500 
 571              	.LASF0:
 572 022e 7369676E 		.ascii	"signed char\000"
 572      65642063 
 572      68617200 
 573              	.LASF23:
 574 023a 6973725F 		.ascii	"isr_ADC_StartEx\000"
 574      4144435F 
 574      53746172 
 574      74457800 
 575              	.LASF25:
 576 024a 55415254 		.ascii	"UART_PutString\000"
 576      5F507574 
 576      53747269 
 576      6E6700
 577              		.ident	"GCC: (GNU Tools for ARM Embedded Processors) 5.4.1 20160609 (release) [ARM/embedded-5-bran
