ARM GAS  C:\Users\cante\AppData\Local\Temp\ccibMJ72.s 			page 1


   1              		.syntax unified
   2              		.cpu cortex-m3
   3              		.fpu softvfp
   4              		.eabi_attribute 20, 1
   5              		.eabi_attribute 21, 1
   6              		.eabi_attribute 23, 3
   7              		.eabi_attribute 24, 1
   8              		.eabi_attribute 25, 1
   9              		.eabi_attribute 26, 1
  10              		.eabi_attribute 30, 1
  11              		.eabi_attribute 34, 1
  12              		.eabi_attribute 18, 4
  13              		.thumb
  14              		.syntax unified
  15              		.file	"Timer_LED_ISR.c"
  16              		.text
  17              	.Ltext0:
  18              		.cfi_sections	.debug_frame
  19              		.section	.text.Timer_LED_ISR_Interrupt,"ax",%progbits
  20              		.align	2
  21              		.global	Timer_LED_ISR_Interrupt
  22              		.thumb
  23              		.thumb_func
  24              		.type	Timer_LED_ISR_Interrupt, %function
  25              	Timer_LED_ISR_Interrupt:
  26              	.LFB66:
  27              		.file 1 "Generated_Source\\PSoC5\\Timer_LED_ISR.c"
   1:Generated_Source\PSoC5/Timer_LED_ISR.c **** /*******************************************************************************
   2:Generated_Source\PSoC5/Timer_LED_ISR.c **** * File Name: Timer_LED_ISR.c  
   3:Generated_Source\PSoC5/Timer_LED_ISR.c **** * Version 1.70
   4:Generated_Source\PSoC5/Timer_LED_ISR.c **** *
   5:Generated_Source\PSoC5/Timer_LED_ISR.c **** *  Description:
   6:Generated_Source\PSoC5/Timer_LED_ISR.c **** *   API for controlling the state of an interrupt.
   7:Generated_Source\PSoC5/Timer_LED_ISR.c **** *
   8:Generated_Source\PSoC5/Timer_LED_ISR.c **** *
   9:Generated_Source\PSoC5/Timer_LED_ISR.c **** *  Note:
  10:Generated_Source\PSoC5/Timer_LED_ISR.c **** *
  11:Generated_Source\PSoC5/Timer_LED_ISR.c **** ********************************************************************************
  12:Generated_Source\PSoC5/Timer_LED_ISR.c **** * Copyright 2008-2015, Cypress Semiconductor Corporation.  All rights reserved.
  13:Generated_Source\PSoC5/Timer_LED_ISR.c **** * You may use this file only in accordance with the license, terms, conditions, 
  14:Generated_Source\PSoC5/Timer_LED_ISR.c **** * disclaimers, and limitations in the end user license agreement accompanying 
  15:Generated_Source\PSoC5/Timer_LED_ISR.c **** * the software package with which this file was provided.
  16:Generated_Source\PSoC5/Timer_LED_ISR.c **** *******************************************************************************/
  17:Generated_Source\PSoC5/Timer_LED_ISR.c **** 
  18:Generated_Source\PSoC5/Timer_LED_ISR.c **** 
  19:Generated_Source\PSoC5/Timer_LED_ISR.c **** #include <cydevice_trm.h>
  20:Generated_Source\PSoC5/Timer_LED_ISR.c **** #include <CyLib.h>
  21:Generated_Source\PSoC5/Timer_LED_ISR.c **** #include <Timer_LED_ISR.h>
  22:Generated_Source\PSoC5/Timer_LED_ISR.c **** #include "cyapicallbacks.h"
  23:Generated_Source\PSoC5/Timer_LED_ISR.c **** 
  24:Generated_Source\PSoC5/Timer_LED_ISR.c **** #if !defined(Timer_LED_ISR__REMOVED) /* Check for removal by optimization */
  25:Generated_Source\PSoC5/Timer_LED_ISR.c **** 
  26:Generated_Source\PSoC5/Timer_LED_ISR.c **** /*******************************************************************************
  27:Generated_Source\PSoC5/Timer_LED_ISR.c **** *  Place your includes, defines and code here 
  28:Generated_Source\PSoC5/Timer_LED_ISR.c **** ********************************************************************************/
  29:Generated_Source\PSoC5/Timer_LED_ISR.c **** /* `#START Timer_LED_ISR_intc` */
  30:Generated_Source\PSoC5/Timer_LED_ISR.c **** #include "project.h"    
ARM GAS  C:\Users\cante\AppData\Local\Temp\ccibMJ72.s 			page 2


  31:Generated_Source\PSoC5/Timer_LED_ISR.c **** /* `#END` */
  32:Generated_Source\PSoC5/Timer_LED_ISR.c **** 
  33:Generated_Source\PSoC5/Timer_LED_ISR.c **** #ifndef CYINT_IRQ_BASE
  34:Generated_Source\PSoC5/Timer_LED_ISR.c **** #define CYINT_IRQ_BASE      16
  35:Generated_Source\PSoC5/Timer_LED_ISR.c **** #endif /* CYINT_IRQ_BASE */
  36:Generated_Source\PSoC5/Timer_LED_ISR.c **** #ifndef CYINT_VECT_TABLE
  37:Generated_Source\PSoC5/Timer_LED_ISR.c **** #define CYINT_VECT_TABLE    ((cyisraddress **) CYREG_NVIC_VECT_OFFSET)
  38:Generated_Source\PSoC5/Timer_LED_ISR.c **** #endif /* CYINT_VECT_TABLE */
  39:Generated_Source\PSoC5/Timer_LED_ISR.c **** 
  40:Generated_Source\PSoC5/Timer_LED_ISR.c **** /* Declared in startup, used to set unused interrupts to. */
  41:Generated_Source\PSoC5/Timer_LED_ISR.c **** CY_ISR_PROTO(IntDefaultHandler);
  42:Generated_Source\PSoC5/Timer_LED_ISR.c **** 
  43:Generated_Source\PSoC5/Timer_LED_ISR.c **** 
  44:Generated_Source\PSoC5/Timer_LED_ISR.c **** /*******************************************************************************
  45:Generated_Source\PSoC5/Timer_LED_ISR.c **** * Function Name: Timer_LED_ISR_Start
  46:Generated_Source\PSoC5/Timer_LED_ISR.c **** ********************************************************************************
  47:Generated_Source\PSoC5/Timer_LED_ISR.c **** *
  48:Generated_Source\PSoC5/Timer_LED_ISR.c **** * Summary:
  49:Generated_Source\PSoC5/Timer_LED_ISR.c **** *  Set up the interrupt and enable it. This function disables the interrupt, 
  50:Generated_Source\PSoC5/Timer_LED_ISR.c **** *  sets the default interrupt vector, sets the priority from the value in the
  51:Generated_Source\PSoC5/Timer_LED_ISR.c **** *  Design Wide Resources Interrupt Editor, then enables the interrupt to the 
  52:Generated_Source\PSoC5/Timer_LED_ISR.c **** *  interrupt controller.
  53:Generated_Source\PSoC5/Timer_LED_ISR.c **** *
  54:Generated_Source\PSoC5/Timer_LED_ISR.c **** * Parameters:  
  55:Generated_Source\PSoC5/Timer_LED_ISR.c **** *   None
  56:Generated_Source\PSoC5/Timer_LED_ISR.c **** *
  57:Generated_Source\PSoC5/Timer_LED_ISR.c **** * Return:
  58:Generated_Source\PSoC5/Timer_LED_ISR.c **** *   None
  59:Generated_Source\PSoC5/Timer_LED_ISR.c **** *
  60:Generated_Source\PSoC5/Timer_LED_ISR.c **** *******************************************************************************/
  61:Generated_Source\PSoC5/Timer_LED_ISR.c **** void Timer_LED_ISR_Start(void)
  62:Generated_Source\PSoC5/Timer_LED_ISR.c **** {
  63:Generated_Source\PSoC5/Timer_LED_ISR.c ****     /* For all we know the interrupt is active. */
  64:Generated_Source\PSoC5/Timer_LED_ISR.c ****     Timer_LED_ISR_Disable();
  65:Generated_Source\PSoC5/Timer_LED_ISR.c **** 
  66:Generated_Source\PSoC5/Timer_LED_ISR.c ****     /* Set the ISR to point to the Timer_LED_ISR Interrupt. */
  67:Generated_Source\PSoC5/Timer_LED_ISR.c ****     Timer_LED_ISR_SetVector(&Timer_LED_ISR_Interrupt);
  68:Generated_Source\PSoC5/Timer_LED_ISR.c **** 
  69:Generated_Source\PSoC5/Timer_LED_ISR.c ****     /* Set the priority. */
  70:Generated_Source\PSoC5/Timer_LED_ISR.c ****     Timer_LED_ISR_SetPriority((uint8)Timer_LED_ISR_INTC_PRIOR_NUMBER);
  71:Generated_Source\PSoC5/Timer_LED_ISR.c **** 
  72:Generated_Source\PSoC5/Timer_LED_ISR.c ****     /* Enable it. */
  73:Generated_Source\PSoC5/Timer_LED_ISR.c ****     Timer_LED_ISR_Enable();
  74:Generated_Source\PSoC5/Timer_LED_ISR.c **** }
  75:Generated_Source\PSoC5/Timer_LED_ISR.c **** 
  76:Generated_Source\PSoC5/Timer_LED_ISR.c **** 
  77:Generated_Source\PSoC5/Timer_LED_ISR.c **** /*******************************************************************************
  78:Generated_Source\PSoC5/Timer_LED_ISR.c **** * Function Name: Timer_LED_ISR_StartEx
  79:Generated_Source\PSoC5/Timer_LED_ISR.c **** ********************************************************************************
  80:Generated_Source\PSoC5/Timer_LED_ISR.c **** *
  81:Generated_Source\PSoC5/Timer_LED_ISR.c **** * Summary:
  82:Generated_Source\PSoC5/Timer_LED_ISR.c **** *  Sets up the interrupt and enables it. This function disables the interrupt,
  83:Generated_Source\PSoC5/Timer_LED_ISR.c **** *  sets the interrupt vector based on the address passed in, sets the priority 
  84:Generated_Source\PSoC5/Timer_LED_ISR.c **** *  from the value in the Design Wide Resources Interrupt Editor, then enables 
  85:Generated_Source\PSoC5/Timer_LED_ISR.c **** *  the interrupt to the interrupt controller.
  86:Generated_Source\PSoC5/Timer_LED_ISR.c **** *  
  87:Generated_Source\PSoC5/Timer_LED_ISR.c **** *  When defining ISR functions, the CY_ISR and CY_ISR_PROTO macros should be 
ARM GAS  C:\Users\cante\AppData\Local\Temp\ccibMJ72.s 			page 3


  88:Generated_Source\PSoC5/Timer_LED_ISR.c **** *  used to provide consistent definition across compilers:
  89:Generated_Source\PSoC5/Timer_LED_ISR.c **** *  
  90:Generated_Source\PSoC5/Timer_LED_ISR.c **** *  Function definition example:
  91:Generated_Source\PSoC5/Timer_LED_ISR.c **** *   CY_ISR(MyISR)
  92:Generated_Source\PSoC5/Timer_LED_ISR.c **** *   {
  93:Generated_Source\PSoC5/Timer_LED_ISR.c **** *   }
  94:Generated_Source\PSoC5/Timer_LED_ISR.c **** *   Function prototype example:
  95:Generated_Source\PSoC5/Timer_LED_ISR.c **** *   CY_ISR_PROTO(MyISR);
  96:Generated_Source\PSoC5/Timer_LED_ISR.c **** *
  97:Generated_Source\PSoC5/Timer_LED_ISR.c **** * Parameters:  
  98:Generated_Source\PSoC5/Timer_LED_ISR.c **** *   address: Address of the ISR to set in the interrupt vector table.
  99:Generated_Source\PSoC5/Timer_LED_ISR.c **** *
 100:Generated_Source\PSoC5/Timer_LED_ISR.c **** * Return:
 101:Generated_Source\PSoC5/Timer_LED_ISR.c **** *   None
 102:Generated_Source\PSoC5/Timer_LED_ISR.c **** *
 103:Generated_Source\PSoC5/Timer_LED_ISR.c **** *******************************************************************************/
 104:Generated_Source\PSoC5/Timer_LED_ISR.c **** void Timer_LED_ISR_StartEx(cyisraddress address)
 105:Generated_Source\PSoC5/Timer_LED_ISR.c **** {
 106:Generated_Source\PSoC5/Timer_LED_ISR.c ****     /* For all we know the interrupt is active. */
 107:Generated_Source\PSoC5/Timer_LED_ISR.c ****     Timer_LED_ISR_Disable();
 108:Generated_Source\PSoC5/Timer_LED_ISR.c **** 
 109:Generated_Source\PSoC5/Timer_LED_ISR.c ****     /* Set the ISR to point to the Timer_LED_ISR Interrupt. */
 110:Generated_Source\PSoC5/Timer_LED_ISR.c ****     Timer_LED_ISR_SetVector(address);
 111:Generated_Source\PSoC5/Timer_LED_ISR.c **** 
 112:Generated_Source\PSoC5/Timer_LED_ISR.c ****     /* Set the priority. */
 113:Generated_Source\PSoC5/Timer_LED_ISR.c ****     Timer_LED_ISR_SetPriority((uint8)Timer_LED_ISR_INTC_PRIOR_NUMBER);
 114:Generated_Source\PSoC5/Timer_LED_ISR.c **** 
 115:Generated_Source\PSoC5/Timer_LED_ISR.c ****     /* Enable it. */
 116:Generated_Source\PSoC5/Timer_LED_ISR.c ****     Timer_LED_ISR_Enable();
 117:Generated_Source\PSoC5/Timer_LED_ISR.c **** }
 118:Generated_Source\PSoC5/Timer_LED_ISR.c **** 
 119:Generated_Source\PSoC5/Timer_LED_ISR.c **** 
 120:Generated_Source\PSoC5/Timer_LED_ISR.c **** /*******************************************************************************
 121:Generated_Source\PSoC5/Timer_LED_ISR.c **** * Function Name: Timer_LED_ISR_Stop
 122:Generated_Source\PSoC5/Timer_LED_ISR.c **** ********************************************************************************
 123:Generated_Source\PSoC5/Timer_LED_ISR.c **** *
 124:Generated_Source\PSoC5/Timer_LED_ISR.c **** * Summary:
 125:Generated_Source\PSoC5/Timer_LED_ISR.c **** *   Disables and removes the interrupt.
 126:Generated_Source\PSoC5/Timer_LED_ISR.c **** *
 127:Generated_Source\PSoC5/Timer_LED_ISR.c **** * Parameters:  
 128:Generated_Source\PSoC5/Timer_LED_ISR.c **** *   None
 129:Generated_Source\PSoC5/Timer_LED_ISR.c **** *
 130:Generated_Source\PSoC5/Timer_LED_ISR.c **** * Return:
 131:Generated_Source\PSoC5/Timer_LED_ISR.c **** *   None
 132:Generated_Source\PSoC5/Timer_LED_ISR.c **** *
 133:Generated_Source\PSoC5/Timer_LED_ISR.c **** *******************************************************************************/
 134:Generated_Source\PSoC5/Timer_LED_ISR.c **** void Timer_LED_ISR_Stop(void)
 135:Generated_Source\PSoC5/Timer_LED_ISR.c **** {
 136:Generated_Source\PSoC5/Timer_LED_ISR.c ****     /* Disable this interrupt. */
 137:Generated_Source\PSoC5/Timer_LED_ISR.c ****     Timer_LED_ISR_Disable();
 138:Generated_Source\PSoC5/Timer_LED_ISR.c **** 
 139:Generated_Source\PSoC5/Timer_LED_ISR.c ****     /* Set the ISR to point to the passive one. */
 140:Generated_Source\PSoC5/Timer_LED_ISR.c ****     Timer_LED_ISR_SetVector(&IntDefaultHandler);
 141:Generated_Source\PSoC5/Timer_LED_ISR.c **** }
 142:Generated_Source\PSoC5/Timer_LED_ISR.c **** 
 143:Generated_Source\PSoC5/Timer_LED_ISR.c **** 
 144:Generated_Source\PSoC5/Timer_LED_ISR.c **** /*******************************************************************************
ARM GAS  C:\Users\cante\AppData\Local\Temp\ccibMJ72.s 			page 4


 145:Generated_Source\PSoC5/Timer_LED_ISR.c **** * Function Name: Timer_LED_ISR_Interrupt
 146:Generated_Source\PSoC5/Timer_LED_ISR.c **** ********************************************************************************
 147:Generated_Source\PSoC5/Timer_LED_ISR.c **** *
 148:Generated_Source\PSoC5/Timer_LED_ISR.c **** * Summary:
 149:Generated_Source\PSoC5/Timer_LED_ISR.c **** *   The default Interrupt Service Routine for Timer_LED_ISR.
 150:Generated_Source\PSoC5/Timer_LED_ISR.c **** *
 151:Generated_Source\PSoC5/Timer_LED_ISR.c **** *   Add custom code between the coments to keep the next version of this file
 152:Generated_Source\PSoC5/Timer_LED_ISR.c **** *   from over writting your code.
 153:Generated_Source\PSoC5/Timer_LED_ISR.c **** *
 154:Generated_Source\PSoC5/Timer_LED_ISR.c **** * Parameters:  
 155:Generated_Source\PSoC5/Timer_LED_ISR.c **** *
 156:Generated_Source\PSoC5/Timer_LED_ISR.c **** * Return:
 157:Generated_Source\PSoC5/Timer_LED_ISR.c **** *   None
 158:Generated_Source\PSoC5/Timer_LED_ISR.c **** *
 159:Generated_Source\PSoC5/Timer_LED_ISR.c **** *******************************************************************************/
 160:Generated_Source\PSoC5/Timer_LED_ISR.c **** CY_ISR(Timer_LED_ISR_Interrupt)
 161:Generated_Source\PSoC5/Timer_LED_ISR.c **** {
  28              		.loc 1 161 0
  29              		.cfi_startproc
  30              		@ args = 0, pretend = 0, frame = 0
  31              		@ frame_needed = 0, uses_anonymous_args = 0
  32 0000 08B5     		push	{r3, lr}
  33              		.cfi_def_cfa_offset 8
  34              		.cfi_offset 3, -8
  35              		.cfi_offset 14, -4
 162:Generated_Source\PSoC5/Timer_LED_ISR.c ****     #ifdef Timer_LED_ISR_INTERRUPT_INTERRUPT_CALLBACK
 163:Generated_Source\PSoC5/Timer_LED_ISR.c ****         Timer_LED_ISR_Interrupt_InterruptCallback();
 164:Generated_Source\PSoC5/Timer_LED_ISR.c ****     #endif /* Timer_LED_ISR_INTERRUPT_INTERRUPT_CALLBACK */ 
 165:Generated_Source\PSoC5/Timer_LED_ISR.c **** 
 166:Generated_Source\PSoC5/Timer_LED_ISR.c ****     /*  Place your Interrupt code here. */
 167:Generated_Source\PSoC5/Timer_LED_ISR.c ****     /* `#START Timer_LED_ISR_Interrupt` */
 168:Generated_Source\PSoC5/Timer_LED_ISR.c ****     GreenLed_Write(!GreenLed_Read()); //toggle the led
  36              		.loc 1 168 0
  37 0002 FFF7FEFF 		bl	GreenLed_Read
  38              	.LVL0:
  39 0006 B0FA80F0 		clz	r0, r0
  40 000a 4009     		lsrs	r0, r0, #5
  41 000c FFF7FEFF 		bl	GreenLed_Write
  42              	.LVL1:
 169:Generated_Source\PSoC5/Timer_LED_ISR.c ****     Timer_LED_ReadStatusRegister(); //devo leggere lo stato del registro e pulirlo
  43              		.loc 1 169 0
  44 0010 FFF7FEFF 		bl	Timer_LED_ReadStatusRegister
  45              	.LVL2:
  46 0014 08BD     		pop	{r3, pc}
  47              		.cfi_endproc
  48              	.LFE66:
  49              		.size	Timer_LED_ISR_Interrupt, .-Timer_LED_ISR_Interrupt
  50 0016 00BF     		.section	.text.Timer_LED_ISR_SetVector,"ax",%progbits
  51              		.align	2
  52              		.global	Timer_LED_ISR_SetVector
  53              		.thumb
  54              		.thumb_func
  55              		.type	Timer_LED_ISR_SetVector, %function
  56              	Timer_LED_ISR_SetVector:
  57              	.LFB67:
 170:Generated_Source\PSoC5/Timer_LED_ISR.c ****     //se non leggiamo lo status register il timer 
 171:Generated_Source\PSoC5/Timer_LED_ISR.c ****     /* `#END` */
ARM GAS  C:\Users\cante\AppData\Local\Temp\ccibMJ72.s 			page 5


 172:Generated_Source\PSoC5/Timer_LED_ISR.c **** }
 173:Generated_Source\PSoC5/Timer_LED_ISR.c **** 
 174:Generated_Source\PSoC5/Timer_LED_ISR.c **** 
 175:Generated_Source\PSoC5/Timer_LED_ISR.c **** /*******************************************************************************
 176:Generated_Source\PSoC5/Timer_LED_ISR.c **** * Function Name: Timer_LED_ISR_SetVector
 177:Generated_Source\PSoC5/Timer_LED_ISR.c **** ********************************************************************************
 178:Generated_Source\PSoC5/Timer_LED_ISR.c **** *
 179:Generated_Source\PSoC5/Timer_LED_ISR.c **** * Summary:
 180:Generated_Source\PSoC5/Timer_LED_ISR.c **** *   Change the ISR vector for the Interrupt. Note calling Timer_LED_ISR_Start
 181:Generated_Source\PSoC5/Timer_LED_ISR.c **** *   will override any effect this method would have had. To set the vector 
 182:Generated_Source\PSoC5/Timer_LED_ISR.c **** *   before the component has been started use Timer_LED_ISR_StartEx instead.
 183:Generated_Source\PSoC5/Timer_LED_ISR.c **** * 
 184:Generated_Source\PSoC5/Timer_LED_ISR.c **** *   When defining ISR functions, the CY_ISR and CY_ISR_PROTO macros should be 
 185:Generated_Source\PSoC5/Timer_LED_ISR.c **** *   used to provide consistent definition across compilers:
 186:Generated_Source\PSoC5/Timer_LED_ISR.c **** *
 187:Generated_Source\PSoC5/Timer_LED_ISR.c **** *   Function definition example:
 188:Generated_Source\PSoC5/Timer_LED_ISR.c **** *   CY_ISR(MyISR)
 189:Generated_Source\PSoC5/Timer_LED_ISR.c **** *   {
 190:Generated_Source\PSoC5/Timer_LED_ISR.c **** *   }
 191:Generated_Source\PSoC5/Timer_LED_ISR.c **** *
 192:Generated_Source\PSoC5/Timer_LED_ISR.c **** *   Function prototype example:
 193:Generated_Source\PSoC5/Timer_LED_ISR.c **** *     CY_ISR_PROTO(MyISR);
 194:Generated_Source\PSoC5/Timer_LED_ISR.c **** *
 195:Generated_Source\PSoC5/Timer_LED_ISR.c **** * Parameters:
 196:Generated_Source\PSoC5/Timer_LED_ISR.c **** *   address: Address of the ISR to set in the interrupt vector table.
 197:Generated_Source\PSoC5/Timer_LED_ISR.c **** *
 198:Generated_Source\PSoC5/Timer_LED_ISR.c **** * Return:
 199:Generated_Source\PSoC5/Timer_LED_ISR.c **** *   None
 200:Generated_Source\PSoC5/Timer_LED_ISR.c **** *
 201:Generated_Source\PSoC5/Timer_LED_ISR.c **** *******************************************************************************/
 202:Generated_Source\PSoC5/Timer_LED_ISR.c **** void Timer_LED_ISR_SetVector(cyisraddress address)
 203:Generated_Source\PSoC5/Timer_LED_ISR.c **** {
  58              		.loc 1 203 0
  59              		.cfi_startproc
  60              		@ args = 0, pretend = 0, frame = 0
  61              		@ frame_needed = 0, uses_anonymous_args = 0
  62              		@ link register save eliminated.
  63              	.LVL3:
 204:Generated_Source\PSoC5/Timer_LED_ISR.c ****     cyisraddress * ramVectorTable;
 205:Generated_Source\PSoC5/Timer_LED_ISR.c **** 
 206:Generated_Source\PSoC5/Timer_LED_ISR.c ****     ramVectorTable = (cyisraddress *) *CYINT_VECT_TABLE;
  64              		.loc 1 206 0
  65 0000 014B     		ldr	r3, .L4
  66 0002 1B68     		ldr	r3, [r3]
  67              	.LVL4:
 207:Generated_Source\PSoC5/Timer_LED_ISR.c **** 
 208:Generated_Source\PSoC5/Timer_LED_ISR.c ****     ramVectorTable[CYINT_IRQ_BASE + (uint32)Timer_LED_ISR__INTC_NUMBER] = address;
  68              		.loc 1 208 0
  69 0004 1864     		str	r0, [r3, #64]
  70 0006 7047     		bx	lr
  71              	.L5:
  72              		.align	2
  73              	.L4:
  74 0008 08ED00E0 		.word	-536810232
  75              		.cfi_endproc
  76              	.LFE67:
  77              		.size	Timer_LED_ISR_SetVector, .-Timer_LED_ISR_SetVector
ARM GAS  C:\Users\cante\AppData\Local\Temp\ccibMJ72.s 			page 6


  78              		.section	.text.Timer_LED_ISR_GetVector,"ax",%progbits
  79              		.align	2
  80              		.global	Timer_LED_ISR_GetVector
  81              		.thumb
  82              		.thumb_func
  83              		.type	Timer_LED_ISR_GetVector, %function
  84              	Timer_LED_ISR_GetVector:
  85              	.LFB68:
 209:Generated_Source\PSoC5/Timer_LED_ISR.c **** }
 210:Generated_Source\PSoC5/Timer_LED_ISR.c **** 
 211:Generated_Source\PSoC5/Timer_LED_ISR.c **** 
 212:Generated_Source\PSoC5/Timer_LED_ISR.c **** /*******************************************************************************
 213:Generated_Source\PSoC5/Timer_LED_ISR.c **** * Function Name: Timer_LED_ISR_GetVector
 214:Generated_Source\PSoC5/Timer_LED_ISR.c **** ********************************************************************************
 215:Generated_Source\PSoC5/Timer_LED_ISR.c **** *
 216:Generated_Source\PSoC5/Timer_LED_ISR.c **** * Summary:
 217:Generated_Source\PSoC5/Timer_LED_ISR.c **** *   Gets the "address" of the current ISR vector for the Interrupt.
 218:Generated_Source\PSoC5/Timer_LED_ISR.c **** *
 219:Generated_Source\PSoC5/Timer_LED_ISR.c **** * Parameters:
 220:Generated_Source\PSoC5/Timer_LED_ISR.c **** *   None
 221:Generated_Source\PSoC5/Timer_LED_ISR.c **** *
 222:Generated_Source\PSoC5/Timer_LED_ISR.c **** * Return:
 223:Generated_Source\PSoC5/Timer_LED_ISR.c **** *   Address of the ISR in the interrupt vector table.
 224:Generated_Source\PSoC5/Timer_LED_ISR.c **** *
 225:Generated_Source\PSoC5/Timer_LED_ISR.c **** *******************************************************************************/
 226:Generated_Source\PSoC5/Timer_LED_ISR.c **** cyisraddress Timer_LED_ISR_GetVector(void)
 227:Generated_Source\PSoC5/Timer_LED_ISR.c **** {
  86              		.loc 1 227 0
  87              		.cfi_startproc
  88              		@ args = 0, pretend = 0, frame = 0
  89              		@ frame_needed = 0, uses_anonymous_args = 0
  90              		@ link register save eliminated.
 228:Generated_Source\PSoC5/Timer_LED_ISR.c ****     cyisraddress * ramVectorTable;
 229:Generated_Source\PSoC5/Timer_LED_ISR.c **** 
 230:Generated_Source\PSoC5/Timer_LED_ISR.c ****     ramVectorTable = (cyisraddress *) *CYINT_VECT_TABLE;
  91              		.loc 1 230 0
  92 0000 014B     		ldr	r3, .L7
  93 0002 1B68     		ldr	r3, [r3]
  94              	.LVL5:
 231:Generated_Source\PSoC5/Timer_LED_ISR.c **** 
 232:Generated_Source\PSoC5/Timer_LED_ISR.c ****     return ramVectorTable[CYINT_IRQ_BASE + (uint32)Timer_LED_ISR__INTC_NUMBER];
 233:Generated_Source\PSoC5/Timer_LED_ISR.c **** }
  95              		.loc 1 233 0
  96 0004 186C     		ldr	r0, [r3, #64]
  97 0006 7047     		bx	lr
  98              	.L8:
  99              		.align	2
 100              	.L7:
 101 0008 08ED00E0 		.word	-536810232
 102              		.cfi_endproc
 103              	.LFE68:
 104              		.size	Timer_LED_ISR_GetVector, .-Timer_LED_ISR_GetVector
 105              		.section	.text.Timer_LED_ISR_SetPriority,"ax",%progbits
 106              		.align	2
 107              		.global	Timer_LED_ISR_SetPriority
 108              		.thumb
 109              		.thumb_func
ARM GAS  C:\Users\cante\AppData\Local\Temp\ccibMJ72.s 			page 7


 110              		.type	Timer_LED_ISR_SetPriority, %function
 111              	Timer_LED_ISR_SetPriority:
 112              	.LFB69:
 234:Generated_Source\PSoC5/Timer_LED_ISR.c **** 
 235:Generated_Source\PSoC5/Timer_LED_ISR.c **** 
 236:Generated_Source\PSoC5/Timer_LED_ISR.c **** /*******************************************************************************
 237:Generated_Source\PSoC5/Timer_LED_ISR.c **** * Function Name: Timer_LED_ISR_SetPriority
 238:Generated_Source\PSoC5/Timer_LED_ISR.c **** ********************************************************************************
 239:Generated_Source\PSoC5/Timer_LED_ISR.c **** *
 240:Generated_Source\PSoC5/Timer_LED_ISR.c **** * Summary:
 241:Generated_Source\PSoC5/Timer_LED_ISR.c **** *   Sets the Priority of the Interrupt. 
 242:Generated_Source\PSoC5/Timer_LED_ISR.c **** *
 243:Generated_Source\PSoC5/Timer_LED_ISR.c **** *   Note calling Timer_LED_ISR_Start or Timer_LED_ISR_StartEx will 
 244:Generated_Source\PSoC5/Timer_LED_ISR.c **** *   override any effect this API would have had. This API should only be called
 245:Generated_Source\PSoC5/Timer_LED_ISR.c **** *   after Timer_LED_ISR_Start or Timer_LED_ISR_StartEx has been called. 
 246:Generated_Source\PSoC5/Timer_LED_ISR.c **** *   To set the initial priority for the component, use the Design-Wide Resources
 247:Generated_Source\PSoC5/Timer_LED_ISR.c **** *   Interrupt Editor.
 248:Generated_Source\PSoC5/Timer_LED_ISR.c **** *
 249:Generated_Source\PSoC5/Timer_LED_ISR.c **** *   Note This API has no effect on Non-maskable interrupt NMI).
 250:Generated_Source\PSoC5/Timer_LED_ISR.c **** *
 251:Generated_Source\PSoC5/Timer_LED_ISR.c **** * Parameters:
 252:Generated_Source\PSoC5/Timer_LED_ISR.c **** *   priority: Priority of the interrupt, 0 being the highest priority
 253:Generated_Source\PSoC5/Timer_LED_ISR.c **** *             PSoC 3 and PSoC 5LP: Priority is from 0 to 7.
 254:Generated_Source\PSoC5/Timer_LED_ISR.c **** *             PSoC 4: Priority is from 0 to 3.
 255:Generated_Source\PSoC5/Timer_LED_ISR.c **** *
 256:Generated_Source\PSoC5/Timer_LED_ISR.c **** * Return:
 257:Generated_Source\PSoC5/Timer_LED_ISR.c **** *   None
 258:Generated_Source\PSoC5/Timer_LED_ISR.c **** *
 259:Generated_Source\PSoC5/Timer_LED_ISR.c **** *******************************************************************************/
 260:Generated_Source\PSoC5/Timer_LED_ISR.c **** void Timer_LED_ISR_SetPriority(uint8 priority)
 261:Generated_Source\PSoC5/Timer_LED_ISR.c **** {
 113              		.loc 1 261 0
 114              		.cfi_startproc
 115              		@ args = 0, pretend = 0, frame = 0
 116              		@ frame_needed = 0, uses_anonymous_args = 0
 117              		@ link register save eliminated.
 118              	.LVL6:
 262:Generated_Source\PSoC5/Timer_LED_ISR.c ****     *Timer_LED_ISR_INTC_PRIOR = priority << 5;
 119              		.loc 1 262 0
 120 0000 4001     		lsls	r0, r0, #5
 121              	.LVL7:
 122 0002 C0B2     		uxtb	r0, r0
 123 0004 014B     		ldr	r3, .L10
 124 0006 1870     		strb	r0, [r3]
 125 0008 7047     		bx	lr
 126              	.L11:
 127 000a 00BF     		.align	2
 128              	.L10:
 129 000c 00E400E0 		.word	-536812544
 130              		.cfi_endproc
 131              	.LFE69:
 132              		.size	Timer_LED_ISR_SetPriority, .-Timer_LED_ISR_SetPriority
 133              		.section	.text.Timer_LED_ISR_GetPriority,"ax",%progbits
 134              		.align	2
 135              		.global	Timer_LED_ISR_GetPriority
 136              		.thumb
 137              		.thumb_func
ARM GAS  C:\Users\cante\AppData\Local\Temp\ccibMJ72.s 			page 8


 138              		.type	Timer_LED_ISR_GetPriority, %function
 139              	Timer_LED_ISR_GetPriority:
 140              	.LFB70:
 263:Generated_Source\PSoC5/Timer_LED_ISR.c **** }
 264:Generated_Source\PSoC5/Timer_LED_ISR.c **** 
 265:Generated_Source\PSoC5/Timer_LED_ISR.c **** 
 266:Generated_Source\PSoC5/Timer_LED_ISR.c **** /*******************************************************************************
 267:Generated_Source\PSoC5/Timer_LED_ISR.c **** * Function Name: Timer_LED_ISR_GetPriority
 268:Generated_Source\PSoC5/Timer_LED_ISR.c **** ********************************************************************************
 269:Generated_Source\PSoC5/Timer_LED_ISR.c **** *
 270:Generated_Source\PSoC5/Timer_LED_ISR.c **** * Summary:
 271:Generated_Source\PSoC5/Timer_LED_ISR.c **** *   Gets the Priority of the Interrupt.
 272:Generated_Source\PSoC5/Timer_LED_ISR.c **** *
 273:Generated_Source\PSoC5/Timer_LED_ISR.c **** * Parameters:
 274:Generated_Source\PSoC5/Timer_LED_ISR.c **** *   None
 275:Generated_Source\PSoC5/Timer_LED_ISR.c **** *
 276:Generated_Source\PSoC5/Timer_LED_ISR.c **** * Return:
 277:Generated_Source\PSoC5/Timer_LED_ISR.c **** *   Priority of the interrupt, 0 being the highest priority
 278:Generated_Source\PSoC5/Timer_LED_ISR.c **** *    PSoC 3 and PSoC 5LP: Priority is from 0 to 7.
 279:Generated_Source\PSoC5/Timer_LED_ISR.c **** *    PSoC 4: Priority is from 0 to 3.
 280:Generated_Source\PSoC5/Timer_LED_ISR.c **** *
 281:Generated_Source\PSoC5/Timer_LED_ISR.c **** *******************************************************************************/
 282:Generated_Source\PSoC5/Timer_LED_ISR.c **** uint8 Timer_LED_ISR_GetPriority(void)
 283:Generated_Source\PSoC5/Timer_LED_ISR.c **** {
 141              		.loc 1 283 0
 142              		.cfi_startproc
 143              		@ args = 0, pretend = 0, frame = 0
 144              		@ frame_needed = 0, uses_anonymous_args = 0
 145              		@ link register save eliminated.
 284:Generated_Source\PSoC5/Timer_LED_ISR.c ****     uint8 priority;
 285:Generated_Source\PSoC5/Timer_LED_ISR.c **** 
 286:Generated_Source\PSoC5/Timer_LED_ISR.c **** 
 287:Generated_Source\PSoC5/Timer_LED_ISR.c ****     priority = *Timer_LED_ISR_INTC_PRIOR >> 5;
 146              		.loc 1 287 0
 147 0000 014B     		ldr	r3, .L13
 148 0002 1878     		ldrb	r0, [r3]	@ zero_extendqisi2
 149              	.LVL8:
 288:Generated_Source\PSoC5/Timer_LED_ISR.c **** 
 289:Generated_Source\PSoC5/Timer_LED_ISR.c ****     return priority;
 290:Generated_Source\PSoC5/Timer_LED_ISR.c **** }
 150              		.loc 1 290 0
 151 0004 4009     		lsrs	r0, r0, #5
 152              	.LVL9:
 153 0006 7047     		bx	lr
 154              	.L14:
 155              		.align	2
 156              	.L13:
 157 0008 00E400E0 		.word	-536812544
 158              		.cfi_endproc
 159              	.LFE70:
 160              		.size	Timer_LED_ISR_GetPriority, .-Timer_LED_ISR_GetPriority
 161              		.section	.text.Timer_LED_ISR_Enable,"ax",%progbits
 162              		.align	2
 163              		.global	Timer_LED_ISR_Enable
 164              		.thumb
 165              		.thumb_func
 166              		.type	Timer_LED_ISR_Enable, %function
ARM GAS  C:\Users\cante\AppData\Local\Temp\ccibMJ72.s 			page 9


 167              	Timer_LED_ISR_Enable:
 168              	.LFB71:
 291:Generated_Source\PSoC5/Timer_LED_ISR.c **** 
 292:Generated_Source\PSoC5/Timer_LED_ISR.c **** 
 293:Generated_Source\PSoC5/Timer_LED_ISR.c **** /*******************************************************************************
 294:Generated_Source\PSoC5/Timer_LED_ISR.c **** * Function Name: Timer_LED_ISR_Enable
 295:Generated_Source\PSoC5/Timer_LED_ISR.c **** ********************************************************************************
 296:Generated_Source\PSoC5/Timer_LED_ISR.c **** *
 297:Generated_Source\PSoC5/Timer_LED_ISR.c **** * Summary:
 298:Generated_Source\PSoC5/Timer_LED_ISR.c **** *   Enables the interrupt to the interrupt controller. Do not call this function
 299:Generated_Source\PSoC5/Timer_LED_ISR.c **** *   unless ISR_Start() has been called or the functionality of the ISR_Start() 
 300:Generated_Source\PSoC5/Timer_LED_ISR.c **** *   function, which sets the vector and the priority, has been called.
 301:Generated_Source\PSoC5/Timer_LED_ISR.c **** *
 302:Generated_Source\PSoC5/Timer_LED_ISR.c **** * Parameters:
 303:Generated_Source\PSoC5/Timer_LED_ISR.c **** *   None
 304:Generated_Source\PSoC5/Timer_LED_ISR.c **** *
 305:Generated_Source\PSoC5/Timer_LED_ISR.c **** * Return:
 306:Generated_Source\PSoC5/Timer_LED_ISR.c **** *   None
 307:Generated_Source\PSoC5/Timer_LED_ISR.c **** *
 308:Generated_Source\PSoC5/Timer_LED_ISR.c **** *******************************************************************************/
 309:Generated_Source\PSoC5/Timer_LED_ISR.c **** void Timer_LED_ISR_Enable(void)
 310:Generated_Source\PSoC5/Timer_LED_ISR.c **** {
 169              		.loc 1 310 0
 170              		.cfi_startproc
 171              		@ args = 0, pretend = 0, frame = 0
 172              		@ frame_needed = 0, uses_anonymous_args = 0
 173              		@ link register save eliminated.
 311:Generated_Source\PSoC5/Timer_LED_ISR.c ****     /* Enable the general interrupt. */
 312:Generated_Source\PSoC5/Timer_LED_ISR.c ****     *Timer_LED_ISR_INTC_SET_EN = Timer_LED_ISR__INTC_MASK;
 174              		.loc 1 312 0
 175 0000 0122     		movs	r2, #1
 176 0002 014B     		ldr	r3, .L16
 177 0004 1A60     		str	r2, [r3]
 178 0006 7047     		bx	lr
 179              	.L17:
 180              		.align	2
 181              	.L16:
 182 0008 00E100E0 		.word	-536813312
 183              		.cfi_endproc
 184              	.LFE71:
 185              		.size	Timer_LED_ISR_Enable, .-Timer_LED_ISR_Enable
 186              		.section	.text.Timer_LED_ISR_GetState,"ax",%progbits
 187              		.align	2
 188              		.global	Timer_LED_ISR_GetState
 189              		.thumb
 190              		.thumb_func
 191              		.type	Timer_LED_ISR_GetState, %function
 192              	Timer_LED_ISR_GetState:
 193              	.LFB72:
 313:Generated_Source\PSoC5/Timer_LED_ISR.c **** }
 314:Generated_Source\PSoC5/Timer_LED_ISR.c **** 
 315:Generated_Source\PSoC5/Timer_LED_ISR.c **** 
 316:Generated_Source\PSoC5/Timer_LED_ISR.c **** /*******************************************************************************
 317:Generated_Source\PSoC5/Timer_LED_ISR.c **** * Function Name: Timer_LED_ISR_GetState
 318:Generated_Source\PSoC5/Timer_LED_ISR.c **** ********************************************************************************
 319:Generated_Source\PSoC5/Timer_LED_ISR.c **** *
 320:Generated_Source\PSoC5/Timer_LED_ISR.c **** * Summary:
ARM GAS  C:\Users\cante\AppData\Local\Temp\ccibMJ72.s 			page 10


 321:Generated_Source\PSoC5/Timer_LED_ISR.c **** *   Gets the state (enabled, disabled) of the Interrupt.
 322:Generated_Source\PSoC5/Timer_LED_ISR.c **** *
 323:Generated_Source\PSoC5/Timer_LED_ISR.c **** * Parameters:
 324:Generated_Source\PSoC5/Timer_LED_ISR.c **** *   None
 325:Generated_Source\PSoC5/Timer_LED_ISR.c **** *
 326:Generated_Source\PSoC5/Timer_LED_ISR.c **** * Return:
 327:Generated_Source\PSoC5/Timer_LED_ISR.c **** *   1 if enabled, 0 if disabled.
 328:Generated_Source\PSoC5/Timer_LED_ISR.c **** *
 329:Generated_Source\PSoC5/Timer_LED_ISR.c **** *******************************************************************************/
 330:Generated_Source\PSoC5/Timer_LED_ISR.c **** uint8 Timer_LED_ISR_GetState(void)
 331:Generated_Source\PSoC5/Timer_LED_ISR.c **** {
 194              		.loc 1 331 0
 195              		.cfi_startproc
 196              		@ args = 0, pretend = 0, frame = 0
 197              		@ frame_needed = 0, uses_anonymous_args = 0
 198              		@ link register save eliminated.
 332:Generated_Source\PSoC5/Timer_LED_ISR.c ****     /* Get the state of the general interrupt. */
 333:Generated_Source\PSoC5/Timer_LED_ISR.c ****     return ((*Timer_LED_ISR_INTC_SET_EN & (uint32)Timer_LED_ISR__INTC_MASK) != 0u) ? 1u:0u;
 199              		.loc 1 333 0
 200 0000 024B     		ldr	r3, .L19
 201 0002 1868     		ldr	r0, [r3]
 334:Generated_Source\PSoC5/Timer_LED_ISR.c **** }
 202              		.loc 1 334 0
 203 0004 00F00100 		and	r0, r0, #1
 204 0008 7047     		bx	lr
 205              	.L20:
 206 000a 00BF     		.align	2
 207              	.L19:
 208 000c 00E100E0 		.word	-536813312
 209              		.cfi_endproc
 210              	.LFE72:
 211              		.size	Timer_LED_ISR_GetState, .-Timer_LED_ISR_GetState
 212              		.section	.text.Timer_LED_ISR_Disable,"ax",%progbits
 213              		.align	2
 214              		.global	Timer_LED_ISR_Disable
 215              		.thumb
 216              		.thumb_func
 217              		.type	Timer_LED_ISR_Disable, %function
 218              	Timer_LED_ISR_Disable:
 219              	.LFB73:
 335:Generated_Source\PSoC5/Timer_LED_ISR.c **** 
 336:Generated_Source\PSoC5/Timer_LED_ISR.c **** 
 337:Generated_Source\PSoC5/Timer_LED_ISR.c **** /*******************************************************************************
 338:Generated_Source\PSoC5/Timer_LED_ISR.c **** * Function Name: Timer_LED_ISR_Disable
 339:Generated_Source\PSoC5/Timer_LED_ISR.c **** ********************************************************************************
 340:Generated_Source\PSoC5/Timer_LED_ISR.c **** *
 341:Generated_Source\PSoC5/Timer_LED_ISR.c **** * Summary:
 342:Generated_Source\PSoC5/Timer_LED_ISR.c **** *   Disables the Interrupt in the interrupt controller.
 343:Generated_Source\PSoC5/Timer_LED_ISR.c **** *
 344:Generated_Source\PSoC5/Timer_LED_ISR.c **** * Parameters:
 345:Generated_Source\PSoC5/Timer_LED_ISR.c **** *   None
 346:Generated_Source\PSoC5/Timer_LED_ISR.c **** *
 347:Generated_Source\PSoC5/Timer_LED_ISR.c **** * Return:
 348:Generated_Source\PSoC5/Timer_LED_ISR.c **** *   None
 349:Generated_Source\PSoC5/Timer_LED_ISR.c **** *
 350:Generated_Source\PSoC5/Timer_LED_ISR.c **** *******************************************************************************/
 351:Generated_Source\PSoC5/Timer_LED_ISR.c **** void Timer_LED_ISR_Disable(void)
ARM GAS  C:\Users\cante\AppData\Local\Temp\ccibMJ72.s 			page 11


 352:Generated_Source\PSoC5/Timer_LED_ISR.c **** {
 220              		.loc 1 352 0
 221              		.cfi_startproc
 222              		@ args = 0, pretend = 0, frame = 0
 223              		@ frame_needed = 0, uses_anonymous_args = 0
 224              		@ link register save eliminated.
 353:Generated_Source\PSoC5/Timer_LED_ISR.c ****     /* Disable the general interrupt. */
 354:Generated_Source\PSoC5/Timer_LED_ISR.c ****     *Timer_LED_ISR_INTC_CLR_EN = Timer_LED_ISR__INTC_MASK;
 225              		.loc 1 354 0
 226 0000 0122     		movs	r2, #1
 227 0002 014B     		ldr	r3, .L22
 228 0004 1A60     		str	r2, [r3]
 229 0006 7047     		bx	lr
 230              	.L23:
 231              		.align	2
 232              	.L22:
 233 0008 80E100E0 		.word	-536813184
 234              		.cfi_endproc
 235              	.LFE73:
 236              		.size	Timer_LED_ISR_Disable, .-Timer_LED_ISR_Disable
 237              		.section	.text.Timer_LED_ISR_Start,"ax",%progbits
 238              		.align	2
 239              		.global	Timer_LED_ISR_Start
 240              		.thumb
 241              		.thumb_func
 242              		.type	Timer_LED_ISR_Start, %function
 243              	Timer_LED_ISR_Start:
 244              	.LFB63:
  62:Generated_Source\PSoC5/Timer_LED_ISR.c ****     /* For all we know the interrupt is active. */
 245              		.loc 1 62 0
 246              		.cfi_startproc
 247              		@ args = 0, pretend = 0, frame = 0
 248              		@ frame_needed = 0, uses_anonymous_args = 0
 249 0000 08B5     		push	{r3, lr}
 250              		.cfi_def_cfa_offset 8
 251              		.cfi_offset 3, -8
 252              		.cfi_offset 14, -4
  64:Generated_Source\PSoC5/Timer_LED_ISR.c **** 
 253              		.loc 1 64 0
 254 0002 FFF7FEFF 		bl	Timer_LED_ISR_Disable
 255              	.LVL10:
  67:Generated_Source\PSoC5/Timer_LED_ISR.c **** 
 256              		.loc 1 67 0
 257 0006 0448     		ldr	r0, .L26
 258 0008 FFF7FEFF 		bl	Timer_LED_ISR_SetVector
 259              	.LVL11:
  70:Generated_Source\PSoC5/Timer_LED_ISR.c **** 
 260              		.loc 1 70 0
 261 000c 0720     		movs	r0, #7
 262 000e FFF7FEFF 		bl	Timer_LED_ISR_SetPriority
 263              	.LVL12:
  73:Generated_Source\PSoC5/Timer_LED_ISR.c **** }
 264              		.loc 1 73 0
 265 0012 FFF7FEFF 		bl	Timer_LED_ISR_Enable
 266              	.LVL13:
 267 0016 08BD     		pop	{r3, pc}
 268              	.L27:
ARM GAS  C:\Users\cante\AppData\Local\Temp\ccibMJ72.s 			page 12


 269              		.align	2
 270              	.L26:
 271 0018 00000000 		.word	Timer_LED_ISR_Interrupt
 272              		.cfi_endproc
 273              	.LFE63:
 274              		.size	Timer_LED_ISR_Start, .-Timer_LED_ISR_Start
 275              		.section	.text.Timer_LED_ISR_StartEx,"ax",%progbits
 276              		.align	2
 277              		.global	Timer_LED_ISR_StartEx
 278              		.thumb
 279              		.thumb_func
 280              		.type	Timer_LED_ISR_StartEx, %function
 281              	Timer_LED_ISR_StartEx:
 282              	.LFB64:
 105:Generated_Source\PSoC5/Timer_LED_ISR.c ****     /* For all we know the interrupt is active. */
 283              		.loc 1 105 0
 284              		.cfi_startproc
 285              		@ args = 0, pretend = 0, frame = 0
 286              		@ frame_needed = 0, uses_anonymous_args = 0
 287              	.LVL14:
 288 0000 10B5     		push	{r4, lr}
 289              		.cfi_def_cfa_offset 8
 290              		.cfi_offset 4, -8
 291              		.cfi_offset 14, -4
 292 0002 0446     		mov	r4, r0
 107:Generated_Source\PSoC5/Timer_LED_ISR.c **** 
 293              		.loc 1 107 0
 294 0004 FFF7FEFF 		bl	Timer_LED_ISR_Disable
 295              	.LVL15:
 110:Generated_Source\PSoC5/Timer_LED_ISR.c **** 
 296              		.loc 1 110 0
 297 0008 2046     		mov	r0, r4
 298 000a FFF7FEFF 		bl	Timer_LED_ISR_SetVector
 299              	.LVL16:
 113:Generated_Source\PSoC5/Timer_LED_ISR.c **** 
 300              		.loc 1 113 0
 301 000e 0720     		movs	r0, #7
 302 0010 FFF7FEFF 		bl	Timer_LED_ISR_SetPriority
 303              	.LVL17:
 116:Generated_Source\PSoC5/Timer_LED_ISR.c **** }
 304              		.loc 1 116 0
 305 0014 FFF7FEFF 		bl	Timer_LED_ISR_Enable
 306              	.LVL18:
 307 0018 10BD     		pop	{r4, pc}
 308              		.cfi_endproc
 309              	.LFE64:
 310              		.size	Timer_LED_ISR_StartEx, .-Timer_LED_ISR_StartEx
 311 001a 00BF     		.section	.text.Timer_LED_ISR_Stop,"ax",%progbits
 312              		.align	2
 313              		.global	Timer_LED_ISR_Stop
 314              		.thumb
 315              		.thumb_func
 316              		.type	Timer_LED_ISR_Stop, %function
 317              	Timer_LED_ISR_Stop:
 318              	.LFB65:
 135:Generated_Source\PSoC5/Timer_LED_ISR.c ****     /* Disable this interrupt. */
 319              		.loc 1 135 0
ARM GAS  C:\Users\cante\AppData\Local\Temp\ccibMJ72.s 			page 13


 320              		.cfi_startproc
 321              		@ args = 0, pretend = 0, frame = 0
 322              		@ frame_needed = 0, uses_anonymous_args = 0
 323 0000 08B5     		push	{r3, lr}
 324              		.cfi_def_cfa_offset 8
 325              		.cfi_offset 3, -8
 326              		.cfi_offset 14, -4
 137:Generated_Source\PSoC5/Timer_LED_ISR.c **** 
 327              		.loc 1 137 0
 328 0002 FFF7FEFF 		bl	Timer_LED_ISR_Disable
 329              	.LVL19:
 140:Generated_Source\PSoC5/Timer_LED_ISR.c **** }
 330              		.loc 1 140 0
 331 0006 0248     		ldr	r0, .L32
 332 0008 FFF7FEFF 		bl	Timer_LED_ISR_SetVector
 333              	.LVL20:
 334 000c 08BD     		pop	{r3, pc}
 335              	.L33:
 336 000e 00BF     		.align	2
 337              	.L32:
 338 0010 00000000 		.word	IntDefaultHandler
 339              		.cfi_endproc
 340              	.LFE65:
 341              		.size	Timer_LED_ISR_Stop, .-Timer_LED_ISR_Stop
 342              		.section	.text.Timer_LED_ISR_SetPending,"ax",%progbits
 343              		.align	2
 344              		.global	Timer_LED_ISR_SetPending
 345              		.thumb
 346              		.thumb_func
 347              		.type	Timer_LED_ISR_SetPending, %function
 348              	Timer_LED_ISR_SetPending:
 349              	.LFB74:
 355:Generated_Source\PSoC5/Timer_LED_ISR.c **** }
 356:Generated_Source\PSoC5/Timer_LED_ISR.c **** 
 357:Generated_Source\PSoC5/Timer_LED_ISR.c **** 
 358:Generated_Source\PSoC5/Timer_LED_ISR.c **** /*******************************************************************************
 359:Generated_Source\PSoC5/Timer_LED_ISR.c **** * Function Name: Timer_LED_ISR_SetPending
 360:Generated_Source\PSoC5/Timer_LED_ISR.c **** ********************************************************************************
 361:Generated_Source\PSoC5/Timer_LED_ISR.c **** *
 362:Generated_Source\PSoC5/Timer_LED_ISR.c **** * Summary:
 363:Generated_Source\PSoC5/Timer_LED_ISR.c **** *   Causes the Interrupt to enter the pending state, a software method of
 364:Generated_Source\PSoC5/Timer_LED_ISR.c **** *   generating the interrupt.
 365:Generated_Source\PSoC5/Timer_LED_ISR.c **** *
 366:Generated_Source\PSoC5/Timer_LED_ISR.c **** * Parameters:
 367:Generated_Source\PSoC5/Timer_LED_ISR.c **** *   None
 368:Generated_Source\PSoC5/Timer_LED_ISR.c **** *
 369:Generated_Source\PSoC5/Timer_LED_ISR.c **** * Return:
 370:Generated_Source\PSoC5/Timer_LED_ISR.c **** *   None
 371:Generated_Source\PSoC5/Timer_LED_ISR.c **** *
 372:Generated_Source\PSoC5/Timer_LED_ISR.c **** * Side Effects:
 373:Generated_Source\PSoC5/Timer_LED_ISR.c **** *   If interrupts are enabled and the interrupt is set up properly, the ISR is
 374:Generated_Source\PSoC5/Timer_LED_ISR.c **** *   entered (depending on the priority of this interrupt and other pending 
 375:Generated_Source\PSoC5/Timer_LED_ISR.c **** *   interrupts).
 376:Generated_Source\PSoC5/Timer_LED_ISR.c **** *
 377:Generated_Source\PSoC5/Timer_LED_ISR.c **** *******************************************************************************/
 378:Generated_Source\PSoC5/Timer_LED_ISR.c **** void Timer_LED_ISR_SetPending(void)
 379:Generated_Source\PSoC5/Timer_LED_ISR.c **** {
ARM GAS  C:\Users\cante\AppData\Local\Temp\ccibMJ72.s 			page 14


 350              		.loc 1 379 0
 351              		.cfi_startproc
 352              		@ args = 0, pretend = 0, frame = 0
 353              		@ frame_needed = 0, uses_anonymous_args = 0
 354              		@ link register save eliminated.
 380:Generated_Source\PSoC5/Timer_LED_ISR.c ****     *Timer_LED_ISR_INTC_SET_PD = Timer_LED_ISR__INTC_MASK;
 355              		.loc 1 380 0
 356 0000 0122     		movs	r2, #1
 357 0002 014B     		ldr	r3, .L35
 358 0004 1A60     		str	r2, [r3]
 359 0006 7047     		bx	lr
 360              	.L36:
 361              		.align	2
 362              	.L35:
 363 0008 00E200E0 		.word	-536813056
 364              		.cfi_endproc
 365              	.LFE74:
 366              		.size	Timer_LED_ISR_SetPending, .-Timer_LED_ISR_SetPending
 367              		.section	.text.Timer_LED_ISR_ClearPending,"ax",%progbits
 368              		.align	2
 369              		.global	Timer_LED_ISR_ClearPending
 370              		.thumb
 371              		.thumb_func
 372              		.type	Timer_LED_ISR_ClearPending, %function
 373              	Timer_LED_ISR_ClearPending:
 374              	.LFB75:
 381:Generated_Source\PSoC5/Timer_LED_ISR.c **** }
 382:Generated_Source\PSoC5/Timer_LED_ISR.c **** 
 383:Generated_Source\PSoC5/Timer_LED_ISR.c **** 
 384:Generated_Source\PSoC5/Timer_LED_ISR.c **** /*******************************************************************************
 385:Generated_Source\PSoC5/Timer_LED_ISR.c **** * Function Name: Timer_LED_ISR_ClearPending
 386:Generated_Source\PSoC5/Timer_LED_ISR.c **** ********************************************************************************
 387:Generated_Source\PSoC5/Timer_LED_ISR.c **** *
 388:Generated_Source\PSoC5/Timer_LED_ISR.c **** * Summary:
 389:Generated_Source\PSoC5/Timer_LED_ISR.c **** *   Clears a pending interrupt in the interrupt controller.
 390:Generated_Source\PSoC5/Timer_LED_ISR.c **** *
 391:Generated_Source\PSoC5/Timer_LED_ISR.c **** *   Note Some interrupt sources are clear-on-read and require the block 
 392:Generated_Source\PSoC5/Timer_LED_ISR.c **** *   interrupt/status register to be read/cleared with the appropriate block API 
 393:Generated_Source\PSoC5/Timer_LED_ISR.c **** *   (GPIO, UART, and so on). Otherwise the ISR will continue to remain in 
 394:Generated_Source\PSoC5/Timer_LED_ISR.c **** *   pending state even though the interrupt itself is cleared using this API.
 395:Generated_Source\PSoC5/Timer_LED_ISR.c **** *
 396:Generated_Source\PSoC5/Timer_LED_ISR.c **** * Parameters:
 397:Generated_Source\PSoC5/Timer_LED_ISR.c **** *   None
 398:Generated_Source\PSoC5/Timer_LED_ISR.c **** *
 399:Generated_Source\PSoC5/Timer_LED_ISR.c **** * Return:
 400:Generated_Source\PSoC5/Timer_LED_ISR.c **** *   None
 401:Generated_Source\PSoC5/Timer_LED_ISR.c **** *
 402:Generated_Source\PSoC5/Timer_LED_ISR.c **** *******************************************************************************/
 403:Generated_Source\PSoC5/Timer_LED_ISR.c **** void Timer_LED_ISR_ClearPending(void)
 404:Generated_Source\PSoC5/Timer_LED_ISR.c **** {
 375              		.loc 1 404 0
 376              		.cfi_startproc
 377              		@ args = 0, pretend = 0, frame = 0
 378              		@ frame_needed = 0, uses_anonymous_args = 0
 379              		@ link register save eliminated.
 405:Generated_Source\PSoC5/Timer_LED_ISR.c ****     *Timer_LED_ISR_INTC_CLR_PD = Timer_LED_ISR__INTC_MASK;
 380              		.loc 1 405 0
ARM GAS  C:\Users\cante\AppData\Local\Temp\ccibMJ72.s 			page 15


 381 0000 0122     		movs	r2, #1
 382 0002 014B     		ldr	r3, .L38
 383 0004 1A60     		str	r2, [r3]
 384 0006 7047     		bx	lr
 385              	.L39:
 386              		.align	2
 387              	.L38:
 388 0008 80E200E0 		.word	-536812928
 389              		.cfi_endproc
 390              	.LFE75:
 391              		.size	Timer_LED_ISR_ClearPending, .-Timer_LED_ISR_ClearPending
 392              		.text
 393              	.Letext0:
 394              		.file 2 "c:\\program files (x86)\\cypress\\psoc creator\\4.4\\psoc creator\\import\\gnu\\arm\\5.4.
 395              		.file 3 "c:\\program files (x86)\\cypress\\psoc creator\\4.4\\psoc creator\\import\\gnu\\arm\\5.4.
 396              		.file 4 "Generated_Source\\PSoC5/cytypes.h"
 397              		.file 5 "Generated_Source\\PSoC5\\GreenLed.h"
 398              		.file 6 "Generated_Source\\PSoC5\\Timer_LED.h"
 399              		.file 7 "Generated_Source\\PSoC5/core_cm3.h"
 400              		.section	.debug_info,"",%progbits
 401              	.Ldebug_info0:
 402 0000 36030000 		.4byte	0x336
 403 0004 0400     		.2byte	0x4
 404 0006 00000000 		.4byte	.Ldebug_abbrev0
 405 000a 04       		.byte	0x4
 406 000b 01       		.uleb128 0x1
 407 000c 8F000000 		.4byte	.LASF39
 408 0010 0C       		.byte	0xc
 409 0011 25030000 		.4byte	.LASF40
 410 0015 AD010000 		.4byte	.LASF41
 411 0019 00000000 		.4byte	.Ldebug_ranges0+0
 412 001d 00000000 		.4byte	0
 413 0021 00000000 		.4byte	.Ldebug_line0
 414 0025 02       		.uleb128 0x2
 415 0026 04       		.byte	0x4
 416 0027 05       		.byte	0x5
 417 0028 696E7400 		.ascii	"int\000"
 418 002c 03       		.uleb128 0x3
 419 002d 04       		.byte	0x4
 420 002e 07       		.byte	0x7
 421 002f 22020000 		.4byte	.LASF0
 422 0033 03       		.uleb128 0x3
 423 0034 08       		.byte	0x8
 424 0035 05       		.byte	0x5
 425 0036 A0020000 		.4byte	.LASF1
 426 003a 03       		.uleb128 0x3
 427 003b 08       		.byte	0x8
 428 003c 04       		.byte	0x4
 429 003d 4C030000 		.4byte	.LASF2
 430 0041 03       		.uleb128 0x3
 431 0042 01       		.byte	0x1
 432 0043 06       		.byte	0x6
 433 0044 58030000 		.4byte	.LASF3
 434 0048 03       		.uleb128 0x3
 435 0049 01       		.byte	0x1
 436 004a 08       		.byte	0x8
 437 004b 81000000 		.4byte	.LASF4
ARM GAS  C:\Users\cante\AppData\Local\Temp\ccibMJ72.s 			page 16


 438 004f 03       		.uleb128 0x3
 439 0050 02       		.byte	0x2
 440 0051 05       		.byte	0x5
 441 0052 FD020000 		.4byte	.LASF5
 442 0056 03       		.uleb128 0x3
 443 0057 02       		.byte	0x2
 444 0058 07       		.byte	0x7
 445 0059 44010000 		.4byte	.LASF6
 446 005d 04       		.uleb128 0x4
 447 005e 06000000 		.4byte	.LASF12
 448 0062 02       		.byte	0x2
 449 0063 3F       		.byte	0x3f
 450 0064 68000000 		.4byte	0x68
 451 0068 03       		.uleb128 0x3
 452 0069 04       		.byte	0x4
 453 006a 05       		.byte	0x5
 454 006b 10000000 		.4byte	.LASF7
 455 006f 03       		.uleb128 0x3
 456 0070 04       		.byte	0x4
 457 0071 07       		.byte	0x7
 458 0072 70010000 		.4byte	.LASF8
 459 0076 03       		.uleb128 0x3
 460 0077 08       		.byte	0x8
 461 0078 07       		.byte	0x7
 462 0079 37020000 		.4byte	.LASF9
 463 007d 03       		.uleb128 0x3
 464 007e 04       		.byte	0x4
 465 007f 07       		.byte	0x7
 466 0080 97020000 		.4byte	.LASF10
 467 0084 03       		.uleb128 0x3
 468 0085 01       		.byte	0x1
 469 0086 08       		.byte	0x8
 470 0087 AE020000 		.4byte	.LASF11
 471 008b 05       		.uleb128 0x5
 472 008c 04       		.byte	0x4
 473 008d 91000000 		.4byte	0x91
 474 0091 06       		.uleb128 0x6
 475 0092 04       		.uleb128 0x4
 476 0093 F5020000 		.4byte	.LASF13
 477 0097 03       		.byte	0x3
 478 0098 2C       		.byte	0x2c
 479 0099 5D000000 		.4byte	0x5d
 480 009d 07       		.uleb128 0x7
 481 009e 07030000 		.4byte	.LASF14
 482 00a2 04       		.byte	0x4
 483 00a3 E801     		.2byte	0x1e8
 484 00a5 48000000 		.4byte	0x48
 485 00a9 07       		.uleb128 0x7
 486 00aa 1B020000 		.4byte	.LASF15
 487 00ae 04       		.byte	0x4
 488 00af EA01     		.2byte	0x1ea
 489 00b1 6F000000 		.4byte	0x6f
 490 00b5 03       		.uleb128 0x3
 491 00b6 04       		.byte	0x4
 492 00b7 04       		.byte	0x4
 493 00b8 63000000 		.4byte	.LASF16
 494 00bc 03       		.uleb128 0x3
ARM GAS  C:\Users\cante\AppData\Local\Temp\ccibMJ72.s 			page 17


 495 00bd 08       		.byte	0x8
 496 00be 04       		.byte	0x4
 497 00bf 64030000 		.4byte	.LASF17
 498 00c3 07       		.uleb128 0x7
 499 00c4 1D010000 		.4byte	.LASF18
 500 00c8 04       		.byte	0x4
 501 00c9 9202     		.2byte	0x292
 502 00cb CF000000 		.4byte	0xcf
 503 00cf 08       		.uleb128 0x8
 504 00d0 9D000000 		.4byte	0x9d
 505 00d4 07       		.uleb128 0x7
 506 00d5 00000000 		.4byte	.LASF19
 507 00d9 04       		.byte	0x4
 508 00da 9402     		.2byte	0x294
 509 00dc E0000000 		.4byte	0xe0
 510 00e0 08       		.uleb128 0x8
 511 00e1 A9000000 		.4byte	0xa9
 512 00e5 07       		.uleb128 0x7
 513 00e6 65020000 		.4byte	.LASF20
 514 00ea 04       		.byte	0x4
 515 00eb A402     		.2byte	0x2a4
 516 00ed 8B000000 		.4byte	0x8b
 517 00f1 09       		.uleb128 0x9
 518 00f2 7F020000 		.4byte	.LASF21
 519 00f6 01       		.byte	0x1
 520 00f7 A0       		.byte	0xa0
 521 00f8 00000000 		.4byte	.LFB66
 522 00fc 16000000 		.4byte	.LFE66-.LFB66
 523 0100 01       		.uleb128 0x1
 524 0101 9C       		.byte	0x9c
 525 0102 22010000 		.4byte	0x122
 526 0106 0A       		.uleb128 0xa
 527 0107 06000000 		.4byte	.LVL0
 528 010b 18030000 		.4byte	0x318
 529 010f 0A       		.uleb128 0xa
 530 0110 10000000 		.4byte	.LVL1
 531 0114 23030000 		.4byte	0x323
 532 0118 0A       		.uleb128 0xa
 533 0119 14000000 		.4byte	.LVL2
 534 011d 2E030000 		.4byte	0x32e
 535 0121 00       		.byte	0
 536 0122 09       		.uleb128 0x9
 537 0123 69000000 		.4byte	.LASF22
 538 0127 01       		.byte	0x1
 539 0128 CA       		.byte	0xca
 540 0129 00000000 		.4byte	.LFB67
 541 012d 0C000000 		.4byte	.LFE67-.LFB67
 542 0131 01       		.uleb128 0x1
 543 0132 9C       		.byte	0x9c
 544 0133 52010000 		.4byte	0x152
 545 0137 0B       		.uleb128 0xb
 546 0138 2F020000 		.4byte	.LASF25
 547 013c 01       		.byte	0x1
 548 013d CA       		.byte	0xca
 549 013e E5000000 		.4byte	0xe5
 550 0142 01       		.uleb128 0x1
 551 0143 50       		.byte	0x50
ARM GAS  C:\Users\cante\AppData\Local\Temp\ccibMJ72.s 			page 18


 552 0144 0C       		.uleb128 0xc
 553 0145 B3020000 		.4byte	.LASF23
 554 0149 01       		.byte	0x1
 555 014a CC       		.byte	0xcc
 556 014b 52010000 		.4byte	0x152
 557 014f 01       		.uleb128 0x1
 558 0150 53       		.byte	0x53
 559 0151 00       		.byte	0
 560 0152 05       		.uleb128 0x5
 561 0153 04       		.byte	0x4
 562 0154 E5000000 		.4byte	0xe5
 563 0158 0D       		.uleb128 0xd
 564 0159 0D030000 		.4byte	.LASF27
 565 015d 01       		.byte	0x1
 566 015e E2       		.byte	0xe2
 567 015f E5000000 		.4byte	0xe5
 568 0163 00000000 		.4byte	.LFB68
 569 0167 0C000000 		.4byte	.LFE68-.LFB68
 570 016b 01       		.uleb128 0x1
 571 016c 9C       		.byte	0x9c
 572 016d 7F010000 		.4byte	0x17f
 573 0171 0C       		.uleb128 0xc
 574 0172 B3020000 		.4byte	.LASF23
 575 0176 01       		.byte	0x1
 576 0177 E4       		.byte	0xe4
 577 0178 52010000 		.4byte	0x152
 578 017c 01       		.uleb128 0x1
 579 017d 53       		.byte	0x53
 580 017e 00       		.byte	0
 581 017f 0E       		.uleb128 0xe
 582 0180 49000000 		.4byte	.LASF24
 583 0184 01       		.byte	0x1
 584 0185 0401     		.2byte	0x104
 585 0187 00000000 		.4byte	.LFB69
 586 018b 10000000 		.4byte	.LFE69-.LFB69
 587 018f 01       		.uleb128 0x1
 588 0190 9C       		.byte	0x9c
 589 0191 A6010000 		.4byte	0x1a6
 590 0195 0F       		.uleb128 0xf
 591 0196 91010000 		.4byte	.LASF26
 592 019a 01       		.byte	0x1
 593 019b 0401     		.2byte	0x104
 594 019d 9D000000 		.4byte	0x9d
 595 01a1 00000000 		.4byte	.LLST0
 596 01a5 00       		.byte	0
 597 01a6 10       		.uleb128 0x10
 598 01a7 81030000 		.4byte	.LASF28
 599 01ab 01       		.byte	0x1
 600 01ac 1A01     		.2byte	0x11a
 601 01ae 9D000000 		.4byte	0x9d
 602 01b2 00000000 		.4byte	.LFB70
 603 01b6 0C000000 		.4byte	.LFE70-.LFB70
 604 01ba 01       		.uleb128 0x1
 605 01bb 9C       		.byte	0x9c
 606 01bc D1010000 		.4byte	0x1d1
 607 01c0 11       		.uleb128 0x11
 608 01c1 91010000 		.4byte	.LASF26
ARM GAS  C:\Users\cante\AppData\Local\Temp\ccibMJ72.s 			page 19


 609 01c5 01       		.byte	0x1
 610 01c6 1C01     		.2byte	0x11c
 611 01c8 9D000000 		.4byte	0x9d
 612 01cc 21000000 		.4byte	.LLST1
 613 01d0 00       		.byte	0
 614 01d1 12       		.uleb128 0x12
 615 01d2 19000000 		.4byte	.LASF29
 616 01d6 01       		.byte	0x1
 617 01d7 3501     		.2byte	0x135
 618 01d9 00000000 		.4byte	.LFB71
 619 01dd 0C000000 		.4byte	.LFE71-.LFB71
 620 01e1 01       		.uleb128 0x1
 621 01e2 9C       		.byte	0x9c
 622 01e3 13       		.uleb128 0x13
 623 01e4 4E020000 		.4byte	.LASF42
 624 01e8 01       		.byte	0x1
 625 01e9 4A01     		.2byte	0x14a
 626 01eb 9D000000 		.4byte	0x9d
 627 01ef 00000000 		.4byte	.LFB72
 628 01f3 10000000 		.4byte	.LFE72-.LFB72
 629 01f7 01       		.uleb128 0x1
 630 01f8 9C       		.byte	0x9c
 631 01f9 12       		.uleb128 0x12
 632 01fa 6B030000 		.4byte	.LASF30
 633 01fe 01       		.byte	0x1
 634 01ff 5F01     		.2byte	0x15f
 635 0201 00000000 		.4byte	.LFB73
 636 0205 0C000000 		.4byte	.LFE73-.LFB73
 637 0209 01       		.uleb128 0x1
 638 020a 9C       		.byte	0x9c
 639 020b 09       		.uleb128 0x9
 640 020c 22010000 		.4byte	.LASF31
 641 0210 01       		.byte	0x1
 642 0211 3D       		.byte	0x3d
 643 0212 00000000 		.4byte	.LFB63
 644 0216 1C000000 		.4byte	.LFE63-.LFB63
 645 021a 01       		.uleb128 0x1
 646 021b 9C       		.byte	0x9c
 647 021c 5D020000 		.4byte	0x25d
 648 0220 0A       		.uleb128 0xa
 649 0221 06000000 		.4byte	.LVL10
 650 0225 F9010000 		.4byte	0x1f9
 651 0229 14       		.uleb128 0x14
 652 022a 0C000000 		.4byte	.LVL11
 653 022e 22010000 		.4byte	0x122
 654 0232 40020000 		.4byte	0x240
 655 0236 15       		.uleb128 0x15
 656 0237 01       		.uleb128 0x1
 657 0238 50       		.byte	0x50
 658 0239 05       		.uleb128 0x5
 659 023a 03       		.byte	0x3
 660 023b 00000000 		.4byte	Timer_LED_ISR_Interrupt
 661 023f 00       		.byte	0
 662 0240 14       		.uleb128 0x14
 663 0241 12000000 		.4byte	.LVL12
 664 0245 7F010000 		.4byte	0x17f
 665 0249 53020000 		.4byte	0x253
ARM GAS  C:\Users\cante\AppData\Local\Temp\ccibMJ72.s 			page 20


 666 024d 15       		.uleb128 0x15
 667 024e 01       		.uleb128 0x1
 668 024f 50       		.byte	0x50
 669 0250 01       		.uleb128 0x1
 670 0251 37       		.byte	0x37
 671 0252 00       		.byte	0
 672 0253 0A       		.uleb128 0xa
 673 0254 16000000 		.4byte	.LVL13
 674 0258 D1010000 		.4byte	0x1d1
 675 025c 00       		.byte	0
 676 025d 09       		.uleb128 0x9
 677 025e DF020000 		.4byte	.LASF32
 678 0262 01       		.byte	0x1
 679 0263 68       		.byte	0x68
 680 0264 00000000 		.4byte	.LFB64
 681 0268 1A000000 		.4byte	.LFE64-.LFB64
 682 026c 01       		.uleb128 0x1
 683 026d 9C       		.byte	0x9c
 684 026e BB020000 		.4byte	0x2bb
 685 0272 16       		.uleb128 0x16
 686 0273 2F020000 		.4byte	.LASF25
 687 0277 01       		.byte	0x1
 688 0278 68       		.byte	0x68
 689 0279 E5000000 		.4byte	0xe5
 690 027d 38000000 		.4byte	.LLST2
 691 0281 0A       		.uleb128 0xa
 692 0282 08000000 		.4byte	.LVL15
 693 0286 F9010000 		.4byte	0x1f9
 694 028a 14       		.uleb128 0x14
 695 028b 0E000000 		.4byte	.LVL16
 696 028f 22010000 		.4byte	0x122
 697 0293 9E020000 		.4byte	0x29e
 698 0297 15       		.uleb128 0x15
 699 0298 01       		.uleb128 0x1
 700 0299 50       		.byte	0x50
 701 029a 02       		.uleb128 0x2
 702 029b 74       		.byte	0x74
 703 029c 00       		.sleb128 0
 704 029d 00       		.byte	0
 705 029e 14       		.uleb128 0x14
 706 029f 14000000 		.4byte	.LVL17
 707 02a3 7F010000 		.4byte	0x17f
 708 02a7 B1020000 		.4byte	0x2b1
 709 02ab 15       		.uleb128 0x15
 710 02ac 01       		.uleb128 0x1
 711 02ad 50       		.byte	0x50
 712 02ae 01       		.uleb128 0x1
 713 02af 37       		.byte	0x37
 714 02b0 00       		.byte	0
 715 02b1 0A       		.uleb128 0xa
 716 02b2 18000000 		.4byte	.LVL18
 717 02b6 D1010000 		.4byte	0x1d1
 718 02ba 00       		.byte	0
 719 02bb 09       		.uleb128 0x9
 720 02bc 9A010000 		.4byte	.LASF33
 721 02c0 01       		.byte	0x1
 722 02c1 86       		.byte	0x86
ARM GAS  C:\Users\cante\AppData\Local\Temp\ccibMJ72.s 			page 21


 723 02c2 00000000 		.4byte	.LFB65
 724 02c6 14000000 		.4byte	.LFE65-.LFB65
 725 02ca 01       		.uleb128 0x1
 726 02cb 9C       		.byte	0x9c
 727 02cc E3020000 		.4byte	0x2e3
 728 02d0 0A       		.uleb128 0xa
 729 02d1 06000000 		.4byte	.LVL19
 730 02d5 F9010000 		.4byte	0x1f9
 731 02d9 0A       		.uleb128 0xa
 732 02da 0C000000 		.4byte	.LVL20
 733 02de 22010000 		.4byte	0x122
 734 02e2 00       		.byte	0
 735 02e3 12       		.uleb128 0x12
 736 02e4 57010000 		.4byte	.LASF34
 737 02e8 01       		.byte	0x1
 738 02e9 7A01     		.2byte	0x17a
 739 02eb 00000000 		.4byte	.LFB74
 740 02ef 0C000000 		.4byte	.LFE74-.LFB74
 741 02f3 01       		.uleb128 0x1
 742 02f4 9C       		.byte	0x9c
 743 02f5 12       		.uleb128 0x12
 744 02f6 2E000000 		.4byte	.LASF35
 745 02fa 01       		.byte	0x1
 746 02fb 9301     		.2byte	0x193
 747 02fd 00000000 		.4byte	.LFB75
 748 0301 0C000000 		.4byte	.LFE75-.LFB75
 749 0305 01       		.uleb128 0x1
 750 0306 9C       		.byte	0x9c
 751 0307 17       		.uleb128 0x17
 752 0308 72020000 		.4byte	.LASF43
 753 030c 07       		.byte	0x7
 754 030d 1207     		.2byte	0x712
 755 030f 13030000 		.4byte	0x313
 756 0313 08       		.uleb128 0x8
 757 0314 92000000 		.4byte	0x92
 758 0318 18       		.uleb128 0x18
 759 0319 36010000 		.4byte	.LASF36
 760 031d 36010000 		.4byte	.LASF36
 761 0321 05       		.byte	0x5
 762 0322 29       		.byte	0x29
 763 0323 18       		.uleb128 0x18
 764 0324 82010000 		.4byte	.LASF37
 765 0328 82010000 		.4byte	.LASF37
 766 032c 05       		.byte	0x5
 767 032d 26       		.byte	0x26
 768 032e 18       		.uleb128 0x18
 769 032f C2020000 		.4byte	.LASF38
 770 0333 C2020000 		.4byte	.LASF38
 771 0337 06       		.byte	0x6
 772 0338 5E       		.byte	0x5e
 773 0339 00       		.byte	0
 774              		.section	.debug_abbrev,"",%progbits
 775              	.Ldebug_abbrev0:
 776 0000 01       		.uleb128 0x1
 777 0001 11       		.uleb128 0x11
 778 0002 01       		.byte	0x1
 779 0003 25       		.uleb128 0x25
ARM GAS  C:\Users\cante\AppData\Local\Temp\ccibMJ72.s 			page 22


 780 0004 0E       		.uleb128 0xe
 781 0005 13       		.uleb128 0x13
 782 0006 0B       		.uleb128 0xb
 783 0007 03       		.uleb128 0x3
 784 0008 0E       		.uleb128 0xe
 785 0009 1B       		.uleb128 0x1b
 786 000a 0E       		.uleb128 0xe
 787 000b 55       		.uleb128 0x55
 788 000c 17       		.uleb128 0x17
 789 000d 11       		.uleb128 0x11
 790 000e 01       		.uleb128 0x1
 791 000f 10       		.uleb128 0x10
 792 0010 17       		.uleb128 0x17
 793 0011 00       		.byte	0
 794 0012 00       		.byte	0
 795 0013 02       		.uleb128 0x2
 796 0014 24       		.uleb128 0x24
 797 0015 00       		.byte	0
 798 0016 0B       		.uleb128 0xb
 799 0017 0B       		.uleb128 0xb
 800 0018 3E       		.uleb128 0x3e
 801 0019 0B       		.uleb128 0xb
 802 001a 03       		.uleb128 0x3
 803 001b 08       		.uleb128 0x8
 804 001c 00       		.byte	0
 805 001d 00       		.byte	0
 806 001e 03       		.uleb128 0x3
 807 001f 24       		.uleb128 0x24
 808 0020 00       		.byte	0
 809 0021 0B       		.uleb128 0xb
 810 0022 0B       		.uleb128 0xb
 811 0023 3E       		.uleb128 0x3e
 812 0024 0B       		.uleb128 0xb
 813 0025 03       		.uleb128 0x3
 814 0026 0E       		.uleb128 0xe
 815 0027 00       		.byte	0
 816 0028 00       		.byte	0
 817 0029 04       		.uleb128 0x4
 818 002a 16       		.uleb128 0x16
 819 002b 00       		.byte	0
 820 002c 03       		.uleb128 0x3
 821 002d 0E       		.uleb128 0xe
 822 002e 3A       		.uleb128 0x3a
 823 002f 0B       		.uleb128 0xb
 824 0030 3B       		.uleb128 0x3b
 825 0031 0B       		.uleb128 0xb
 826 0032 49       		.uleb128 0x49
 827 0033 13       		.uleb128 0x13
 828 0034 00       		.byte	0
 829 0035 00       		.byte	0
 830 0036 05       		.uleb128 0x5
 831 0037 0F       		.uleb128 0xf
 832 0038 00       		.byte	0
 833 0039 0B       		.uleb128 0xb
 834 003a 0B       		.uleb128 0xb
 835 003b 49       		.uleb128 0x49
 836 003c 13       		.uleb128 0x13
ARM GAS  C:\Users\cante\AppData\Local\Temp\ccibMJ72.s 			page 23


 837 003d 00       		.byte	0
 838 003e 00       		.byte	0
 839 003f 06       		.uleb128 0x6
 840 0040 15       		.uleb128 0x15
 841 0041 00       		.byte	0
 842 0042 27       		.uleb128 0x27
 843 0043 19       		.uleb128 0x19
 844 0044 00       		.byte	0
 845 0045 00       		.byte	0
 846 0046 07       		.uleb128 0x7
 847 0047 16       		.uleb128 0x16
 848 0048 00       		.byte	0
 849 0049 03       		.uleb128 0x3
 850 004a 0E       		.uleb128 0xe
 851 004b 3A       		.uleb128 0x3a
 852 004c 0B       		.uleb128 0xb
 853 004d 3B       		.uleb128 0x3b
 854 004e 05       		.uleb128 0x5
 855 004f 49       		.uleb128 0x49
 856 0050 13       		.uleb128 0x13
 857 0051 00       		.byte	0
 858 0052 00       		.byte	0
 859 0053 08       		.uleb128 0x8
 860 0054 35       		.uleb128 0x35
 861 0055 00       		.byte	0
 862 0056 49       		.uleb128 0x49
 863 0057 13       		.uleb128 0x13
 864 0058 00       		.byte	0
 865 0059 00       		.byte	0
 866 005a 09       		.uleb128 0x9
 867 005b 2E       		.uleb128 0x2e
 868 005c 01       		.byte	0x1
 869 005d 3F       		.uleb128 0x3f
 870 005e 19       		.uleb128 0x19
 871 005f 03       		.uleb128 0x3
 872 0060 0E       		.uleb128 0xe
 873 0061 3A       		.uleb128 0x3a
 874 0062 0B       		.uleb128 0xb
 875 0063 3B       		.uleb128 0x3b
 876 0064 0B       		.uleb128 0xb
 877 0065 27       		.uleb128 0x27
 878 0066 19       		.uleb128 0x19
 879 0067 11       		.uleb128 0x11
 880 0068 01       		.uleb128 0x1
 881 0069 12       		.uleb128 0x12
 882 006a 06       		.uleb128 0x6
 883 006b 40       		.uleb128 0x40
 884 006c 18       		.uleb128 0x18
 885 006d 9742     		.uleb128 0x2117
 886 006f 19       		.uleb128 0x19
 887 0070 01       		.uleb128 0x1
 888 0071 13       		.uleb128 0x13
 889 0072 00       		.byte	0
 890 0073 00       		.byte	0
 891 0074 0A       		.uleb128 0xa
 892 0075 898201   		.uleb128 0x4109
 893 0078 00       		.byte	0
ARM GAS  C:\Users\cante\AppData\Local\Temp\ccibMJ72.s 			page 24


 894 0079 11       		.uleb128 0x11
 895 007a 01       		.uleb128 0x1
 896 007b 31       		.uleb128 0x31
 897 007c 13       		.uleb128 0x13
 898 007d 00       		.byte	0
 899 007e 00       		.byte	0
 900 007f 0B       		.uleb128 0xb
 901 0080 05       		.uleb128 0x5
 902 0081 00       		.byte	0
 903 0082 03       		.uleb128 0x3
 904 0083 0E       		.uleb128 0xe
 905 0084 3A       		.uleb128 0x3a
 906 0085 0B       		.uleb128 0xb
 907 0086 3B       		.uleb128 0x3b
 908 0087 0B       		.uleb128 0xb
 909 0088 49       		.uleb128 0x49
 910 0089 13       		.uleb128 0x13
 911 008a 02       		.uleb128 0x2
 912 008b 18       		.uleb128 0x18
 913 008c 00       		.byte	0
 914 008d 00       		.byte	0
 915 008e 0C       		.uleb128 0xc
 916 008f 34       		.uleb128 0x34
 917 0090 00       		.byte	0
 918 0091 03       		.uleb128 0x3
 919 0092 0E       		.uleb128 0xe
 920 0093 3A       		.uleb128 0x3a
 921 0094 0B       		.uleb128 0xb
 922 0095 3B       		.uleb128 0x3b
 923 0096 0B       		.uleb128 0xb
 924 0097 49       		.uleb128 0x49
 925 0098 13       		.uleb128 0x13
 926 0099 02       		.uleb128 0x2
 927 009a 18       		.uleb128 0x18
 928 009b 00       		.byte	0
 929 009c 00       		.byte	0
 930 009d 0D       		.uleb128 0xd
 931 009e 2E       		.uleb128 0x2e
 932 009f 01       		.byte	0x1
 933 00a0 3F       		.uleb128 0x3f
 934 00a1 19       		.uleb128 0x19
 935 00a2 03       		.uleb128 0x3
 936 00a3 0E       		.uleb128 0xe
 937 00a4 3A       		.uleb128 0x3a
 938 00a5 0B       		.uleb128 0xb
 939 00a6 3B       		.uleb128 0x3b
 940 00a7 0B       		.uleb128 0xb
 941 00a8 27       		.uleb128 0x27
 942 00a9 19       		.uleb128 0x19
 943 00aa 49       		.uleb128 0x49
 944 00ab 13       		.uleb128 0x13
 945 00ac 11       		.uleb128 0x11
 946 00ad 01       		.uleb128 0x1
 947 00ae 12       		.uleb128 0x12
 948 00af 06       		.uleb128 0x6
 949 00b0 40       		.uleb128 0x40
 950 00b1 18       		.uleb128 0x18
ARM GAS  C:\Users\cante\AppData\Local\Temp\ccibMJ72.s 			page 25


 951 00b2 9742     		.uleb128 0x2117
 952 00b4 19       		.uleb128 0x19
 953 00b5 01       		.uleb128 0x1
 954 00b6 13       		.uleb128 0x13
 955 00b7 00       		.byte	0
 956 00b8 00       		.byte	0
 957 00b9 0E       		.uleb128 0xe
 958 00ba 2E       		.uleb128 0x2e
 959 00bb 01       		.byte	0x1
 960 00bc 3F       		.uleb128 0x3f
 961 00bd 19       		.uleb128 0x19
 962 00be 03       		.uleb128 0x3
 963 00bf 0E       		.uleb128 0xe
 964 00c0 3A       		.uleb128 0x3a
 965 00c1 0B       		.uleb128 0xb
 966 00c2 3B       		.uleb128 0x3b
 967 00c3 05       		.uleb128 0x5
 968 00c4 27       		.uleb128 0x27
 969 00c5 19       		.uleb128 0x19
 970 00c6 11       		.uleb128 0x11
 971 00c7 01       		.uleb128 0x1
 972 00c8 12       		.uleb128 0x12
 973 00c9 06       		.uleb128 0x6
 974 00ca 40       		.uleb128 0x40
 975 00cb 18       		.uleb128 0x18
 976 00cc 9742     		.uleb128 0x2117
 977 00ce 19       		.uleb128 0x19
 978 00cf 01       		.uleb128 0x1
 979 00d0 13       		.uleb128 0x13
 980 00d1 00       		.byte	0
 981 00d2 00       		.byte	0
 982 00d3 0F       		.uleb128 0xf
 983 00d4 05       		.uleb128 0x5
 984 00d5 00       		.byte	0
 985 00d6 03       		.uleb128 0x3
 986 00d7 0E       		.uleb128 0xe
 987 00d8 3A       		.uleb128 0x3a
 988 00d9 0B       		.uleb128 0xb
 989 00da 3B       		.uleb128 0x3b
 990 00db 05       		.uleb128 0x5
 991 00dc 49       		.uleb128 0x49
 992 00dd 13       		.uleb128 0x13
 993 00de 02       		.uleb128 0x2
 994 00df 17       		.uleb128 0x17
 995 00e0 00       		.byte	0
 996 00e1 00       		.byte	0
 997 00e2 10       		.uleb128 0x10
 998 00e3 2E       		.uleb128 0x2e
 999 00e4 01       		.byte	0x1
 1000 00e5 3F       		.uleb128 0x3f
 1001 00e6 19       		.uleb128 0x19
 1002 00e7 03       		.uleb128 0x3
 1003 00e8 0E       		.uleb128 0xe
 1004 00e9 3A       		.uleb128 0x3a
 1005 00ea 0B       		.uleb128 0xb
 1006 00eb 3B       		.uleb128 0x3b
 1007 00ec 05       		.uleb128 0x5
ARM GAS  C:\Users\cante\AppData\Local\Temp\ccibMJ72.s 			page 26


 1008 00ed 27       		.uleb128 0x27
 1009 00ee 19       		.uleb128 0x19
 1010 00ef 49       		.uleb128 0x49
 1011 00f0 13       		.uleb128 0x13
 1012 00f1 11       		.uleb128 0x11
 1013 00f2 01       		.uleb128 0x1
 1014 00f3 12       		.uleb128 0x12
 1015 00f4 06       		.uleb128 0x6
 1016 00f5 40       		.uleb128 0x40
 1017 00f6 18       		.uleb128 0x18
 1018 00f7 9742     		.uleb128 0x2117
 1019 00f9 19       		.uleb128 0x19
 1020 00fa 01       		.uleb128 0x1
 1021 00fb 13       		.uleb128 0x13
 1022 00fc 00       		.byte	0
 1023 00fd 00       		.byte	0
 1024 00fe 11       		.uleb128 0x11
 1025 00ff 34       		.uleb128 0x34
 1026 0100 00       		.byte	0
 1027 0101 03       		.uleb128 0x3
 1028 0102 0E       		.uleb128 0xe
 1029 0103 3A       		.uleb128 0x3a
 1030 0104 0B       		.uleb128 0xb
 1031 0105 3B       		.uleb128 0x3b
 1032 0106 05       		.uleb128 0x5
 1033 0107 49       		.uleb128 0x49
 1034 0108 13       		.uleb128 0x13
 1035 0109 02       		.uleb128 0x2
 1036 010a 17       		.uleb128 0x17
 1037 010b 00       		.byte	0
 1038 010c 00       		.byte	0
 1039 010d 12       		.uleb128 0x12
 1040 010e 2E       		.uleb128 0x2e
 1041 010f 00       		.byte	0
 1042 0110 3F       		.uleb128 0x3f
 1043 0111 19       		.uleb128 0x19
 1044 0112 03       		.uleb128 0x3
 1045 0113 0E       		.uleb128 0xe
 1046 0114 3A       		.uleb128 0x3a
 1047 0115 0B       		.uleb128 0xb
 1048 0116 3B       		.uleb128 0x3b
 1049 0117 05       		.uleb128 0x5
 1050 0118 27       		.uleb128 0x27
 1051 0119 19       		.uleb128 0x19
 1052 011a 11       		.uleb128 0x11
 1053 011b 01       		.uleb128 0x1
 1054 011c 12       		.uleb128 0x12
 1055 011d 06       		.uleb128 0x6
 1056 011e 40       		.uleb128 0x40
 1057 011f 18       		.uleb128 0x18
 1058 0120 9742     		.uleb128 0x2117
 1059 0122 19       		.uleb128 0x19
 1060 0123 00       		.byte	0
 1061 0124 00       		.byte	0
 1062 0125 13       		.uleb128 0x13
 1063 0126 2E       		.uleb128 0x2e
 1064 0127 00       		.byte	0
ARM GAS  C:\Users\cante\AppData\Local\Temp\ccibMJ72.s 			page 27


 1065 0128 3F       		.uleb128 0x3f
 1066 0129 19       		.uleb128 0x19
 1067 012a 03       		.uleb128 0x3
 1068 012b 0E       		.uleb128 0xe
 1069 012c 3A       		.uleb128 0x3a
 1070 012d 0B       		.uleb128 0xb
 1071 012e 3B       		.uleb128 0x3b
 1072 012f 05       		.uleb128 0x5
 1073 0130 27       		.uleb128 0x27
 1074 0131 19       		.uleb128 0x19
 1075 0132 49       		.uleb128 0x49
 1076 0133 13       		.uleb128 0x13
 1077 0134 11       		.uleb128 0x11
 1078 0135 01       		.uleb128 0x1
 1079 0136 12       		.uleb128 0x12
 1080 0137 06       		.uleb128 0x6
 1081 0138 40       		.uleb128 0x40
 1082 0139 18       		.uleb128 0x18
 1083 013a 9742     		.uleb128 0x2117
 1084 013c 19       		.uleb128 0x19
 1085 013d 00       		.byte	0
 1086 013e 00       		.byte	0
 1087 013f 14       		.uleb128 0x14
 1088 0140 898201   		.uleb128 0x4109
 1089 0143 01       		.byte	0x1
 1090 0144 11       		.uleb128 0x11
 1091 0145 01       		.uleb128 0x1
 1092 0146 31       		.uleb128 0x31
 1093 0147 13       		.uleb128 0x13
 1094 0148 01       		.uleb128 0x1
 1095 0149 13       		.uleb128 0x13
 1096 014a 00       		.byte	0
 1097 014b 00       		.byte	0
 1098 014c 15       		.uleb128 0x15
 1099 014d 8A8201   		.uleb128 0x410a
 1100 0150 00       		.byte	0
 1101 0151 02       		.uleb128 0x2
 1102 0152 18       		.uleb128 0x18
 1103 0153 9142     		.uleb128 0x2111
 1104 0155 18       		.uleb128 0x18
 1105 0156 00       		.byte	0
 1106 0157 00       		.byte	0
 1107 0158 16       		.uleb128 0x16
 1108 0159 05       		.uleb128 0x5
 1109 015a 00       		.byte	0
 1110 015b 03       		.uleb128 0x3
 1111 015c 0E       		.uleb128 0xe
 1112 015d 3A       		.uleb128 0x3a
 1113 015e 0B       		.uleb128 0xb
 1114 015f 3B       		.uleb128 0x3b
 1115 0160 0B       		.uleb128 0xb
 1116 0161 49       		.uleb128 0x49
 1117 0162 13       		.uleb128 0x13
 1118 0163 02       		.uleb128 0x2
 1119 0164 17       		.uleb128 0x17
 1120 0165 00       		.byte	0
 1121 0166 00       		.byte	0
ARM GAS  C:\Users\cante\AppData\Local\Temp\ccibMJ72.s 			page 28


 1122 0167 17       		.uleb128 0x17
 1123 0168 34       		.uleb128 0x34
 1124 0169 00       		.byte	0
 1125 016a 03       		.uleb128 0x3
 1126 016b 0E       		.uleb128 0xe
 1127 016c 3A       		.uleb128 0x3a
 1128 016d 0B       		.uleb128 0xb
 1129 016e 3B       		.uleb128 0x3b
 1130 016f 05       		.uleb128 0x5
 1131 0170 49       		.uleb128 0x49
 1132 0171 13       		.uleb128 0x13
 1133 0172 3F       		.uleb128 0x3f
 1134 0173 19       		.uleb128 0x19
 1135 0174 3C       		.uleb128 0x3c
 1136 0175 19       		.uleb128 0x19
 1137 0176 00       		.byte	0
 1138 0177 00       		.byte	0
 1139 0178 18       		.uleb128 0x18
 1140 0179 2E       		.uleb128 0x2e
 1141 017a 00       		.byte	0
 1142 017b 3F       		.uleb128 0x3f
 1143 017c 19       		.uleb128 0x19
 1144 017d 3C       		.uleb128 0x3c
 1145 017e 19       		.uleb128 0x19
 1146 017f 6E       		.uleb128 0x6e
 1147 0180 0E       		.uleb128 0xe
 1148 0181 03       		.uleb128 0x3
 1149 0182 0E       		.uleb128 0xe
 1150 0183 3A       		.uleb128 0x3a
 1151 0184 0B       		.uleb128 0xb
 1152 0185 3B       		.uleb128 0x3b
 1153 0186 0B       		.uleb128 0xb
 1154 0187 00       		.byte	0
 1155 0188 00       		.byte	0
 1156 0189 00       		.byte	0
 1157              		.section	.debug_loc,"",%progbits
 1158              	.Ldebug_loc0:
 1159              	.LLST0:
 1160 0000 00000000 		.4byte	.LVL6
 1161 0004 02000000 		.4byte	.LVL7
 1162 0008 0100     		.2byte	0x1
 1163 000a 50       		.byte	0x50
 1164 000b 02000000 		.4byte	.LVL7
 1165 000f 10000000 		.4byte	.LFE69
 1166 0013 0400     		.2byte	0x4
 1167 0015 F3       		.byte	0xf3
 1168 0016 01       		.uleb128 0x1
 1169 0017 50       		.byte	0x50
 1170 0018 9F       		.byte	0x9f
 1171 0019 00000000 		.4byte	0
 1172 001d 00000000 		.4byte	0
 1173              	.LLST1:
 1174 0021 04000000 		.4byte	.LVL8
 1175 0025 06000000 		.4byte	.LVL9
 1176 0029 0500     		.2byte	0x5
 1177 002b 70       		.byte	0x70
 1178 002c 00       		.sleb128 0
ARM GAS  C:\Users\cante\AppData\Local\Temp\ccibMJ72.s 			page 29


 1179 002d 35       		.byte	0x35
 1180 002e 25       		.byte	0x25
 1181 002f 9F       		.byte	0x9f
 1182 0030 00000000 		.4byte	0
 1183 0034 00000000 		.4byte	0
 1184              	.LLST2:
 1185 0038 00000000 		.4byte	.LVL14
 1186 003c 07000000 		.4byte	.LVL15-1
 1187 0040 0100     		.2byte	0x1
 1188 0042 50       		.byte	0x50
 1189 0043 07000000 		.4byte	.LVL15-1
 1190 0047 1A000000 		.4byte	.LFE64
 1191 004b 0100     		.2byte	0x1
 1192 004d 54       		.byte	0x54
 1193 004e 00000000 		.4byte	0
 1194 0052 00000000 		.4byte	0
 1195              		.section	.debug_aranges,"",%progbits
 1196 0000 7C000000 		.4byte	0x7c
 1197 0004 0200     		.2byte	0x2
 1198 0006 00000000 		.4byte	.Ldebug_info0
 1199 000a 04       		.byte	0x4
 1200 000b 00       		.byte	0
 1201 000c 0000     		.2byte	0
 1202 000e 0000     		.2byte	0
 1203 0010 00000000 		.4byte	.LFB66
 1204 0014 16000000 		.4byte	.LFE66-.LFB66
 1205 0018 00000000 		.4byte	.LFB67
 1206 001c 0C000000 		.4byte	.LFE67-.LFB67
 1207 0020 00000000 		.4byte	.LFB68
 1208 0024 0C000000 		.4byte	.LFE68-.LFB68
 1209 0028 00000000 		.4byte	.LFB69
 1210 002c 10000000 		.4byte	.LFE69-.LFB69
 1211 0030 00000000 		.4byte	.LFB70
 1212 0034 0C000000 		.4byte	.LFE70-.LFB70
 1213 0038 00000000 		.4byte	.LFB71
 1214 003c 0C000000 		.4byte	.LFE71-.LFB71
 1215 0040 00000000 		.4byte	.LFB72
 1216 0044 10000000 		.4byte	.LFE72-.LFB72
 1217 0048 00000000 		.4byte	.LFB73
 1218 004c 0C000000 		.4byte	.LFE73-.LFB73
 1219 0050 00000000 		.4byte	.LFB63
 1220 0054 1C000000 		.4byte	.LFE63-.LFB63
 1221 0058 00000000 		.4byte	.LFB64
 1222 005c 1A000000 		.4byte	.LFE64-.LFB64
 1223 0060 00000000 		.4byte	.LFB65
 1224 0064 14000000 		.4byte	.LFE65-.LFB65
 1225 0068 00000000 		.4byte	.LFB74
 1226 006c 0C000000 		.4byte	.LFE74-.LFB74
 1227 0070 00000000 		.4byte	.LFB75
 1228 0074 0C000000 		.4byte	.LFE75-.LFB75
 1229 0078 00000000 		.4byte	0
 1230 007c 00000000 		.4byte	0
 1231              		.section	.debug_ranges,"",%progbits
 1232              	.Ldebug_ranges0:
 1233 0000 00000000 		.4byte	.LFB66
 1234 0004 16000000 		.4byte	.LFE66
 1235 0008 00000000 		.4byte	.LFB67
ARM GAS  C:\Users\cante\AppData\Local\Temp\ccibMJ72.s 			page 30


 1236 000c 0C000000 		.4byte	.LFE67
 1237 0010 00000000 		.4byte	.LFB68
 1238 0014 0C000000 		.4byte	.LFE68
 1239 0018 00000000 		.4byte	.LFB69
 1240 001c 10000000 		.4byte	.LFE69
 1241 0020 00000000 		.4byte	.LFB70
 1242 0024 0C000000 		.4byte	.LFE70
 1243 0028 00000000 		.4byte	.LFB71
 1244 002c 0C000000 		.4byte	.LFE71
 1245 0030 00000000 		.4byte	.LFB72
 1246 0034 10000000 		.4byte	.LFE72
 1247 0038 00000000 		.4byte	.LFB73
 1248 003c 0C000000 		.4byte	.LFE73
 1249 0040 00000000 		.4byte	.LFB63
 1250 0044 1C000000 		.4byte	.LFE63
 1251 0048 00000000 		.4byte	.LFB64
 1252 004c 1A000000 		.4byte	.LFE64
 1253 0050 00000000 		.4byte	.LFB65
 1254 0054 14000000 		.4byte	.LFE65
 1255 0058 00000000 		.4byte	.LFB74
 1256 005c 0C000000 		.4byte	.LFE74
 1257 0060 00000000 		.4byte	.LFB75
 1258 0064 0C000000 		.4byte	.LFE75
 1259 0068 00000000 		.4byte	0
 1260 006c 00000000 		.4byte	0
 1261              		.section	.debug_line,"",%progbits
 1262              	.Ldebug_line0:
 1263 0000 60020000 		.section	.debug_str,"MS",%progbits,1
 1263      02007201 
 1263      00000201 
 1263      FB0E0D00 
 1263      01010101 
 1264              	.LASF19:
 1265 0000 72656733 		.ascii	"reg32\000"
 1265      3200
 1266              	.LASF12:
 1267 0006 5F5F696E 		.ascii	"__int32_t\000"
 1267      7433325F 
 1267      7400
 1268              	.LASF7:
 1269 0010 6C6F6E67 		.ascii	"long int\000"
 1269      20696E74 
 1269      00
 1270              	.LASF29:
 1271 0019 54696D65 		.ascii	"Timer_LED_ISR_Enable\000"
 1271      725F4C45 
 1271      445F4953 
 1271      525F456E 
 1271      61626C65 
 1272              	.LASF35:
 1273 002e 54696D65 		.ascii	"Timer_LED_ISR_ClearPending\000"
 1273      725F4C45 
 1273      445F4953 
 1273      525F436C 
 1273      65617250 
 1274              	.LASF24:
 1275 0049 54696D65 		.ascii	"Timer_LED_ISR_SetPriority\000"
ARM GAS  C:\Users\cante\AppData\Local\Temp\ccibMJ72.s 			page 31


 1275      725F4C45 
 1275      445F4953 
 1275      525F5365 
 1275      74507269 
 1276              	.LASF16:
 1277 0063 666C6F61 		.ascii	"float\000"
 1277      7400
 1278              	.LASF22:
 1279 0069 54696D65 		.ascii	"Timer_LED_ISR_SetVector\000"
 1279      725F4C45 
 1279      445F4953 
 1279      525F5365 
 1279      74566563 
 1280              	.LASF4:
 1281 0081 756E7369 		.ascii	"unsigned char\000"
 1281      676E6564 
 1281      20636861 
 1281      7200
 1282              	.LASF39:
 1283 008f 474E5520 		.ascii	"GNU C11 5.4.1 20160609 (release) [ARM/embedded-5-br"
 1283      43313120 
 1283      352E342E 
 1283      31203230 
 1283      31363036 
 1284 00c2 616E6368 		.ascii	"anch revision 237715] -mcpu=cortex-m3 -mthumb -g -O"
 1284      20726576 
 1284      6973696F 
 1284      6E203233 
 1284      37373135 
 1285 00f5 67202D66 		.ascii	"g -ffunction-sections -ffat-lto-objects\000"
 1285      66756E63 
 1285      74696F6E 
 1285      2D736563 
 1285      74696F6E 
 1286              	.LASF18:
 1287 011d 72656738 		.ascii	"reg8\000"
 1287      00
 1288              	.LASF31:
 1289 0122 54696D65 		.ascii	"Timer_LED_ISR_Start\000"
 1289      725F4C45 
 1289      445F4953 
 1289      525F5374 
 1289      61727400 
 1290              	.LASF36:
 1291 0136 47726565 		.ascii	"GreenLed_Read\000"
 1291      6E4C6564 
 1291      5F526561 
 1291      6400
 1292              	.LASF6:
 1293 0144 73686F72 		.ascii	"short unsigned int\000"
 1293      7420756E 
 1293      7369676E 
 1293      65642069 
 1293      6E7400
 1294              	.LASF34:
 1295 0157 54696D65 		.ascii	"Timer_LED_ISR_SetPending\000"
 1295      725F4C45 
ARM GAS  C:\Users\cante\AppData\Local\Temp\ccibMJ72.s 			page 32


 1295      445F4953 
 1295      525F5365 
 1295      7450656E 
 1296              	.LASF8:
 1297 0170 6C6F6E67 		.ascii	"long unsigned int\000"
 1297      20756E73 
 1297      69676E65 
 1297      6420696E 
 1297      7400
 1298              	.LASF37:
 1299 0182 47726565 		.ascii	"GreenLed_Write\000"
 1299      6E4C6564 
 1299      5F577269 
 1299      746500
 1300              	.LASF26:
 1301 0191 7072696F 		.ascii	"priority\000"
 1301      72697479 
 1301      00
 1302              	.LASF33:
 1303 019a 54696D65 		.ascii	"Timer_LED_ISR_Stop\000"
 1303      725F4C45 
 1303      445F4953 
 1303      525F5374 
 1303      6F7000
 1304              	.LASF41:
 1305 01ad 433A5C55 		.ascii	"C:\\Users\\cante\\Desktop\\INGEGNERIA BIOMEDICA\\V "
 1305      73657273 
 1305      5C63616E 
 1305      74655C44 
 1305      65736B74 
 1306 01db 414E4E4F 		.ascii	"ANNO\\LAB ELETTRONICA\\PSoC\\AY2021_II_PSoC_Basics\\"
 1306      5C4C4142 
 1306      20454C45 
 1306      5454524F 
 1306      4E494341 
 1307 020b 30345F52 		.ascii	"04_RGBled.cydsn\000"
 1307      47426C65 
 1307      642E6379 
 1307      64736E00 
 1308              	.LASF15:
 1309 021b 75696E74 		.ascii	"uint32\000"
 1309      333200
 1310              	.LASF0:
 1311 0222 756E7369 		.ascii	"unsigned int\000"
 1311      676E6564 
 1311      20696E74 
 1311      00
 1312              	.LASF25:
 1313 022f 61646472 		.ascii	"address\000"
 1313      65737300 
 1314              	.LASF9:
 1315 0237 6C6F6E67 		.ascii	"long long unsigned int\000"
 1315      206C6F6E 
 1315      6720756E 
 1315      7369676E 
 1315      65642069 
 1316              	.LASF42:
ARM GAS  C:\Users\cante\AppData\Local\Temp\ccibMJ72.s 			page 33


 1317 024e 54696D65 		.ascii	"Timer_LED_ISR_GetState\000"
 1317      725F4C45 
 1317      445F4953 
 1317      525F4765 
 1317      74537461 
 1318              	.LASF20:
 1319 0265 63796973 		.ascii	"cyisraddress\000"
 1319      72616464 
 1319      72657373 
 1319      00
 1320              	.LASF43:
 1321 0272 49544D5F 		.ascii	"ITM_RxBuffer\000"
 1321      52784275 
 1321      66666572 
 1321      00
 1322              	.LASF21:
 1323 027f 54696D65 		.ascii	"Timer_LED_ISR_Interrupt\000"
 1323      725F4C45 
 1323      445F4953 
 1323      525F496E 
 1323      74657272 
 1324              	.LASF10:
 1325 0297 73697A65 		.ascii	"sizetype\000"
 1325      74797065 
 1325      00
 1326              	.LASF1:
 1327 02a0 6C6F6E67 		.ascii	"long long int\000"
 1327      206C6F6E 
 1327      6720696E 
 1327      7400
 1328              	.LASF11:
 1329 02ae 63686172 		.ascii	"char\000"
 1329      00
 1330              	.LASF23:
 1331 02b3 72616D56 		.ascii	"ramVectorTable\000"
 1331      6563746F 
 1331      72546162 
 1331      6C6500
 1332              	.LASF38:
 1333 02c2 54696D65 		.ascii	"Timer_LED_ReadStatusRegister\000"
 1333      725F4C45 
 1333      445F5265 
 1333      61645374 
 1333      61747573 
 1334              	.LASF32:
 1335 02df 54696D65 		.ascii	"Timer_LED_ISR_StartEx\000"
 1335      725F4C45 
 1335      445F4953 
 1335      525F5374 
 1335      61727445 
 1336              	.LASF13:
 1337 02f5 696E7433 		.ascii	"int32_t\000"
 1337      325F7400 
 1338              	.LASF5:
 1339 02fd 73686F72 		.ascii	"short int\000"
 1339      7420696E 
 1339      7400
ARM GAS  C:\Users\cante\AppData\Local\Temp\ccibMJ72.s 			page 34


 1340              	.LASF14:
 1341 0307 75696E74 		.ascii	"uint8\000"
 1341      3800
 1342              	.LASF27:
 1343 030d 54696D65 		.ascii	"Timer_LED_ISR_GetVector\000"
 1343      725F4C45 
 1343      445F4953 
 1343      525F4765 
 1343      74566563 
 1344              	.LASF40:
 1345 0325 47656E65 		.ascii	"Generated_Source\\PSoC5\\Timer_LED_ISR.c\000"
 1345      72617465 
 1345      645F536F 
 1345      75726365 
 1345      5C50536F 
 1346              	.LASF2:
 1347 034c 6C6F6E67 		.ascii	"long double\000"
 1347      20646F75 
 1347      626C6500 
 1348              	.LASF3:
 1349 0358 7369676E 		.ascii	"signed char\000"
 1349      65642063 
 1349      68617200 
 1350              	.LASF17:
 1351 0364 646F7562 		.ascii	"double\000"
 1351      6C6500
 1352              	.LASF30:
 1353 036b 54696D65 		.ascii	"Timer_LED_ISR_Disable\000"
 1353      725F4C45 
 1353      445F4953 
 1353      525F4469 
 1353      7361626C 
 1354              	.LASF28:
 1355 0381 54696D65 		.ascii	"Timer_LED_ISR_GetPriority\000"
 1355      725F4C45 
 1355      445F4953 
 1355      525F4765 
 1355      74507269 
 1356              		.ident	"GCC: (GNU Tools for ARM Embedded Processors) 5.4.1 20160609 (release) [ARM/embedded-5-bran
